#
# A fatal error has been detected by the Java Runtime Environment:
#
#  SIGSEGV (0xb) at pc=0x00007f8f4c6a3783, pid=28597, tid=0x00007f8f4cc1e700
#
# JRE version: OpenJDK Runtime Environment (8.0_191-b12) (build 1.8.0_191-8u191-b12-0ubuntu0.16.04.1-b12)
# Java VM: OpenJDK 64-Bit Server VM (25.191-b12 mixed mode linux-amd64 compressed oops)
# Problematic frame:
# C  [libClient.so+0x4b783]  Java_com_yahoo_ycsb_db_LevelDbJniClientN_cinsert+0xd9
#
# Failed to write core dump. Core dumps have been disabled. To enable core dumping, try "ulimit -c unlimited" before starting Java again
#
# If you would like to submit a bug report, please visit:
#   http://bugreport.java.com/bugreport/crash.jsp
# The crash happened outside the Java Virtual Machine in native code.
# See problematic frame for where to report the bug.
#

---------------  T H R E A D  ---------------

Current thread (0x00007f8f64235000):  JavaThread "Thread-2" [_thread_in_native, id=28613, stack(0x00007f8f4cb1e000,0x00007f8f4cc1f000)]

siginfo: si_signo: 11 (SIGSEGV), si_code: 1 (SEGV_MAPERR), si_addr: 0x0000000000000000

Registers:
RAX=0x0000000000000000, RBX=0x00007f8f4f586c28, RCX=0x00007f8f0800e085, RDX=0x00007f8f0800e2e0
RSP=0x00007f8f4cc1d650, RBP=0x00007f8f4cc1d710, RSI=0x00007f8f0800e040, RDI=0x00007f8f4cc1d6a0
R8 =0x00007f8f0800e2e0, R9 =0x00007f8f0800e085, R10=0x00007f8f0800e2e0, R11=0x0000000000000020
R12=0x0000000000000000, R13=0x00007f8f4f586c28, R14=0x00007f8f4cc1d7b0, R15=0x00007f8f64235000
RIP=0x00007f8f4c6a3783, EFLAGS=0x0000000000010202, CSGSFS=0x002b000000000033, ERR=0x0000000000000004
  TRAPNO=0x000000000000000e

Top of Stack: (sp=0x00007f8f4cc1d650)
0x00007f8f4cc1d650:   00007f8f4cc1d7a0 00007f8f4cc1d7a8
0x00007f8f4cc1d660:   00007f8f4cc1d7b0 00007f8f642351e0
0x00007f8f4cc1d670:   00007f8f4cc1d700 00007f8f6988926a
0x00007f8f4cc1d680:   00007f8f64235000 00007f8f64235000
0x00007f8f4cc1d690:   00007f8f4cc1d6b0 00007f8f69a7f6a9
0x00007f8f4cc1d6a0:   00007f8f64235000 00007f8f4f586c28
0x00007f8f4cc1d6b0:   00007f8f0800cd70 0000000000000017
0x00007f8f4cc1d6c0:   0000000000000017 00007f8f64235000
0x00007f8f4cc1d6d0:   00007f8f0800e2e0 0000000000000465
0x00007f8f4cc1d6e0:   0000000000000465 00007f8f4f586c28
0x00007f8f4cc1d6f0:   0000000000000000 c0c397bce3496400
0x00007f8f4cc1d700:   00007f8f4cc1d780 00007f8f4f586c28
0x00007f8f4cc1d710:   00007f8f4cc1d780 00007f8f547d8407
0x00007f8f4cc1d720:   00007f8f4cc1d780 00007f8f547d8159
0x00007f8f4cc1d730:   fffffffe00000000 00007f8f547d8122
0x00007f8f4cc1d740:   00007f8f4cc1d740 00007f8f4f586c28
0x00007f8f4cc1d750:   00007f8f4cc1d7b0 00007f8f4f587370
0x00007f8f4cc1d760:   0000000000000000 00007f8f4f586c28
0x00007f8f4cc1d770:   0000000000000000 00007f8f4cc1d7a0
0x00007f8f4cc1d780:   00007f8f4cc1d7f8 00007f8f547c7ffd
0x00007f8f4cc1d790:   0000000000000000 00007f8f547d1a58
0x00007f8f4cc1d7a0:   00000000d74c4cf0 00000000d74c08e0
0x00007f8f4cc1d7b0:   00000000d7307440 00007f8f4cc1d7b8
0x00007f8f4cc1d7c0:   00007f8f4f586cd8 00007f8f4cc1d830
0x00007f8f4cc1d7d0:   00007f8f4f587370 0000000000000000
0x00007f8f4cc1d7e0:   00007f8f4f586d78 00007f8f4cc1d7a0
0x00007f8f4cc1d7f0:   00007f8f4cc1d818 00007f8f4cc1d878
0x00007f8f4cc1d800:   00007f8f547c7d80 00000000d74c4cf0
0x00007f8f4cc1d810:   00000000d74c3030 00000000d74c0938
0x00007f8f4cc1d820:   00000000d74c08e0 00000000d71a0208
0x00007f8f4cc1d830:   00000000d7307440 00007f8f4cc1d838
0x00007f8f4cc1d840:   00007f8f4f5857ed 00007f8f4cc1d908 

Instructions: (pc=0x00007f8f4c6a3783)
0x00007f8f4c6a3763:   89 ce 48 89 c7 e8 43 d8 ff ff 48 8d 45 90 48 89
0x00007f8f4c6a3773:   c7 e8 97 c7 ff ff 48 8b 05 78 a8 25 00 48 8b 00
0x00007f8f4c6a3783:   48 8b 00 48 83 c0 10 48 8b 18 48 8d 55 c0 48 8d
0x00007f8f4c6a3793:   45 90 48 89 d6 48 89 c7 e8 40 f8 ff ff 48 8d 55 

Register to memory mapping:

RAX=0x0000000000000000 is an unknown value
RBX={method} {0x00007f8f4f586c28} 'cinsert' '(Ljava/lang/String;Ljava/lang/String;)V' in 'com/yahoo/ycsb/db/LevelDbJniClientN'
RCX=0x00007f8f0800e085 is an unknown value
RDX=0x00007f8f0800e2e0 is an unknown value
RSP=0x00007f8f4cc1d650 is pointing into the stack for thread: 0x00007f8f64235000
RBP=0x00007f8f4cc1d710 is pointing into the stack for thread: 0x00007f8f64235000
RSI=0x00007f8f0800e040 is an unknown value
RDI=0x00007f8f4cc1d6a0 is pointing into the stack for thread: 0x00007f8f64235000
R8 =0x00007f8f0800e2e0 is an unknown value
R9 =0x00007f8f0800e085 is an unknown value
R10=0x00007f8f0800e2e0 is an unknown value
R11=0x0000000000000020 is an unknown value
R12=0x0000000000000000 is an unknown value
R13={method} {0x00007f8f4f586c28} 'cinsert' '(Ljava/lang/String;Ljava/lang/String;)V' in 'com/yahoo/ycsb/db/LevelDbJniClientN'
R14=0x00007f8f4cc1d7b0 is pointing into the stack for thread: 0x00007f8f64235000
R15=0x00007f8f64235000 is a thread


Stack: [0x00007f8f4cb1e000,0x00007f8f4cc1f000],  sp=0x00007f8f4cc1d650,  free space=1021k
Native frames: (J=compiled Java code, j=interpreted, Vv=VM code, C=native code)
C  [libClient.so+0x4b783]  Java_com_yahoo_ycsb_db_LevelDbJniClientN_cinsert+0xd9
j  com.yahoo.ycsb.db.LevelDbJniClientN.cinsert(Ljava/lang/String;Ljava/lang/String;)V+0
j  com.yahoo.ycsb.db.LevelDbJniClientN.insert(Ljava/lang/String;Ljava/lang/String;Ljava/util/Map;)Lcom/yahoo/ycsb/Status;+24
j  com.yahoo.ycsb.DBWrapper.insert(Ljava/lang/String;Ljava/lang/String;Ljava/util/Map;)Lcom/yahoo/ycsb/Status;+37
j  com.yahoo.ycsb.workloads.CoreWorkload.doInsert(Lcom/yahoo/ycsb/DB;Ljava/lang/Object;)Z+42
j  com.yahoo.ycsb.ClientThread.run()V+226
j  java.lang.Thread.run()V+11
v  ~StubRoutines::call_stub
V  [libjvm.so+0x66701b]
V  [libjvm.so+0x6645f4]
V  [libjvm.so+0x664bd7]
V  [libjvm.so+0x6a7eb4]
V  [libjvm.so+0xa18917]
V  [libjvm.so+0xa18ddc]
V  [libjvm.so+0x8be122]
C  [libpthread.so.0+0x76ba]  start_thread+0xca

Java frames: (J=compiled Java code, j=interpreted, Vv=VM code)
j  com.yahoo.ycsb.db.LevelDbJniClientN.cinsert(Ljava/lang/String;Ljava/lang/String;)V+0
j  com.yahoo.ycsb.db.LevelDbJniClientN.insert(Ljava/lang/String;Ljava/lang/String;Ljava/util/Map;)Lcom/yahoo/ycsb/Status;+24
j  com.yahoo.ycsb.DBWrapper.insert(Ljava/lang/String;Ljava/lang/String;Ljava/util/Map;)Lcom/yahoo/ycsb/Status;+37
j  com.yahoo.ycsb.workloads.CoreWorkload.doInsert(Lcom/yahoo/ycsb/DB;Ljava/lang/Object;)Z+42
j  com.yahoo.ycsb.ClientThread.run()V+226
j  java.lang.Thread.run()V+11
v  ~StubRoutines::call_stub

---------------  P R O C E S S  ---------------

Java Threads: ( => current thread )
=>0x00007f8f64235000 JavaThread "Thread-2" [_thread_in_native, id=28613, stack(0x00007f8f4cb1e000,0x00007f8f4cc1f000)]
  0x00007f8f640c0000 JavaThread "Service Thread" daemon [_thread_blocked, id=28610, stack(0x00007f8f4cd70000,0x00007f8f4ce71000)]
  0x00007f8f640bd000 JavaThread "C1 CompilerThread2" daemon [_thread_blocked, id=28609, stack(0x00007f8f4ce71000,0x00007f8f4cf72000)]
  0x00007f8f640bb800 JavaThread "C2 CompilerThread1" daemon [_thread_blocked, id=28608, stack(0x00007f8f4cf72000,0x00007f8f4d073000)]
  0x00007f8f640b8800 JavaThread "C2 CompilerThread0" daemon [_thread_blocked, id=28607, stack(0x00007f8f4d073000,0x00007f8f4d174000)]
  0x00007f8f640b7000 JavaThread "Signal Dispatcher" daemon [_thread_blocked, id=28606, stack(0x00007f8f4d174000,0x00007f8f4d275000)]
  0x00007f8f64085000 JavaThread "Finalizer" daemon [_thread_blocked, id=28605, stack(0x00007f8f4dc34000,0x00007f8f4dd35000)]
  0x00007f8f64082000 JavaThread "Reference Handler" daemon [_thread_blocked, id=28604, stack(0x00007f8f4dd35000,0x00007f8f4de36000)]
  0x00007f8f6400b000 JavaThread "main" [_thread_blocked, id=28598, stack(0x00007f8f6ae90000,0x00007f8f6af91000)]

Other Threads:
  0x00007f8f64078800 VMThread [stack: 0x00007f8f4de36000,0x00007f8f4df37000] [id=28603]
  0x00007f8f640c2800 WatcherThread [stack: 0x00007f8f4cc6f000,0x00007f8f4cd70000] [id=28611]

VM state:not at safepoint (normal execution)

VM Mutex/Monitor currently owned by a thread: None

Heap:
 PSYoungGen      total 36864K, used 5468K [0x00000000d7000000, 0x00000000d9900000, 0x0000000100000000)
  eden space 31744K, 17% used [0x00000000d7000000,0x00000000d7557388,0x00000000d8f00000)
  from space 5120K, 0% used [0x00000000d9400000,0x00000000d9400000,0x00000000d9900000)
  to   space 5120K, 0% used [0x00000000d8f00000,0x00000000d8f00000,0x00000000d9400000)
 ParOldGen       total 84992K, used 0K [0x0000000085000000, 0x000000008a300000, 0x00000000d7000000)
  object space 84992K, 0% used [0x0000000085000000,0x0000000085000000,0x000000008a300000)
 Metaspace       used 4033K, capacity 4928K, committed 5120K, reserved 1056768K
  class space    used 440K, capacity 498K, committed 512K, reserved 1048576K

Card table byte_map: [0x00007f8f54027000,0x00007f8f54400000] byte_map_base: 0x00007f8f53bff000

Marking Bits: (ParMarkBitMap*) 0x00007f8f6a15a520
 Begin Bits: [0x00007f8f4fd14000, 0x00007f8f51bd4000)
 End Bits:   [0x00007f8f51bd4000, 0x00007f8f53a94000)

Polling page: 0x00007f8f6afae000

CodeCache: size=245760Kb used=1348Kb max_used=1348Kb free=244412Kb
 bounds [0x00007f8f547c0000, 0x00007f8f54a30000, 0x00007f8f637c0000]
 total_blobs=391 nmethods=141 adapters=165
 compilation: enabled

Compilation events (10 events):
Event: 0.101 Thread 0x00007f8f640bd000  137       3       sun.reflect.ClassFileAssembler::emitByte (11 bytes)
Event: 0.101 Thread 0x00007f8f640bd000 nmethod 137 0x00007f8f5490f910 code [0x00007f8f5490fa80, 0x00007f8f5490fc48]
Event: 0.101 Thread 0x00007f8f640bd000  138       3       sun.reflect.ByteVectorImpl::add (38 bytes)
Event: 0.102 Thread 0x00007f8f640bd000 nmethod 138 0x00007f8f5490fd50 code [0x00007f8f5490fec0, 0x00007f8f549100e8]
Event: 0.102 Thread 0x00007f8f640bd000  139       1       java.lang.Class::getClassLoader0 (5 bytes)
Event: 0.102 Thread 0x00007f8f640bd000 nmethod 139 0x00007f8f54910210 code [0x00007f8f54910360, 0x00007f8f54910470]
Event: 0.102 Thread 0x00007f8f640bd000  140       3       sun.reflect.ClassFileAssembler::emitShort (24 bytes)
Event: 0.102 Thread 0x00007f8f640bd000 nmethod 140 0x00007f8f549104d0 code [0x00007f8f54910660, 0x00007f8f54910998]
Event: 0.102 Thread 0x00007f8f640bd000  141       3       sun.reflect.ClassFileAssembler::cpi (22 bytes)
Event: 0.102 Thread 0x00007f8f640bd000 nmethod 141 0x00007f8f54910b90 code [0x00007f8f54910d00, 0x00007f8f54910f48]

GC Heap History (0 events):
No events

Deoptimization events (0 events):
No events

Classes redefined (0 events):
No events

Internal exceptions (10 events):
Event: 0.040 Thread 0x00007f8f6400b000 Exception <a 'java/security/PrivilegedActionException'> (0x00000000d705f9b8) thrown at [/build/openjdk-8-yxDDQ4/openjdk-8-8u191-b12/src/hotspot/src/share/vm/prims/jvm.cpp, line 1435]
Event: 0.040 Thread 0x00007f8f6400b000 Exception <a 'java/security/PrivilegedActionException'> (0x00000000d705fbc8) thrown at [/build/openjdk-8-yxDDQ4/openjdk-8-8u191-b12/src/hotspot/src/share/vm/prims/jvm.cpp, line 1435]
Event: 0.051 Thread 0x00007f8f6400b000 Exception <a 'java/security/PrivilegedActionException'> (0x00000000d7180810) thrown at [/build/openjdk-8-yxDDQ4/openjdk-8-8u191-b12/src/hotspot/src/share/vm/prims/jvm.cpp, line 1435]
Event: 0.051 Thread 0x00007f8f6400b000 Exception <a 'java/security/PrivilegedActionException'> (0x00000000d7180a20) thrown at [/build/openjdk-8-yxDDQ4/openjdk-8-8u191-b12/src/hotspot/src/share/vm/prims/jvm.cpp, line 1435]
Event: 0.052 Thread 0x00007f8f6400b000 Exception <a 'java/security/PrivilegedActionException'> (0x00000000d7182aa8) thrown at [/build/openjdk-8-yxDDQ4/openjdk-8-8u191-b12/src/hotspot/src/share/vm/prims/jvm.cpp, line 1435]
Event: 0.052 Thread 0x00007f8f6400b000 Exception <a 'java/security/PrivilegedActionException'> (0x00000000d7182cb8) thrown at [/build/openjdk-8-yxDDQ4/openjdk-8-8u191-b12/src/hotspot/src/share/vm/prims/jvm.cpp, line 1435]
Event: 0.052 Thread 0x00007f8f6400b000 Exception <a 'java/security/PrivilegedActionException'> (0x00000000d7183790) thrown at [/build/openjdk-8-yxDDQ4/openjdk-8-8u191-b12/src/hotspot/src/share/vm/prims/jvm.cpp, line 1435]
Event: 0.052 Thread 0x00007f8f6400b000 Exception <a 'java/security/PrivilegedActionException'> (0x00000000d71839a0) thrown at [/build/openjdk-8-yxDDQ4/openjdk-8-8u191-b12/src/hotspot/src/share/vm/prims/jvm.cpp, line 1435]
Event: 0.069 Thread 0x00007f8f6400b000 Exception <a 'java/lang/NoClassDefFoundError': org/apache/log4j/Category> (0x00000000d727e100) thrown at [/build/openjdk-8-yxDDQ4/openjdk-8-8u191-b12/src/hotspot/src/share/vm/classfile/systemDictionary.cpp, line 199]
Event: 0.083 Thread 0x00007f8f641b7800 Exception <a 'java/lang/InterruptedException': sleep interrupted> (0x00000000d7419c58) thrown at [/build/openjdk-8-yxDDQ4/openjdk-8-8u191-b12/src/hotspot/src/share/vm/prims/jvm.cpp, line 3273]

Events (10 events):
Event: 0.101 loading class java/lang/CloneNotSupportedException
Event: 0.101 loading class java/lang/CloneNotSupportedException done
Event: 0.102 loading class java/io/ObjectStreamClass$FieldReflectorKey
Event: 0.102 loading class java/io/ObjectStreamClass$FieldReflectorKey done
Event: 0.102 loading class java/io/ObjectStreamClass$FieldReflector
Event: 0.102 loading class java/io/ObjectStreamClass$FieldReflector done
Event: 0.102 loading class java/io/ObjectStreamClass$ClassDataSlot
Event: 0.102 loading class java/io/ObjectStreamClass$ClassDataSlot done
Event: 0.102 loading class java/io/SerialCallbackContext
Event: 0.102 loading class java/io/SerialCallbackContext done


Dynamic libraries:
00400000-00401000 r-xp 00000000 08:02 58724940                           /usr/lib/jvm/java-8-openjdk-amd64/jre/bin/java
00600000-00601000 r--p 00000000 08:02 58724940                           /usr/lib/jvm/java-8-openjdk-amd64/jre/bin/java
00601000-00602000 rw-p 00001000 08:02 58724940                           /usr/lib/jvm/java-8-openjdk-amd64/jre/bin/java
006f7000-00718000 rw-p 00000000 00:00 0                                  [heap]
85000000-8a300000 rw-p 00000000 00:00 0 
8a300000-d7000000 ---p 00000000 00:00 0 
d7000000-d9900000 rw-p 00000000 00:00 0 
d9900000-100000000 ---p 00000000 00:00 0 
100000000-100080000 rw-p 00000000 00:00 0 
100080000-140000000 ---p 00000000 00:00 0 
7f8f08000000-7f8f08023000 rw-p 00000000 00:00 0 
7f8f08023000-7f8f0c000000 ---p 00000000 00:00 0 
7f8f10000000-7f8f10021000 rw-p 00000000 00:00 0 
7f8f10021000-7f8f14000000 ---p 00000000 00:00 0 
7f8f14000000-7f8f14021000 rw-p 00000000 00:00 0 
7f8f14021000-7f8f18000000 ---p 00000000 00:00 0 
7f8f18000000-7f8f18021000 rw-p 00000000 00:00 0 
7f8f18021000-7f8f1c000000 ---p 00000000 00:00 0 
7f8f1c000000-7f8f1c129000 rw-p 00000000 00:00 0 
7f8f1c129000-7f8f20000000 ---p 00000000 00:00 0 
7f8f20000000-7f8f20021000 rw-p 00000000 00:00 0 
7f8f20021000-7f8f24000000 ---p 00000000 00:00 0 
7f8f24000000-7f8f24077000 rw-p 00000000 00:00 0 
7f8f24077000-7f8f28000000 ---p 00000000 00:00 0 
7f8f28000000-7f8f28021000 rw-p 00000000 00:00 0 
7f8f28021000-7f8f2c000000 ---p 00000000 00:00 0 
7f8f2c000000-7f8f2c021000 rw-p 00000000 00:00 0 
7f8f2c021000-7f8f30000000 ---p 00000000 00:00 0 
7f8f30000000-7f8f30021000 rw-p 00000000 00:00 0 
7f8f30021000-7f8f34000000 ---p 00000000 00:00 0 
7f8f34000000-7f8f34021000 rw-p 00000000 00:00 0 
7f8f34021000-7f8f38000000 ---p 00000000 00:00 0 
7f8f38000000-7f8f38021000 rw-p 00000000 00:00 0 
7f8f38021000-7f8f3c000000 ---p 00000000 00:00 0 
7f8f40000000-7f8f40021000 rw-p 00000000 00:00 0 
7f8f40021000-7f8f44000000 ---p 00000000 00:00 0 
7f8f44fff000-7f8f48000000 rw-p 00000000 00:00 0 
7f8f48000000-7f8f48021000 rw-p 00000000 00:00 0 
7f8f48021000-7f8f4c000000 ---p 00000000 00:00 0 
7f8f4c630000-7f8f4c637000 r--s 00000000 08:02 58723059                   /usr/lib/x86_64-linux-gnu/gconv/gconv-modules.cache
7f8f4c637000-7f8f4c658000 r--p 00000000 08:02 60426984                   /usr/share/locale-langpack/zh_CN/LC_MESSAGES/libc.mo
7f8f4c658000-7f8f4c6fd000 r-xp 00000000 08:02 58468709                   /usr/lib/libClient.so
7f8f4c6fd000-7f8f4c8fc000 ---p 000a5000 08:02 58468709                   /usr/lib/libClient.so
7f8f4c8fc000-7f8f4c8fe000 r--p 000a4000 08:02 58468709                   /usr/lib/libClient.so
7f8f4c8fe000-7f8f4c902000 rw-p 000a6000 08:02 58468709                   /usr/lib/libClient.so
7f8f4c902000-7f8f4c919000 r-xp 00000000 08:02 59114481                   /usr/lib/jvm/java-8-openjdk-amd64/jre/lib/amd64/libnet.so
7f8f4c919000-7f8f4cb18000 ---p 00017000 08:02 59114481                   /usr/lib/jvm/java-8-openjdk-amd64/jre/lib/amd64/libnet.so
7f8f4cb18000-7f8f4cb19000 r--p 00016000 08:02 59114481                   /usr/lib/jvm/java-8-openjdk-amd64/jre/lib/amd64/libnet.so
7f8f4cb19000-7f8f4cb1a000 rw-p 00017000 08:02 59114481                   /usr/lib/jvm/java-8-openjdk-amd64/jre/lib/amd64/libnet.so
7f8f4cb1a000-7f8f4cb1e000 r--s 00034000 08:02 20579538                   /home/daniel/.m2/repository/org/codehaus/jackson/jackson-core-asl/1.9.4/jackson-core-asl-1.9.4.jar
7f8f4cb1e000-7f8f4cb21000 ---p 00000000 00:00 0 
7f8f4cb21000-7f8f4cc1f000 rw-p 00000000 00:00 0 
7f8f4cc1f000-7f8f4cc39000 r--s 00155000 08:02 20579534                   /home/daniel/.m2/repository/org/apache/htrace/htrace-core4/4.1.0-incubating/htrace-core4-4.1.0-incubating.jar
7f8f4cc39000-7f8f4cc54000 r--s 00394000 08:02 58989281                   /usr/lib/jvm/java-8-openjdk-amd64/jre/lib/ext/cldrdata.jar
7f8f4cc54000-7f8f4cc6f000 r--s 001d6000 08:02 58983853                   /usr/lib/jvm/java-8-openjdk-amd64/jre/lib/ext/nashorn.jar
7f8f4cc6f000-7f8f4cc70000 ---p 00000000 00:00 0 
7f8f4cc70000-7f8f4cd70000 rw-p 00000000 00:00 0 
7f8f4cd70000-7f8f4cd73000 ---p 00000000 00:00 0 
7f8f4cd73000-7f8f4ce71000 rw-p 00000000 00:00 0 
7f8f4ce71000-7f8f4ce74000 ---p 00000000 00:00 0 
7f8f4ce74000-7f8f4cf72000 rw-p 00000000 00:00 0 
7f8f4cf72000-7f8f4cf75000 ---p 00000000 00:00 0 
7f8f4cf75000-7f8f4d073000 rw-p 00000000 00:00 0 
7f8f4d073000-7f8f4d076000 ---p 00000000 00:00 0 
7f8f4d076000-7f8f4d174000 rw-p 00000000 00:00 0 
7f8f4d174000-7f8f4d177000 ---p 00000000 00:00 0 
7f8f4d177000-7f8f4d275000 rw-p 00000000 00:00 0 
7f8f4d275000-7f8f4dc34000 r--p 00000000 08:02 58465142                   /usr/lib/locale/locale-archive
7f8f4dc34000-7f8f4dc37000 ---p 00000000 00:00 0 
7f8f4dc37000-7f8f4dd35000 rw-p 00000000 00:00 0 
7f8f4dd35000-7f8f4dd38000 ---p 00000000 00:00 0 
7f8f4dd38000-7f8f4de36000 rw-p 00000000 00:00 0 
7f8f4de36000-7f8f4de37000 ---p 00000000 00:00 0 
7f8f4de37000-7f8f4eef7000 rw-p 00000000 00:00 0 
7f8f4eef7000-7f8f4f0c6000 r--s 03c33000 08:02 58851570                   /usr/lib/jvm/java-8-openjdk-amd64/jre/lib/rt.jar
7f8f4f0c6000-7f8f4f5bc000 rw-p 00000000 00:00 0 
7f8f4f5bc000-7f8f4f93c000 ---p 00000000 00:00 0 
7f8f4f93c000-7f8f53a94000 rw-p 00000000 00:00 0 
7f8f53a94000-7f8f53a95000 ---p 00000000 00:00 0 
7f8f53a95000-7f8f53b95000 rw-p 00000000 00:00 0 
7f8f53b95000-7f8f53b96000 ---p 00000000 00:00 0 
7f8f53b96000-7f8f53c96000 rw-p 00000000 00:00 0 
7f8f53c96000-7f8f53c97000 ---p 00000000 00:00 0 
7f8f53c97000-7f8f53dc1000 rw-p 00000000 00:00 0 
7f8f53dc1000-7f8f54027000 ---p 00000000 00:00 0 
7f8f54027000-7f8f54051000 rw-p 00000000 00:00 0 
7f8f54051000-7f8f542b7000 ---p 00000000 00:00 0 
7f8f542b7000-7f8f542cc000 rw-p 00000000 00:00 0 
7f8f542cc000-7f8f543ff000 ---p 00000000 00:00 0 
7f8f543ff000-7f8f5440a000 rw-p 00000000 00:00 0 
7f8f5440a000-7f8f547c0000 ---p 00000000 00:00 0 
7f8f547c0000-7f8f54a30000 rwxp 00000000 00:00 0 
7f8f54a30000-7f8f637c0000 ---p 00000000 00:00 0 
7f8f637c0000-7f8f637c8000 r-xp 00000000 08:02 59114477                   /usr/lib/jvm/java-8-openjdk-amd64/jre/lib/amd64/libzip.so
7f8f637c8000-7f8f639c7000 ---p 00008000 08:02 59114477                   /usr/lib/jvm/java-8-openjdk-amd64/jre/lib/amd64/libzip.so
7f8f639c7000-7f8f639c8000 r--p 00007000 08:02 59114477                   /usr/lib/jvm/java-8-openjdk-amd64/jre/lib/amd64/libzip.so
7f8f639c8000-7f8f639c9000 rw-p 00008000 08:02 59114477                   /usr/lib/jvm/java-8-openjdk-amd64/jre/lib/amd64/libzip.so
7f8f639c9000-7f8f639d4000 r-xp 00000000 08:02 29364881                   /lib/x86_64-linux-gnu/libnss_files-2.23.so
7f8f639d4000-7f8f63bd3000 ---p 0000b000 08:02 29364881                   /lib/x86_64-linux-gnu/libnss_files-2.23.so
7f8f63bd3000-7f8f63bd4000 r--p 0000a000 08:02 29364881                   /lib/x86_64-linux-gnu/libnss_files-2.23.so
7f8f63bd4000-7f8f63bd5000 rw-p 0000b000 08:02 29364881                   /lib/x86_64-linux-gnu/libnss_files-2.23.so
7f8f63bd5000-7f8f63bdb000 rw-p 00000000 00:00 0 
7f8f63bdb000-7f8f63be6000 r-xp 00000000 08:02 29364891                   /lib/x86_64-linux-gnu/libnss_nis-2.23.so
7f8f63be6000-7f8f63de5000 ---p 0000b000 08:02 29364891                   /lib/x86_64-linux-gnu/libnss_nis-2.23.so
7f8f63de5000-7f8f63de6000 r--p 0000a000 08:02 29364891                   /lib/x86_64-linux-gnu/libnss_nis-2.23.so
7f8f63de6000-7f8f63de7000 rw-p 0000b000 08:02 29364891                   /lib/x86_64-linux-gnu/libnss_nis-2.23.so
7f8f63de7000-7f8f63dfd000 r-xp 00000000 08:02 29364875                   /lib/x86_64-linux-gnu/libnsl-2.23.so
7f8f63dfd000-7f8f63ffc000 ---p 00016000 08:02 29364875                   /lib/x86_64-linux-gnu/libnsl-2.23.so
7f8f63ffc000-7f8f63ffd000 r--p 00015000 08:02 29364875                   /lib/x86_64-linux-gnu/libnsl-2.23.so
7f8f63ffd000-7f8f63ffe000 rw-p 00016000 08:02 29364875                   /lib/x86_64-linux-gnu/libnsl-2.23.so
7f8f63ffe000-7f8f64000000 rw-p 00000000 00:00 0 
7f8f64000000-7f8f64256000 rw-p 00000000 00:00 0 
7f8f64256000-7f8f68000000 ---p 00000000 00:00 0 
7f8f68001000-7f8f6800f000 r--s 000b0000 08:02 20579536                   /home/daniel/.m2/repository/org/codehaus/jackson/jackson-mapper-asl/1.9.4/jackson-mapper-asl-1.9.4.jar
7f8f6800f000-7f8f68012000 r--s 00017000 08:02 20579546                   /home/daniel/.m2/repository/org/hdrhistogram/HdrHistogram/2.1.4/HdrHistogram-2.1.4.jar
7f8f68012000-7f8f68015000 r--s 00021000 08:02 20579959                   /home/daniel/projects/YCSB/core/target/core-0.16.0-SNAPSHOT.jar
7f8f68015000-7f8f68036000 rw-p 00000000 00:00 0 
7f8f68036000-7f8f68037000 ---p 00000000 00:00 0 
7f8f68037000-7f8f68137000 rw-p 00000000 00:00 0 
7f8f68137000-7f8f6813f000 r-xp 00000000 08:02 29364877                   /lib/x86_64-linux-gnu/libnss_compat-2.23.so
7f8f6813f000-7f8f6833e000 ---p 00008000 08:02 29364877                   /lib/x86_64-linux-gnu/libnss_compat-2.23.so
7f8f6833e000-7f8f6833f000 r--p 00007000 08:02 29364877                   /lib/x86_64-linux-gnu/libnss_compat-2.23.so
7f8f6833f000-7f8f68340000 rw-p 00008000 08:02 29364877                   /lib/x86_64-linux-gnu/libnss_compat-2.23.so
7f8f68340000-7f8f6836d000 r-xp 00000000 08:02 59114482                   /usr/lib/jvm/java-8-openjdk-amd64/jre/lib/amd64/libjava.so
7f8f6836d000-7f8f6856c000 ---p 0002d000 08:02 59114482                   /usr/lib/jvm/java-8-openjdk-amd64/jre/lib/amd64/libjava.so
7f8f6856c000-7f8f6856d000 r--p 0002c000 08:02 59114482                   /usr/lib/jvm/java-8-openjdk-amd64/jre/lib/amd64/libjava.so
7f8f6856d000-7f8f6856f000 rw-p 0002d000 08:02 59114482                   /usr/lib/jvm/java-8-openjdk-amd64/jre/lib/amd64/libjava.so
7f8f6856f000-7f8f6857e000 r-xp 00000000 08:02 59114464                   /usr/lib/jvm/java-8-openjdk-amd64/jre/lib/amd64/libverify.so
7f8f6857e000-7f8f6877d000 ---p 0000f000 08:02 59114464                   /usr/lib/jvm/java-8-openjdk-amd64/jre/lib/amd64/libverify.so
7f8f6877d000-7f8f6877f000 r--p 0000e000 08:02 59114464                   /usr/lib/jvm/java-8-openjdk-amd64/jre/lib/amd64/libverify.so
7f8f6877f000-7f8f68780000 rw-p 00010000 08:02 59114464                   /usr/lib/jvm/java-8-openjdk-amd64/jre/lib/amd64/libverify.so
7f8f68780000-7f8f68787000 r-xp 00000000 08:02 29364936                   /lib/x86_64-linux-gnu/librt-2.23.so
7f8f68787000-7f8f68986000 ---p 00007000 08:02 29364936                   /lib/x86_64-linux-gnu/librt-2.23.so
7f8f68986000-7f8f68987000 r--p 00006000 08:02 29364936                   /lib/x86_64-linux-gnu/librt-2.23.so
7f8f68987000-7f8f68988000 rw-p 00007000 08:02 29364936                   /lib/x86_64-linux-gnu/librt-2.23.so
7f8f68988000-7f8f6899e000 r-xp 00000000 08:02 29364820                   /lib/x86_64-linux-gnu/libgcc_s.so.1
7f8f6899e000-7f8f68b9d000 ---p 00016000 08:02 29364820                   /lib/x86_64-linux-gnu/libgcc_s.so.1
7f8f68b9d000-7f8f68b9e000 rw-p 00015000 08:02 29364820                   /lib/x86_64-linux-gnu/libgcc_s.so.1
7f8f68b9e000-7f8f68ca6000 r-xp 00000000 08:02 29364852                   /lib/x86_64-linux-gnu/libm-2.23.so
7f8f68ca6000-7f8f68ea5000 ---p 00108000 08:02 29364852                   /lib/x86_64-linux-gnu/libm-2.23.so
7f8f68ea5000-7f8f68ea6000 r--p 00107000 08:02 29364852                   /lib/x86_64-linux-gnu/libm-2.23.so
7f8f68ea6000-7f8f68ea7000 rw-p 00108000 08:02 29364852                   /lib/x86_64-linux-gnu/libm-2.23.so
7f8f68ea7000-7f8f69019000 r-xp 00000000 08:02 58458300                   /usr/lib/x86_64-linux-gnu/libstdc++.so.6.0.21
7f8f69019000-7f8f69219000 ---p 00172000 08:02 58458300                   /usr/lib/x86_64-linux-gnu/libstdc++.so.6.0.21
7f8f69219000-7f8f69223000 r--p 00172000 08:02 58458300                   /usr/lib/x86_64-linux-gnu/libstdc++.so.6.0.21
7f8f69223000-7f8f69225000 rw-p 0017c000 08:02 58458300                   /usr/lib/x86_64-linux-gnu/libstdc++.so.6.0.21
7f8f69225000-7f8f69229000 rw-p 00000000 00:00 0 
7f8f69229000-7f8f69e8a000 r-xp 00000000 08:02 59114458                   /usr/lib/jvm/java-8-openjdk-amd64/jre/lib/amd64/server/libjvm.so
7f8f69e8a000-7f8f6a08a000 ---p 00c61000 08:02 59114458                   /usr/lib/jvm/java-8-openjdk-amd64/jre/lib/amd64/server/libjvm.so
7f8f6a08a000-7f8f6a11e000 r--p 00c61000 08:02 59114458                   /usr/lib/jvm/java-8-openjdk-amd64/jre/lib/amd64/server/libjvm.so
7f8f6a11e000-7f8f6a147000 rw-p 00cf5000 08:02 59114458                   /usr/lib/jvm/java-8-openjdk-amd64/jre/lib/amd64/server/libjvm.so
7f8f6a147000-7f8f6a177000 rw-p 00000000 00:00 0 
7f8f6a177000-7f8f6a18f000 r-xp 00000000 08:02 29364928                   /lib/x86_64-linux-gnu/libpthread-2.23.so
7f8f6a18f000-7f8f6a38e000 ---p 00018000 08:02 29364928                   /lib/x86_64-linux-gnu/libpthread-2.23.so
7f8f6a38e000-7f8f6a38f000 r--p 00017000 08:02 29364928                   /lib/x86_64-linux-gnu/libpthread-2.23.so
7f8f6a38f000-7f8f6a390000 rw-p 00018000 08:02 29364928                   /lib/x86_64-linux-gnu/libpthread-2.23.so
7f8f6a390000-7f8f6a394000 rw-p 00000000 00:00 0 
7f8f6a394000-7f8f6a397000 r-xp 00000000 08:02 29364806                   /lib/x86_64-linux-gnu/libdl-2.23.so
7f8f6a397000-7f8f6a596000 ---p 00003000 08:02 29364806                   /lib/x86_64-linux-gnu/libdl-2.23.so
7f8f6a596000-7f8f6a597000 r--p 00002000 08:02 29364806                   /lib/x86_64-linux-gnu/libdl-2.23.so
7f8f6a597000-7f8f6a598000 rw-p 00003000 08:02 29364806                   /lib/x86_64-linux-gnu/libdl-2.23.so
7f8f6a598000-7f8f6a5b1000 r-xp 00000000 08:02 29364973                   /lib/x86_64-linux-gnu/libz.so.1.2.8
7f8f6a5b1000-7f8f6a7b0000 ---p 00019000 08:02 29364973                   /lib/x86_64-linux-gnu/libz.so.1.2.8
7f8f6a7b0000-7f8f6a7b1000 r--p 00018000 08:02 29364973                   /lib/x86_64-linux-gnu/libz.so.1.2.8
7f8f6a7b1000-7f8f6a7b2000 rw-p 00019000 08:02 29364973                   /lib/x86_64-linux-gnu/libz.so.1.2.8
7f8f6a7b2000-7f8f6a972000 r-xp 00000000 08:02 29364782                   /lib/x86_64-linux-gnu/libc-2.23.so
7f8f6a972000-7f8f6ab72000 ---p 001c0000 08:02 29364782                   /lib/x86_64-linux-gnu/libc-2.23.so
7f8f6ab72000-7f8f6ab76000 r--p 001c0000 08:02 29364782                   /lib/x86_64-linux-gnu/libc-2.23.so
7f8f6ab76000-7f8f6ab78000 rw-p 001c4000 08:02 29364782                   /lib/x86_64-linux-gnu/libc-2.23.so
7f8f6ab78000-7f8f6ab7c000 rw-p 00000000 00:00 0 
7f8f6ab7c000-7f8f6ab89000 r-xp 00000000 08:02 59247190                   /usr/lib/jvm/java-8-openjdk-amd64/jre/lib/amd64/jli/libjli.so
7f8f6ab89000-7f8f6ad89000 ---p 0000d000 08:02 59247190                   /usr/lib/jvm/java-8-openjdk-amd64/jre/lib/amd64/jli/libjli.so
7f8f6ad89000-7f8f6ad8a000 r--p 0000d000 08:02 59247190                   /usr/lib/jvm/java-8-openjdk-amd64/jre/lib/amd64/jli/libjli.so
7f8f6ad8a000-7f8f6ad8b000 rw-p 0000e000 08:02 59247190                   /usr/lib/jvm/java-8-openjdk-amd64/jre/lib/amd64/jli/libjli.so
7f8f6ad8b000-7f8f6adb1000 r-xp 00000000 08:02 29364754                   /lib/x86_64-linux-gnu/ld-2.23.so
7f8f6adb1000-7f8f6adb3000 r--s 00001000 08:02 20317416                   /home/daniel/projects/YCSB/leveldbjnin/lib/leveldb-api-0.6.jar
7f8f6adb3000-7f8f6adb4000 r--s 00040000 08:02 20317418                   /home/daniel/projects/YCSB/leveldbjnin/lib/leveldbjni-linux64-1.1.jar
7f8f6adb4000-7f8f6adb6000 r--s 0000b000 08:02 20317417                   /home/daniel/projects/YCSB/leveldbjnin/lib/leveldbjni-1.1.jar
7f8f6adb6000-7f8f6adb8000 r--s 00001000 08:02 20580099                   /home/daniel/projects/YCSB/leveldbjnin/target/leveldbjnin-binding-0.16.0-SNAPSHOT.jar
7f8f6adb8000-7f8f6adbb000 r--s 0000f000 08:02 58983506                   /usr/lib/jvm/java-8-openjdk-amd64/jre/lib/ext/icedtea-sound.jar
7f8f6adbb000-7f8f6adc5000 r--s 00116000 08:02 58983505                   /usr/lib/jvm/java-8-openjdk-amd64/jre/lib/ext/localedata.jar
7f8f6adc5000-7f8f6ae90000 rw-p 00000000 00:00 0 
7f8f6ae90000-7f8f6ae93000 ---p 00000000 00:00 0 
7f8f6ae93000-7f8f6af95000 rw-p 00000000 00:00 0 
7f8f6af95000-7f8f6af96000 r--s 00004000 08:02 20580077                   /home/daniel/.m2/repository/org/fusesource/hawtjni/hawtjni-runtime/1.9/hawtjni-runtime-1.9.jar
7f8f6af96000-7f8f6af99000 r--s 00038000 08:02 58989301                   /usr/lib/jvm/java-8-openjdk-amd64/jre/lib/ext/sunpkcs11.jar
7f8f6af99000-7f8f6af9a000 r--s 00010000 08:02 58989304                   /usr/lib/jvm/java-8-openjdk-amd64/jre/lib/ext/zipfs.jar
7f8f6af9a000-7f8f6af9c000 r--s 00008000 08:02 58989283                   /usr/lib/jvm/java-8-openjdk-amd64/jre/lib/ext/sunec.jar
7f8f6af9c000-7f8f6af9e000 r--s 00001000 08:02 58989316                   /usr/lib/jvm/java-8-openjdk-amd64/jre/lib/ext/dnsns.jar
7f8f6af9e000-7f8f6afa4000 r--s 0003b000 08:02 58989282                   /usr/lib/jvm/java-8-openjdk-amd64/jre/lib/ext/sunjce_provider.jar
7f8f6afa4000-7f8f6afa5000 r--s 0000a000 08:02 58989284                   /usr/lib/jvm/java-8-openjdk-amd64/jre/lib/ext/jaccess.jar
7f8f6afa5000-7f8f6afad000 rw-s 00000000 08:02 39583777                   /tmp/hsperfdata_daniel/28597
7f8f6afad000-7f8f6afae000 rw-p 00000000 00:00 0 
7f8f6afae000-7f8f6afaf000 r--p 00000000 00:00 0 
7f8f6afaf000-7f8f6afb0000 rw-p 00000000 00:00 0 
7f8f6afb0000-7f8f6afb1000 r--p 00025000 08:02 29364754                   /lib/x86_64-linux-gnu/ld-2.23.so
7f8f6afb1000-7f8f6afb2000 rw-p 00026000 08:02 29364754                   /lib/x86_64-linux-gnu/ld-2.23.so
7f8f6afb2000-7f8f6afb3000 rw-p 00000000 00:00 0 
7ffef1580000-7ffef15a2000 rw-p 00000000 00:00 0                          [stack]
7ffef15be000-7ffef15c1000 r--p 00000000 00:00 0                          [vvar]
7ffef15c1000-7ffef15c3000 r-xp 00000000 00:00 0                          [vdso]
ffffffffff600000-ffffffffff601000 r-xp 00000000 00:00 0                  [vsyscall]

VM Arguments:
java_command: com.yahoo.ycsb.Client -db com.yahoo.ycsb.db.LevelDbJniClientN -P workloads/workloada -load
java_class_path (initial): /home/daniel/projects/YCSB/leveldbjnin/conf:/home/daniel/projects/YCSB/leveldbjnin/target/leveldbjnin-binding-0.16.0-SNAPSHOT.jar:/home/daniel/.m2/repository/org/apache/htrace/htrace-core4/4.1.0-incubating/htrace-core4-4.1.0-incubating.jar:/home/daniel/projects/YCSB/leveldbjnin/lib/leveldbjni-1.1.jar:/home/daniel/.m2/repository/org/fusesource/hawtjni/hawtjni-runtime/1.9/hawtjni-runtime-1.9.jar:/home/daniel/projects/YCSB/leveldbjnin/lib/leveldbjni-linux64-1.1.jar:/home/daniel/projects/YCSB/core/target/core-0.16.0-SNAPSHOT.jar:/home/daniel/.m2/repository/org/hdrhistogram/HdrHistogram/2.1.4/HdrHistogram-2.1.4.jar:/home/daniel/.m2/repository/org/codehaus/jackson/jackson-mapper-asl/1.9.4/jackson-mapper-asl-1.9.4.jar:/home/daniel/projects/YCSB/leveldbjnin/lib/leveldb-api-0.6.jar:/home/daniel/.m2/repository/org/codehaus/jackson/jackson-core-asl/1.9.4/jackson-core-asl-1.9.4.jar
Launcher Type: SUN_STANDARD

Environment Variables:
PATH=/home/daniel/bin:/home/daniel/.local/bin:/usr/local/sbin:/usr/local/bin:/usr/sbin:/usr/bin:/sbin:/bin:/usr/games:/usr/local/games:/snap/bin
SHELL=/bin/bash
DISPLAY=:0

Signal Handlers:
SIGSEGV: [libjvm.so+0xa74e00], sa_mask[0]=11111111011111111101111111111110, sa_flags=SA_RESTART|SA_SIGINFO
SIGBUS: [libjvm.so+0xa74e00], sa_mask[0]=11111111011111111101111111111110, sa_flags=SA_RESTART|SA_SIGINFO
SIGFPE: [libjvm.so+0x8bbe10], sa_mask[0]=11111111011111111101111111111110, sa_flags=SA_RESTART|SA_SIGINFO
SIGPIPE: [libjvm.so+0x8bbe10], sa_mask[0]=11111111011111111101111111111110, sa_flags=SA_RESTART|SA_SIGINFO
SIGXFSZ: [libjvm.so+0x8bbe10], sa_mask[0]=11111111011111111101111111111110, sa_flags=SA_RESTART|SA_SIGINFO
SIGILL: [libjvm.so+0x8bbe10], sa_mask[0]=11111111011111111101111111111110, sa_flags=SA_RESTART|SA_SIGINFO
SIGUSR1: SIG_DFL, sa_mask[0]=00000000000000000000000000000000, sa_flags=none
SIGUSR2: [libjvm.so+0x8bbcc0], sa_mask[0]=00000000000000000000000000000000, sa_flags=SA_RESTART|SA_SIGINFO
SIGHUP: [libjvm.so+0x8bc350], sa_mask[0]=11111111011111111101111111111110, sa_flags=SA_RESTART|SA_SIGINFO
SIGINT: [libjvm.so+0x8bc350], sa_mask[0]=11111111011111111101111111111110, sa_flags=SA_RESTART|SA_SIGINFO
SIGTERM: [libjvm.so+0x8bc350], sa_mask[0]=11111111011111111101111111111110, sa_flags=SA_RESTART|SA_SIGINFO
SIGQUIT: [libjvm.so+0x8bc350], sa_mask[0]=11111111011111111101111111111110, sa_flags=SA_RESTART|SA_SIGINFO


---------------  S Y S T E M  ---------------

OS:DISTRIB_ID=Ubuntu
DISTRIB_RELEASE=16.04
DISTRIB_CODENAME=xenial
DISTRIB_DESCRIPTION="Ubuntu 16.04.5 LTS"

uname:Linux 4.15.0-43-generic #46~16.04.1-Ubuntu SMP Fri Dec 7 13:31:08 UTC 2018 x86_64
libc:glibc 2.23 NPTL 2.23 
rlimit: STACK 8192k, CORE 0k, NPROC 30941, NOFILE 1048576, AS infinity
load average:2.94 2.18 1.65

/proc/meminfo:
MemTotal:        8057236 kB
MemFree:         1129412 kB
MemAvailable:    4461684 kB
Buffers:          269904 kB
Cached:          3887424 kB
SwapCached:            0 kB
Active:          3717452 kB
Inactive:        2796656 kB
Active(anon):    2339228 kB
Inactive(anon):   740660 kB
Active(file):    1378224 kB
Inactive(file):  2055996 kB
Unevictable:          48 kB
Mlocked:              48 kB
SwapTotal:       1000444 kB
SwapFree:        1000444 kB
Dirty:             13796 kB
Writeback:             0 kB
AnonPages:       2356848 kB
Mapped:           728472 kB
Shmem:            723112 kB
Slab:             265908 kB
SReclaimable:     206908 kB
SUnreclaim:        59000 kB
KernelStack:       13760 kB
PageTables:        63324 kB
NFS_Unstable:          0 kB
Bounce:                0 kB
WritebackTmp:          0 kB
CommitLimit:     5029060 kB
Committed_AS:   10900512 kB
VmallocTotal:   34359738367 kB
VmallocUsed:           0 kB
VmallocChunk:          0 kB
HardwareCorrupted:     0 kB
AnonHugePages:         0 kB
ShmemHugePages:        0 kB
ShmemPmdMapped:        0 kB
CmaTotal:              0 kB
CmaFree:               0 kB
HugePages_Total:       0
HugePages_Free:        0
HugePages_Rsvd:        0
HugePages_Surp:        0
Hugepagesize:       2048 kB
DirectMap4k:      222828 kB
DirectMap2M:     7008256 kB
DirectMap1G:     1048576 kB

container (cgroup) information:
container_type: cgroupv1
cpu_cpuset_cpus: 0-3
cpu_memory_nodes: 0
active_processor_count: 4
cpu_quota: -1
cpu_period: 100000
cpu_shares: -1
memory_limit_in_bytes: -1
memory_and_swap_limit_in_bytes: -2
memory_soft_limit_in_bytes: -1
memory_usage_in_bytes: 6670774272
memory_max_usage_in_bytes: 0


CPU:total 4 (initial active 4) (4 cores per cpu, 1 threads per core) family 6 model 158 stepping 9, cmov, cx8, fxsr, mmx, sse, sse2, sse3, ssse3, sse4.1, sse4.2, popcnt, avx, avx2, aes, clmul, erms, rtm, 3dnowpref, lzcnt, tsc, tscinvbit, bmi1, bmi2, adx

/proc/cpuinfo:
processor	: 0
vendor_id	: GenuineIntel
cpu family	: 6
model		: 158
model name	: Intel(R) Core(TM) i5-7500 CPU @ 3.40GHz
stepping	: 9
microcode	: 0x8e
cpu MHz		: 3608.543
cache size	: 6144 KB
physical id	: 0
siblings	: 4
core id		: 0
cpu cores	: 4
apicid		: 0
initial apicid	: 0
fpu		: yes
fpu_exception	: yes
cpuid level	: 22
wp		: yes
flags		: fpu vme de pse tsc msr pae mce cx8 apic sep mtrr pge mca cmov pat pse36 clflush dts acpi mmx fxsr sse sse2 ss ht tm pbe syscall nx pdpe1gb rdtscp lm constant_tsc art arch_perfmon pebs bts rep_good nopl xtopology nonstop_tsc cpuid aperfmperf tsc_known_freq pni pclmulqdq dtes64 monitor ds_cpl vmx smx est tm2 ssse3 sdbg fma cx16 xtpr pdcm pcid sse4_1 sse4_2 x2apic movbe popcnt tsc_deadline_timer aes xsave avx f16c rdrand lahf_lm abm 3dnowprefetch cpuid_fault invpcid_single pti ssbd ibrs ibpb stibp tpr_shadow vnmi flexpriority ept vpid fsgsbase tsc_adjust bmi1 hle avx2 smep bmi2 erms invpcid rtm mpx rdseed adx smap clflushopt intel_pt xsaveopt xsavec xgetbv1 xsaves dtherm ida arat pln pts hwp hwp_notify hwp_act_window hwp_epp flush_l1d
bugs		: cpu_meltdown spectre_v1 spectre_v2 spec_store_bypass l1tf
bogomips	: 6816.00
clflush size	: 64
cache_alignment	: 64
address sizes	: 39 bits physical, 48 bits virtual
power management:

processor	: 1
vendor_id	: GenuineIntel
cpu family	: 6
model		: 158
model name	: Intel(R) Core(TM) i5-7500 CPU @ 3.40GHz
stepping	: 9
microcode	: 0x8e
cpu MHz		: 3638.917
cache size	: 6144 KB
physical id	: 0
siblings	: 4
core id		: 1
cpu cores	: 4
apicid		: 2
initial apicid	: 2
fpu		: yes
fpu_exception	: yes
cpuid level	: 22
wp		: yes
flags		: fpu vme de pse tsc msr pae mce cx8 apic sep mtrr pge mca cmov pat pse36 clflush dts acpi mmx fxsr sse sse2 ss ht tm pbe syscall nx pdpe1gb rdtscp lm constant_tsc art arch_perfmon pebs bts rep_good nopl xtopology nonstop_tsc cpuid aperfmperf tsc_known_freq pni pclmulqdq dtes64 monitor ds_cpl vmx smx est tm2 ssse3 sdbg fma cx16 xtpr pdcm pcid sse4_1 sse4_2 x2apic movbe popcnt tsc_deadline_timer aes xsave avx f16c rdrand lahf_lm abm 3dnowprefetch cpuid_fault invpcid_single pti ssbd ibrs ibpb stibp tpr_shadow vnmi flexpriority ept vpid fsgsbase tsc_adjust bmi1 hle avx2 smep bmi2 erms invpcid rtm mpx rdseed adx smap clflushopt intel_pt xsaveopt xsavec xgetbv1 xsaves dtherm ida arat pln pts hwp hwp_notify hwp_act_window hwp_epp flush_l1d
bugs		: cpu_meltdown spectre_v1 spectre_v2 spec_store_bypass l1tf
bogomips	: 6816.00
clflush size	: 64
cache_alignment	: 64
address sizes	: 39 bits physical, 48 bits virtual
power management:

processor	: 2
vendor_id	: GenuineIntel
cpu family	: 6
model		: 158
model name	: Intel(R) Core(TM) i5-7500 CPU @ 3.40GHz
stepping	: 9
microcode	: 0x8e
cpu MHz		: 3648.227
cache size	: 6144 KB
physical id	: 0
siblings	: 4
core id		: 2
cpu cores	: 4
apicid		: 4
initial apicid	: 4
fpu		: yes
fpu_exception	: yes
cpuid level	: 22
wp		: yes
flags		: fpu vme de pse tsc msr pae mce cx8 apic sep mtrr pge mca cmov pat pse36 clflush dts acpi mmx fxsr sse sse2 ss ht tm pbe syscall nx pdpe1gb rdtscp lm constant_tsc art arch_perfmon pebs bts rep_good nopl xtopology nonstop_tsc cpuid aperfmperf tsc_known_freq pni pclmulqdq dtes64 monitor ds_cpl vmx smx est tm2 ssse3 sdbg fma cx16 xtpr pdcm pcid sse4_1 sse4_2 x2apic movbe popcnt tsc_deadline_timer aes xsave avx f16c rdrand lahf_lm abm 3dnowprefetch cpuid_fault invpcid_single pti ssbd ibrs ibpb stibp tpr_shadow vnmi flexpriority ept vpid fsgsbase tsc_adjust bmi1 hle avx2 smep bmi2 erms invpcid rtm mpx rdseed adx smap clflushopt intel_pt xsaveopt xsavec xgetbv1 xsaves dtherm ida arat pln pts hwp hwp_notify hwp_act_window hwp_epp flush_l1d
bugs		: cpu_meltdown spectre_v1 spectre_v2 spec_store_bypass l1tf
bogomips	: 6816.00
clflush size	: 64
cache_alignment	: 64
address sizes	: 39 bits physical, 48 bits virtual
power management:

processor	: 3
vendor_id	: GenuineIntel
cpu family	: 6
model		: 158
model name	: Intel(R) Core(TM) i5-7500 CPU @ 3.40GHz
stepping	: 9
microcode	: 0x8e
cpu MHz		: 3634.893
cache size	: 6144 KB
physical id	: 0
siblings	: 4
core id		: 3
cpu cores	: 4
apicid		: 6
initial apicid	: 6
fpu		: yes
fpu_exception	: yes
cpuid level	: 22
wp		: yes
flags		: fpu vme de pse tsc msr pae mce cx8 apic sep mtrr pge mca cmov pat pse36 clflush dts acpi mmx fxsr sse sse2 ss ht tm pbe syscall nx pdpe1gb rdtscp lm constant_tsc art arch_perfmon pebs bts rep_good nopl xtopology nonstop_tsc cpuid aperfmperf tsc_known_freq pni pclmulqdq dtes64 monitor ds_cpl vmx smx est tm2 ssse3 sdbg fma cx16 xtpr pdcm pcid sse4_1 sse4_2 x2apic movbe popcnt tsc_deadline_timer aes xsave avx f16c rdrand lahf_lm abm 3dnowprefetch cpuid_fault invpcid_single pti ssbd ibrs ibpb stibp tpr_shadow vnmi flexpriority ept vpid fsgsbase tsc_adjust bmi1 hle avx2 smep bmi2 erms invpcid rtm mpx rdseed adx smap clflushopt intel_pt xsaveopt xsavec xgetbv1 xsaves dtherm ida arat pln pts hwp hwp_notify hwp_act_window hwp_epp flush_l1d
bugs		: cpu_meltdown spectre_v1 spectre_v2 spec_store_bypass l1tf
bogomips	: 6816.00
clflush size	: 64
cache_alignment	: 64
address sizes	: 39 bits physical, 48 bits virtual
power management:



Memory: 4k page, physical 8057236k(1129164k free), swap 1000444k(1000444k free)

vm_info: OpenJDK 64-Bit Server VM (25.191-b12) for linux-amd64 JRE (1.8.0_191-8u191-b12-0ubuntu0.16.04.1-b12), built on Nov 20 2018 15:24:40 by "buildd" with gcc 5.4.0 20160609

time: Mon Jan 21 11:12:06 2019
elapsed time: 0 seconds (0d 0h 0m 0s)

