#
# A fatal error has been detected by the Java Runtime Environment:
#
#  SIGSEGV (0xb) at pc=0x00007f1b96bc4783, pid=29923, tid=0x00007f1b9713b700
#
# JRE version: OpenJDK Runtime Environment (8.0_191-b12) (build 1.8.0_191-8u191-b12-0ubuntu0.16.04.1-b12)
# Java VM: OpenJDK 64-Bit Server VM (25.191-b12 mixed mode linux-amd64 compressed oops)
# Problematic frame:
# C  [libClient.so+0x4b783]  Java_com_yahoo_ycsb_db_LevelDbJniClientN_cinsert+0xd9
#
# Failed to write core dump. Core dumps have been disabled. To enable core dumping, try "ulimit -c unlimited" before starting Java again
#
# If you would like to submit a bug report, please visit:
#   http://bugreport.java.com/bugreport/crash.jsp
# The crash happened outside the Java Virtual Machine in native code.
# See problematic frame for where to report the bug.
#

---------------  T H R E A D  ---------------

Current thread (0x00007f1bb4245800):  JavaThread "Thread-2" [_thread_in_native, id=29939, stack(0x00007f1b9703b000,0x00007f1b9713c000)]

siginfo: si_signo: 11 (SIGSEGV), si_code: 1 (SEGV_MAPERR), si_addr: 0x0000000000000000

Registers:
RAX=0x0000000000000000, RBX=0x00007f1bb89924d8, RCX=0x00007f1b6000dc05, RDX=0x00007f1b6000de60
RSP=0x00007f1b9713a650, RBP=0x00007f1b9713a710, RSI=0x00007f1b6000dbc0, RDI=0x00007f1b9713a6a0
R8 =0x00007f1b6000de60, R9 =0x00007f1b6000dc05, R10=0x00007f1b6000de60, R11=0x0000000000000020
R12=0x0000000000000000, R13=0x00007f1bb89924d8, R14=0x00007f1b9713a7b0, R15=0x00007f1bb4245800
RIP=0x00007f1b96bc4783, EFLAGS=0x0000000000010202, CSGSFS=0x002b000000000033, ERR=0x0000000000000004
  TRAPNO=0x000000000000000e

Top of Stack: (sp=0x00007f1b9713a650)
0x00007f1b9713a650:   00007f1b9713a7a0 00007f1b9713a7a8
0x00007f1b9713a660:   00007f1b9713a7b0 00007f1bb42459e0
0x00007f1b9713a670:   00007f1b9713a700 00007f1bbbede26a
0x00007f1b9713a680:   00007f1bb4245800 00007f1bb4245800
0x00007f1b9713a690:   00007f1b9713a6b0 00007f1bbc0d46a9
0x00007f1b9713a6a0:   00007f1bb4245800 00007f1bb89924d8
0x00007f1b9713a6b0:   00007f1b6000d3e0 0000000000000017
0x00007f1b9713a6c0:   0000000000000017 00007f1bb4245800
0x00007f1b9713a6d0:   00007f1b6000de60 0000000000000465
0x00007f1b9713a6e0:   0000000000000465 00007f1bb89924d8
0x00007f1b9713a6f0:   0000000000000000 5d1678dce2cbaf00
0x00007f1b9713a700:   00007f1b9713a780 00007f1bb89924d8
0x00007f1b9713a710:   00007f1b9713a780 00007f1ba5018407
0x00007f1b9713a720:   00007f1b9713a780 00007f1ba5018159
0x00007f1b9713a730:   fffffffe00000000 00007f1ba5018122
0x00007f1b9713a740:   00007f1b9713a740 00007f1bb89924d8
0x00007f1b9713a750:   00007f1b9713a7b0 00007f1bb8992c20
0x00007f1b9713a760:   0000000000000000 00007f1bb89924d8
0x00007f1b9713a770:   0000000000000000 00007f1b9713a7a0
0x00007f1b9713a780:   00007f1b9713a7f8 00007f1ba5007ffd
0x00007f1b9713a790:   0000000000000000 00007f1ba5011a58
0x00007f1b9713a7a0:   00000000d74c25a0 00000000d74c0760
0x00007f1b9713a7b0:   00000000d730b138 00007f1b9713a7b8
0x00007f1b9713a7c0:   00007f1bb8992588 00007f1b9713a830
0x00007f1b9713a7d0:   00007f1bb8992c20 0000000000000000
0x00007f1b9713a7e0:   00007f1bb8992628 00007f1b9713a7a0
0x00007f1b9713a7f0:   00007f1b9713a818 00007f1b9713a878
0x00007f1b9713a800:   00007f1ba5007d80 00000000d74c25a0
0x00007f1b9713a810:   00000000d74c08e0 00000000d74c07b8
0x00007f1b9713a820:   00000000d74c0760 00000000d7101670
0x00007f1b9713a830:   00000000d730b138 00007f1b9713a838
0x00007f1b9713a840:   00007f1bb899109d 00007f1b9713a908 

Instructions: (pc=0x00007f1b96bc4783)
0x00007f1b96bc4763:   89 ce 48 89 c7 e8 43 d8 ff ff 48 8d 45 90 48 89
0x00007f1b96bc4773:   c7 e8 97 c7 ff ff 48 8b 05 78 a8 25 00 48 8b 00
0x00007f1b96bc4783:   48 8b 00 48 83 c0 10 48 8b 18 48 8d 55 c0 48 8d
0x00007f1b96bc4793:   45 90 48 89 d6 48 89 c7 e8 40 f8 ff ff 48 8d 55 

Register to memory mapping:

RAX=0x0000000000000000 is an unknown value
RBX={method} {0x00007f1bb89924d8} 'cinsert' '(Ljava/lang/String;Ljava/lang/String;)V' in 'com/yahoo/ycsb/db/LevelDbJniClientN'
RCX=0x00007f1b6000dc05 is an unknown value
RDX=0x00007f1b6000de60 is an unknown value
RSP=0x00007f1b9713a650 is pointing into the stack for thread: 0x00007f1bb4245800
RBP=0x00007f1b9713a710 is pointing into the stack for thread: 0x00007f1bb4245800
RSI=0x00007f1b6000dbc0 is an unknown value
RDI=0x00007f1b9713a6a0 is pointing into the stack for thread: 0x00007f1bb4245800
R8 =0x00007f1b6000de60 is an unknown value
R9 =0x00007f1b6000dc05 is an unknown value
R10=0x00007f1b6000de60 is an unknown value
R11=0x0000000000000020 is an unknown value
R12=0x0000000000000000 is an unknown value
R13={method} {0x00007f1bb89924d8} 'cinsert' '(Ljava/lang/String;Ljava/lang/String;)V' in 'com/yahoo/ycsb/db/LevelDbJniClientN'
R14=0x00007f1b9713a7b0 is pointing into the stack for thread: 0x00007f1bb4245800
R15=0x00007f1bb4245800 is a thread


Stack: [0x00007f1b9703b000,0x00007f1b9713c000],  sp=0x00007f1b9713a650,  free space=1021k
Native frames: (J=compiled Java code, j=interpreted, Vv=VM code, C=native code)
C  [libClient.so+0x4b783]  Java_com_yahoo_ycsb_db_LevelDbJniClientN_cinsert+0xd9
j  com.yahoo.ycsb.db.LevelDbJniClientN.cinsert(Ljava/lang/String;Ljava/lang/String;)V+0
j  com.yahoo.ycsb.db.LevelDbJniClientN.insert(Ljava/lang/String;Ljava/lang/String;Ljava/util/Map;)Lcom/yahoo/ycsb/Status;+24
j  com.yahoo.ycsb.DBWrapper.insert(Ljava/lang/String;Ljava/lang/String;Ljava/util/Map;)Lcom/yahoo/ycsb/Status;+37
j  com.yahoo.ycsb.workloads.CoreWorkload.doInsert(Lcom/yahoo/ycsb/DB;Ljava/lang/Object;)Z+42
j  com.yahoo.ycsb.ClientThread.run()V+226
j  java.lang.Thread.run()V+11
v  ~StubRoutines::call_stub
V  [libjvm.so+0x66701b]
V  [libjvm.so+0x6645f4]
V  [libjvm.so+0x664bd7]
V  [libjvm.so+0x6a7eb4]
V  [libjvm.so+0xa18917]
V  [libjvm.so+0xa18ddc]
V  [libjvm.so+0x8be122]
C  [libpthread.so.0+0x76ba]  start_thread+0xca

Java frames: (J=compiled Java code, j=interpreted, Vv=VM code)
j  com.yahoo.ycsb.db.LevelDbJniClientN.cinsert(Ljava/lang/String;Ljava/lang/String;)V+0
j  com.yahoo.ycsb.db.LevelDbJniClientN.insert(Ljava/lang/String;Ljava/lang/String;Ljava/util/Map;)Lcom/yahoo/ycsb/Status;+24
j  com.yahoo.ycsb.DBWrapper.insert(Ljava/lang/String;Ljava/lang/String;Ljava/util/Map;)Lcom/yahoo/ycsb/Status;+37
j  com.yahoo.ycsb.workloads.CoreWorkload.doInsert(Lcom/yahoo/ycsb/DB;Ljava/lang/Object;)Z+42
j  com.yahoo.ycsb.ClientThread.run()V+226
j  java.lang.Thread.run()V+11
v  ~StubRoutines::call_stub

---------------  P R O C E S S  ---------------

Java Threads: ( => current thread )
=>0x00007f1bb4245800 JavaThread "Thread-2" [_thread_in_native, id=29939, stack(0x00007f1b9703b000,0x00007f1b9713c000)]
  0x00007f1bb40c8800 JavaThread "Service Thread" daemon [_thread_blocked, id=29936, stack(0x00007f1b9723d000,0x00007f1b9733e000)]
  0x00007f1bb40bd000 JavaThread "C1 CompilerThread2" daemon [_thread_blocked, id=29935, stack(0x00007f1b9733e000,0x00007f1b9743f000)]
  0x00007f1bb40bb800 JavaThread "C2 CompilerThread1" daemon [_thread_blocked, id=29934, stack(0x00007f1b9743f000,0x00007f1b97540000)]
  0x00007f1bb40b8800 JavaThread "C2 CompilerThread0" daemon [_thread_blocked, id=29933, stack(0x00007f1b97540000,0x00007f1b97641000)]
  0x00007f1bb40b7000 JavaThread "Signal Dispatcher" daemon [_thread_blocked, id=29932, stack(0x00007f1b9c07e000,0x00007f1b9c17f000)]
  0x00007f1bb4085000 JavaThread "Finalizer" daemon [_thread_blocked, id=29931, stack(0x00007f1b9c17f000,0x00007f1b9c280000)]
  0x00007f1bb4082000 JavaThread "Reference Handler" daemon [_thread_blocked, id=29930, stack(0x00007f1ba40f1000,0x00007f1ba41f2000)]
  0x00007f1bb400b000 JavaThread "main" [_thread_blocked, id=29924, stack(0x00007f1bbd4e5000,0x00007f1bbd5e6000)]

Other Threads:
  0x00007f1bb4078800 VMThread [stack: 0x00007f1ba41f2000,0x00007f1ba42f3000] [id=29929]
  0x00007f1bb40cb000 WatcherThread [stack: 0x00007f1b9713c000,0x00007f1b9723d000] [id=29937]

VM state:not at safepoint (normal execution)

VM Mutex/Monitor currently owned by a thread: None

Heap:
 PSYoungGen      total 36864K, used 5468K [0x00000000d7000000, 0x00000000d9900000, 0x0000000100000000)
  eden space 31744K, 17% used [0x00000000d7000000,0x00000000d7557388,0x00000000d8f00000)
  from space 5120K, 0% used [0x00000000d9400000,0x00000000d9400000,0x00000000d9900000)
  to   space 5120K, 0% used [0x00000000d8f00000,0x00000000d8f00000,0x00000000d9400000)
 ParOldGen       total 84992K, used 0K [0x0000000085000000, 0x000000008a300000, 0x00000000d7000000)
  object space 84992K, 0% used [0x0000000085000000,0x0000000085000000,0x000000008a300000)
 Metaspace       used 4037K, capacity 4928K, committed 5120K, reserved 1056768K
  class space    used 440K, capacity 498K, committed 512K, reserved 1048576K

Card table byte_map: [0x00007f1bb97b3000,0x00007f1bb9b8c000] byte_map_base: 0x00007f1bb938b000

Marking Bits: (ParMarkBitMap*) 0x00007f1bbc7af520
 Begin Bits: [0x00007f1b9c280000, 0x00007f1b9e140000)
 End Bits:   [0x00007f1b9e140000, 0x00007f1ba0000000)

Polling page: 0x00007f1bbd603000

CodeCache: size=245760Kb used=1353Kb max_used=1353Kb free=244406Kb
 bounds [0x00007f1ba5000000, 0x00007f1ba5270000, 0x00007f1bb4000000]
 total_blobs=392 nmethods=139 adapters=168
 compilation: enabled

Compilation events (10 events):
Event: 0.081 Thread 0x00007f1bb40bd000  135       3       sun.reflect.ClassFileAssembler::emitByte (11 bytes)
Event: 0.081 Thread 0x00007f1bb40bd000 nmethod 135 0x00007f1ba51513d0 code [0x00007f1ba5151540, 0x00007f1ba5151708]
Event: 0.081 Thread 0x00007f1bb40bd000  136       3       sun.reflect.ByteVectorImpl::add (38 bytes)
Event: 0.081 Thread 0x00007f1bb40bd000 nmethod 136 0x00007f1ba5151810 code [0x00007f1ba5151980, 0x00007f1ba5151ba8]
Event: 0.082 Thread 0x00007f1bb40bd000  138       3       sun.reflect.ClassFileAssembler::emitShort (24 bytes)
Event: 0.082 Thread 0x00007f1bb40bd000 nmethod 138 0x00007f1ba5151cd0 code [0x00007f1ba5151e60, 0x00007f1ba5152178]
Event: 0.082 Thread 0x00007f1bb40bd000  139       3       sun.reflect.ClassFileAssembler::cpi (22 bytes)
Event: 0.083 Thread 0x00007f1bb40bd000 nmethod 139 0x00007f1ba5152350 code [0x00007f1ba51524c0, 0x00007f1ba5152708]
Event: 0.083 Thread 0x00007f1bb40bd000  137       1       java.lang.Class::getClassLoader0 (5 bytes)
Event: 0.083 Thread 0x00007f1bb40bd000 nmethod 137 0x00007f1ba51527d0 code [0x00007f1ba5152920, 0x00007f1ba5152a30]

GC Heap History (0 events):
No events

Deoptimization events (0 events):
No events

Classes redefined (0 events):
No events

Internal exceptions (10 events):
Event: 0.034 Thread 0x00007f1bb400b000 Exception <a 'java/security/PrivilegedActionException'> (0x00000000d705f9b8) thrown at [/build/openjdk-8-yxDDQ4/openjdk-8-8u191-b12/src/hotspot/src/share/vm/prims/jvm.cpp, line 1435]
Event: 0.034 Thread 0x00007f1bb400b000 Exception <a 'java/security/PrivilegedActionException'> (0x00000000d705fbc8) thrown at [/build/openjdk-8-yxDDQ4/openjdk-8-8u191-b12/src/hotspot/src/share/vm/prims/jvm.cpp, line 1435]
Event: 0.045 Thread 0x00007f1bb400b000 Exception <a 'java/security/PrivilegedActionException'> (0x00000000d70e1c78) thrown at [/build/openjdk-8-yxDDQ4/openjdk-8-8u191-b12/src/hotspot/src/share/vm/prims/jvm.cpp, line 1435]
Event: 0.045 Thread 0x00007f1bb400b000 Exception <a 'java/security/PrivilegedActionException'> (0x00000000d70e1e88) thrown at [/build/openjdk-8-yxDDQ4/openjdk-8-8u191-b12/src/hotspot/src/share/vm/prims/jvm.cpp, line 1435]
Event: 0.045 Thread 0x00007f1bb400b000 Exception <a 'java/security/PrivilegedActionException'> (0x00000000d70e3f10) thrown at [/build/openjdk-8-yxDDQ4/openjdk-8-8u191-b12/src/hotspot/src/share/vm/prims/jvm.cpp, line 1435]
Event: 0.045 Thread 0x00007f1bb400b000 Exception <a 'java/security/PrivilegedActionException'> (0x00000000d70e4120) thrown at [/build/openjdk-8-yxDDQ4/openjdk-8-8u191-b12/src/hotspot/src/share/vm/prims/jvm.cpp, line 1435]
Event: 0.045 Thread 0x00007f1bb400b000 Exception <a 'java/security/PrivilegedActionException'> (0x00000000d70e4bf8) thrown at [/build/openjdk-8-yxDDQ4/openjdk-8-8u191-b12/src/hotspot/src/share/vm/prims/jvm.cpp, line 1435]
Event: 0.045 Thread 0x00007f1bb400b000 Exception <a 'java/security/PrivilegedActionException'> (0x00000000d70e4e08) thrown at [/build/openjdk-8-yxDDQ4/openjdk-8-8u191-b12/src/hotspot/src/share/vm/prims/jvm.cpp, line 1435]
Event: 0.061 Thread 0x00007f1bb400b000 Exception <a 'java/lang/NoClassDefFoundError': org/apache/log4j/Category> (0x00000000d727e100) thrown at [/build/openjdk-8-yxDDQ4/openjdk-8-8u191-b12/src/hotspot/src/share/vm/classfile/systemDictionary.cpp, line 199]
Event: 0.074 Thread 0x00007f1bb41c8000 Exception <a 'java/lang/InterruptedException': sleep interrupted> (0x00000000d7419c58) thrown at [/build/openjdk-8-yxDDQ4/openjdk-8-8u191-b12/src/hotspot/src/share/vm/prims/jvm.cpp, line 3273]

Events (10 events):
Event: 0.082 loading class java/lang/CloneNotSupportedException
Event: 0.082 loading class java/lang/CloneNotSupportedException done
Event: 0.082 loading class java/io/ObjectStreamClass$FieldReflectorKey
Event: 0.082 loading class java/io/ObjectStreamClass$FieldReflectorKey done
Event: 0.082 loading class java/io/ObjectStreamClass$FieldReflector
Event: 0.082 loading class java/io/ObjectStreamClass$FieldReflector done
Event: 0.082 loading class java/io/ObjectStreamClass$ClassDataSlot
Event: 0.082 loading class java/io/ObjectStreamClass$ClassDataSlot done
Event: 0.082 loading class java/io/SerialCallbackContext
Event: 0.082 loading class java/io/SerialCallbackContext done


Dynamic libraries:
00400000-00401000 r-xp 00000000 08:02 58724940                           /usr/lib/jvm/java-8-openjdk-amd64/jre/bin/java
00600000-00601000 r--p 00000000 08:02 58724940                           /usr/lib/jvm/java-8-openjdk-amd64/jre/bin/java
00601000-00602000 rw-p 00001000 08:02 58724940                           /usr/lib/jvm/java-8-openjdk-amd64/jre/bin/java
01836000-01857000 rw-p 00000000 00:00 0                                  [heap]
85000000-8a300000 rw-p 00000000 00:00 0 
8a300000-d7000000 ---p 00000000 00:00 0 
d7000000-d9900000 rw-p 00000000 00:00 0 
d9900000-100000000 ---p 00000000 00:00 0 
100000000-100080000 rw-p 00000000 00:00 0 
100080000-140000000 ---p 00000000 00:00 0 
7f1b60000000-7f1b60022000 rw-p 00000000 00:00 0 
7f1b60022000-7f1b64000000 ---p 00000000 00:00 0 
7f1b64fff000-7f1b68000000 rw-p 00000000 00:00 0 
7f1b68000000-7f1b68021000 rw-p 00000000 00:00 0 
7f1b68021000-7f1b6c000000 ---p 00000000 00:00 0 
7f1b6c000000-7f1b6c021000 rw-p 00000000 00:00 0 
7f1b6c021000-7f1b70000000 ---p 00000000 00:00 0 
7f1b70000000-7f1b70021000 rw-p 00000000 00:00 0 
7f1b70021000-7f1b74000000 ---p 00000000 00:00 0 
7f1b74000000-7f1b7413a000 rw-p 00000000 00:00 0 
7f1b7413a000-7f1b78000000 ---p 00000000 00:00 0 
7f1b78000000-7f1b78021000 rw-p 00000000 00:00 0 
7f1b78021000-7f1b7c000000 ---p 00000000 00:00 0 
7f1b7c000000-7f1b7c060000 rw-p 00000000 00:00 0 
7f1b7c060000-7f1b80000000 ---p 00000000 00:00 0 
7f1b80000000-7f1b80021000 rw-p 00000000 00:00 0 
7f1b80021000-7f1b84000000 ---p 00000000 00:00 0 
7f1b84000000-7f1b84021000 rw-p 00000000 00:00 0 
7f1b84021000-7f1b88000000 ---p 00000000 00:00 0 
7f1b88000000-7f1b88021000 rw-p 00000000 00:00 0 
7f1b88021000-7f1b8c000000 ---p 00000000 00:00 0 
7f1b8c000000-7f1b8c021000 rw-p 00000000 00:00 0 
7f1b8c021000-7f1b90000000 ---p 00000000 00:00 0 
7f1b90000000-7f1b90021000 rw-p 00000000 00:00 0 
7f1b90021000-7f1b94000000 ---p 00000000 00:00 0 
7f1b96b79000-7f1b96c1e000 r-xp 00000000 08:02 58468709                   /usr/lib/libClient.so
7f1b96c1e000-7f1b96e1d000 ---p 000a5000 08:02 58468709                   /usr/lib/libClient.so
7f1b96e1d000-7f1b96e1f000 r--p 000a4000 08:02 58468709                   /usr/lib/libClient.so
7f1b96e1f000-7f1b96e23000 rw-p 000a6000 08:02 58468709                   /usr/lib/libClient.so
7f1b96e23000-7f1b96e3a000 r-xp 00000000 08:02 59114481                   /usr/lib/jvm/java-8-openjdk-amd64/jre/lib/amd64/libnet.so
7f1b96e3a000-7f1b97039000 ---p 00017000 08:02 59114481                   /usr/lib/jvm/java-8-openjdk-amd64/jre/lib/amd64/libnet.so
7f1b97039000-7f1b9703a000 r--p 00016000 08:02 59114481                   /usr/lib/jvm/java-8-openjdk-amd64/jre/lib/amd64/libnet.so
7f1b9703a000-7f1b9703b000 rw-p 00017000 08:02 59114481                   /usr/lib/jvm/java-8-openjdk-amd64/jre/lib/amd64/libnet.so
7f1b9703b000-7f1b9703e000 ---p 00000000 00:00 0 
7f1b9703e000-7f1b9713c000 rw-p 00000000 00:00 0 
7f1b9713c000-7f1b9713d000 ---p 00000000 00:00 0 
7f1b9713d000-7f1b9723d000 rw-p 00000000 00:00 0 
7f1b9723d000-7f1b97240000 ---p 00000000 00:00 0 
7f1b97240000-7f1b9733e000 rw-p 00000000 00:00 0 
7f1b9733e000-7f1b97341000 ---p 00000000 00:00 0 
7f1b97341000-7f1b9743f000 rw-p 00000000 00:00 0 
7f1b9743f000-7f1b97442000 ---p 00000000 00:00 0 
7f1b97442000-7f1b97540000 rw-p 00000000 00:00 0 
7f1b97540000-7f1b97543000 ---p 00000000 00:00 0 
7f1b97543000-7f1b97641000 rw-p 00000000 00:00 0 
7f1b97641000-7f1b98000000 r--p 00000000 08:02 58465142                   /usr/lib/locale/locale-archive
7f1b98000000-7f1b98021000 rw-p 00000000 00:00 0 
7f1b98021000-7f1b9c000000 ---p 00000000 00:00 0 
7f1b9c07e000-7f1b9c081000 ---p 00000000 00:00 0 
7f1b9c081000-7f1b9c17f000 rw-p 00000000 00:00 0 
7f1b9c17f000-7f1b9c182000 ---p 00000000 00:00 0 
7f1b9c182000-7f1ba0000000 rw-p 00000000 00:00 0 
7f1ba0000000-7f1ba0021000 rw-p 00000000 00:00 0 
7f1ba0021000-7f1ba4000000 ---p 00000000 00:00 0 
7f1ba408d000-7f1ba40ae000 r--p 00000000 08:02 60426984                   /usr/share/locale-langpack/zh_CN/LC_MESSAGES/libc.mo
7f1ba40ae000-7f1ba40bc000 r--s 000b0000 08:02 20579536                   /home/daniel/.m2/repository/org/codehaus/jackson/jackson-mapper-asl/1.9.4/jackson-mapper-asl-1.9.4.jar
7f1ba40bc000-7f1ba40d6000 r--s 00155000 08:02 20579534                   /home/daniel/.m2/repository/org/apache/htrace/htrace-core4/4.1.0-incubating/htrace-core4-4.1.0-incubating.jar
7f1ba40d6000-7f1ba40f1000 r--s 00394000 08:02 58989281                   /usr/lib/jvm/java-8-openjdk-amd64/jre/lib/ext/cldrdata.jar
7f1ba40f1000-7f1ba40f4000 ---p 00000000 00:00 0 
7f1ba40f4000-7f1ba41f2000 rw-p 00000000 00:00 0 
7f1ba41f2000-7f1ba41f3000 ---p 00000000 00:00 0 
7f1ba41f3000-7f1ba5000000 rw-p 00000000 00:00 0 
7f1ba5000000-7f1ba5270000 rwxp 00000000 00:00 0 
7f1ba5270000-7f1bb4000000 ---p 00000000 00:00 0 
7f1bb4000000-7f1bb4267000 rw-p 00000000 00:00 0 
7f1bb4267000-7f1bb8000000 ---p 00000000 00:00 0 
7f1bb8002000-7f1bb8009000 r--s 00000000 08:02 58723059                   /usr/lib/x86_64-linux-gnu/gconv/gconv-modules.cache
7f1bb8009000-7f1bb800d000 r--s 00034000 08:02 20579538                   /home/daniel/.m2/repository/org/codehaus/jackson/jackson-core-asl/1.9.4/jackson-core-asl-1.9.4.jar
7f1bb800d000-7f1bb8010000 r--s 00017000 08:02 20579546                   /home/daniel/.m2/repository/org/hdrhistogram/HdrHistogram/2.1.4/HdrHistogram-2.1.4.jar
7f1bb8010000-7f1bb8013000 r--s 00021000 08:02 20579959                   /home/daniel/projects/YCSB/core/target/core-0.16.0-SNAPSHOT.jar
7f1bb8013000-7f1bb802e000 r--s 001d6000 08:02 58983853                   /usr/lib/jvm/java-8-openjdk-amd64/jre/lib/ext/nashorn.jar
7f1bb802e000-7f1bb8302000 rw-p 00000000 00:00 0 
7f1bb8302000-7f1bb84d1000 r--s 03c33000 08:02 58851570                   /usr/lib/jvm/java-8-openjdk-amd64/jre/lib/rt.jar
7f1bb84d1000-7f1bb89c7000 rw-p 00000000 00:00 0 
7f1bb89c7000-7f1bb8d47000 ---p 00000000 00:00 0 
7f1bb8d47000-7f1bb911f000 rw-p 00000000 00:00 0 
7f1bb911f000-7f1bb9120000 ---p 00000000 00:00 0 
7f1bb9120000-7f1bb9220000 rw-p 00000000 00:00 0 
7f1bb9220000-7f1bb9221000 ---p 00000000 00:00 0 
7f1bb9221000-7f1bb9321000 rw-p 00000000 00:00 0 
7f1bb9321000-7f1bb9322000 ---p 00000000 00:00 0 
7f1bb9322000-7f1bb9422000 rw-p 00000000 00:00 0 
7f1bb9422000-7f1bb9423000 ---p 00000000 00:00 0 
7f1bb9423000-7f1bb954d000 rw-p 00000000 00:00 0 
7f1bb954d000-7f1bb97b3000 ---p 00000000 00:00 0 
7f1bb97b3000-7f1bb97dd000 rw-p 00000000 00:00 0 
7f1bb97dd000-7f1bb9a43000 ---p 00000000 00:00 0 
7f1bb9a43000-7f1bb9a58000 rw-p 00000000 00:00 0 
7f1bb9a58000-7f1bb9b8b000 ---p 00000000 00:00 0 
7f1bb9b8b000-7f1bb9b96000 rw-p 00000000 00:00 0 
7f1bb9b96000-7f1bb9f4c000 ---p 00000000 00:00 0 
7f1bb9f4c000-7f1bb9f54000 r-xp 00000000 08:02 59114477                   /usr/lib/jvm/java-8-openjdk-amd64/jre/lib/amd64/libzip.so
7f1bb9f54000-7f1bba153000 ---p 00008000 08:02 59114477                   /usr/lib/jvm/java-8-openjdk-amd64/jre/lib/amd64/libzip.so
7f1bba153000-7f1bba154000 r--p 00007000 08:02 59114477                   /usr/lib/jvm/java-8-openjdk-amd64/jre/lib/amd64/libzip.so
7f1bba154000-7f1bba155000 rw-p 00008000 08:02 59114477                   /usr/lib/jvm/java-8-openjdk-amd64/jre/lib/amd64/libzip.so
7f1bba155000-7f1bba160000 r-xp 00000000 08:02 29364881                   /lib/x86_64-linux-gnu/libnss_files-2.23.so
7f1bba160000-7f1bba35f000 ---p 0000b000 08:02 29364881                   /lib/x86_64-linux-gnu/libnss_files-2.23.so
7f1bba35f000-7f1bba360000 r--p 0000a000 08:02 29364881                   /lib/x86_64-linux-gnu/libnss_files-2.23.so
7f1bba360000-7f1bba361000 rw-p 0000b000 08:02 29364881                   /lib/x86_64-linux-gnu/libnss_files-2.23.so
7f1bba361000-7f1bba367000 rw-p 00000000 00:00 0 
7f1bba367000-7f1bba372000 r-xp 00000000 08:02 29364891                   /lib/x86_64-linux-gnu/libnss_nis-2.23.so
7f1bba372000-7f1bba571000 ---p 0000b000 08:02 29364891                   /lib/x86_64-linux-gnu/libnss_nis-2.23.so
7f1bba571000-7f1bba572000 r--p 0000a000 08:02 29364891                   /lib/x86_64-linux-gnu/libnss_nis-2.23.so
7f1bba572000-7f1bba573000 rw-p 0000b000 08:02 29364891                   /lib/x86_64-linux-gnu/libnss_nis-2.23.so
7f1bba573000-7f1bba589000 r-xp 00000000 08:02 29364875                   /lib/x86_64-linux-gnu/libnsl-2.23.so
7f1bba589000-7f1bba788000 ---p 00016000 08:02 29364875                   /lib/x86_64-linux-gnu/libnsl-2.23.so
7f1bba788000-7f1bba789000 r--p 00015000 08:02 29364875                   /lib/x86_64-linux-gnu/libnsl-2.23.so
7f1bba789000-7f1bba78a000 rw-p 00016000 08:02 29364875                   /lib/x86_64-linux-gnu/libnsl-2.23.so
7f1bba78a000-7f1bba78c000 rw-p 00000000 00:00 0 
7f1bba78c000-7f1bba794000 r-xp 00000000 08:02 29364877                   /lib/x86_64-linux-gnu/libnss_compat-2.23.so
7f1bba794000-7f1bba993000 ---p 00008000 08:02 29364877                   /lib/x86_64-linux-gnu/libnss_compat-2.23.so
7f1bba993000-7f1bba994000 r--p 00007000 08:02 29364877                   /lib/x86_64-linux-gnu/libnss_compat-2.23.so
7f1bba994000-7f1bba995000 rw-p 00008000 08:02 29364877                   /lib/x86_64-linux-gnu/libnss_compat-2.23.so
7f1bba995000-7f1bba9c2000 r-xp 00000000 08:02 59114482                   /usr/lib/jvm/java-8-openjdk-amd64/jre/lib/amd64/libjava.so
7f1bba9c2000-7f1bbabc1000 ---p 0002d000 08:02 59114482                   /usr/lib/jvm/java-8-openjdk-amd64/jre/lib/amd64/libjava.so
7f1bbabc1000-7f1bbabc2000 r--p 0002c000 08:02 59114482                   /usr/lib/jvm/java-8-openjdk-amd64/jre/lib/amd64/libjava.so
7f1bbabc2000-7f1bbabc4000 rw-p 0002d000 08:02 59114482                   /usr/lib/jvm/java-8-openjdk-amd64/jre/lib/amd64/libjava.so
7f1bbabc4000-7f1bbabd3000 r-xp 00000000 08:02 59114464                   /usr/lib/jvm/java-8-openjdk-amd64/jre/lib/amd64/libverify.so
7f1bbabd3000-7f1bbadd2000 ---p 0000f000 08:02 59114464                   /usr/lib/jvm/java-8-openjdk-amd64/jre/lib/amd64/libverify.so
7f1bbadd2000-7f1bbadd4000 r--p 0000e000 08:02 59114464                   /usr/lib/jvm/java-8-openjdk-amd64/jre/lib/amd64/libverify.so
7f1bbadd4000-7f1bbadd5000 rw-p 00010000 08:02 59114464                   /usr/lib/jvm/java-8-openjdk-amd64/jre/lib/amd64/libverify.so
7f1bbadd5000-7f1bbaddc000 r-xp 00000000 08:02 29364936                   /lib/x86_64-linux-gnu/librt-2.23.so
7f1bbaddc000-7f1bbafdb000 ---p 00007000 08:02 29364936                   /lib/x86_64-linux-gnu/librt-2.23.so
7f1bbafdb000-7f1bbafdc000 r--p 00006000 08:02 29364936                   /lib/x86_64-linux-gnu/librt-2.23.so
7f1bbafdc000-7f1bbafdd000 rw-p 00007000 08:02 29364936                   /lib/x86_64-linux-gnu/librt-2.23.so
7f1bbafdd000-7f1bbaff3000 r-xp 00000000 08:02 29364820                   /lib/x86_64-linux-gnu/libgcc_s.so.1
7f1bbaff3000-7f1bbb1f2000 ---p 00016000 08:02 29364820                   /lib/x86_64-linux-gnu/libgcc_s.so.1
7f1bbb1f2000-7f1bbb1f3000 rw-p 00015000 08:02 29364820                   /lib/x86_64-linux-gnu/libgcc_s.so.1
7f1bbb1f3000-7f1bbb2fb000 r-xp 00000000 08:02 29364852                   /lib/x86_64-linux-gnu/libm-2.23.so
7f1bbb2fb000-7f1bbb4fa000 ---p 00108000 08:02 29364852                   /lib/x86_64-linux-gnu/libm-2.23.so
7f1bbb4fa000-7f1bbb4fb000 r--p 00107000 08:02 29364852                   /lib/x86_64-linux-gnu/libm-2.23.so
7f1bbb4fb000-7f1bbb4fc000 rw-p 00108000 08:02 29364852                   /lib/x86_64-linux-gnu/libm-2.23.so
7f1bbb4fc000-7f1bbb66e000 r-xp 00000000 08:02 58458300                   /usr/lib/x86_64-linux-gnu/libstdc++.so.6.0.21
7f1bbb66e000-7f1bbb86e000 ---p 00172000 08:02 58458300                   /usr/lib/x86_64-linux-gnu/libstdc++.so.6.0.21
7f1bbb86e000-7f1bbb878000 r--p 00172000 08:02 58458300                   /usr/lib/x86_64-linux-gnu/libstdc++.so.6.0.21
7f1bbb878000-7f1bbb87a000 rw-p 0017c000 08:02 58458300                   /usr/lib/x86_64-linux-gnu/libstdc++.so.6.0.21
7f1bbb87a000-7f1bbb87e000 rw-p 00000000 00:00 0 
7f1bbb87e000-7f1bbc4df000 r-xp 00000000 08:02 59114458                   /usr/lib/jvm/java-8-openjdk-amd64/jre/lib/amd64/server/libjvm.so
7f1bbc4df000-7f1bbc6df000 ---p 00c61000 08:02 59114458                   /usr/lib/jvm/java-8-openjdk-amd64/jre/lib/amd64/server/libjvm.so
7f1bbc6df000-7f1bbc773000 r--p 00c61000 08:02 59114458                   /usr/lib/jvm/java-8-openjdk-amd64/jre/lib/amd64/server/libjvm.so
7f1bbc773000-7f1bbc79c000 rw-p 00cf5000 08:02 59114458                   /usr/lib/jvm/java-8-openjdk-amd64/jre/lib/amd64/server/libjvm.so
7f1bbc79c000-7f1bbc7cc000 rw-p 00000000 00:00 0 
7f1bbc7cc000-7f1bbc7e4000 r-xp 00000000 08:02 29364928                   /lib/x86_64-linux-gnu/libpthread-2.23.so
7f1bbc7e4000-7f1bbc9e3000 ---p 00018000 08:02 29364928                   /lib/x86_64-linux-gnu/libpthread-2.23.so
7f1bbc9e3000-7f1bbc9e4000 r--p 00017000 08:02 29364928                   /lib/x86_64-linux-gnu/libpthread-2.23.so
7f1bbc9e4000-7f1bbc9e5000 rw-p 00018000 08:02 29364928                   /lib/x86_64-linux-gnu/libpthread-2.23.so
7f1bbc9e5000-7f1bbc9e9000 rw-p 00000000 00:00 0 
7f1bbc9e9000-7f1bbc9ec000 r-xp 00000000 08:02 29364806                   /lib/x86_64-linux-gnu/libdl-2.23.so
7f1bbc9ec000-7f1bbcbeb000 ---p 00003000 08:02 29364806                   /lib/x86_64-linux-gnu/libdl-2.23.so
7f1bbcbeb000-7f1bbcbec000 r--p 00002000 08:02 29364806                   /lib/x86_64-linux-gnu/libdl-2.23.so
7f1bbcbec000-7f1bbcbed000 rw-p 00003000 08:02 29364806                   /lib/x86_64-linux-gnu/libdl-2.23.so
7f1bbcbed000-7f1bbcc06000 r-xp 00000000 08:02 29364973                   /lib/x86_64-linux-gnu/libz.so.1.2.8
7f1bbcc06000-7f1bbce05000 ---p 00019000 08:02 29364973                   /lib/x86_64-linux-gnu/libz.so.1.2.8
7f1bbce05000-7f1bbce06000 r--p 00018000 08:02 29364973                   /lib/x86_64-linux-gnu/libz.so.1.2.8
7f1bbce06000-7f1bbce07000 rw-p 00019000 08:02 29364973                   /lib/x86_64-linux-gnu/libz.so.1.2.8
7f1bbce07000-7f1bbcfc7000 r-xp 00000000 08:02 29364782                   /lib/x86_64-linux-gnu/libc-2.23.so
7f1bbcfc7000-7f1bbd1c7000 ---p 001c0000 08:02 29364782                   /lib/x86_64-linux-gnu/libc-2.23.so
7f1bbd1c7000-7f1bbd1cb000 r--p 001c0000 08:02 29364782                   /lib/x86_64-linux-gnu/libc-2.23.so
7f1bbd1cb000-7f1bbd1cd000 rw-p 001c4000 08:02 29364782                   /lib/x86_64-linux-gnu/libc-2.23.so
7f1bbd1cd000-7f1bbd1d1000 rw-p 00000000 00:00 0 
7f1bbd1d1000-7f1bbd1de000 r-xp 00000000 08:02 59247190                   /usr/lib/jvm/java-8-openjdk-amd64/jre/lib/amd64/jli/libjli.so
7f1bbd1de000-7f1bbd3de000 ---p 0000d000 08:02 59247190                   /usr/lib/jvm/java-8-openjdk-amd64/jre/lib/amd64/jli/libjli.so
7f1bbd3de000-7f1bbd3df000 r--p 0000d000 08:02 59247190                   /usr/lib/jvm/java-8-openjdk-amd64/jre/lib/amd64/jli/libjli.so
7f1bbd3df000-7f1bbd3e0000 rw-p 0000e000 08:02 59247190                   /usr/lib/jvm/java-8-openjdk-amd64/jre/lib/amd64/jli/libjli.so
7f1bbd3e0000-7f1bbd406000 r-xp 00000000 08:02 29364754                   /lib/x86_64-linux-gnu/ld-2.23.so
7f1bbd406000-7f1bbd408000 r--s 00001000 08:02 20317416                   /home/daniel/projects/YCSB/leveldbjnin/lib/leveldb-api-0.6.jar
7f1bbd408000-7f1bbd409000 r--s 00040000 08:02 20317418                   /home/daniel/projects/YCSB/leveldbjnin/lib/leveldbjni-linux64-1.1.jar
7f1bbd409000-7f1bbd40b000 r--s 0000b000 08:02 20317417                   /home/daniel/projects/YCSB/leveldbjnin/lib/leveldbjni-1.1.jar
7f1bbd40b000-7f1bbd40d000 r--s 00001000 08:02 20580099                   /home/daniel/projects/YCSB/leveldbjnin/target/leveldbjnin-binding-0.16.0-SNAPSHOT.jar
7f1bbd40d000-7f1bbd410000 r--s 0000f000 08:02 58983506                   /usr/lib/jvm/java-8-openjdk-amd64/jre/lib/ext/icedtea-sound.jar
7f1bbd410000-7f1bbd41a000 r--s 00116000 08:02 58983505                   /usr/lib/jvm/java-8-openjdk-amd64/jre/lib/ext/localedata.jar
7f1bbd41a000-7f1bbd4e5000 rw-p 00000000 00:00 0 
7f1bbd4e5000-7f1bbd4e8000 ---p 00000000 00:00 0 
7f1bbd4e8000-7f1bbd5ea000 rw-p 00000000 00:00 0 
7f1bbd5ea000-7f1bbd5eb000 r--s 00004000 08:02 20580077                   /home/daniel/.m2/repository/org/fusesource/hawtjni/hawtjni-runtime/1.9/hawtjni-runtime-1.9.jar
7f1bbd5eb000-7f1bbd5ee000 r--s 00038000 08:02 58989301                   /usr/lib/jvm/java-8-openjdk-amd64/jre/lib/ext/sunpkcs11.jar
7f1bbd5ee000-7f1bbd5ef000 r--s 00010000 08:02 58989304                   /usr/lib/jvm/java-8-openjdk-amd64/jre/lib/ext/zipfs.jar
7f1bbd5ef000-7f1bbd5f1000 r--s 00008000 08:02 58989283                   /usr/lib/jvm/java-8-openjdk-amd64/jre/lib/ext/sunec.jar
7f1bbd5f1000-7f1bbd5f3000 r--s 00001000 08:02 58989316                   /usr/lib/jvm/java-8-openjdk-amd64/jre/lib/ext/dnsns.jar
7f1bbd5f3000-7f1bbd5f9000 r--s 0003b000 08:02 58989282                   /usr/lib/jvm/java-8-openjdk-amd64/jre/lib/ext/sunjce_provider.jar
7f1bbd5f9000-7f1bbd5fa000 r--s 0000a000 08:02 58989284                   /usr/lib/jvm/java-8-openjdk-amd64/jre/lib/ext/jaccess.jar
7f1bbd5fa000-7f1bbd602000 rw-s 00000000 08:02 39584816                   /tmp/hsperfdata_daniel/29923
7f1bbd602000-7f1bbd603000 rw-p 00000000 00:00 0 
7f1bbd603000-7f1bbd604000 r--p 00000000 00:00 0 
7f1bbd604000-7f1bbd605000 rw-p 00000000 00:00 0 
7f1bbd605000-7f1bbd606000 r--p 00025000 08:02 29364754                   /lib/x86_64-linux-gnu/ld-2.23.so
7f1bbd606000-7f1bbd607000 rw-p 00026000 08:02 29364754                   /lib/x86_64-linux-gnu/ld-2.23.so
7f1bbd607000-7f1bbd608000 rw-p 00000000 00:00 0 
7fffb1749000-7fffb176b000 rw-p 00000000 00:00 0                          [stack]
7fffb17ea000-7fffb17ed000 r--p 00000000 00:00 0                          [vvar]
7fffb17ed000-7fffb17ef000 r-xp 00000000 00:00 0                          [vdso]
ffffffffff600000-ffffffffff601000 r-xp 00000000 00:00 0                  [vsyscall]

VM Arguments:
java_command: com.yahoo.ycsb.Client -db com.yahoo.ycsb.db.LevelDbJniClientN -P workloads/workloada -load
java_class_path (initial): /home/daniel/projects/YCSB/leveldbjnin/conf:/home/daniel/projects/YCSB/leveldbjnin/target/leveldbjnin-binding-0.16.0-SNAPSHOT.jar:/home/daniel/.m2/repository/org/apache/htrace/htrace-core4/4.1.0-incubating/htrace-core4-4.1.0-incubating.jar:/home/daniel/projects/YCSB/leveldbjnin/lib/leveldbjni-1.1.jar:/home/daniel/.m2/repository/org/fusesource/hawtjni/hawtjni-runtime/1.9/hawtjni-runtime-1.9.jar:/home/daniel/projects/YCSB/leveldbjnin/lib/leveldbjni-linux64-1.1.jar:/home/daniel/projects/YCSB/core/target/core-0.16.0-SNAPSHOT.jar:/home/daniel/.m2/repository/org/hdrhistogram/HdrHistogram/2.1.4/HdrHistogram-2.1.4.jar:/home/daniel/.m2/repository/org/codehaus/jackson/jackson-mapper-asl/1.9.4/jackson-mapper-asl-1.9.4.jar:/home/daniel/projects/YCSB/leveldbjnin/lib/leveldb-api-0.6.jar:/home/daniel/.m2/repository/org/codehaus/jackson/jackson-core-asl/1.9.4/jackson-core-asl-1.9.4.jar
Launcher Type: SUN_STANDARD

Environment Variables:
PATH=/home/daniel/bin:/home/daniel/.local/bin:/usr/local/sbin:/usr/local/bin:/usr/sbin:/usr/bin:/sbin:/bin:/usr/games:/usr/local/games:/snap/bin
SHELL=/bin/bash
DISPLAY=:0

Signal Handlers:
SIGSEGV: [libjvm.so+0xa74e00], sa_mask[0]=11111111011111111101111111111110, sa_flags=SA_RESTART|SA_SIGINFO
SIGBUS: [libjvm.so+0xa74e00], sa_mask[0]=11111111011111111101111111111110, sa_flags=SA_RESTART|SA_SIGINFO
SIGFPE: [libjvm.so+0x8bbe10], sa_mask[0]=11111111011111111101111111111110, sa_flags=SA_RESTART|SA_SIGINFO
SIGPIPE: [libjvm.so+0x8bbe10], sa_mask[0]=11111111011111111101111111111110, sa_flags=SA_RESTART|SA_SIGINFO
SIGXFSZ: [libjvm.so+0x8bbe10], sa_mask[0]=11111111011111111101111111111110, sa_flags=SA_RESTART|SA_SIGINFO
SIGILL: [libjvm.so+0x8bbe10], sa_mask[0]=11111111011111111101111111111110, sa_flags=SA_RESTART|SA_SIGINFO
SIGUSR1: SIG_DFL, sa_mask[0]=00000000000000000000000000000000, sa_flags=none
SIGUSR2: [libjvm.so+0x8bbcc0], sa_mask[0]=00000000000000000000000000000000, sa_flags=SA_RESTART|SA_SIGINFO
SIGHUP: [libjvm.so+0x8bc350], sa_mask[0]=11111111011111111101111111111110, sa_flags=SA_RESTART|SA_SIGINFO
SIGINT: [libjvm.so+0x8bc350], sa_mask[0]=11111111011111111101111111111110, sa_flags=SA_RESTART|SA_SIGINFO
SIGTERM: [libjvm.so+0x8bc350], sa_mask[0]=11111111011111111101111111111110, sa_flags=SA_RESTART|SA_SIGINFO
SIGQUIT: [libjvm.so+0x8bc350], sa_mask[0]=11111111011111111101111111111110, sa_flags=SA_RESTART|SA_SIGINFO


---------------  S Y S T E M  ---------------

OS:DISTRIB_ID=Ubuntu
DISTRIB_RELEASE=16.04
DISTRIB_CODENAME=xenial
DISTRIB_DESCRIPTION="Ubuntu 16.04.5 LTS"

uname:Linux 4.15.0-43-generic #46~16.04.1-Ubuntu SMP Fri Dec 7 13:31:08 UTC 2018 x86_64
libc:glibc 2.23 NPTL 2.23 
rlimit: STACK 8192k, CORE 0k, NPROC 30941, NOFILE 1048576, AS infinity
load average:1.97 1.30 1.22

/proc/meminfo:
MemTotal:        8057236 kB
MemFree:          770500 kB
MemAvailable:    2410492 kB
Buffers:           90652 kB
Cached:          2341616 kB
SwapCached:         3392 kB
Active:          4837012 kB
Inactive:        2120380 kB
Active(anon):    4164748 kB
Inactive(anon):   975584 kB
Active(file):     672264 kB
Inactive(file):  1144796 kB
Unevictable:          80 kB
Mlocked:              80 kB
SwapTotal:       1000444 kB
SwapFree:         760316 kB
Dirty:             48324 kB
Writeback:             0 kB
AnonPages:       4523400 kB
Mapped:           568604 kB
Shmem:            628672 kB
Slab:             168720 kB
SReclaimable:      94632 kB
SUnreclaim:        74088 kB
KernelStack:       15484 kB
PageTables:        77712 kB
NFS_Unstable:          0 kB
Bounce:                0 kB
WritebackTmp:          0 kB
CommitLimit:     5029060 kB
Committed_AS:   13874060 kB
VmallocTotal:   34359738367 kB
VmallocUsed:           0 kB
VmallocChunk:          0 kB
HardwareCorrupted:     0 kB
AnonHugePages:         0 kB
ShmemHugePages:        0 kB
ShmemPmdMapped:        0 kB
CmaTotal:              0 kB
CmaFree:               0 kB
HugePages_Total:       0
HugePages_Free:        0
HugePages_Rsvd:        0
HugePages_Surp:        0
Hugepagesize:       2048 kB
DirectMap4k:      429676 kB
DirectMap2M:     7849984 kB
DirectMap1G:           0 kB

container (cgroup) information:
container_type: cgroupv1
cpu_cpuset_cpus: 0-3
cpu_memory_nodes: 0
active_processor_count: 4
cpu_quota: -1
cpu_period: 100000
cpu_shares: -1
memory_limit_in_bytes: -1
memory_and_swap_limit_in_bytes: -2
memory_soft_limit_in_bytes: -1
memory_usage_in_bytes: 7123603456
memory_max_usage_in_bytes: 35209216


CPU:total 4 (initial active 4) (4 cores per cpu, 1 threads per core) family 6 model 158 stepping 9, cmov, cx8, fxsr, mmx, sse, sse2, sse3, ssse3, sse4.1, sse4.2, popcnt, avx, avx2, aes, clmul, erms, rtm, 3dnowpref, lzcnt, tsc, tscinvbit, bmi1, bmi2, adx

/proc/cpuinfo:
processor	: 0
vendor_id	: GenuineIntel
cpu family	: 6
model		: 158
model name	: Intel(R) Core(TM) i5-7500 CPU @ 3.40GHz
stepping	: 9
microcode	: 0x8e
cpu MHz		: 3680.505
cache size	: 6144 KB
physical id	: 0
siblings	: 4
core id		: 0
cpu cores	: 4
apicid		: 0
initial apicid	: 0
fpu		: yes
fpu_exception	: yes
cpuid level	: 22
wp		: yes
flags		: fpu vme de pse tsc msr pae mce cx8 apic sep mtrr pge mca cmov pat pse36 clflush dts acpi mmx fxsr sse sse2 ss ht tm pbe syscall nx pdpe1gb rdtscp lm constant_tsc art arch_perfmon pebs bts rep_good nopl xtopology nonstop_tsc cpuid aperfmperf tsc_known_freq pni pclmulqdq dtes64 monitor ds_cpl vmx smx est tm2 ssse3 sdbg fma cx16 xtpr pdcm pcid sse4_1 sse4_2 x2apic movbe popcnt tsc_deadline_timer aes xsave avx f16c rdrand lahf_lm abm 3dnowprefetch cpuid_fault invpcid_single pti ssbd ibrs ibpb stibp tpr_shadow vnmi flexpriority ept vpid fsgsbase tsc_adjust bmi1 hle avx2 smep bmi2 erms invpcid rtm mpx rdseed adx smap clflushopt intel_pt xsaveopt xsavec xgetbv1 xsaves dtherm ida arat pln pts hwp hwp_notify hwp_act_window hwp_epp flush_l1d
bugs		: cpu_meltdown spectre_v1 spectre_v2 spec_store_bypass l1tf
bogomips	: 6816.00
clflush size	: 64
cache_alignment	: 64
address sizes	: 39 bits physical, 48 bits virtual
power management:

processor	: 1
vendor_id	: GenuineIntel
cpu family	: 6
model		: 158
model name	: Intel(R) Core(TM) i5-7500 CPU @ 3.40GHz
stepping	: 9
microcode	: 0x8e
cpu MHz		: 3681.109
cache size	: 6144 KB
physical id	: 0
siblings	: 4
core id		: 1
cpu cores	: 4
apicid		: 2
initial apicid	: 2
fpu		: yes
fpu_exception	: yes
cpuid level	: 22
wp		: yes
flags		: fpu vme de pse tsc msr pae mce cx8 apic sep mtrr pge mca cmov pat pse36 clflush dts acpi mmx fxsr sse sse2 ss ht tm pbe syscall nx pdpe1gb rdtscp lm constant_tsc art arch_perfmon pebs bts rep_good nopl xtopology nonstop_tsc cpuid aperfmperf tsc_known_freq pni pclmulqdq dtes64 monitor ds_cpl vmx smx est tm2 ssse3 sdbg fma cx16 xtpr pdcm pcid sse4_1 sse4_2 x2apic movbe popcnt tsc_deadline_timer aes xsave avx f16c rdrand lahf_lm abm 3dnowprefetch cpuid_fault invpcid_single pti ssbd ibrs ibpb stibp tpr_shadow vnmi flexpriority ept vpid fsgsbase tsc_adjust bmi1 hle avx2 smep bmi2 erms invpcid rtm mpx rdseed adx smap clflushopt intel_pt xsaveopt xsavec xgetbv1 xsaves dtherm ida arat pln pts hwp hwp_notify hwp_act_window hwp_epp flush_l1d
bugs		: cpu_meltdown spectre_v1 spectre_v2 spec_store_bypass l1tf
bogomips	: 6816.00
clflush size	: 64
cache_alignment	: 64
address sizes	: 39 bits physical, 48 bits virtual
power management:

processor	: 2
vendor_id	: GenuineIntel
cpu family	: 6
model		: 158
model name	: Intel(R) Core(TM) i5-7500 CPU @ 3.40GHz
stepping	: 9
microcode	: 0x8e
cpu MHz		: 3634.419
cache size	: 6144 KB
physical id	: 0
siblings	: 4
core id		: 2
cpu cores	: 4
apicid		: 4
initial apicid	: 4
fpu		: yes
fpu_exception	: yes
cpuid level	: 22
wp		: yes
flags		: fpu vme de pse tsc msr pae mce cx8 apic sep mtrr pge mca cmov pat pse36 clflush dts acpi mmx fxsr sse sse2 ss ht tm pbe syscall nx pdpe1gb rdtscp lm constant_tsc art arch_perfmon pebs bts rep_good nopl xtopology nonstop_tsc cpuid aperfmperf tsc_known_freq pni pclmulqdq dtes64 monitor ds_cpl vmx smx est tm2 ssse3 sdbg fma cx16 xtpr pdcm pcid sse4_1 sse4_2 x2apic movbe popcnt tsc_deadline_timer aes xsave avx f16c rdrand lahf_lm abm 3dnowprefetch cpuid_fault invpcid_single pti ssbd ibrs ibpb stibp tpr_shadow vnmi flexpriority ept vpid fsgsbase tsc_adjust bmi1 hle avx2 smep bmi2 erms invpcid rtm mpx rdseed adx smap clflushopt intel_pt xsaveopt xsavec xgetbv1 xsaves dtherm ida arat pln pts hwp hwp_notify hwp_act_window hwp_epp flush_l1d
bugs		: cpu_meltdown spectre_v1 spectre_v2 spec_store_bypass l1tf
bogomips	: 6816.00
clflush size	: 64
cache_alignment	: 64
address sizes	: 39 bits physical, 48 bits virtual
power management:

processor	: 3
vendor_id	: GenuineIntel
cpu family	: 6
model		: 158
model name	: Intel(R) Core(TM) i5-7500 CPU @ 3.40GHz
stepping	: 9
microcode	: 0x8e
cpu MHz		: 3678.675
cache size	: 6144 KB
physical id	: 0
siblings	: 4
core id		: 3
cpu cores	: 4
apicid		: 6
initial apicid	: 6
fpu		: yes
fpu_exception	: yes
cpuid level	: 22
wp		: yes
flags		: fpu vme de pse tsc msr pae mce cx8 apic sep mtrr pge mca cmov pat pse36 clflush dts acpi mmx fxsr sse sse2 ss ht tm pbe syscall nx pdpe1gb rdtscp lm constant_tsc art arch_perfmon pebs bts rep_good nopl xtopology nonstop_tsc cpuid aperfmperf tsc_known_freq pni pclmulqdq dtes64 monitor ds_cpl vmx smx est tm2 ssse3 sdbg fma cx16 xtpr pdcm pcid sse4_1 sse4_2 x2apic movbe popcnt tsc_deadline_timer aes xsave avx f16c rdrand lahf_lm abm 3dnowprefetch cpuid_fault invpcid_single pti ssbd ibrs ibpb stibp tpr_shadow vnmi flexpriority ept vpid fsgsbase tsc_adjust bmi1 hle avx2 smep bmi2 erms invpcid rtm mpx rdseed adx smap clflushopt intel_pt xsaveopt xsavec xgetbv1 xsaves dtherm ida arat pln pts hwp hwp_notify hwp_act_window hwp_epp flush_l1d
bugs		: cpu_meltdown spectre_v1 spectre_v2 spec_store_bypass l1tf
bogomips	: 6816.00
clflush size	: 64
cache_alignment	: 64
address sizes	: 39 bits physical, 48 bits virtual
power management:



Memory: 4k page, physical 8057236k(770632k free), swap 1000444k(760316k free)

vm_info: OpenJDK 64-Bit Server VM (25.191-b12) for linux-amd64 JRE (1.8.0_191-8u191-b12-0ubuntu0.16.04.1-b12), built on Nov 20 2018 15:24:40 by "buildd" with gcc 5.4.0 20160609

time: Fri Jan 18 14:02:53 2019
elapsed time: 0 seconds (0d 0h 0m 0s)

