#
# A fatal error has been detected by the Java Runtime Environment:
#
#  SIGSEGV (0xb) at pc=0x00007f2a321b9cb3, pid=24163, tid=0x00007f2a32731700
#
# JRE version: OpenJDK Runtime Environment (8.0_191-b12) (build 1.8.0_191-8u191-b12-0ubuntu0.16.04.1-b12)
# Java VM: OpenJDK 64-Bit Server VM (25.191-b12 mixed mode linux-amd64 compressed oops)
# Problematic frame:
# C  [libClient.so+0x4bcb3]  Java_com_yahoo_ycsb_db_LevelDbJniClientN_cinsert+0xd9
#
# Failed to write core dump. Core dumps have been disabled. To enable core dumping, try "ulimit -c unlimited" before starting Java again
#
# If you would like to submit a bug report, please visit:
#   http://bugreport.java.com/bugreport/crash.jsp
# The crash happened outside the Java Virtual Machine in native code.
# See problematic frame for where to report the bug.
#

---------------  T H R E A D  ---------------

Current thread (0x00007f2a5024d800):  JavaThread "Thread-2" [_thread_in_native, id=24179, stack(0x00007f2a32631000,0x00007f2a32732000)]

siginfo: si_signo: 11 (SIGSEGV), si_code: 1 (SEGV_MAPERR), si_addr: 0x0000000000000000

Registers:
RAX=0x0000000000000000, RBX=0x00007f2a40c4b4d8, RCX=0x00007f29fc00dbd5, RDX=0x00007f29fc00de60
RSP=0x00007f2a327305e0, RBP=0x00007f2a327306a0, RSI=0x00007f29fc00db90, RDI=0x00007f2a32730630
R8 =0x00007f29fc00de60, R9 =0x00007f29fc00dbd5, R10=0x00007f29fc00de60, R11=0x0000000000000020
R12=0x0000000000000000, R13=0x00007f2a40c4b4d8, R14=0x00007f2a32730740, R15=0x00007f2a5024d800
RIP=0x00007f2a321b9cb3, EFLAGS=0x0000000000010202, CSGSFS=0x002b000000000033, ERR=0x0000000000000004
  TRAPNO=0x000000000000000e

Top of Stack: (sp=0x00007f2a327305e0)
0x00007f2a327305e0:   00007f2a32730730 00007f2a32730738
0x00007f2a327305f0:   00007f2a32730740 00007f2a5024d9e0
0x00007f2a32730600:   00007f2a32730690 00007f2a573cf26a
0x00007f2a32730610:   00007f2a5024d800 00007f2a5024d800
0x00007f2a32730620:   00007f2a32730640 00007f2a575c56a9
0x00007f2a32730630:   00007f2a5024d800 00007f2a40c4b4d8
0x00007f2a32730640:   00007f29fc007f30 0000000000000017
0x00007f2a32730650:   0000000000000017 00007f2a5024d800
0x00007f2a32730660:   00007f29fc00de60 0000000000000465
0x00007f2a32730670:   0000000000000465 00007f2a40c4b4d8
0x00007f2a32730680:   0000000000000000 cce8c43b2106e300
0x00007f2a32730690:   00007f2a32730710 00007f2a40c4b4d8
0x00007f2a327306a0:   00007f2a32730710 00007f2a41018407
0x00007f2a327306b0:   00007f2a32730710 00007f2a41018159
0x00007f2a327306c0:   fffffffe00000000 00007f2a41018122
0x00007f2a327306d0:   00007f2a327306d0 00007f2a40c4b4d8
0x00007f2a327306e0:   00007f2a32730740 00007f2a40c4bc20
0x00007f2a327306f0:   0000000000000000 00007f2a40c4b4d8
0x00007f2a32730700:   0000000000000000 00007f2a32730730
0x00007f2a32730710:   00007f2a32730788 00007f2a41007ffd
0x00007f2a32730720:   0000000000000000 00007f2a41011a58
0x00007f2a32730730:   00000000d74c0900 00000000d74beac0
0x00007f2a32730740:   00000000d730b138 00007f2a32730748
0x00007f2a32730750:   00007f2a40c4b588 00007f2a327307c0
0x00007f2a32730760:   00007f2a40c4bc20 0000000000000000
0x00007f2a32730770:   00007f2a40c4b628 00007f2a32730730
0x00007f2a32730780:   00007f2a327307a8 00007f2a32730808
0x00007f2a32730790:   00007f2a41007d80 00000000d74c0900
0x00007f2a327307a0:   00000000d74bec40 00000000d74beb18
0x00007f2a327307b0:   00000000d74beac0 00000000d7101670
0x00007f2a327307c0:   00000000d730b138 00007f2a327307c8
0x00007f2a327307d0:   00007f2a40c4a09d 00007f2a32730898 

Instructions: (pc=0x00007f2a321b9cb3)
0x00007f2a321b9c93:   89 ce 48 89 c7 e8 33 d8 ff ff 48 8d 45 90 48 89
0x00007f2a321b9ca3:   c7 e8 77 c7 ff ff 48 8b 05 48 b3 25 00 48 8b 00
0x00007f2a321b9cb3:   48 8b 00 48 83 c0 10 48 8b 18 48 8d 55 c0 48 8d
0x00007f2a321b9cc3:   45 90 48 89 d6 48 89 c7 e8 40 f8 ff ff 48 8d 55 

Register to memory mapping:

RAX=0x0000000000000000 is an unknown value
RBX={method} {0x00007f2a40c4b4d8} 'cinsert' '(Ljava/lang/String;Ljava/lang/String;)V' in 'com/yahoo/ycsb/db/LevelDbJniClientN'
RCX=0x00007f29fc00dbd5 is an unknown value
RDX=0x00007f29fc00de60 is an unknown value
RSP=0x00007f2a327305e0 is pointing into the stack for thread: 0x00007f2a5024d800
RBP=0x00007f2a327306a0 is pointing into the stack for thread: 0x00007f2a5024d800
RSI=0x00007f29fc00db90 is an unknown value
RDI=0x00007f2a32730630 is pointing into the stack for thread: 0x00007f2a5024d800
R8 =0x00007f29fc00de60 is an unknown value
R9 =0x00007f29fc00dbd5 is an unknown value
R10=0x00007f29fc00de60 is an unknown value
R11=0x0000000000000020 is an unknown value
R12=0x0000000000000000 is an unknown value
R13={method} {0x00007f2a40c4b4d8} 'cinsert' '(Ljava/lang/String;Ljava/lang/String;)V' in 'com/yahoo/ycsb/db/LevelDbJniClientN'
R14=0x00007f2a32730740 is pointing into the stack for thread: 0x00007f2a5024d800
R15=0x00007f2a5024d800 is a thread


Stack: [0x00007f2a32631000,0x00007f2a32732000],  sp=0x00007f2a327305e0,  free space=1021k
Native frames: (J=compiled Java code, j=interpreted, Vv=VM code, C=native code)
C  [libClient.so+0x4bcb3]  Java_com_yahoo_ycsb_db_LevelDbJniClientN_cinsert+0xd9
j  com.yahoo.ycsb.db.LevelDbJniClientN.cinsert(Ljava/lang/String;Ljava/lang/String;)V+0
j  com.yahoo.ycsb.db.LevelDbJniClientN.insert(Ljava/lang/String;Ljava/lang/String;Ljava/util/Map;)Lcom/yahoo/ycsb/Status;+24
j  com.yahoo.ycsb.DBWrapper.insert(Ljava/lang/String;Ljava/lang/String;Ljava/util/Map;)Lcom/yahoo/ycsb/Status;+37
j  com.yahoo.ycsb.workloads.CoreWorkload.doTransactionInsert(Lcom/yahoo/ycsb/DB;)V+35
j  com.yahoo.ycsb.workloads.CoreWorkload.doTransaction(Lcom/yahoo/ycsb/DB;Ljava/lang/Object;)Z+178
j  com.yahoo.ycsb.ClientThread.run()V+152
j  java.lang.Thread.run()V+11
v  ~StubRoutines::call_stub
V  [libjvm.so+0x66701b]
V  [libjvm.so+0x6645f4]
V  [libjvm.so+0x664bd7]
V  [libjvm.so+0x6a7eb4]
V  [libjvm.so+0xa18917]
V  [libjvm.so+0xa18ddc]
V  [libjvm.so+0x8be122]
C  [libpthread.so.0+0x76ba]  start_thread+0xca

Java frames: (J=compiled Java code, j=interpreted, Vv=VM code)
j  com.yahoo.ycsb.db.LevelDbJniClientN.cinsert(Ljava/lang/String;Ljava/lang/String;)V+0
j  com.yahoo.ycsb.db.LevelDbJniClientN.insert(Ljava/lang/String;Ljava/lang/String;Ljava/util/Map;)Lcom/yahoo/ycsb/Status;+24
j  com.yahoo.ycsb.DBWrapper.insert(Ljava/lang/String;Ljava/lang/String;Ljava/util/Map;)Lcom/yahoo/ycsb/Status;+37
j  com.yahoo.ycsb.workloads.CoreWorkload.doTransactionInsert(Lcom/yahoo/ycsb/DB;)V+35
j  com.yahoo.ycsb.workloads.CoreWorkload.doTransaction(Lcom/yahoo/ycsb/DB;Ljava/lang/Object;)Z+178
j  com.yahoo.ycsb.ClientThread.run()V+152
j  java.lang.Thread.run()V+11
v  ~StubRoutines::call_stub

---------------  P R O C E S S  ---------------

Java Threads: ( => current thread )
=>0x00007f2a5024d800 JavaThread "Thread-2" [_thread_in_native, id=24179, stack(0x00007f2a32631000,0x00007f2a32732000)]
  0x00007f2a500c8800 JavaThread "Service Thread" daemon [_thread_blocked, id=24176, stack(0x00007f2a32833000,0x00007f2a32934000)]
  0x00007f2a500bd000 JavaThread "C1 CompilerThread2" daemon [_thread_blocked, id=24175, stack(0x00007f2a32934000,0x00007f2a32a35000)]
  0x00007f2a500bb800 JavaThread "C2 CompilerThread1" daemon [_thread_blocked, id=24174, stack(0x00007f2a32a35000,0x00007f2a32b36000)]
  0x00007f2a500b8800 JavaThread "C2 CompilerThread0" daemon [_thread_blocked, id=24173, stack(0x00007f2a32b36000,0x00007f2a32c37000)]
  0x00007f2a500b7000 JavaThread "Signal Dispatcher" daemon [_thread_blocked, id=24172, stack(0x00007f2a32c37000,0x00007f2a32d38000)]
  0x00007f2a50085000 JavaThread "Finalizer" daemon [_thread_blocked, id=24171, stack(0x00007f2a336f7000,0x00007f2a337f8000)]
  0x00007f2a50082000 JavaThread "Reference Handler" daemon [_thread_blocked, id=24170, stack(0x00007f2a337f8000,0x00007f2a338f9000)]
  0x00007f2a5000b000 JavaThread "main" [_thread_blocked, id=24164, stack(0x00007f2a589d6000,0x00007f2a58ad7000)]

Other Threads:
  0x00007f2a50078800 VMThread [stack: 0x00007f2a338f9000,0x00007f2a339fa000] [id=24169]
  0x00007f2a500cb000 WatcherThread [stack: 0x00007f2a32732000,0x00007f2a32833000] [id=24177]

VM state:not at safepoint (normal execution)

VM Mutex/Monitor currently owned by a thread: None

Heap:
 PSYoungGen      total 36864K, used 5468K [0x00000000d7000000, 0x00000000d9900000, 0x0000000100000000)
  eden space 31744K, 17% used [0x00000000d7000000,0x00000000d7557388,0x00000000d8f00000)
  from space 5120K, 0% used [0x00000000d9400000,0x00000000d9400000,0x00000000d9900000)
  to   space 5120K, 0% used [0x00000000d8f00000,0x00000000d8f00000,0x00000000d9400000)
 ParOldGen       total 84992K, used 0K [0x0000000085000000, 0x000000008a300000, 0x00000000d7000000)
  object space 84992K, 0% used [0x0000000085000000,0x0000000085000000,0x000000008a300000)
 Metaspace       used 4038K, capacity 4928K, committed 5120K, reserved 1056768K
  class space    used 441K, capacity 498K, committed 512K, reserved 1048576K

Card table byte_map: [0x00007f2a54ca4000,0x00007f2a5507d000] byte_map_base: 0x00007f2a5487c000

Marking Bits: (ParMarkBitMap*) 0x00007f2a57ca0520
 Begin Bits: [0x00007f2a38280000, 0x00007f2a3a140000)
 End Bits:   [0x00007f2a3a140000, 0x00007f2a3c000000)

Polling page: 0x00007f2a58af4000

CodeCache: size=245760Kb used=1346Kb max_used=1346Kb free=244413Kb
 bounds [0x00007f2a41000000, 0x00007f2a41270000, 0x00007f2a50000000]
 total_blobs=390 nmethods=137 adapters=168
 compilation: enabled

Compilation events (10 events):
Event: 0.092 Thread 0x00007f2a500bd000  133       3       java.lang.Number::<init> (5 bytes)
Event: 0.092 Thread 0x00007f2a500bd000 nmethod 133 0x00007f2a4114f750 code [0x00007f2a4114f8c0, 0x00007f2a4114fa70]
Event: 0.092 Thread 0x00007f2a500bd000  134       3       java.lang.Long::<init> (10 bytes)
Event: 0.092 Thread 0x00007f2a500bd000 nmethod 134 0x00007f2a4114fb10 code [0x00007f2a4114fc80, 0x00007f2a4114fe90]
Event: 0.092 Thread 0x00007f2a500bd000  136       3       sun.reflect.ClassFileAssembler::emitShort (24 bytes)
Event: 0.092 Thread 0x00007f2a500bd000 nmethod 136 0x00007f2a4114ff90 code [0x00007f2a41150120, 0x00007f2a41150438]
Event: 0.092 Thread 0x00007f2a500bd000  137       3       sun.reflect.ClassFileAssembler::cpi (22 bytes)
Event: 0.092 Thread 0x00007f2a500bd000 nmethod 137 0x00007f2a41150610 code [0x00007f2a41150780, 0x00007f2a411509c8]
Event: 0.092 Thread 0x00007f2a500bd000  135       1       java.lang.Class::getClassLoader0 (5 bytes)
Event: 0.092 Thread 0x00007f2a500bd000 nmethod 135 0x00007f2a41150a90 code [0x00007f2a41150be0, 0x00007f2a41150cf0]

GC Heap History (0 events):
No events

Deoptimization events (0 events):
No events

Classes redefined (0 events):
No events

Internal exceptions (10 events):
Event: 0.038 Thread 0x00007f2a5000b000 Exception <a 'java/security/PrivilegedActionException'> (0x00000000d705f9a8) thrown at [/build/openjdk-8-yxDDQ4/openjdk-8-8u191-b12/src/hotspot/src/share/vm/prims/jvm.cpp, line 1435]
Event: 0.039 Thread 0x00007f2a5000b000 Exception <a 'java/security/PrivilegedActionException'> (0x00000000d705fbb8) thrown at [/build/openjdk-8-yxDDQ4/openjdk-8-8u191-b12/src/hotspot/src/share/vm/prims/jvm.cpp, line 1435]
Event: 0.052 Thread 0x00007f2a5000b000 Exception <a 'java/security/PrivilegedActionException'> (0x00000000d70e1c78) thrown at [/build/openjdk-8-yxDDQ4/openjdk-8-8u191-b12/src/hotspot/src/share/vm/prims/jvm.cpp, line 1435]
Event: 0.052 Thread 0x00007f2a5000b000 Exception <a 'java/security/PrivilegedActionException'> (0x00000000d70e1e88) thrown at [/build/openjdk-8-yxDDQ4/openjdk-8-8u191-b12/src/hotspot/src/share/vm/prims/jvm.cpp, line 1435]
Event: 0.053 Thread 0x00007f2a5000b000 Exception <a 'java/security/PrivilegedActionException'> (0x00000000d70e3f10) thrown at [/build/openjdk-8-yxDDQ4/openjdk-8-8u191-b12/src/hotspot/src/share/vm/prims/jvm.cpp, line 1435]
Event: 0.053 Thread 0x00007f2a5000b000 Exception <a 'java/security/PrivilegedActionException'> (0x00000000d70e4120) thrown at [/build/openjdk-8-yxDDQ4/openjdk-8-8u191-b12/src/hotspot/src/share/vm/prims/jvm.cpp, line 1435]
Event: 0.053 Thread 0x00007f2a5000b000 Exception <a 'java/security/PrivilegedActionException'> (0x00000000d70e4bf8) thrown at [/build/openjdk-8-yxDDQ4/openjdk-8-8u191-b12/src/hotspot/src/share/vm/prims/jvm.cpp, line 1435]
Event: 0.053 Thread 0x00007f2a5000b000 Exception <a 'java/security/PrivilegedActionException'> (0x00000000d70e4e08) thrown at [/build/openjdk-8-yxDDQ4/openjdk-8-8u191-b12/src/hotspot/src/share/vm/prims/jvm.cpp, line 1435]
Event: 0.069 Thread 0x00007f2a5000b000 Exception <a 'java/lang/NoClassDefFoundError': org/apache/log4j/Category> (0x00000000d727e100) thrown at [/build/openjdk-8-yxDDQ4/openjdk-8-8u191-b12/src/hotspot/src/share/vm/classfile/systemDictionary.cpp, line 199]
Event: 0.082 Thread 0x00007f2a501d0000 Exception <a 'java/lang/InterruptedException': sleep interrupted> (0x00000000d7419c58) thrown at [/build/openjdk-8-yxDDQ4/openjdk-8-8u191-b12/src/hotspot/src/share/vm/prims/jvm.cpp, line 3273]

Events (10 events):
Event: 0.091 loading class java/io/ObjectStreamClass$FieldReflectorKey
Event: 0.091 loading class java/io/ObjectStreamClass$FieldReflectorKey done
Event: 0.091 loading class java/io/ObjectStreamClass$FieldReflector
Event: 0.091 loading class java/io/ObjectStreamClass$FieldReflector done
Event: 0.091 loading class java/lang/Long$LongCache
Event: 0.091 loading class java/lang/Long$LongCache done
Event: 0.092 loading class java/io/ObjectStreamClass$ClassDataSlot
Event: 0.092 loading class java/io/ObjectStreamClass$ClassDataSlot done
Event: 0.092 loading class java/io/SerialCallbackContext
Event: 0.092 loading class java/io/SerialCallbackContext done


Dynamic libraries:
00400000-00401000 r-xp 00000000 08:02 58724940                           /usr/lib/jvm/java-8-openjdk-amd64/jre/bin/java
00600000-00601000 r--p 00000000 08:02 58724940                           /usr/lib/jvm/java-8-openjdk-amd64/jre/bin/java
00601000-00602000 rw-p 00001000 08:02 58724940                           /usr/lib/jvm/java-8-openjdk-amd64/jre/bin/java
01eca000-01eeb000 rw-p 00000000 00:00 0                                  [heap]
85000000-8a300000 rw-p 00000000 00:00 0 
8a300000-d7000000 ---p 00000000 00:00 0 
d7000000-d9900000 rw-p 00000000 00:00 0 
d9900000-100000000 ---p 00000000 00:00 0 
100000000-100080000 rw-p 00000000 00:00 0 
100080000-140000000 ---p 00000000 00:00 0 
7f29fc000000-7f29fc022000 rw-p 00000000 00:00 0 
7f29fc022000-7f2a00000000 ---p 00000000 00:00 0 
7f2a00fff000-7f2a04000000 rw-p 00000000 00:00 0 
7f2a04000000-7f2a04021000 rw-p 00000000 00:00 0 
7f2a04021000-7f2a08000000 ---p 00000000 00:00 0 
7f2a08000000-7f2a08021000 rw-p 00000000 00:00 0 
7f2a08021000-7f2a0c000000 ---p 00000000 00:00 0 
7f2a0c000000-7f2a0c021000 rw-p 00000000 00:00 0 
7f2a0c021000-7f2a10000000 ---p 00000000 00:00 0 
7f2a10000000-7f2a10119000 rw-p 00000000 00:00 0 
7f2a10119000-7f2a14000000 ---p 00000000 00:00 0 
7f2a14000000-7f2a14021000 rw-p 00000000 00:00 0 
7f2a14021000-7f2a18000000 ---p 00000000 00:00 0 
7f2a18000000-7f2a18078000 rw-p 00000000 00:00 0 
7f2a18078000-7f2a1c000000 ---p 00000000 00:00 0 
7f2a1c000000-7f2a1c021000 rw-p 00000000 00:00 0 
7f2a1c021000-7f2a20000000 ---p 00000000 00:00 0 
7f2a20000000-7f2a20021000 rw-p 00000000 00:00 0 
7f2a20021000-7f2a24000000 ---p 00000000 00:00 0 
7f2a24000000-7f2a24021000 rw-p 00000000 00:00 0 
7f2a24021000-7f2a28000000 ---p 00000000 00:00 0 
7f2a28000000-7f2a28021000 rw-p 00000000 00:00 0 
7f2a28021000-7f2a2c000000 ---p 00000000 00:00 0 
7f2a2c000000-7f2a2c021000 rw-p 00000000 00:00 0 
7f2a2c021000-7f2a30000000 ---p 00000000 00:00 0 
7f2a3214d000-7f2a3216e000 r--p 00000000 08:02 60426984                   /usr/share/locale-langpack/zh_CN/LC_MESSAGES/libc.mo
7f2a3216e000-7f2a32214000 r-xp 00000000 08:02 58468709                   /usr/lib/libClient.so
7f2a32214000-7f2a32413000 ---p 000a6000 08:02 58468709                   /usr/lib/libClient.so
7f2a32413000-7f2a32415000 r--p 000a5000 08:02 58468709                   /usr/lib/libClient.so
7f2a32415000-7f2a32419000 rw-p 000a7000 08:02 58468709                   /usr/lib/libClient.so
7f2a32419000-7f2a32430000 r-xp 00000000 08:02 59114481                   /usr/lib/jvm/java-8-openjdk-amd64/jre/lib/amd64/libnet.so
7f2a32430000-7f2a3262f000 ---p 00017000 08:02 59114481                   /usr/lib/jvm/java-8-openjdk-amd64/jre/lib/amd64/libnet.so
7f2a3262f000-7f2a32630000 r--p 00016000 08:02 59114481                   /usr/lib/jvm/java-8-openjdk-amd64/jre/lib/amd64/libnet.so
7f2a32630000-7f2a32631000 rw-p 00017000 08:02 59114481                   /usr/lib/jvm/java-8-openjdk-amd64/jre/lib/amd64/libnet.so
7f2a32631000-7f2a32634000 ---p 00000000 00:00 0 
7f2a32634000-7f2a32732000 rw-p 00000000 00:00 0 
7f2a32732000-7f2a32733000 ---p 00000000 00:00 0 
7f2a32733000-7f2a32833000 rw-p 00000000 00:00 0 
7f2a32833000-7f2a32836000 ---p 00000000 00:00 0 
7f2a32836000-7f2a32934000 rw-p 00000000 00:00 0 
7f2a32934000-7f2a32937000 ---p 00000000 00:00 0 
7f2a32937000-7f2a32a35000 rw-p 00000000 00:00 0 
7f2a32a35000-7f2a32a38000 ---p 00000000 00:00 0 
7f2a32a38000-7f2a32b36000 rw-p 00000000 00:00 0 
7f2a32b36000-7f2a32b39000 ---p 00000000 00:00 0 
7f2a32b39000-7f2a32c37000 rw-p 00000000 00:00 0 
7f2a32c37000-7f2a32c3a000 ---p 00000000 00:00 0 
7f2a32c3a000-7f2a32d38000 rw-p 00000000 00:00 0 
7f2a32d38000-7f2a336f7000 r--p 00000000 08:02 58465142                   /usr/lib/locale/locale-archive
7f2a336f7000-7f2a336fa000 ---p 00000000 00:00 0 
7f2a336fa000-7f2a337f8000 rw-p 00000000 00:00 0 
7f2a337f8000-7f2a337fb000 ---p 00000000 00:00 0 
7f2a337fb000-7f2a338f9000 rw-p 00000000 00:00 0 
7f2a338f9000-7f2a338fa000 ---p 00000000 00:00 0 
7f2a338fa000-7f2a34000000 rw-p 00000000 00:00 0 
7f2a34000000-7f2a34021000 rw-p 00000000 00:00 0 
7f2a34021000-7f2a38000000 ---p 00000000 00:00 0 
7f2a38020000-7f2a3802e000 r--s 000b0000 08:02 20579536                   /home/daniel/.m2/repository/org/codehaus/jackson/jackson-mapper-asl/1.9.4/jackson-mapper-asl-1.9.4.jar
7f2a3802e000-7f2a38048000 r--s 00155000 08:02 20579534                   /home/daniel/.m2/repository/org/apache/htrace/htrace-core4/4.1.0-incubating/htrace-core4-4.1.0-incubating.jar
7f2a38048000-7f2a38063000 r--s 00394000 08:02 58989281                   /usr/lib/jvm/java-8-openjdk-amd64/jre/lib/ext/cldrdata.jar
7f2a38063000-7f2a3807e000 r--s 001d6000 08:02 58983853                   /usr/lib/jvm/java-8-openjdk-amd64/jre/lib/ext/nashorn.jar
7f2a3807e000-7f2a3c000000 rw-p 00000000 00:00 0 
7f2a3c000000-7f2a3c021000 rw-p 00000000 00:00 0 
7f2a3c021000-7f2a40000000 ---p 00000000 00:00 0 
7f2a40003000-7f2a4000a000 r--s 00000000 08:02 58723059                   /usr/lib/x86_64-linux-gnu/gconv/gconv-modules.cache
7f2a4000a000-7f2a40631000 rw-p 00000000 00:00 0 
7f2a40631000-7f2a40800000 r--s 03c33000 08:02 58851570                   /usr/lib/jvm/java-8-openjdk-amd64/jre/lib/rt.jar
7f2a40800000-7f2a40c80000 rw-p 00000000 00:00 0 
7f2a40c80000-7f2a41000000 ---p 00000000 00:00 0 
7f2a41000000-7f2a41270000 rwxp 00000000 00:00 0 
7f2a41270000-7f2a50000000 ---p 00000000 00:00 0 
7f2a50000000-7f2a5026f000 rw-p 00000000 00:00 0 
7f2a5026f000-7f2a54000000 ---p 00000000 00:00 0 
7f2a54006000-7f2a5400a000 r--s 00034000 08:02 20579538                   /home/daniel/.m2/repository/org/codehaus/jackson/jackson-core-asl/1.9.4/jackson-core-asl-1.9.4.jar
7f2a5400a000-7f2a5400d000 r--s 00017000 08:02 20579546                   /home/daniel/.m2/repository/org/hdrhistogram/HdrHistogram/2.1.4/HdrHistogram-2.1.4.jar
7f2a5400d000-7f2a54010000 r--s 00021000 08:02 20579959                   /home/daniel/projects/YCSB/core/target/core-0.16.0-SNAPSHOT.jar
7f2a54010000-7f2a54610000 rw-p 00000000 00:00 0 
7f2a54610000-7f2a54611000 ---p 00000000 00:00 0 
7f2a54611000-7f2a54711000 rw-p 00000000 00:00 0 
7f2a54711000-7f2a54712000 ---p 00000000 00:00 0 
7f2a54712000-7f2a54812000 rw-p 00000000 00:00 0 
7f2a54812000-7f2a54813000 ---p 00000000 00:00 0 
7f2a54813000-7f2a54913000 rw-p 00000000 00:00 0 
7f2a54913000-7f2a54914000 ---p 00000000 00:00 0 
7f2a54914000-7f2a54a3e000 rw-p 00000000 00:00 0 
7f2a54a3e000-7f2a54ca4000 ---p 00000000 00:00 0 
7f2a54ca4000-7f2a54cce000 rw-p 00000000 00:00 0 
7f2a54cce000-7f2a54f34000 ---p 00000000 00:00 0 
7f2a54f34000-7f2a54f49000 rw-p 00000000 00:00 0 
7f2a54f49000-7f2a5507c000 ---p 00000000 00:00 0 
7f2a5507c000-7f2a55087000 rw-p 00000000 00:00 0 
7f2a55087000-7f2a5543d000 ---p 00000000 00:00 0 
7f2a5543d000-7f2a55445000 r-xp 00000000 08:02 59114477                   /usr/lib/jvm/java-8-openjdk-amd64/jre/lib/amd64/libzip.so
7f2a55445000-7f2a55644000 ---p 00008000 08:02 59114477                   /usr/lib/jvm/java-8-openjdk-amd64/jre/lib/amd64/libzip.so
7f2a55644000-7f2a55645000 r--p 00007000 08:02 59114477                   /usr/lib/jvm/java-8-openjdk-amd64/jre/lib/amd64/libzip.so
7f2a55645000-7f2a55646000 rw-p 00008000 08:02 59114477                   /usr/lib/jvm/java-8-openjdk-amd64/jre/lib/amd64/libzip.so
7f2a55646000-7f2a55651000 r-xp 00000000 08:02 29364881                   /lib/x86_64-linux-gnu/libnss_files-2.23.so
7f2a55651000-7f2a55850000 ---p 0000b000 08:02 29364881                   /lib/x86_64-linux-gnu/libnss_files-2.23.so
7f2a55850000-7f2a55851000 r--p 0000a000 08:02 29364881                   /lib/x86_64-linux-gnu/libnss_files-2.23.so
7f2a55851000-7f2a55852000 rw-p 0000b000 08:02 29364881                   /lib/x86_64-linux-gnu/libnss_files-2.23.so
7f2a55852000-7f2a55858000 rw-p 00000000 00:00 0 
7f2a55858000-7f2a55863000 r-xp 00000000 08:02 29364891                   /lib/x86_64-linux-gnu/libnss_nis-2.23.so
7f2a55863000-7f2a55a62000 ---p 0000b000 08:02 29364891                   /lib/x86_64-linux-gnu/libnss_nis-2.23.so
7f2a55a62000-7f2a55a63000 r--p 0000a000 08:02 29364891                   /lib/x86_64-linux-gnu/libnss_nis-2.23.so
7f2a55a63000-7f2a55a64000 rw-p 0000b000 08:02 29364891                   /lib/x86_64-linux-gnu/libnss_nis-2.23.so
7f2a55a64000-7f2a55a7a000 r-xp 00000000 08:02 29364875                   /lib/x86_64-linux-gnu/libnsl-2.23.so
7f2a55a7a000-7f2a55c79000 ---p 00016000 08:02 29364875                   /lib/x86_64-linux-gnu/libnsl-2.23.so
7f2a55c79000-7f2a55c7a000 r--p 00015000 08:02 29364875                   /lib/x86_64-linux-gnu/libnsl-2.23.so
7f2a55c7a000-7f2a55c7b000 rw-p 00016000 08:02 29364875                   /lib/x86_64-linux-gnu/libnsl-2.23.so
7f2a55c7b000-7f2a55c7d000 rw-p 00000000 00:00 0 
7f2a55c7d000-7f2a55c85000 r-xp 00000000 08:02 29364877                   /lib/x86_64-linux-gnu/libnss_compat-2.23.so
7f2a55c85000-7f2a55e84000 ---p 00008000 08:02 29364877                   /lib/x86_64-linux-gnu/libnss_compat-2.23.so
7f2a55e84000-7f2a55e85000 r--p 00007000 08:02 29364877                   /lib/x86_64-linux-gnu/libnss_compat-2.23.so
7f2a55e85000-7f2a55e86000 rw-p 00008000 08:02 29364877                   /lib/x86_64-linux-gnu/libnss_compat-2.23.so
7f2a55e86000-7f2a55eb3000 r-xp 00000000 08:02 59114482                   /usr/lib/jvm/java-8-openjdk-amd64/jre/lib/amd64/libjava.so
7f2a55eb3000-7f2a560b2000 ---p 0002d000 08:02 59114482                   /usr/lib/jvm/java-8-openjdk-amd64/jre/lib/amd64/libjava.so
7f2a560b2000-7f2a560b3000 r--p 0002c000 08:02 59114482                   /usr/lib/jvm/java-8-openjdk-amd64/jre/lib/amd64/libjava.so
7f2a560b3000-7f2a560b5000 rw-p 0002d000 08:02 59114482                   /usr/lib/jvm/java-8-openjdk-amd64/jre/lib/amd64/libjava.so
7f2a560b5000-7f2a560c4000 r-xp 00000000 08:02 59114464                   /usr/lib/jvm/java-8-openjdk-amd64/jre/lib/amd64/libverify.so
7f2a560c4000-7f2a562c3000 ---p 0000f000 08:02 59114464                   /usr/lib/jvm/java-8-openjdk-amd64/jre/lib/amd64/libverify.so
7f2a562c3000-7f2a562c5000 r--p 0000e000 08:02 59114464                   /usr/lib/jvm/java-8-openjdk-amd64/jre/lib/amd64/libverify.so
7f2a562c5000-7f2a562c6000 rw-p 00010000 08:02 59114464                   /usr/lib/jvm/java-8-openjdk-amd64/jre/lib/amd64/libverify.so
7f2a562c6000-7f2a562cd000 r-xp 00000000 08:02 29364936                   /lib/x86_64-linux-gnu/librt-2.23.so
7f2a562cd000-7f2a564cc000 ---p 00007000 08:02 29364936                   /lib/x86_64-linux-gnu/librt-2.23.so
7f2a564cc000-7f2a564cd000 r--p 00006000 08:02 29364936                   /lib/x86_64-linux-gnu/librt-2.23.so
7f2a564cd000-7f2a564ce000 rw-p 00007000 08:02 29364936                   /lib/x86_64-linux-gnu/librt-2.23.so
7f2a564ce000-7f2a564e4000 r-xp 00000000 08:02 29364820                   /lib/x86_64-linux-gnu/libgcc_s.so.1
7f2a564e4000-7f2a566e3000 ---p 00016000 08:02 29364820                   /lib/x86_64-linux-gnu/libgcc_s.so.1
7f2a566e3000-7f2a566e4000 rw-p 00015000 08:02 29364820                   /lib/x86_64-linux-gnu/libgcc_s.so.1
7f2a566e4000-7f2a567ec000 r-xp 00000000 08:02 29364852                   /lib/x86_64-linux-gnu/libm-2.23.so
7f2a567ec000-7f2a569eb000 ---p 00108000 08:02 29364852                   /lib/x86_64-linux-gnu/libm-2.23.so
7f2a569eb000-7f2a569ec000 r--p 00107000 08:02 29364852                   /lib/x86_64-linux-gnu/libm-2.23.so
7f2a569ec000-7f2a569ed000 rw-p 00108000 08:02 29364852                   /lib/x86_64-linux-gnu/libm-2.23.so
7f2a569ed000-7f2a56b5f000 r-xp 00000000 08:02 58458300                   /usr/lib/x86_64-linux-gnu/libstdc++.so.6.0.21
7f2a56b5f000-7f2a56d5f000 ---p 00172000 08:02 58458300                   /usr/lib/x86_64-linux-gnu/libstdc++.so.6.0.21
7f2a56d5f000-7f2a56d69000 r--p 00172000 08:02 58458300                   /usr/lib/x86_64-linux-gnu/libstdc++.so.6.0.21
7f2a56d69000-7f2a56d6b000 rw-p 0017c000 08:02 58458300                   /usr/lib/x86_64-linux-gnu/libstdc++.so.6.0.21
7f2a56d6b000-7f2a56d6f000 rw-p 00000000 00:00 0 
7f2a56d6f000-7f2a579d0000 r-xp 00000000 08:02 59114458                   /usr/lib/jvm/java-8-openjdk-amd64/jre/lib/amd64/server/libjvm.so
7f2a579d0000-7f2a57bd0000 ---p 00c61000 08:02 59114458                   /usr/lib/jvm/java-8-openjdk-amd64/jre/lib/amd64/server/libjvm.so
7f2a57bd0000-7f2a57c64000 r--p 00c61000 08:02 59114458                   /usr/lib/jvm/java-8-openjdk-amd64/jre/lib/amd64/server/libjvm.so
7f2a57c64000-7f2a57c8d000 rw-p 00cf5000 08:02 59114458                   /usr/lib/jvm/java-8-openjdk-amd64/jre/lib/amd64/server/libjvm.so
7f2a57c8d000-7f2a57cbd000 rw-p 00000000 00:00 0 
7f2a57cbd000-7f2a57cd5000 r-xp 00000000 08:02 29364928                   /lib/x86_64-linux-gnu/libpthread-2.23.so
7f2a57cd5000-7f2a57ed4000 ---p 00018000 08:02 29364928                   /lib/x86_64-linux-gnu/libpthread-2.23.so
7f2a57ed4000-7f2a57ed5000 r--p 00017000 08:02 29364928                   /lib/x86_64-linux-gnu/libpthread-2.23.so
7f2a57ed5000-7f2a57ed6000 rw-p 00018000 08:02 29364928                   /lib/x86_64-linux-gnu/libpthread-2.23.so
7f2a57ed6000-7f2a57eda000 rw-p 00000000 00:00 0 
7f2a57eda000-7f2a57edd000 r-xp 00000000 08:02 29364806                   /lib/x86_64-linux-gnu/libdl-2.23.so
7f2a57edd000-7f2a580dc000 ---p 00003000 08:02 29364806                   /lib/x86_64-linux-gnu/libdl-2.23.so
7f2a580dc000-7f2a580dd000 r--p 00002000 08:02 29364806                   /lib/x86_64-linux-gnu/libdl-2.23.so
7f2a580dd000-7f2a580de000 rw-p 00003000 08:02 29364806                   /lib/x86_64-linux-gnu/libdl-2.23.so
7f2a580de000-7f2a580f7000 r-xp 00000000 08:02 29364973                   /lib/x86_64-linux-gnu/libz.so.1.2.8
7f2a580f7000-7f2a582f6000 ---p 00019000 08:02 29364973                   /lib/x86_64-linux-gnu/libz.so.1.2.8
7f2a582f6000-7f2a582f7000 r--p 00018000 08:02 29364973                   /lib/x86_64-linux-gnu/libz.so.1.2.8
7f2a582f7000-7f2a582f8000 rw-p 00019000 08:02 29364973                   /lib/x86_64-linux-gnu/libz.so.1.2.8
7f2a582f8000-7f2a584b8000 r-xp 00000000 08:02 29364782                   /lib/x86_64-linux-gnu/libc-2.23.so
7f2a584b8000-7f2a586b8000 ---p 001c0000 08:02 29364782                   /lib/x86_64-linux-gnu/libc-2.23.so
7f2a586b8000-7f2a586bc000 r--p 001c0000 08:02 29364782                   /lib/x86_64-linux-gnu/libc-2.23.so
7f2a586bc000-7f2a586be000 rw-p 001c4000 08:02 29364782                   /lib/x86_64-linux-gnu/libc-2.23.so
7f2a586be000-7f2a586c2000 rw-p 00000000 00:00 0 
7f2a586c2000-7f2a586cf000 r-xp 00000000 08:02 59247190                   /usr/lib/jvm/java-8-openjdk-amd64/jre/lib/amd64/jli/libjli.so
7f2a586cf000-7f2a588cf000 ---p 0000d000 08:02 59247190                   /usr/lib/jvm/java-8-openjdk-amd64/jre/lib/amd64/jli/libjli.so
7f2a588cf000-7f2a588d0000 r--p 0000d000 08:02 59247190                   /usr/lib/jvm/java-8-openjdk-amd64/jre/lib/amd64/jli/libjli.so
7f2a588d0000-7f2a588d1000 rw-p 0000e000 08:02 59247190                   /usr/lib/jvm/java-8-openjdk-amd64/jre/lib/amd64/jli/libjli.so
7f2a588d1000-7f2a588f7000 r-xp 00000000 08:02 29364754                   /lib/x86_64-linux-gnu/ld-2.23.so
7f2a588f7000-7f2a588f9000 r--s 00001000 08:02 20317416                   /home/daniel/projects/YCSB/leveldbjnin/lib/leveldb-api-0.6.jar
7f2a588f9000-7f2a588fa000 r--s 00040000 08:02 20317418                   /home/daniel/projects/YCSB/leveldbjnin/lib/leveldbjni-linux64-1.1.jar
7f2a588fa000-7f2a588fc000 r--s 0000b000 08:02 20317417                   /home/daniel/projects/YCSB/leveldbjnin/lib/leveldbjni-1.1.jar
7f2a588fc000-7f2a588fe000 r--s 00001000 08:02 20580099                   /home/daniel/projects/YCSB/leveldbjnin/target/leveldbjnin-binding-0.16.0-SNAPSHOT.jar
7f2a588fe000-7f2a58901000 r--s 0000f000 08:02 58983506                   /usr/lib/jvm/java-8-openjdk-amd64/jre/lib/ext/icedtea-sound.jar
7f2a58901000-7f2a5890b000 r--s 00116000 08:02 58983505                   /usr/lib/jvm/java-8-openjdk-amd64/jre/lib/ext/localedata.jar
7f2a5890b000-7f2a589d6000 rw-p 00000000 00:00 0 
7f2a589d6000-7f2a589d9000 ---p 00000000 00:00 0 
7f2a589d9000-7f2a58adb000 rw-p 00000000 00:00 0 
7f2a58adb000-7f2a58adc000 r--s 00004000 08:02 20580077                   /home/daniel/.m2/repository/org/fusesource/hawtjni/hawtjni-runtime/1.9/hawtjni-runtime-1.9.jar
7f2a58adc000-7f2a58adf000 r--s 00038000 08:02 58989301                   /usr/lib/jvm/java-8-openjdk-amd64/jre/lib/ext/sunpkcs11.jar
7f2a58adf000-7f2a58ae0000 r--s 00010000 08:02 58989304                   /usr/lib/jvm/java-8-openjdk-amd64/jre/lib/ext/zipfs.jar
7f2a58ae0000-7f2a58ae2000 r--s 00008000 08:02 58989283                   /usr/lib/jvm/java-8-openjdk-amd64/jre/lib/ext/sunec.jar
7f2a58ae2000-7f2a58ae4000 r--s 00001000 08:02 58989316                   /usr/lib/jvm/java-8-openjdk-amd64/jre/lib/ext/dnsns.jar
7f2a58ae4000-7f2a58aea000 r--s 0003b000 08:02 58989282                   /usr/lib/jvm/java-8-openjdk-amd64/jre/lib/ext/sunjce_provider.jar
7f2a58aea000-7f2a58aeb000 r--s 0000a000 08:02 58989284                   /usr/lib/jvm/java-8-openjdk-amd64/jre/lib/ext/jaccess.jar
7f2a58aeb000-7f2a58af3000 rw-s 00000000 08:02 39584540                   /tmp/hsperfdata_daniel/24163
7f2a58af3000-7f2a58af4000 rw-p 00000000 00:00 0 
7f2a58af4000-7f2a58af5000 r--p 00000000 00:00 0 
7f2a58af5000-7f2a58af6000 rw-p 00000000 00:00 0 
7f2a58af6000-7f2a58af7000 r--p 00025000 08:02 29364754                   /lib/x86_64-linux-gnu/ld-2.23.so
7f2a58af7000-7f2a58af8000 rw-p 00026000 08:02 29364754                   /lib/x86_64-linux-gnu/ld-2.23.so
7f2a58af8000-7f2a58af9000 rw-p 00000000 00:00 0 
7ffd2ed8e000-7ffd2edb0000 rw-p 00000000 00:00 0                          [stack]
7ffd2edb9000-7ffd2edbc000 r--p 00000000 00:00 0                          [vvar]
7ffd2edbc000-7ffd2edbe000 r-xp 00000000 00:00 0                          [vdso]
ffffffffff600000-ffffffffff601000 r-xp 00000000 00:00 0                  [vsyscall]

VM Arguments:
java_command: com.yahoo.ycsb.Client -db com.yahoo.ycsb.db.LevelDbJniClientN -P workloads/workloada -t
java_class_path (initial): /home/daniel/projects/YCSB/leveldbjnin/conf:/home/daniel/projects/YCSB/leveldbjnin/target/leveldbjnin-binding-0.16.0-SNAPSHOT.jar:/home/daniel/.m2/repository/org/apache/htrace/htrace-core4/4.1.0-incubating/htrace-core4-4.1.0-incubating.jar:/home/daniel/projects/YCSB/leveldbjnin/lib/leveldbjni-1.1.jar:/home/daniel/.m2/repository/org/fusesource/hawtjni/hawtjni-runtime/1.9/hawtjni-runtime-1.9.jar:/home/daniel/projects/YCSB/leveldbjnin/lib/leveldbjni-linux64-1.1.jar:/home/daniel/projects/YCSB/core/target/core-0.16.0-SNAPSHOT.jar:/home/daniel/.m2/repository/org/hdrhistogram/HdrHistogram/2.1.4/HdrHistogram-2.1.4.jar:/home/daniel/.m2/repository/org/codehaus/jackson/jackson-mapper-asl/1.9.4/jackson-mapper-asl-1.9.4.jar:/home/daniel/projects/YCSB/leveldbjnin/lib/leveldb-api-0.6.jar:/home/daniel/.m2/repository/org/codehaus/jackson/jackson-core-asl/1.9.4/jackson-core-asl-1.9.4.jar
Launcher Type: SUN_STANDARD

Environment Variables:
PATH=/home/daniel/bin:/home/daniel/.local/bin:/usr/local/sbin:/usr/local/bin:/usr/sbin:/usr/bin:/sbin:/bin:/usr/games:/usr/local/games:/snap/bin
SHELL=/bin/bash
DISPLAY=:0

Signal Handlers:
SIGSEGV: [libjvm.so+0xa74e00], sa_mask[0]=11111111011111111101111111111110, sa_flags=SA_RESTART|SA_SIGINFO
SIGBUS: [libjvm.so+0xa74e00], sa_mask[0]=11111111011111111101111111111110, sa_flags=SA_RESTART|SA_SIGINFO
SIGFPE: [libjvm.so+0x8bbe10], sa_mask[0]=11111111011111111101111111111110, sa_flags=SA_RESTART|SA_SIGINFO
SIGPIPE: [libjvm.so+0x8bbe10], sa_mask[0]=11111111011111111101111111111110, sa_flags=SA_RESTART|SA_SIGINFO
SIGXFSZ: [libjvm.so+0x8bbe10], sa_mask[0]=11111111011111111101111111111110, sa_flags=SA_RESTART|SA_SIGINFO
SIGILL: [libjvm.so+0x8bbe10], sa_mask[0]=11111111011111111101111111111110, sa_flags=SA_RESTART|SA_SIGINFO
SIGUSR1: SIG_DFL, sa_mask[0]=00000000000000000000000000000000, sa_flags=none
SIGUSR2: [libjvm.so+0x8bbcc0], sa_mask[0]=00000000000000000000000000000000, sa_flags=SA_RESTART|SA_SIGINFO
SIGHUP: [libjvm.so+0x8bc350], sa_mask[0]=11111111011111111101111111111110, sa_flags=SA_RESTART|SA_SIGINFO
SIGINT: [libjvm.so+0x8bc350], sa_mask[0]=11111111011111111101111111111110, sa_flags=SA_RESTART|SA_SIGINFO
SIGTERM: [libjvm.so+0x8bc350], sa_mask[0]=11111111011111111101111111111110, sa_flags=SA_RESTART|SA_SIGINFO
SIGQUIT: [libjvm.so+0x8bc350], sa_mask[0]=11111111011111111101111111111110, sa_flags=SA_RESTART|SA_SIGINFO


---------------  S Y S T E M  ---------------

OS:DISTRIB_ID=Ubuntu
DISTRIB_RELEASE=16.04
DISTRIB_CODENAME=xenial
DISTRIB_DESCRIPTION="Ubuntu 16.04.5 LTS"

uname:Linux 4.15.0-43-generic #46~16.04.1-Ubuntu SMP Fri Dec 7 13:31:08 UTC 2018 x86_64
libc:glibc 2.23 NPTL 2.23 
rlimit: STACK 8192k, CORE 0k, NPROC 30941, NOFILE 1048576, AS infinity
load average:3.62 2.91 2.45

/proc/meminfo:
MemTotal:        8057236 kB
MemFree:          623800 kB
MemAvailable:    1361024 kB
Buffers:           66436 kB
Cached:          1537728 kB
SwapCached:         3004 kB
Active:          5671560 kB
Inactive:        1419136 kB
Active(anon):    5150808 kB
Inactive(anon):  1015904 kB
Active(file):     520752 kB
Inactive(file):   403232 kB
Unevictable:          80 kB
Mlocked:              80 kB
SwapTotal:       1000444 kB
SwapFree:         697852 kB
Dirty:             12228 kB
Writeback:             0 kB
AnonPages:       5485084 kB
Mapped:           584300 kB
Shmem:            694428 kB
Slab:             152140 kB
SReclaimable:      75248 kB
SUnreclaim:        76892 kB
KernelStack:       18912 kB
PageTables:        94100 kB
NFS_Unstable:          0 kB
Bounce:                0 kB
WritebackTmp:          0 kB
CommitLimit:     5029060 kB
Committed_AS:   16841772 kB
VmallocTotal:   34359738367 kB
VmallocUsed:           0 kB
VmallocChunk:          0 kB
HardwareCorrupted:     0 kB
AnonHugePages:         0 kB
ShmemHugePages:        0 kB
ShmemPmdMapped:        0 kB
CmaTotal:              0 kB
CmaFree:               0 kB
HugePages_Total:       0
HugePages_Free:        0
HugePages_Rsvd:        0
HugePages_Surp:        0
Hugepagesize:       2048 kB
DirectMap4k:      429676 kB
DirectMap2M:     7849984 kB
DirectMap1G:           0 kB

container (cgroup) information:
container_type: cgroupv1
cpu_cpuset_cpus: 0-3
cpu_memory_nodes: 0
active_processor_count: 4
cpu_quota: -1
cpu_period: 100000
cpu_shares: -1
memory_limit_in_bytes: -1
memory_and_swap_limit_in_bytes: -2
memory_soft_limit_in_bytes: -1
memory_usage_in_bytes: 7260086272
memory_max_usage_in_bytes: 35209216


CPU:total 4 (initial active 4) (4 cores per cpu, 1 threads per core) family 6 model 158 stepping 9, cmov, cx8, fxsr, mmx, sse, sse2, sse3, ssse3, sse4.1, sse4.2, popcnt, avx, avx2, aes, clmul, erms, rtm, 3dnowpref, lzcnt, tsc, tscinvbit, bmi1, bmi2, adx

/proc/cpuinfo:
processor	: 0
vendor_id	: GenuineIntel
cpu family	: 6
model		: 158
model name	: Intel(R) Core(TM) i5-7500 CPU @ 3.40GHz
stepping	: 9
microcode	: 0x8e
cpu MHz		: 3540.790
cache size	: 6144 KB
physical id	: 0
siblings	: 4
core id		: 0
cpu cores	: 4
apicid		: 0
initial apicid	: 0
fpu		: yes
fpu_exception	: yes
cpuid level	: 22
wp		: yes
flags		: fpu vme de pse tsc msr pae mce cx8 apic sep mtrr pge mca cmov pat pse36 clflush dts acpi mmx fxsr sse sse2 ss ht tm pbe syscall nx pdpe1gb rdtscp lm constant_tsc art arch_perfmon pebs bts rep_good nopl xtopology nonstop_tsc cpuid aperfmperf tsc_known_freq pni pclmulqdq dtes64 monitor ds_cpl vmx smx est tm2 ssse3 sdbg fma cx16 xtpr pdcm pcid sse4_1 sse4_2 x2apic movbe popcnt tsc_deadline_timer aes xsave avx f16c rdrand lahf_lm abm 3dnowprefetch cpuid_fault invpcid_single pti ssbd ibrs ibpb stibp tpr_shadow vnmi flexpriority ept vpid fsgsbase tsc_adjust bmi1 hle avx2 smep bmi2 erms invpcid rtm mpx rdseed adx smap clflushopt intel_pt xsaveopt xsavec xgetbv1 xsaves dtherm ida arat pln pts hwp hwp_notify hwp_act_window hwp_epp flush_l1d
bugs		: cpu_meltdown spectre_v1 spectre_v2 spec_store_bypass l1tf
bogomips	: 6816.00
clflush size	: 64
cache_alignment	: 64
address sizes	: 39 bits physical, 48 bits virtual
power management:

processor	: 1
vendor_id	: GenuineIntel
cpu family	: 6
model		: 158
model name	: Intel(R) Core(TM) i5-7500 CPU @ 3.40GHz
stepping	: 9
microcode	: 0x8e
cpu MHz		: 3529.102
cache size	: 6144 KB
physical id	: 0
siblings	: 4
core id		: 1
cpu cores	: 4
apicid		: 2
initial apicid	: 2
fpu		: yes
fpu_exception	: yes
cpuid level	: 22
wp		: yes
flags		: fpu vme de pse tsc msr pae mce cx8 apic sep mtrr pge mca cmov pat pse36 clflush dts acpi mmx fxsr sse sse2 ss ht tm pbe syscall nx pdpe1gb rdtscp lm constant_tsc art arch_perfmon pebs bts rep_good nopl xtopology nonstop_tsc cpuid aperfmperf tsc_known_freq pni pclmulqdq dtes64 monitor ds_cpl vmx smx est tm2 ssse3 sdbg fma cx16 xtpr pdcm pcid sse4_1 sse4_2 x2apic movbe popcnt tsc_deadline_timer aes xsave avx f16c rdrand lahf_lm abm 3dnowprefetch cpuid_fault invpcid_single pti ssbd ibrs ibpb stibp tpr_shadow vnmi flexpriority ept vpid fsgsbase tsc_adjust bmi1 hle avx2 smep bmi2 erms invpcid rtm mpx rdseed adx smap clflushopt intel_pt xsaveopt xsavec xgetbv1 xsaves dtherm ida arat pln pts hwp hwp_notify hwp_act_window hwp_epp flush_l1d
bugs		: cpu_meltdown spectre_v1 spectre_v2 spec_store_bypass l1tf
bogomips	: 6816.00
clflush size	: 64
cache_alignment	: 64
address sizes	: 39 bits physical, 48 bits virtual
power management:

processor	: 2
vendor_id	: GenuineIntel
cpu family	: 6
model		: 158
model name	: Intel(R) Core(TM) i5-7500 CPU @ 3.40GHz
stepping	: 9
microcode	: 0x8e
cpu MHz		: 3509.817
cache size	: 6144 KB
physical id	: 0
siblings	: 4
core id		: 2
cpu cores	: 4
apicid		: 4
initial apicid	: 4
fpu		: yes
fpu_exception	: yes
cpuid level	: 22
wp		: yes
flags		: fpu vme de pse tsc msr pae mce cx8 apic sep mtrr pge mca cmov pat pse36 clflush dts acpi mmx fxsr sse sse2 ss ht tm pbe syscall nx pdpe1gb rdtscp lm constant_tsc art arch_perfmon pebs bts rep_good nopl xtopology nonstop_tsc cpuid aperfmperf tsc_known_freq pni pclmulqdq dtes64 monitor ds_cpl vmx smx est tm2 ssse3 sdbg fma cx16 xtpr pdcm pcid sse4_1 sse4_2 x2apic movbe popcnt tsc_deadline_timer aes xsave avx f16c rdrand lahf_lm abm 3dnowprefetch cpuid_fault invpcid_single pti ssbd ibrs ibpb stibp tpr_shadow vnmi flexpriority ept vpid fsgsbase tsc_adjust bmi1 hle avx2 smep bmi2 erms invpcid rtm mpx rdseed adx smap clflushopt intel_pt xsaveopt xsavec xgetbv1 xsaves dtherm ida arat pln pts hwp hwp_notify hwp_act_window hwp_epp flush_l1d
bugs		: cpu_meltdown spectre_v1 spectre_v2 spec_store_bypass l1tf
bogomips	: 6816.00
clflush size	: 64
cache_alignment	: 64
address sizes	: 39 bits physical, 48 bits virtual
power management:

processor	: 3
vendor_id	: GenuineIntel
cpu family	: 6
model		: 158
model name	: Intel(R) Core(TM) i5-7500 CPU @ 3.40GHz
stepping	: 9
microcode	: 0x8e
cpu MHz		: 3515.328
cache size	: 6144 KB
physical id	: 0
siblings	: 4
core id		: 3
cpu cores	: 4
apicid		: 6
initial apicid	: 6
fpu		: yes
fpu_exception	: yes
cpuid level	: 22
wp		: yes
flags		: fpu vme de pse tsc msr pae mce cx8 apic sep mtrr pge mca cmov pat pse36 clflush dts acpi mmx fxsr sse sse2 ss ht tm pbe syscall nx pdpe1gb rdtscp lm constant_tsc art arch_perfmon pebs bts rep_good nopl xtopology nonstop_tsc cpuid aperfmperf tsc_known_freq pni pclmulqdq dtes64 monitor ds_cpl vmx smx est tm2 ssse3 sdbg fma cx16 xtpr pdcm pcid sse4_1 sse4_2 x2apic movbe popcnt tsc_deadline_timer aes xsave avx f16c rdrand lahf_lm abm 3dnowprefetch cpuid_fault invpcid_single pti ssbd ibrs ibpb stibp tpr_shadow vnmi flexpriority ept vpid fsgsbase tsc_adjust bmi1 hle avx2 smep bmi2 erms invpcid rtm mpx rdseed adx smap clflushopt intel_pt xsaveopt xsavec xgetbv1 xsaves dtherm ida arat pln pts hwp hwp_notify hwp_act_window hwp_epp flush_l1d
bugs		: cpu_meltdown spectre_v1 spectre_v2 spec_store_bypass l1tf
bogomips	: 6816.00
clflush size	: 64
cache_alignment	: 64
address sizes	: 39 bits physical, 48 bits virtual
power management:



Memory: 4k page, physical 8057236k(623800k free), swap 1000444k(697852k free)

vm_info: OpenJDK 64-Bit Server VM (25.191-b12) for linux-amd64 JRE (1.8.0_191-8u191-b12-0ubuntu0.16.04.1-b12), built on Nov 20 2018 15:24:40 by "buildd" with gcc 5.4.0 20160609

time: Fri Jan 18 12:26:53 2019
elapsed time: 0 seconds (0d 0h 0m 0s)

