#
# A fatal error has been detected by the Java Runtime Environment:
#
#  SIGSEGV (0xb) at pc=0x00007f4f1055e783, pid=30273, tid=0x00007f4f10ae3700
#
# JRE version: OpenJDK Runtime Environment (8.0_191-b12) (build 1.8.0_191-8u191-b12-0ubuntu0.16.04.1-b12)
# Java VM: OpenJDK 64-Bit Server VM (25.191-b12 mixed mode linux-amd64 compressed oops)
# Problematic frame:
# C  [libClient.so+0x4b783]  Java_com_yahoo_ycsb_db_LevelDbJniClientN_cinsert+0xd9
#
# Failed to write core dump. Core dumps have been disabled. To enable core dumping, try "ulimit -c unlimited" before starting Java again
#
# If you would like to submit a bug report, please visit:
#   http://bugreport.java.com/bugreport/crash.jsp
# The crash happened outside the Java Virtual Machine in native code.
# See problematic frame for where to report the bug.
#

---------------  T H R E A D  ---------------

Current thread (0x00007f4f2423e000):  JavaThread "Thread-2" [_thread_in_native, id=30289, stack(0x00007f4f109e3000,0x00007f4f10ae4000)]

siginfo: si_signo: 11 (SIGSEGV), si_code: 1 (SEGV_MAPERR), si_addr: 0x0000000000000000

Registers:
RAX=0x0000000000000000, RBX=0x00007f4f1341f4d8, RCX=0x00007f4ecc00dbd5, RDX=0x00007f4ecc00de60
RSP=0x00007f4f10ae25e0, RBP=0x00007f4f10ae26a0, RSI=0x00007f4ecc00db90, RDI=0x00007f4f10ae2630
R8 =0x00007f4ecc00de60, R9 =0x00007f4ecc00dbd5, R10=0x00007f4ecc00de60, R11=0x0000000000000020
R12=0x0000000000000000, R13=0x00007f4f1341f4d8, R14=0x00007f4f10ae2740, R15=0x00007f4f2423e000
RIP=0x00007f4f1055e783, EFLAGS=0x0000000000010202, CSGSFS=0x002b000000000033, ERR=0x0000000000000004
  TRAPNO=0x000000000000000e

Top of Stack: (sp=0x00007f4f10ae25e0)
0x00007f4f10ae25e0:   00007f4f10ae2730 00007f4f10ae2738
0x00007f4f10ae25f0:   00007f4f10ae2740 00007f4f2423e1e0
0x00007f4f10ae2600:   00007f4f10ae2690 00007f4f299c426a
0x00007f4f10ae2610:   00007f4f2423e000 00007f4f2423e000
0x00007f4f10ae2620:   00007f4f10ae2640 00007f4f29bba6a9
0x00007f4f10ae2630:   00007f4f2423e000 00007f4f1341f4d8
0x00007f4f10ae2640:   00007f4ecc007f30 0000000000000017
0x00007f4f10ae2650:   0000000000000017 00007f4f2423e000
0x00007f4f10ae2660:   00007f4ecc00de60 0000000000000465
0x00007f4f10ae2670:   0000000000000465 00007f4f1341f4d8
0x00007f4f10ae2680:   0000000000000000 bb24765008939c00
0x00007f4f10ae2690:   00007f4f10ae2710 00007f4f1341f4d8
0x00007f4f10ae26a0:   00007f4f10ae2710 00007f4f149f1407
0x00007f4f10ae26b0:   00007f4f10ae2710 00007f4f149f1159
0x00007f4f10ae26c0:   fffffffe00000000 00007f4f149f1122
0x00007f4f10ae26d0:   00007f4f10ae26d0 00007f4f1341f4d8
0x00007f4f10ae26e0:   00007f4f10ae2740 00007f4f1341fc20
0x00007f4f10ae26f0:   0000000000000000 00007f4f1341f4d8
0x00007f4f10ae2700:   0000000000000000 00007f4f10ae2730
0x00007f4f10ae2710:   00007f4f10ae2788 00007f4f149e0ffd
0x00007f4f10ae2720:   0000000000000000 00007f4f149eaa58
0x00007f4f10ae2730:   00000000d74c0900 00000000d74beac0
0x00007f4f10ae2740:   00000000d730b138 00007f4f10ae2748
0x00007f4f10ae2750:   00007f4f1341f588 00007f4f10ae27c0
0x00007f4f10ae2760:   00007f4f1341fc20 0000000000000000
0x00007f4f10ae2770:   00007f4f1341f628 00007f4f10ae2730
0x00007f4f10ae2780:   00007f4f10ae27a8 00007f4f10ae2808
0x00007f4f10ae2790:   00007f4f149e0d80 00000000d74c0900
0x00007f4f10ae27a0:   00000000d74bec40 00000000d74beb18
0x00007f4f10ae27b0:   00000000d74beac0 00000000d7101670
0x00007f4f10ae27c0:   00000000d730b138 00007f4f10ae27c8
0x00007f4f10ae27d0:   00007f4f1341e09d 00007f4f10ae2898 

Instructions: (pc=0x00007f4f1055e783)
0x00007f4f1055e763:   89 ce 48 89 c7 e8 43 d8 ff ff 48 8d 45 90 48 89
0x00007f4f1055e773:   c7 e8 97 c7 ff ff 48 8b 05 78 a8 25 00 48 8b 00
0x00007f4f1055e783:   48 8b 00 48 83 c0 10 48 8b 18 48 8d 55 c0 48 8d
0x00007f4f1055e793:   45 90 48 89 d6 48 89 c7 e8 40 f8 ff ff 48 8d 55 

Register to memory mapping:

RAX=0x0000000000000000 is an unknown value
RBX={method} {0x00007f4f1341f4d8} 'cinsert' '(Ljava/lang/String;Ljava/lang/String;)V' in 'com/yahoo/ycsb/db/LevelDbJniClientN'
RCX=0x00007f4ecc00dbd5 is an unknown value
RDX=0x00007f4ecc00de60 is an unknown value
RSP=0x00007f4f10ae25e0 is pointing into the stack for thread: 0x00007f4f2423e000
RBP=0x00007f4f10ae26a0 is pointing into the stack for thread: 0x00007f4f2423e000
RSI=0x00007f4ecc00db90 is an unknown value
RDI=0x00007f4f10ae2630 is pointing into the stack for thread: 0x00007f4f2423e000
R8 =0x00007f4ecc00de60 is an unknown value
R9 =0x00007f4ecc00dbd5 is an unknown value
R10=0x00007f4ecc00de60 is an unknown value
R11=0x0000000000000020 is an unknown value
R12=0x0000000000000000 is an unknown value
R13={method} {0x00007f4f1341f4d8} 'cinsert' '(Ljava/lang/String;Ljava/lang/String;)V' in 'com/yahoo/ycsb/db/LevelDbJniClientN'
R14=0x00007f4f10ae2740 is pointing into the stack for thread: 0x00007f4f2423e000
R15=0x00007f4f2423e000 is a thread


Stack: [0x00007f4f109e3000,0x00007f4f10ae4000],  sp=0x00007f4f10ae25e0,  free space=1021k
Native frames: (J=compiled Java code, j=interpreted, Vv=VM code, C=native code)
C  [libClient.so+0x4b783]  Java_com_yahoo_ycsb_db_LevelDbJniClientN_cinsert+0xd9
j  com.yahoo.ycsb.db.LevelDbJniClientN.cinsert(Ljava/lang/String;Ljava/lang/String;)V+0
j  com.yahoo.ycsb.db.LevelDbJniClientN.insert(Ljava/lang/String;Ljava/lang/String;Ljava/util/Map;)Lcom/yahoo/ycsb/Status;+24
j  com.yahoo.ycsb.DBWrapper.insert(Ljava/lang/String;Ljava/lang/String;Ljava/util/Map;)Lcom/yahoo/ycsb/Status;+37
j  com.yahoo.ycsb.workloads.CoreWorkload.doTransactionInsert(Lcom/yahoo/ycsb/DB;)V+35
j  com.yahoo.ycsb.workloads.CoreWorkload.doTransaction(Lcom/yahoo/ycsb/DB;Ljava/lang/Object;)Z+178
j  com.yahoo.ycsb.ClientThread.run()V+152
j  java.lang.Thread.run()V+11
v  ~StubRoutines::call_stub
V  [libjvm.so+0x66701b]
V  [libjvm.so+0x6645f4]
V  [libjvm.so+0x664bd7]
V  [libjvm.so+0x6a7eb4]
V  [libjvm.so+0xa18917]
V  [libjvm.so+0xa18ddc]
V  [libjvm.so+0x8be122]
C  [libpthread.so.0+0x76ba]  start_thread+0xca

Java frames: (J=compiled Java code, j=interpreted, Vv=VM code)
j  com.yahoo.ycsb.db.LevelDbJniClientN.cinsert(Ljava/lang/String;Ljava/lang/String;)V+0
j  com.yahoo.ycsb.db.LevelDbJniClientN.insert(Ljava/lang/String;Ljava/lang/String;Ljava/util/Map;)Lcom/yahoo/ycsb/Status;+24
j  com.yahoo.ycsb.DBWrapper.insert(Ljava/lang/String;Ljava/lang/String;Ljava/util/Map;)Lcom/yahoo/ycsb/Status;+37
j  com.yahoo.ycsb.workloads.CoreWorkload.doTransactionInsert(Lcom/yahoo/ycsb/DB;)V+35
j  com.yahoo.ycsb.workloads.CoreWorkload.doTransaction(Lcom/yahoo/ycsb/DB;Ljava/lang/Object;)Z+178
j  com.yahoo.ycsb.ClientThread.run()V+152
j  java.lang.Thread.run()V+11
v  ~StubRoutines::call_stub

---------------  P R O C E S S  ---------------

Java Threads: ( => current thread )
=>0x00007f4f2423e000 JavaThread "Thread-2" [_thread_in_native, id=30289, stack(0x00007f4f109e3000,0x00007f4f10ae4000)]
  0x00007f4f240c0800 JavaThread "Service Thread" daemon [_thread_blocked, id=30286, stack(0x00007f4f10c35000,0x00007f4f10d36000)]
  0x00007f4f240bd000 JavaThread "C1 CompilerThread2" daemon [_thread_blocked, id=30285, stack(0x00007f4f10d36000,0x00007f4f10e37000)]
  0x00007f4f240bb800 JavaThread "C2 CompilerThread1" daemon [_thread_blocked, id=30284, stack(0x00007f4f10e37000,0x00007f4f10f38000)]
  0x00007f4f240b8800 JavaThread "C2 CompilerThread0" daemon [_thread_blocked, id=30283, stack(0x00007f4f10f38000,0x00007f4f11039000)]
  0x00007f4f240b7000 JavaThread "Signal Dispatcher" daemon [_thread_blocked, id=30282, stack(0x00007f4f11039000,0x00007f4f1113a000)]
  0x00007f4f24085000 JavaThread "Finalizer" daemon [_thread_blocked, id=30281, stack(0x00007f4f11af9000,0x00007f4f11bfa000)]
  0x00007f4f24082000 JavaThread "Reference Handler" daemon [_thread_blocked, id=30280, stack(0x00007f4f11bfa000,0x00007f4f11cfb000)]
  0x00007f4f2400b000 JavaThread "main" [_thread_blocked, id=30274, stack(0x00007f4f2afcb000,0x00007f4f2b0cc000)]

Other Threads:
  0x00007f4f24078800 VMThread [stack: 0x00007f4f11cfb000,0x00007f4f11dfc000] [id=30279]
  0x00007f4f240c3000 WatcherThread [stack: 0x00007f4f10b34000,0x00007f4f10c35000] [id=30287]

VM state:not at safepoint (normal execution)

VM Mutex/Monitor currently owned by a thread: None

Heap:
 PSYoungGen      total 36864K, used 5468K [0x00000000d7000000, 0x00000000d9900000, 0x0000000100000000)
  eden space 31744K, 17% used [0x00000000d7000000,0x00000000d7557388,0x00000000d8f00000)
  from space 5120K, 0% used [0x00000000d9400000,0x00000000d9400000,0x00000000d9900000)
  to   space 5120K, 0% used [0x00000000d8f00000,0x00000000d8f00000,0x00000000d9400000)
 ParOldGen       total 84992K, used 0K [0x0000000085000000, 0x000000008a300000, 0x00000000d7000000)
  object space 84992K, 0% used [0x0000000085000000,0x0000000085000000,0x000000008a300000)
 Metaspace       used 4038K, capacity 4928K, committed 5120K, reserved 1056768K
  class space    used 441K, capacity 498K, committed 512K, reserved 1048576K

Card table byte_map: [0x00007f4f14240000,0x00007f4f14619000] byte_map_base: 0x00007f4f13e18000

Marking Bits: (ParMarkBitMap*) 0x00007f4f2a295520
 Begin Bits: [0x00007f4f08280000, 0x00007f4f0a140000)
 End Bits:   [0x00007f4f0a140000, 0x00007f4f0c000000)

Polling page: 0x00007f4f2b0e9000

CodeCache: size=245760Kb used=1354Kb max_used=1354Kb free=244405Kb
 bounds [0x00007f4f149d9000, 0x00007f4f14c49000, 0x00007f4f239d9000]
 total_blobs=393 nmethods=140 adapters=168
 compilation: enabled

Compilation events (10 events):
Event: 0.082 Thread 0x00007f4f240bd000  137       3       java.lang.Number::<init> (5 bytes)
Event: 0.082 Thread 0x00007f4f240bd000 nmethod 137 0x00007f4f14b2a810 code [0x00007f4f14b2a980, 0x00007f4f14b2ab30]
Event: 0.082 Thread 0x00007f4f240bd000  138       3       java.lang.Long::<init> (10 bytes)
Event: 0.083 Thread 0x00007f4f240bd000 nmethod 138 0x00007f4f14b2abd0 code [0x00007f4f14b2ad40, 0x00007f4f14b2af50]
Event: 0.083 Thread 0x00007f4f240bd000  140       3       sun.reflect.ClassFileAssembler::emitShort (24 bytes)
Event: 0.083 Thread 0x00007f4f240bd000 nmethod 140 0x00007f4f14b2b050 code [0x00007f4f14b2b1e0, 0x00007f4f14b2b4f8]
Event: 0.083 Thread 0x00007f4f240bd000  141       3       sun.reflect.ClassFileAssembler::cpi (22 bytes)
Event: 0.083 Thread 0x00007f4f240bd000 nmethod 141 0x00007f4f14b2b6d0 code [0x00007f4f14b2b840, 0x00007f4f14b2ba88]
Event: 0.083 Thread 0x00007f4f240bd000  139       1       java.lang.Class::getClassLoader0 (5 bytes)
Event: 0.083 Thread 0x00007f4f240bd000 nmethod 139 0x00007f4f14b2bb50 code [0x00007f4f14b2bca0, 0x00007f4f14b2bdb0]

GC Heap History (0 events):
No events

Deoptimization events (0 events):
No events

Classes redefined (0 events):
No events

Internal exceptions (10 events):
Event: 0.034 Thread 0x00007f4f2400b000 Exception <a 'java/security/PrivilegedActionException'> (0x00000000d705f9a8) thrown at [/build/openjdk-8-yxDDQ4/openjdk-8-8u191-b12/src/hotspot/src/share/vm/prims/jvm.cpp, line 1435]
Event: 0.034 Thread 0x00007f4f2400b000 Exception <a 'java/security/PrivilegedActionException'> (0x00000000d705fbb8) thrown at [/build/openjdk-8-yxDDQ4/openjdk-8-8u191-b12/src/hotspot/src/share/vm/prims/jvm.cpp, line 1435]
Event: 0.045 Thread 0x00007f4f2400b000 Exception <a 'java/security/PrivilegedActionException'> (0x00000000d70e1c78) thrown at [/build/openjdk-8-yxDDQ4/openjdk-8-8u191-b12/src/hotspot/src/share/vm/prims/jvm.cpp, line 1435]
Event: 0.045 Thread 0x00007f4f2400b000 Exception <a 'java/security/PrivilegedActionException'> (0x00000000d70e1e88) thrown at [/build/openjdk-8-yxDDQ4/openjdk-8-8u191-b12/src/hotspot/src/share/vm/prims/jvm.cpp, line 1435]
Event: 0.045 Thread 0x00007f4f2400b000 Exception <a 'java/security/PrivilegedActionException'> (0x00000000d70e3f10) thrown at [/build/openjdk-8-yxDDQ4/openjdk-8-8u191-b12/src/hotspot/src/share/vm/prims/jvm.cpp, line 1435]
Event: 0.045 Thread 0x00007f4f2400b000 Exception <a 'java/security/PrivilegedActionException'> (0x00000000d70e4120) thrown at [/build/openjdk-8-yxDDQ4/openjdk-8-8u191-b12/src/hotspot/src/share/vm/prims/jvm.cpp, line 1435]
Event: 0.045 Thread 0x00007f4f2400b000 Exception <a 'java/security/PrivilegedActionException'> (0x00000000d70e4bf8) thrown at [/build/openjdk-8-yxDDQ4/openjdk-8-8u191-b12/src/hotspot/src/share/vm/prims/jvm.cpp, line 1435]
Event: 0.045 Thread 0x00007f4f2400b000 Exception <a 'java/security/PrivilegedActionException'> (0x00000000d70e4e08) thrown at [/build/openjdk-8-yxDDQ4/openjdk-8-8u191-b12/src/hotspot/src/share/vm/prims/jvm.cpp, line 1435]
Event: 0.062 Thread 0x00007f4f2400b000 Exception <a 'java/lang/NoClassDefFoundError': org/apache/log4j/Category> (0x00000000d727e100) thrown at [/build/openjdk-8-yxDDQ4/openjdk-8-8u191-b12/src/hotspot/src/share/vm/classfile/systemDictionary.cpp, line 199]
Event: 0.074 Thread 0x00007f4f241c0000 Exception <a 'java/lang/InterruptedException': sleep interrupted> (0x00000000d7419c58) thrown at [/build/openjdk-8-yxDDQ4/openjdk-8-8u191-b12/src/hotspot/src/share/vm/prims/jvm.cpp, line 3273]

Events (10 events):
Event: 0.082 loading class java/io/ObjectStreamClass$FieldReflectorKey
Event: 0.082 loading class java/io/ObjectStreamClass$FieldReflectorKey done
Event: 0.082 loading class java/io/ObjectStreamClass$FieldReflector
Event: 0.082 loading class java/io/ObjectStreamClass$FieldReflector done
Event: 0.082 loading class java/lang/Long$LongCache
Event: 0.082 loading class java/lang/Long$LongCache done
Event: 0.083 loading class java/io/ObjectStreamClass$ClassDataSlot
Event: 0.083 loading class java/io/ObjectStreamClass$ClassDataSlot done
Event: 0.083 loading class java/io/SerialCallbackContext
Event: 0.083 loading class java/io/SerialCallbackContext done


Dynamic libraries:
00400000-00401000 r-xp 00000000 08:02 58724940                           /usr/lib/jvm/java-8-openjdk-amd64/jre/bin/java
00600000-00601000 r--p 00000000 08:02 58724940                           /usr/lib/jvm/java-8-openjdk-amd64/jre/bin/java
00601000-00602000 rw-p 00001000 08:02 58724940                           /usr/lib/jvm/java-8-openjdk-amd64/jre/bin/java
01d20000-01d41000 rw-p 00000000 00:00 0                                  [heap]
85000000-8a300000 rw-p 00000000 00:00 0 
8a300000-d7000000 ---p 00000000 00:00 0 
d7000000-d9900000 rw-p 00000000 00:00 0 
d9900000-100000000 ---p 00000000 00:00 0 
100000000-100080000 rw-p 00000000 00:00 0 
100080000-140000000 ---p 00000000 00:00 0 
7f4ecc000000-7f4ecc022000 rw-p 00000000 00:00 0 
7f4ecc022000-7f4ed0000000 ---p 00000000 00:00 0 
7f4ed4000000-7f4ed4021000 rw-p 00000000 00:00 0 
7f4ed4021000-7f4ed8000000 ---p 00000000 00:00 0 
7f4ed8000000-7f4ed8021000 rw-p 00000000 00:00 0 
7f4ed8021000-7f4edc000000 ---p 00000000 00:00 0 
7f4edc000000-7f4edc021000 rw-p 00000000 00:00 0 
7f4edc021000-7f4ee0000000 ---p 00000000 00:00 0 
7f4ee0000000-7f4ee0142000 rw-p 00000000 00:00 0 
7f4ee0142000-7f4ee4000000 ---p 00000000 00:00 0 
7f4ee4000000-7f4ee4021000 rw-p 00000000 00:00 0 
7f4ee4021000-7f4ee8000000 ---p 00000000 00:00 0 
7f4ee8000000-7f4ee8058000 rw-p 00000000 00:00 0 
7f4ee8058000-7f4eec000000 ---p 00000000 00:00 0 
7f4eec000000-7f4eec021000 rw-p 00000000 00:00 0 
7f4eec021000-7f4ef0000000 ---p 00000000 00:00 0 
7f4ef0000000-7f4ef0021000 rw-p 00000000 00:00 0 
7f4ef0021000-7f4ef4000000 ---p 00000000 00:00 0 
7f4ef4000000-7f4ef4021000 rw-p 00000000 00:00 0 
7f4ef4021000-7f4ef8000000 ---p 00000000 00:00 0 
7f4ef8000000-7f4ef8021000 rw-p 00000000 00:00 0 
7f4ef8021000-7f4efc000000 ---p 00000000 00:00 0 
7f4efc000000-7f4efc021000 rw-p 00000000 00:00 0 
7f4efc021000-7f4f00000000 ---p 00000000 00:00 0 
7f4f00fff000-7f4f04000000 rw-p 00000000 00:00 0 
7f4f04000000-7f4f04021000 rw-p 00000000 00:00 0 
7f4f04021000-7f4f08000000 ---p 00000000 00:00 0 
7f4f08280000-7f4f0c000000 rw-p 00000000 00:00 0 
7f4f0c000000-7f4f0c021000 rw-p 00000000 00:00 0 
7f4f0c021000-7f4f10000000 ---p 00000000 00:00 0 
7f4f104eb000-7f4f104f2000 r--s 00000000 08:02 58723059                   /usr/lib/x86_64-linux-gnu/gconv/gconv-modules.cache
7f4f104f2000-7f4f10513000 r--p 00000000 08:02 60426984                   /usr/share/locale-langpack/zh_CN/LC_MESSAGES/libc.mo
7f4f10513000-7f4f105b8000 r-xp 00000000 08:02 58468709                   /usr/lib/libClient.so
7f4f105b8000-7f4f107b7000 ---p 000a5000 08:02 58468709                   /usr/lib/libClient.so
7f4f107b7000-7f4f107b9000 r--p 000a4000 08:02 58468709                   /usr/lib/libClient.so
7f4f107b9000-7f4f107bd000 rw-p 000a6000 08:02 58468709                   /usr/lib/libClient.so
7f4f107bd000-7f4f107d4000 r-xp 00000000 08:02 59114481                   /usr/lib/jvm/java-8-openjdk-amd64/jre/lib/amd64/libnet.so
7f4f107d4000-7f4f109d3000 ---p 00017000 08:02 59114481                   /usr/lib/jvm/java-8-openjdk-amd64/jre/lib/amd64/libnet.so
7f4f109d3000-7f4f109d4000 r--p 00016000 08:02 59114481                   /usr/lib/jvm/java-8-openjdk-amd64/jre/lib/amd64/libnet.so
7f4f109d4000-7f4f109d5000 rw-p 00017000 08:02 59114481                   /usr/lib/jvm/java-8-openjdk-amd64/jre/lib/amd64/libnet.so
7f4f109d5000-7f4f109e3000 r--s 000b0000 08:02 20579536                   /home/daniel/.m2/repository/org/codehaus/jackson/jackson-mapper-asl/1.9.4/jackson-mapper-asl-1.9.4.jar
7f4f109e3000-7f4f109e6000 ---p 00000000 00:00 0 
7f4f109e6000-7f4f10ae4000 rw-p 00000000 00:00 0 
7f4f10ae4000-7f4f10afe000 r--s 00155000 08:02 20579534                   /home/daniel/.m2/repository/org/apache/htrace/htrace-core4/4.1.0-incubating/htrace-core4-4.1.0-incubating.jar
7f4f10afe000-7f4f10b19000 r--s 00394000 08:02 58989281                   /usr/lib/jvm/java-8-openjdk-amd64/jre/lib/ext/cldrdata.jar
7f4f10b19000-7f4f10b34000 r--s 001d6000 08:02 58983853                   /usr/lib/jvm/java-8-openjdk-amd64/jre/lib/ext/nashorn.jar
7f4f10b34000-7f4f10b35000 ---p 00000000 00:00 0 
7f4f10b35000-7f4f10c35000 rw-p 00000000 00:00 0 
7f4f10c35000-7f4f10c38000 ---p 00000000 00:00 0 
7f4f10c38000-7f4f10d36000 rw-p 00000000 00:00 0 
7f4f10d36000-7f4f10d39000 ---p 00000000 00:00 0 
7f4f10d39000-7f4f10e37000 rw-p 00000000 00:00 0 
7f4f10e37000-7f4f10e3a000 ---p 00000000 00:00 0 
7f4f10e3a000-7f4f10f38000 rw-p 00000000 00:00 0 
7f4f10f38000-7f4f10f3b000 ---p 00000000 00:00 0 
7f4f10f3b000-7f4f11039000 rw-p 00000000 00:00 0 
7f4f11039000-7f4f1103c000 ---p 00000000 00:00 0 
7f4f1103c000-7f4f1113a000 rw-p 00000000 00:00 0 
7f4f1113a000-7f4f11af9000 r--p 00000000 08:02 58465142                   /usr/lib/locale/locale-archive
7f4f11af9000-7f4f11afc000 ---p 00000000 00:00 0 
7f4f11afc000-7f4f11bfa000 rw-p 00000000 00:00 0 
7f4f11bfa000-7f4f11bfd000 ---p 00000000 00:00 0 
7f4f11bfd000-7f4f11cfb000 rw-p 00000000 00:00 0 
7f4f11cfb000-7f4f11cfc000 ---p 00000000 00:00 0 
7f4f11cfc000-7f4f12d8f000 rw-p 00000000 00:00 0 
7f4f12d8f000-7f4f12f5e000 r--s 03c33000 08:02 58851570                   /usr/lib/jvm/java-8-openjdk-amd64/jre/lib/rt.jar
7f4f12f5e000-7f4f13454000 rw-p 00000000 00:00 0 
7f4f13454000-7f4f137d4000 ---p 00000000 00:00 0 
7f4f137d4000-7f4f13bac000 rw-p 00000000 00:00 0 
7f4f13bac000-7f4f13bad000 ---p 00000000 00:00 0 
7f4f13bad000-7f4f13cad000 rw-p 00000000 00:00 0 
7f4f13cad000-7f4f13cae000 ---p 00000000 00:00 0 
7f4f13cae000-7f4f13dae000 rw-p 00000000 00:00 0 
7f4f13dae000-7f4f13daf000 ---p 00000000 00:00 0 
7f4f13daf000-7f4f13eaf000 rw-p 00000000 00:00 0 
7f4f13eaf000-7f4f13eb0000 ---p 00000000 00:00 0 
7f4f13eb0000-7f4f13fda000 rw-p 00000000 00:00 0 
7f4f13fda000-7f4f14240000 ---p 00000000 00:00 0 
7f4f14240000-7f4f1426a000 rw-p 00000000 00:00 0 
7f4f1426a000-7f4f144d0000 ---p 00000000 00:00 0 
7f4f144d0000-7f4f144e5000 rw-p 00000000 00:00 0 
7f4f144e5000-7f4f14618000 ---p 00000000 00:00 0 
7f4f14618000-7f4f14623000 rw-p 00000000 00:00 0 
7f4f14623000-7f4f149d9000 ---p 00000000 00:00 0 
7f4f149d9000-7f4f14c49000 rwxp 00000000 00:00 0 
7f4f14c49000-7f4f239d9000 ---p 00000000 00:00 0 
7f4f239d9000-7f4f239e1000 r-xp 00000000 08:02 59114477                   /usr/lib/jvm/java-8-openjdk-amd64/jre/lib/amd64/libzip.so
7f4f239e1000-7f4f23be0000 ---p 00008000 08:02 59114477                   /usr/lib/jvm/java-8-openjdk-amd64/jre/lib/amd64/libzip.so
7f4f23be0000-7f4f23be1000 r--p 00007000 08:02 59114477                   /usr/lib/jvm/java-8-openjdk-amd64/jre/lib/amd64/libzip.so
7f4f23be1000-7f4f23be2000 rw-p 00008000 08:02 59114477                   /usr/lib/jvm/java-8-openjdk-amd64/jre/lib/amd64/libzip.so
7f4f23be2000-7f4f23bed000 r-xp 00000000 08:02 29364881                   /lib/x86_64-linux-gnu/libnss_files-2.23.so
7f4f23bed000-7f4f23dec000 ---p 0000b000 08:02 29364881                   /lib/x86_64-linux-gnu/libnss_files-2.23.so
7f4f23dec000-7f4f23ded000 r--p 0000a000 08:02 29364881                   /lib/x86_64-linux-gnu/libnss_files-2.23.so
7f4f23ded000-7f4f23dee000 rw-p 0000b000 08:02 29364881                   /lib/x86_64-linux-gnu/libnss_files-2.23.so
7f4f23dee000-7f4f23df4000 rw-p 00000000 00:00 0 
7f4f23df4000-7f4f23dff000 r-xp 00000000 08:02 29364891                   /lib/x86_64-linux-gnu/libnss_nis-2.23.so
7f4f23dff000-7f4f23ffe000 ---p 0000b000 08:02 29364891                   /lib/x86_64-linux-gnu/libnss_nis-2.23.so
7f4f23ffe000-7f4f23fff000 r--p 0000a000 08:02 29364891                   /lib/x86_64-linux-gnu/libnss_nis-2.23.so
7f4f23fff000-7f4f24000000 rw-p 0000b000 08:02 29364891                   /lib/x86_64-linux-gnu/libnss_nis-2.23.so
7f4f24000000-7f4f2425f000 rw-p 00000000 00:00 0 
7f4f2425f000-7f4f28000000 ---p 00000000 00:00 0 
7f4f28001000-7f4f28005000 r--s 00034000 08:02 20579538                   /home/daniel/.m2/repository/org/codehaus/jackson/jackson-core-asl/1.9.4/jackson-core-asl-1.9.4.jar
7f4f28005000-7f4f28008000 r--s 00017000 08:02 20579546                   /home/daniel/.m2/repository/org/hdrhistogram/HdrHistogram/2.1.4/HdrHistogram-2.1.4.jar
7f4f28008000-7f4f2800b000 r--s 00021000 08:02 20579959                   /home/daniel/projects/YCSB/core/target/core-0.16.0-SNAPSHOT.jar
7f4f2800b000-7f4f28059000 rw-p 00000000 00:00 0 
7f4f28059000-7f4f2806f000 r-xp 00000000 08:02 29364875                   /lib/x86_64-linux-gnu/libnsl-2.23.so
7f4f2806f000-7f4f2826e000 ---p 00016000 08:02 29364875                   /lib/x86_64-linux-gnu/libnsl-2.23.so
7f4f2826e000-7f4f2826f000 r--p 00015000 08:02 29364875                   /lib/x86_64-linux-gnu/libnsl-2.23.so
7f4f2826f000-7f4f28270000 rw-p 00016000 08:02 29364875                   /lib/x86_64-linux-gnu/libnsl-2.23.so
7f4f28270000-7f4f28272000 rw-p 00000000 00:00 0 
7f4f28272000-7f4f2827a000 r-xp 00000000 08:02 29364877                   /lib/x86_64-linux-gnu/libnss_compat-2.23.so
7f4f2827a000-7f4f28479000 ---p 00008000 08:02 29364877                   /lib/x86_64-linux-gnu/libnss_compat-2.23.so
7f4f28479000-7f4f2847a000 r--p 00007000 08:02 29364877                   /lib/x86_64-linux-gnu/libnss_compat-2.23.so
7f4f2847a000-7f4f2847b000 rw-p 00008000 08:02 29364877                   /lib/x86_64-linux-gnu/libnss_compat-2.23.so
7f4f2847b000-7f4f284a8000 r-xp 00000000 08:02 59114482                   /usr/lib/jvm/java-8-openjdk-amd64/jre/lib/amd64/libjava.so
7f4f284a8000-7f4f286a7000 ---p 0002d000 08:02 59114482                   /usr/lib/jvm/java-8-openjdk-amd64/jre/lib/amd64/libjava.so
7f4f286a7000-7f4f286a8000 r--p 0002c000 08:02 59114482                   /usr/lib/jvm/java-8-openjdk-amd64/jre/lib/amd64/libjava.so
7f4f286a8000-7f4f286aa000 rw-p 0002d000 08:02 59114482                   /usr/lib/jvm/java-8-openjdk-amd64/jre/lib/amd64/libjava.so
7f4f286aa000-7f4f286b9000 r-xp 00000000 08:02 59114464                   /usr/lib/jvm/java-8-openjdk-amd64/jre/lib/amd64/libverify.so
7f4f286b9000-7f4f288b8000 ---p 0000f000 08:02 59114464                   /usr/lib/jvm/java-8-openjdk-amd64/jre/lib/amd64/libverify.so
7f4f288b8000-7f4f288ba000 r--p 0000e000 08:02 59114464                   /usr/lib/jvm/java-8-openjdk-amd64/jre/lib/amd64/libverify.so
7f4f288ba000-7f4f288bb000 rw-p 00010000 08:02 59114464                   /usr/lib/jvm/java-8-openjdk-amd64/jre/lib/amd64/libverify.so
7f4f288bb000-7f4f288c2000 r-xp 00000000 08:02 29364936                   /lib/x86_64-linux-gnu/librt-2.23.so
7f4f288c2000-7f4f28ac1000 ---p 00007000 08:02 29364936                   /lib/x86_64-linux-gnu/librt-2.23.so
7f4f28ac1000-7f4f28ac2000 r--p 00006000 08:02 29364936                   /lib/x86_64-linux-gnu/librt-2.23.so
7f4f28ac2000-7f4f28ac3000 rw-p 00007000 08:02 29364936                   /lib/x86_64-linux-gnu/librt-2.23.so
7f4f28ac3000-7f4f28ad9000 r-xp 00000000 08:02 29364820                   /lib/x86_64-linux-gnu/libgcc_s.so.1
7f4f28ad9000-7f4f28cd8000 ---p 00016000 08:02 29364820                   /lib/x86_64-linux-gnu/libgcc_s.so.1
7f4f28cd8000-7f4f28cd9000 rw-p 00015000 08:02 29364820                   /lib/x86_64-linux-gnu/libgcc_s.so.1
7f4f28cd9000-7f4f28de1000 r-xp 00000000 08:02 29364852                   /lib/x86_64-linux-gnu/libm-2.23.so
7f4f28de1000-7f4f28fe0000 ---p 00108000 08:02 29364852                   /lib/x86_64-linux-gnu/libm-2.23.so
7f4f28fe0000-7f4f28fe1000 r--p 00107000 08:02 29364852                   /lib/x86_64-linux-gnu/libm-2.23.so
7f4f28fe1000-7f4f28fe2000 rw-p 00108000 08:02 29364852                   /lib/x86_64-linux-gnu/libm-2.23.so
7f4f28fe2000-7f4f29154000 r-xp 00000000 08:02 58458300                   /usr/lib/x86_64-linux-gnu/libstdc++.so.6.0.21
7f4f29154000-7f4f29354000 ---p 00172000 08:02 58458300                   /usr/lib/x86_64-linux-gnu/libstdc++.so.6.0.21
7f4f29354000-7f4f2935e000 r--p 00172000 08:02 58458300                   /usr/lib/x86_64-linux-gnu/libstdc++.so.6.0.21
7f4f2935e000-7f4f29360000 rw-p 0017c000 08:02 58458300                   /usr/lib/x86_64-linux-gnu/libstdc++.so.6.0.21
7f4f29360000-7f4f29364000 rw-p 00000000 00:00 0 
7f4f29364000-7f4f29fc5000 r-xp 00000000 08:02 59114458                   /usr/lib/jvm/java-8-openjdk-amd64/jre/lib/amd64/server/libjvm.so
7f4f29fc5000-7f4f2a1c5000 ---p 00c61000 08:02 59114458                   /usr/lib/jvm/java-8-openjdk-amd64/jre/lib/amd64/server/libjvm.so
7f4f2a1c5000-7f4f2a259000 r--p 00c61000 08:02 59114458                   /usr/lib/jvm/java-8-openjdk-amd64/jre/lib/amd64/server/libjvm.so
7f4f2a259000-7f4f2a282000 rw-p 00cf5000 08:02 59114458                   /usr/lib/jvm/java-8-openjdk-amd64/jre/lib/amd64/server/libjvm.so
7f4f2a282000-7f4f2a2b2000 rw-p 00000000 00:00 0 
7f4f2a2b2000-7f4f2a2ca000 r-xp 00000000 08:02 29364928                   /lib/x86_64-linux-gnu/libpthread-2.23.so
7f4f2a2ca000-7f4f2a4c9000 ---p 00018000 08:02 29364928                   /lib/x86_64-linux-gnu/libpthread-2.23.so
7f4f2a4c9000-7f4f2a4ca000 r--p 00017000 08:02 29364928                   /lib/x86_64-linux-gnu/libpthread-2.23.so
7f4f2a4ca000-7f4f2a4cb000 rw-p 00018000 08:02 29364928                   /lib/x86_64-linux-gnu/libpthread-2.23.so
7f4f2a4cb000-7f4f2a4cf000 rw-p 00000000 00:00 0 
7f4f2a4cf000-7f4f2a4d2000 r-xp 00000000 08:02 29364806                   /lib/x86_64-linux-gnu/libdl-2.23.so
7f4f2a4d2000-7f4f2a6d1000 ---p 00003000 08:02 29364806                   /lib/x86_64-linux-gnu/libdl-2.23.so
7f4f2a6d1000-7f4f2a6d2000 r--p 00002000 08:02 29364806                   /lib/x86_64-linux-gnu/libdl-2.23.so
7f4f2a6d2000-7f4f2a6d3000 rw-p 00003000 08:02 29364806                   /lib/x86_64-linux-gnu/libdl-2.23.so
7f4f2a6d3000-7f4f2a6ec000 r-xp 00000000 08:02 29364973                   /lib/x86_64-linux-gnu/libz.so.1.2.8
7f4f2a6ec000-7f4f2a8eb000 ---p 00019000 08:02 29364973                   /lib/x86_64-linux-gnu/libz.so.1.2.8
7f4f2a8eb000-7f4f2a8ec000 r--p 00018000 08:02 29364973                   /lib/x86_64-linux-gnu/libz.so.1.2.8
7f4f2a8ec000-7f4f2a8ed000 rw-p 00019000 08:02 29364973                   /lib/x86_64-linux-gnu/libz.so.1.2.8
7f4f2a8ed000-7f4f2aaad000 r-xp 00000000 08:02 29364782                   /lib/x86_64-linux-gnu/libc-2.23.so
7f4f2aaad000-7f4f2acad000 ---p 001c0000 08:02 29364782                   /lib/x86_64-linux-gnu/libc-2.23.so
7f4f2acad000-7f4f2acb1000 r--p 001c0000 08:02 29364782                   /lib/x86_64-linux-gnu/libc-2.23.so
7f4f2acb1000-7f4f2acb3000 rw-p 001c4000 08:02 29364782                   /lib/x86_64-linux-gnu/libc-2.23.so
7f4f2acb3000-7f4f2acb7000 rw-p 00000000 00:00 0 
7f4f2acb7000-7f4f2acc4000 r-xp 00000000 08:02 59247190                   /usr/lib/jvm/java-8-openjdk-amd64/jre/lib/amd64/jli/libjli.so
7f4f2acc4000-7f4f2aec4000 ---p 0000d000 08:02 59247190                   /usr/lib/jvm/java-8-openjdk-amd64/jre/lib/amd64/jli/libjli.so
7f4f2aec4000-7f4f2aec5000 r--p 0000d000 08:02 59247190                   /usr/lib/jvm/java-8-openjdk-amd64/jre/lib/amd64/jli/libjli.so
7f4f2aec5000-7f4f2aec6000 rw-p 0000e000 08:02 59247190                   /usr/lib/jvm/java-8-openjdk-amd64/jre/lib/amd64/jli/libjli.so
7f4f2aec6000-7f4f2aeec000 r-xp 00000000 08:02 29364754                   /lib/x86_64-linux-gnu/ld-2.23.so
7f4f2aeec000-7f4f2aeee000 r--s 00001000 08:02 20317416                   /home/daniel/projects/YCSB/leveldbjnin/lib/leveldb-api-0.6.jar
7f4f2aeee000-7f4f2aeef000 r--s 00040000 08:02 20317418                   /home/daniel/projects/YCSB/leveldbjnin/lib/leveldbjni-linux64-1.1.jar
7f4f2aeef000-7f4f2aef1000 r--s 0000b000 08:02 20317417                   /home/daniel/projects/YCSB/leveldbjnin/lib/leveldbjni-1.1.jar
7f4f2aef1000-7f4f2aef3000 r--s 00001000 08:02 20580099                   /home/daniel/projects/YCSB/leveldbjnin/target/leveldbjnin-binding-0.16.0-SNAPSHOT.jar
7f4f2aef3000-7f4f2aef6000 r--s 0000f000 08:02 58983506                   /usr/lib/jvm/java-8-openjdk-amd64/jre/lib/ext/icedtea-sound.jar
7f4f2aef6000-7f4f2af00000 r--s 00116000 08:02 58983505                   /usr/lib/jvm/java-8-openjdk-amd64/jre/lib/ext/localedata.jar
7f4f2af00000-7f4f2afcb000 rw-p 00000000 00:00 0 
7f4f2afcb000-7f4f2afce000 ---p 00000000 00:00 0 
7f4f2afce000-7f4f2b0d0000 rw-p 00000000 00:00 0 
7f4f2b0d0000-7f4f2b0d1000 r--s 00004000 08:02 20580077                   /home/daniel/.m2/repository/org/fusesource/hawtjni/hawtjni-runtime/1.9/hawtjni-runtime-1.9.jar
7f4f2b0d1000-7f4f2b0d4000 r--s 00038000 08:02 58989301                   /usr/lib/jvm/java-8-openjdk-amd64/jre/lib/ext/sunpkcs11.jar
7f4f2b0d4000-7f4f2b0d5000 r--s 00010000 08:02 58989304                   /usr/lib/jvm/java-8-openjdk-amd64/jre/lib/ext/zipfs.jar
7f4f2b0d5000-7f4f2b0d7000 r--s 00008000 08:02 58989283                   /usr/lib/jvm/java-8-openjdk-amd64/jre/lib/ext/sunec.jar
7f4f2b0d7000-7f4f2b0d9000 r--s 00001000 08:02 58989316                   /usr/lib/jvm/java-8-openjdk-amd64/jre/lib/ext/dnsns.jar
7f4f2b0d9000-7f4f2b0df000 r--s 0003b000 08:02 58989282                   /usr/lib/jvm/java-8-openjdk-amd64/jre/lib/ext/sunjce_provider.jar
7f4f2b0df000-7f4f2b0e0000 r--s 0000a000 08:02 58989284                   /usr/lib/jvm/java-8-openjdk-amd64/jre/lib/ext/jaccess.jar
7f4f2b0e0000-7f4f2b0e8000 rw-s 00000000 08:02 39584816                   /tmp/hsperfdata_daniel/30273
7f4f2b0e8000-7f4f2b0e9000 rw-p 00000000 00:00 0 
7f4f2b0e9000-7f4f2b0ea000 r--p 00000000 00:00 0 
7f4f2b0ea000-7f4f2b0eb000 rw-p 00000000 00:00 0 
7f4f2b0eb000-7f4f2b0ec000 r--p 00025000 08:02 29364754                   /lib/x86_64-linux-gnu/ld-2.23.so
7f4f2b0ec000-7f4f2b0ed000 rw-p 00026000 08:02 29364754                   /lib/x86_64-linux-gnu/ld-2.23.so
7f4f2b0ed000-7f4f2b0ee000 rw-p 00000000 00:00 0 
7ffd048fd000-7ffd0491f000 rw-p 00000000 00:00 0                          [stack]
7ffd049fa000-7ffd049fd000 r--p 00000000 00:00 0                          [vvar]
7ffd049fd000-7ffd049ff000 r-xp 00000000 00:00 0                          [vdso]
ffffffffff600000-ffffffffff601000 r-xp 00000000 00:00 0                  [vsyscall]

VM Arguments:
java_command: com.yahoo.ycsb.Client -db com.yahoo.ycsb.db.LevelDbJniClientN -P workloads/workloada -t
java_class_path (initial): /home/daniel/projects/YCSB/leveldbjnin/conf:/home/daniel/projects/YCSB/leveldbjnin/target/leveldbjnin-binding-0.16.0-SNAPSHOT.jar:/home/daniel/.m2/repository/org/apache/htrace/htrace-core4/4.1.0-incubating/htrace-core4-4.1.0-incubating.jar:/home/daniel/projects/YCSB/leveldbjnin/lib/leveldbjni-1.1.jar:/home/daniel/.m2/repository/org/fusesource/hawtjni/hawtjni-runtime/1.9/hawtjni-runtime-1.9.jar:/home/daniel/projects/YCSB/leveldbjnin/lib/leveldbjni-linux64-1.1.jar:/home/daniel/projects/YCSB/core/target/core-0.16.0-SNAPSHOT.jar:/home/daniel/.m2/repository/org/hdrhistogram/HdrHistogram/2.1.4/HdrHistogram-2.1.4.jar:/home/daniel/.m2/repository/org/codehaus/jackson/jackson-mapper-asl/1.9.4/jackson-mapper-asl-1.9.4.jar:/home/daniel/projects/YCSB/leveldbjnin/lib/leveldb-api-0.6.jar:/home/daniel/.m2/repository/org/codehaus/jackson/jackson-core-asl/1.9.4/jackson-core-asl-1.9.4.jar
Launcher Type: SUN_STANDARD

Environment Variables:
PATH=/home/daniel/bin:/home/daniel/.local/bin:/usr/local/sbin:/usr/local/bin:/usr/sbin:/usr/bin:/sbin:/bin:/usr/games:/usr/local/games:/snap/bin
SHELL=/bin/bash
DISPLAY=:0

Signal Handlers:
SIGSEGV: [libjvm.so+0xa74e00], sa_mask[0]=11111111011111111101111111111110, sa_flags=SA_RESTART|SA_SIGINFO
SIGBUS: [libjvm.so+0xa74e00], sa_mask[0]=11111111011111111101111111111110, sa_flags=SA_RESTART|SA_SIGINFO
SIGFPE: [libjvm.so+0x8bbe10], sa_mask[0]=11111111011111111101111111111110, sa_flags=SA_RESTART|SA_SIGINFO
SIGPIPE: [libjvm.so+0x8bbe10], sa_mask[0]=11111111011111111101111111111110, sa_flags=SA_RESTART|SA_SIGINFO
SIGXFSZ: [libjvm.so+0x8bbe10], sa_mask[0]=11111111011111111101111111111110, sa_flags=SA_RESTART|SA_SIGINFO
SIGILL: [libjvm.so+0x8bbe10], sa_mask[0]=11111111011111111101111111111110, sa_flags=SA_RESTART|SA_SIGINFO
SIGUSR1: SIG_DFL, sa_mask[0]=00000000000000000000000000000000, sa_flags=none
SIGUSR2: [libjvm.so+0x8bbcc0], sa_mask[0]=00000000000000000000000000000000, sa_flags=SA_RESTART|SA_SIGINFO
SIGHUP: [libjvm.so+0x8bc350], sa_mask[0]=11111111011111111101111111111110, sa_flags=SA_RESTART|SA_SIGINFO
SIGINT: [libjvm.so+0x8bc350], sa_mask[0]=11111111011111111101111111111110, sa_flags=SA_RESTART|SA_SIGINFO
SIGTERM: [libjvm.so+0x8bc350], sa_mask[0]=11111111011111111101111111111110, sa_flags=SA_RESTART|SA_SIGINFO
SIGQUIT: [libjvm.so+0x8bc350], sa_mask[0]=11111111011111111101111111111110, sa_flags=SA_RESTART|SA_SIGINFO


---------------  S Y S T E M  ---------------

OS:DISTRIB_ID=Ubuntu
DISTRIB_RELEASE=16.04
DISTRIB_CODENAME=xenial
DISTRIB_DESCRIPTION="Ubuntu 16.04.5 LTS"

uname:Linux 4.15.0-43-generic #46~16.04.1-Ubuntu SMP Fri Dec 7 13:31:08 UTC 2018 x86_64
libc:glibc 2.23 NPTL 2.23 
rlimit: STACK 8192k, CORE 0k, NPROC 30941, NOFILE 1048576, AS infinity
load average:1.07 1.25 1.22

/proc/meminfo:
MemTotal:        8057236 kB
MemFree:          658456 kB
MemAvailable:    2305524 kB
Buffers:           91180 kB
Cached:          2378640 kB
SwapCached:         3392 kB
Active:          4910968 kB
Inactive:        2154552 kB
Active(anon):    4235080 kB
Inactive(anon):  1006452 kB
Active(file):     675888 kB
Inactive(file):  1148100 kB
Unevictable:          80 kB
Mlocked:              80 kB
SwapTotal:       1000444 kB
SwapFree:         760316 kB
Dirty:               940 kB
Writeback:            64 kB
AnonPages:       4593936 kB
Mapped:           579048 kB
Shmem:            659552 kB
Slab:             168928 kB
SReclaimable:      94928 kB
SUnreclaim:        74000 kB
KernelStack:       15940 kB
PageTables:        79944 kB
NFS_Unstable:          0 kB
Bounce:                0 kB
WritebackTmp:          0 kB
CommitLimit:     5029060 kB
Committed_AS:   14293412 kB
VmallocTotal:   34359738367 kB
VmallocUsed:           0 kB
VmallocChunk:          0 kB
HardwareCorrupted:     0 kB
AnonHugePages:         0 kB
ShmemHugePages:        0 kB
ShmemPmdMapped:        0 kB
CmaTotal:              0 kB
CmaFree:               0 kB
HugePages_Total:       0
HugePages_Free:        0
HugePages_Rsvd:        0
HugePages_Surp:        0
Hugepagesize:       2048 kB
DirectMap4k:      429676 kB
DirectMap2M:     7849984 kB
DirectMap1G:           0 kB

container (cgroup) information:
container_type: cgroupv1
cpu_cpuset_cpus: 0-3
cpu_memory_nodes: 0
active_processor_count: 4
cpu_quota: -1
cpu_period: 100000
cpu_shares: -1
memory_limit_in_bytes: -1
memory_and_swap_limit_in_bytes: -2
memory_soft_limit_in_bytes: -1
memory_usage_in_bytes: 7234342912
memory_max_usage_in_bytes: 35209216


CPU:total 4 (initial active 4) (4 cores per cpu, 1 threads per core) family 6 model 158 stepping 9, cmov, cx8, fxsr, mmx, sse, sse2, sse3, ssse3, sse4.1, sse4.2, popcnt, avx, avx2, aes, clmul, erms, rtm, 3dnowpref, lzcnt, tsc, tscinvbit, bmi1, bmi2, adx

/proc/cpuinfo:
processor	: 0
vendor_id	: GenuineIntel
cpu family	: 6
model		: 158
model name	: Intel(R) Core(TM) i5-7500 CPU @ 3.40GHz
stepping	: 9
microcode	: 0x8e
cpu MHz		: 3609.282
cache size	: 6144 KB
physical id	: 0
siblings	: 4
core id		: 0
cpu cores	: 4
apicid		: 0
initial apicid	: 0
fpu		: yes
fpu_exception	: yes
cpuid level	: 22
wp		: yes
flags		: fpu vme de pse tsc msr pae mce cx8 apic sep mtrr pge mca cmov pat pse36 clflush dts acpi mmx fxsr sse sse2 ss ht tm pbe syscall nx pdpe1gb rdtscp lm constant_tsc art arch_perfmon pebs bts rep_good nopl xtopology nonstop_tsc cpuid aperfmperf tsc_known_freq pni pclmulqdq dtes64 monitor ds_cpl vmx smx est tm2 ssse3 sdbg fma cx16 xtpr pdcm pcid sse4_1 sse4_2 x2apic movbe popcnt tsc_deadline_timer aes xsave avx f16c rdrand lahf_lm abm 3dnowprefetch cpuid_fault invpcid_single pti ssbd ibrs ibpb stibp tpr_shadow vnmi flexpriority ept vpid fsgsbase tsc_adjust bmi1 hle avx2 smep bmi2 erms invpcid rtm mpx rdseed adx smap clflushopt intel_pt xsaveopt xsavec xgetbv1 xsaves dtherm ida arat pln pts hwp hwp_notify hwp_act_window hwp_epp flush_l1d
bugs		: cpu_meltdown spectre_v1 spectre_v2 spec_store_bypass l1tf
bogomips	: 6816.00
clflush size	: 64
cache_alignment	: 64
address sizes	: 39 bits physical, 48 bits virtual
power management:

processor	: 1
vendor_id	: GenuineIntel
cpu family	: 6
model		: 158
model name	: Intel(R) Core(TM) i5-7500 CPU @ 3.40GHz
stepping	: 9
microcode	: 0x8e
cpu MHz		: 3437.511
cache size	: 6144 KB
physical id	: 0
siblings	: 4
core id		: 1
cpu cores	: 4
apicid		: 2
initial apicid	: 2
fpu		: yes
fpu_exception	: yes
cpuid level	: 22
wp		: yes
flags		: fpu vme de pse tsc msr pae mce cx8 apic sep mtrr pge mca cmov pat pse36 clflush dts acpi mmx fxsr sse sse2 ss ht tm pbe syscall nx pdpe1gb rdtscp lm constant_tsc art arch_perfmon pebs bts rep_good nopl xtopology nonstop_tsc cpuid aperfmperf tsc_known_freq pni pclmulqdq dtes64 monitor ds_cpl vmx smx est tm2 ssse3 sdbg fma cx16 xtpr pdcm pcid sse4_1 sse4_2 x2apic movbe popcnt tsc_deadline_timer aes xsave avx f16c rdrand lahf_lm abm 3dnowprefetch cpuid_fault invpcid_single pti ssbd ibrs ibpb stibp tpr_shadow vnmi flexpriority ept vpid fsgsbase tsc_adjust bmi1 hle avx2 smep bmi2 erms invpcid rtm mpx rdseed adx smap clflushopt intel_pt xsaveopt xsavec xgetbv1 xsaves dtherm ida arat pln pts hwp hwp_notify hwp_act_window hwp_epp flush_l1d
bugs		: cpu_meltdown spectre_v1 spectre_v2 spec_store_bypass l1tf
bogomips	: 6816.00
clflush size	: 64
cache_alignment	: 64
address sizes	: 39 bits physical, 48 bits virtual
power management:

processor	: 2
vendor_id	: GenuineIntel
cpu family	: 6
model		: 158
model name	: Intel(R) Core(TM) i5-7500 CPU @ 3.40GHz
stepping	: 9
microcode	: 0x8e
cpu MHz		: 3613.450
cache size	: 6144 KB
physical id	: 0
siblings	: 4
core id		: 2
cpu cores	: 4
apicid		: 4
initial apicid	: 4
fpu		: yes
fpu_exception	: yes
cpuid level	: 22
wp		: yes
flags		: fpu vme de pse tsc msr pae mce cx8 apic sep mtrr pge mca cmov pat pse36 clflush dts acpi mmx fxsr sse sse2 ss ht tm pbe syscall nx pdpe1gb rdtscp lm constant_tsc art arch_perfmon pebs bts rep_good nopl xtopology nonstop_tsc cpuid aperfmperf tsc_known_freq pni pclmulqdq dtes64 monitor ds_cpl vmx smx est tm2 ssse3 sdbg fma cx16 xtpr pdcm pcid sse4_1 sse4_2 x2apic movbe popcnt tsc_deadline_timer aes xsave avx f16c rdrand lahf_lm abm 3dnowprefetch cpuid_fault invpcid_single pti ssbd ibrs ibpb stibp tpr_shadow vnmi flexpriority ept vpid fsgsbase tsc_adjust bmi1 hle avx2 smep bmi2 erms invpcid rtm mpx rdseed adx smap clflushopt intel_pt xsaveopt xsavec xgetbv1 xsaves dtherm ida arat pln pts hwp hwp_notify hwp_act_window hwp_epp flush_l1d
bugs		: cpu_meltdown spectre_v1 spectre_v2 spec_store_bypass l1tf
bogomips	: 6816.00
clflush size	: 64
cache_alignment	: 64
address sizes	: 39 bits physical, 48 bits virtual
power management:

processor	: 3
vendor_id	: GenuineIntel
cpu family	: 6
model		: 158
model name	: Intel(R) Core(TM) i5-7500 CPU @ 3.40GHz
stepping	: 9
microcode	: 0x8e
cpu MHz		: 3550.094
cache size	: 6144 KB
physical id	: 0
siblings	: 4
core id		: 3
cpu cores	: 4
apicid		: 6
initial apicid	: 6
fpu		: yes
fpu_exception	: yes
cpuid level	: 22
wp		: yes
flags		: fpu vme de pse tsc msr pae mce cx8 apic sep mtrr pge mca cmov pat pse36 clflush dts acpi mmx fxsr sse sse2 ss ht tm pbe syscall nx pdpe1gb rdtscp lm constant_tsc art arch_perfmon pebs bts rep_good nopl xtopology nonstop_tsc cpuid aperfmperf tsc_known_freq pni pclmulqdq dtes64 monitor ds_cpl vmx smx est tm2 ssse3 sdbg fma cx16 xtpr pdcm pcid sse4_1 sse4_2 x2apic movbe popcnt tsc_deadline_timer aes xsave avx f16c rdrand lahf_lm abm 3dnowprefetch cpuid_fault invpcid_single pti ssbd ibrs ibpb stibp tpr_shadow vnmi flexpriority ept vpid fsgsbase tsc_adjust bmi1 hle avx2 smep bmi2 erms invpcid rtm mpx rdseed adx smap clflushopt intel_pt xsaveopt xsavec xgetbv1 xsaves dtherm ida arat pln pts hwp hwp_notify hwp_act_window hwp_epp flush_l1d
bugs		: cpu_meltdown spectre_v1 spectre_v2 spec_store_bypass l1tf
bogomips	: 6816.00
clflush size	: 64
cache_alignment	: 64
address sizes	: 39 bits physical, 48 bits virtual
power management:



Memory: 4k page, physical 8057236k(658320k free), swap 1000444k(760316k free)

vm_info: OpenJDK 64-Bit Server VM (25.191-b12) for linux-amd64 JRE (1.8.0_191-8u191-b12-0ubuntu0.16.04.1-b12), built on Nov 20 2018 15:24:40 by "buildd" with gcc 5.4.0 20160609

time: Fri Jan 18 14:05:37 2019
elapsed time: 0 seconds (0d 0h 0m 0s)

