#
# A fatal error has been detected by the Java Runtime Environment:
#
#  SIGSEGV (0xb) at pc=0x00007fa6f80c878f, pid=32130, tid=0x00007fa6fb640700
#
# JRE version: OpenJDK Runtime Environment (8.0_191-b12) (build 1.8.0_191-8u191-b12-0ubuntu0.16.04.1-b12)
# Java VM: OpenJDK 64-Bit Server VM (25.191-b12 mixed mode linux-amd64 compressed oops)
# Problematic frame:
# C  [libClient.so+0x4b78f]  Java_com_yahoo_ycsb_db_LevelDbJniClientN_cinsert+0xe5
#
# Failed to write core dump. Core dumps have been disabled. To enable core dumping, try "ulimit -c unlimited" before starting Java again
#
# If you would like to submit a bug report, please visit:
#   http://bugreport.java.com/bugreport/crash.jsp
# The crash happened outside the Java Virtual Machine in native code.
# See problematic frame for where to report the bug.
#

---------------  T H R E A D  ---------------

Current thread (0x00007fa728235800):  JavaThread "Thread-2" [_thread_in_native, id=32146, stack(0x00007fa6fb540000,0x00007fa6fb641000)]

siginfo: si_signo: 11 (SIGSEGV), si_code: 1 (SEGV_MAPERR), si_addr: 0x0000000000000000

Registers:
RAX=0x0000000000000000, RBX=0x00007fa72ce0c4d8, RCX=0x00007fa6dc00e2c5, RDX=0x00007fa6dc00e2d0
RSP=0x00007fa6fb63f650, RBP=0x00007fa6fb63f710, RSI=0x00007fa6dc00e270, RDI=0x00007fa6fb63f6a0
R8 =0x00007fa6dc00e2d0, R9 =0x00007fa6dc00e2c5, R10=0x00007fa6dc00e2d0, R11=0x0000000000000010
R12=0x0000000000000000, R13=0x00007fa72ce0c4d8, R14=0x00007fa6fb63f7b0, R15=0x00007fa728235800
RIP=0x00007fa6f80c878f, EFLAGS=0x0000000000010202, CSGSFS=0x002b000000000033, ERR=0x0000000000000004
  TRAPNO=0x000000000000000e

Top of Stack: (sp=0x00007fa6fb63f650)
0x00007fa6fb63f650:   00007fa6fb63f7a0 00007fa6fb63f7a8
0x00007fa6fb63f660:   00007fa6fb63f7b0 00007fa7282359e0
0x00007fa6fb63f670:   00007fa6fb63f700 00007fa73035826a
0x00007fa6fb63f680:   00007fa728235800 00007fa728235800
0x00007fa6fb63f690:   00007fa6fb63f6b0 00007fa73054e6a9
0x00007fa6fb63f6a0:   00007fa728235800 00007fa72ce0c4d8
0x00007fa6fb63f6b0:   00007fa6dc00ce50 0000000000000017
0x00007fa6fb63f6c0:   0000000000000017 00007fa728235800
0x00007fa6fb63f6d0:   00007fa6dc00e2d0 0000000000000465
0x00007fa6fb63f6e0:   0000000000000465 00007fa72ce0c4d8
0x00007fa6fb63f6f0:   0000000000000000 a8e898fcecccfe00
0x00007fa6fb63f700:   00007fa6fb63f780 00007fa72ce0c4d8
0x00007fa6fb63f710:   00007fa6fb63f780 00007fa719018407
0x00007fa6fb63f720:   00007fa6fb63f780 00007fa719018159
0x00007fa6fb63f730:   fffffffe00000000 00007fa719018122
0x00007fa6fb63f740:   00007fa6fb63f740 00007fa72ce0c4d8
0x00007fa6fb63f750:   00007fa6fb63f7b0 00007fa72ce0cc20
0x00007fa6fb63f760:   0000000000000000 00007fa72ce0c4d8
0x00007fa6fb63f770:   0000000000000000 00007fa6fb63f7a0
0x00007fa6fb63f780:   00007fa6fb63f7f8 00007fa719007ffd
0x00007fa6fb63f790:   0000000000000000 00007fa719011a58
0x00007fa6fb63f7a0:   00000000d74c25a0 00000000d74c0760
0x00007fa6fb63f7b0:   00000000d730b138 00007fa6fb63f7b8
0x00007fa6fb63f7c0:   00007fa72ce0c588 00007fa6fb63f830
0x00007fa6fb63f7d0:   00007fa72ce0cc20 0000000000000000
0x00007fa6fb63f7e0:   00007fa72ce0c628 00007fa6fb63f7a0
0x00007fa6fb63f7f0:   00007fa6fb63f818 00007fa6fb63f878
0x00007fa6fb63f800:   00007fa719007d80 00000000d74c25a0
0x00007fa6fb63f810:   00000000d74c08e0 00000000d74c07b8
0x00007fa6fb63f820:   00000000d74c0760 00000000d7101670
0x00007fa6fb63f830:   00000000d730b138 00007fa6fb63f838
0x00007fa6fb63f840:   00007fa72ce0b09d 00007fa6fb63f908 

Instructions: (pc=0x00007fa6f80c878f)
0x00007fa6f80c876f:   89 ce 48 89 c7 e8 37 d8 ff ff 48 8d 45 90 48 89
0x00007fa6f80c877f:   c7 e8 8b c7 ff ff 48 8b 05 6c a8 25 00 48 8b 00
0x00007fa6f80c878f:   48 8b 00 48 83 c0 10 48 8b 18 48 8d 55 c0 48 8d
0x00007fa6f80c879f:   45 90 48 89 d6 48 89 c7 e8 34 f8 ff ff 48 8d 55 

Register to memory mapping:

RAX=0x0000000000000000 is an unknown value
RBX={method} {0x00007fa72ce0c4d8} 'cinsert' '(Ljava/lang/String;Ljava/lang/String;)V' in 'com/yahoo/ycsb/db/LevelDbJniClientN'
RCX=0x00007fa6dc00e2c5 is an unknown value
RDX=0x00007fa6dc00e2d0 is an unknown value
RSP=0x00007fa6fb63f650 is pointing into the stack for thread: 0x00007fa728235800
RBP=0x00007fa6fb63f710 is pointing into the stack for thread: 0x00007fa728235800
RSI=0x00007fa6dc00e270 is an unknown value
RDI=0x00007fa6fb63f6a0 is pointing into the stack for thread: 0x00007fa728235800
R8 =0x00007fa6dc00e2d0 is an unknown value
R9 =0x00007fa6dc00e2c5 is an unknown value
R10=0x00007fa6dc00e2d0 is an unknown value
R11=0x0000000000000010 is an unknown value
R12=0x0000000000000000 is an unknown value
R13={method} {0x00007fa72ce0c4d8} 'cinsert' '(Ljava/lang/String;Ljava/lang/String;)V' in 'com/yahoo/ycsb/db/LevelDbJniClientN'
R14=0x00007fa6fb63f7b0 is pointing into the stack for thread: 0x00007fa728235800
R15=0x00007fa728235800 is a thread


Stack: [0x00007fa6fb540000,0x00007fa6fb641000],  sp=0x00007fa6fb63f650,  free space=1021k
Native frames: (J=compiled Java code, j=interpreted, Vv=VM code, C=native code)
C  [libClient.so+0x4b78f]  Java_com_yahoo_ycsb_db_LevelDbJniClientN_cinsert+0xe5
j  com.yahoo.ycsb.db.LevelDbJniClientN.cinsert(Ljava/lang/String;Ljava/lang/String;)V+0
j  com.yahoo.ycsb.db.LevelDbJniClientN.insert(Ljava/lang/String;Ljava/lang/String;Ljava/util/Map;)Lcom/yahoo/ycsb/Status;+24
j  com.yahoo.ycsb.DBWrapper.insert(Ljava/lang/String;Ljava/lang/String;Ljava/util/Map;)Lcom/yahoo/ycsb/Status;+37
j  com.yahoo.ycsb.workloads.CoreWorkload.doInsert(Lcom/yahoo/ycsb/DB;Ljava/lang/Object;)Z+42
j  com.yahoo.ycsb.ClientThread.run()V+226
j  java.lang.Thread.run()V+11
v  ~StubRoutines::call_stub
V  [libjvm.so+0x66701b]
V  [libjvm.so+0x6645f4]
V  [libjvm.so+0x664bd7]
V  [libjvm.so+0x6a7eb4]
V  [libjvm.so+0xa18917]
V  [libjvm.so+0xa18ddc]
V  [libjvm.so+0x8be122]
C  [libpthread.so.0+0x76ba]  start_thread+0xca

Java frames: (J=compiled Java code, j=interpreted, Vv=VM code)
j  com.yahoo.ycsb.db.LevelDbJniClientN.cinsert(Ljava/lang/String;Ljava/lang/String;)V+0
j  com.yahoo.ycsb.db.LevelDbJniClientN.insert(Ljava/lang/String;Ljava/lang/String;Ljava/util/Map;)Lcom/yahoo/ycsb/Status;+24
j  com.yahoo.ycsb.DBWrapper.insert(Ljava/lang/String;Ljava/lang/String;Ljava/util/Map;)Lcom/yahoo/ycsb/Status;+37
j  com.yahoo.ycsb.workloads.CoreWorkload.doInsert(Lcom/yahoo/ycsb/DB;Ljava/lang/Object;)Z+42
j  com.yahoo.ycsb.ClientThread.run()V+226
j  java.lang.Thread.run()V+11
v  ~StubRoutines::call_stub

---------------  P R O C E S S  ---------------

Java Threads: ( => current thread )
=>0x00007fa728235800 JavaThread "Thread-2" [_thread_in_native, id=32146, stack(0x00007fa6fb540000,0x00007fa6fb641000)]
  0x00007fa7280c8800 JavaThread "Service Thread" daemon [_thread_blocked, id=32143, stack(0x00007fa70817f000,0x00007fa708280000)]
  0x00007fa7280bd000 JavaThread "C1 CompilerThread2" daemon [_thread_blocked, id=32142, stack(0x00007fa71808e000,0x00007fa71818f000)]
  0x00007fa7280bb800 JavaThread "C2 CompilerThread1" daemon [_thread_blocked, id=32141, stack(0x00007fa71818f000,0x00007fa718290000)]
  0x00007fa7280b8800 JavaThread "C2 CompilerThread0" daemon [_thread_blocked, id=32140, stack(0x00007fa718290000,0x00007fa718391000)]
  0x00007fa7280b7000 JavaThread "Signal Dispatcher" daemon [_thread_blocked, id=32139, stack(0x00007fa718391000,0x00007fa718492000)]
  0x00007fa728085000 JavaThread "Finalizer" daemon [_thread_blocked, id=32138, stack(0x00007fa718492000,0x00007fa718593000)]
  0x00007fa728082000 JavaThread "Reference Handler" daemon [_thread_blocked, id=32137, stack(0x00007fa718593000,0x00007fa718694000)]
  0x00007fa72800b000 JavaThread "main" [_thread_blocked, id=32131, stack(0x00007fa73195f000,0x00007fa731a60000)]

Other Threads:
  0x00007fa728078800 VMThread [stack: 0x00007fa718694000,0x00007fa718795000] [id=32136]
  0x00007fa7280cb000 WatcherThread [stack: 0x00007fa70807e000,0x00007fa70817f000] [id=32144]

VM state:not at safepoint (normal execution)

VM Mutex/Monitor currently owned by a thread: None

Heap:
 PSYoungGen      total 36864K, used 5468K [0x00000000d7000000, 0x00000000d9900000, 0x0000000100000000)
  eden space 31744K, 17% used [0x00000000d7000000,0x00000000d7557388,0x00000000d8f00000)
  from space 5120K, 0% used [0x00000000d9400000,0x00000000d9400000,0x00000000d9900000)
  to   space 5120K, 0% used [0x00000000d8f00000,0x00000000d8f00000,0x00000000d9400000)
 ParOldGen       total 84992K, used 0K [0x0000000085000000, 0x000000008a300000, 0x00000000d7000000)
  object space 84992K, 0% used [0x0000000085000000,0x0000000085000000,0x000000008a300000)
 Metaspace       used 4039K, capacity 4928K, committed 5120K, reserved 1056768K
  class space    used 440K, capacity 498K, committed 512K, reserved 1048576K

Card table byte_map: [0x00007fa72dc2d000,0x00007fa72e006000] byte_map_base: 0x00007fa72d805000

Marking Bits: (ParMarkBitMap*) 0x00007fa730c29520
 Begin Bits: [0x00007fa708280000, 0x00007fa70a140000)
 End Bits:   [0x00007fa70a140000, 0x00007fa70c000000)

Polling page: 0x00007fa731a7d000

CodeCache: size=245760Kb used=1358Kb max_used=1358Kb free=244401Kb
 bounds [0x00007fa719000000, 0x00007fa719270000, 0x00007fa728000000]
 total_blobs=394 nmethods=141 adapters=168
 compilation: enabled

Compilation events (10 events):
Event: 0.080 Thread 0x00007fa7280bd000  138       3       sun.reflect.ClassFileAssembler::emitByte (11 bytes)
Event: 0.080 Thread 0x00007fa7280bd000 nmethod 138 0x00007fa7191522d0 code [0x00007fa719152440, 0x00007fa719152608]
Event: 0.080 Thread 0x00007fa7280bd000  139       3       sun.reflect.ByteVectorImpl::add (38 bytes)
Event: 0.080 Thread 0x00007fa7280bd000 nmethod 139 0x00007fa719152710 code [0x00007fa719152880, 0x00007fa719152aa8]
Event: 0.081 Thread 0x00007fa7280bd000  141       3       sun.reflect.ClassFileAssembler::emitShort (24 bytes)
Event: 0.081 Thread 0x00007fa7280bd000 nmethod 141 0x00007fa719152bd0 code [0x00007fa719152d60, 0x00007fa719153078]
Event: 0.081 Thread 0x00007fa7280bd000  142       3       sun.reflect.ClassFileAssembler::cpi (22 bytes)
Event: 0.081 Thread 0x00007fa7280bd000 nmethod 142 0x00007fa719153250 code [0x00007fa7191533c0, 0x00007fa719153608]
Event: 0.081 Thread 0x00007fa7280bd000  140       1       java.lang.Class::getClassLoader0 (5 bytes)
Event: 0.081 Thread 0x00007fa7280bd000 nmethod 140 0x00007fa7191536d0 code [0x00007fa719153820, 0x00007fa719153930]

GC Heap History (0 events):
No events

Deoptimization events (0 events):
No events

Classes redefined (0 events):
No events

Internal exceptions (10 events):
Event: 0.034 Thread 0x00007fa72800b000 Exception <a 'java/security/PrivilegedActionException'> (0x00000000d705f9b8) thrown at [/build/openjdk-8-yxDDQ4/openjdk-8-8u191-b12/src/hotspot/src/share/vm/prims/jvm.cpp, line 1435]
Event: 0.034 Thread 0x00007fa72800b000 Exception <a 'java/security/PrivilegedActionException'> (0x00000000d705fbc8) thrown at [/build/openjdk-8-yxDDQ4/openjdk-8-8u191-b12/src/hotspot/src/share/vm/prims/jvm.cpp, line 1435]
Event: 0.044 Thread 0x00007fa72800b000 Exception <a 'java/security/PrivilegedActionException'> (0x00000000d70e1c78) thrown at [/build/openjdk-8-yxDDQ4/openjdk-8-8u191-b12/src/hotspot/src/share/vm/prims/jvm.cpp, line 1435]
Event: 0.044 Thread 0x00007fa72800b000 Exception <a 'java/security/PrivilegedActionException'> (0x00000000d70e1e88) thrown at [/build/openjdk-8-yxDDQ4/openjdk-8-8u191-b12/src/hotspot/src/share/vm/prims/jvm.cpp, line 1435]
Event: 0.045 Thread 0x00007fa72800b000 Exception <a 'java/security/PrivilegedActionException'> (0x00000000d70e3f10) thrown at [/build/openjdk-8-yxDDQ4/openjdk-8-8u191-b12/src/hotspot/src/share/vm/prims/jvm.cpp, line 1435]
Event: 0.045 Thread 0x00007fa72800b000 Exception <a 'java/security/PrivilegedActionException'> (0x00000000d70e4120) thrown at [/build/openjdk-8-yxDDQ4/openjdk-8-8u191-b12/src/hotspot/src/share/vm/prims/jvm.cpp, line 1435]
Event: 0.045 Thread 0x00007fa72800b000 Exception <a 'java/security/PrivilegedActionException'> (0x00000000d70e4bf8) thrown at [/build/openjdk-8-yxDDQ4/openjdk-8-8u191-b12/src/hotspot/src/share/vm/prims/jvm.cpp, line 1435]
Event: 0.045 Thread 0x00007fa72800b000 Exception <a 'java/security/PrivilegedActionException'> (0x00000000d70e4e08) thrown at [/build/openjdk-8-yxDDQ4/openjdk-8-8u191-b12/src/hotspot/src/share/vm/prims/jvm.cpp, line 1435]
Event: 0.060 Thread 0x00007fa72800b000 Exception <a 'java/lang/NoClassDefFoundError': org/apache/log4j/Category> (0x00000000d727e100) thrown at [/build/openjdk-8-yxDDQ4/openjdk-8-8u191-b12/src/hotspot/src/share/vm/classfile/systemDictionary.cpp, line 199]
Event: 0.073 Thread 0x00007fa7281b8000 Exception <a 'java/lang/InterruptedException': sleep interrupted> (0x00000000d7419c58) thrown at [/build/openjdk-8-yxDDQ4/openjdk-8-8u191-b12/src/hotspot/src/share/vm/prims/jvm.cpp, line 3273]

Events (10 events):
Event: 0.081 loading class java/lang/CloneNotSupportedException
Event: 0.081 loading class java/lang/CloneNotSupportedException done
Event: 0.081 loading class java/io/ObjectStreamClass$FieldReflectorKey
Event: 0.081 loading class java/io/ObjectStreamClass$FieldReflectorKey done
Event: 0.081 loading class java/io/ObjectStreamClass$FieldReflector
Event: 0.081 loading class java/io/ObjectStreamClass$FieldReflector done
Event: 0.081 loading class java/io/ObjectStreamClass$ClassDataSlot
Event: 0.081 loading class java/io/ObjectStreamClass$ClassDataSlot done
Event: 0.081 loading class java/io/SerialCallbackContext
Event: 0.081 loading class java/io/SerialCallbackContext done


Dynamic libraries:
00400000-00401000 r-xp 00000000 08:02 58724940                           /usr/lib/jvm/java-8-openjdk-amd64/jre/bin/java
00600000-00601000 r--p 00000000 08:02 58724940                           /usr/lib/jvm/java-8-openjdk-amd64/jre/bin/java
00601000-00602000 rw-p 00001000 08:02 58724940                           /usr/lib/jvm/java-8-openjdk-amd64/jre/bin/java
00d81000-00da2000 rw-p 00000000 00:00 0                                  [heap]
85000000-8a300000 rw-p 00000000 00:00 0 
8a300000-d7000000 ---p 00000000 00:00 0 
d7000000-d9900000 rw-p 00000000 00:00 0 
d9900000-100000000 ---p 00000000 00:00 0 
100000000-100080000 rw-p 00000000 00:00 0 
100080000-140000000 ---p 00000000 00:00 0 
7fa6d8000000-7fa6d8021000 rw-p 00000000 00:00 0 
7fa6d8021000-7fa6dc000000 ---p 00000000 00:00 0 
7fa6dc000000-7fa6dc022000 rw-p 00000000 00:00 0 
7fa6dc022000-7fa6e0000000 ---p 00000000 00:00 0 
7fa6e0000000-7fa6e014a000 rw-p 00000000 00:00 0 
7fa6e014a000-7fa6e4000000 ---p 00000000 00:00 0 
7fa6e4000000-7fa6e4021000 rw-p 00000000 00:00 0 
7fa6e4021000-7fa6e8000000 ---p 00000000 00:00 0 
7fa6e8000000-7fa6e8056000 rw-p 00000000 00:00 0 
7fa6e8056000-7fa6ec000000 ---p 00000000 00:00 0 
7fa6ec000000-7fa6ec021000 rw-p 00000000 00:00 0 
7fa6ec021000-7fa6f0000000 ---p 00000000 00:00 0 
7fa6f0000000-7fa6f0021000 rw-p 00000000 00:00 0 
7fa6f0021000-7fa6f4000000 ---p 00000000 00:00 0 
7fa6f4000000-7fa6f4021000 rw-p 00000000 00:00 0 
7fa6f4021000-7fa6f8000000 ---p 00000000 00:00 0 
7fa6f807d000-7fa6f8122000 r-xp 00000000 08:02 58468709                   /usr/lib/libClient.so
7fa6f8122000-7fa6f8321000 ---p 000a5000 08:02 58468709                   /usr/lib/libClient.so
7fa6f8321000-7fa6f8323000 r--p 000a4000 08:02 58468709                   /usr/lib/libClient.so
7fa6f8323000-7fa6f8327000 rw-p 000a6000 08:02 58468709                   /usr/lib/libClient.so
7fa6f8327000-7fa6fb328000 rw-p 00000000 00:00 0 
7fa6fb328000-7fa6fb33f000 r-xp 00000000 08:02 59114481                   /usr/lib/jvm/java-8-openjdk-amd64/jre/lib/amd64/libnet.so
7fa6fb33f000-7fa6fb53e000 ---p 00017000 08:02 59114481                   /usr/lib/jvm/java-8-openjdk-amd64/jre/lib/amd64/libnet.so
7fa6fb53e000-7fa6fb53f000 r--p 00016000 08:02 59114481                   /usr/lib/jvm/java-8-openjdk-amd64/jre/lib/amd64/libnet.so
7fa6fb53f000-7fa6fb540000 rw-p 00017000 08:02 59114481                   /usr/lib/jvm/java-8-openjdk-amd64/jre/lib/amd64/libnet.so
7fa6fb540000-7fa6fb543000 ---p 00000000 00:00 0 
7fa6fb543000-7fa6fb641000 rw-p 00000000 00:00 0 
7fa6fb641000-7fa6fc000000 r--p 00000000 08:02 58465142                   /usr/lib/locale/locale-archive
7fa6fc000000-7fa6fc021000 rw-p 00000000 00:00 0 
7fa6fc021000-7fa700000000 ---p 00000000 00:00 0 
7fa700000000-7fa700021000 rw-p 00000000 00:00 0 
7fa700021000-7fa704000000 ---p 00000000 00:00 0 
7fa704000000-7fa704021000 rw-p 00000000 00:00 0 
7fa704021000-7fa708000000 ---p 00000000 00:00 0 
7fa70807e000-7fa70807f000 ---p 00000000 00:00 0 
7fa70807f000-7fa70817f000 rw-p 00000000 00:00 0 
7fa70817f000-7fa708182000 ---p 00000000 00:00 0 
7fa708182000-7fa70c000000 rw-p 00000000 00:00 0 
7fa70c000000-7fa70c021000 rw-p 00000000 00:00 0 
7fa70c021000-7fa710000000 ---p 00000000 00:00 0 
7fa710000000-7fa710021000 rw-p 00000000 00:00 0 
7fa710021000-7fa714000000 ---p 00000000 00:00 0 
7fa714000000-7fa714021000 rw-p 00000000 00:00 0 
7fa714021000-7fa718000000 ---p 00000000 00:00 0 
7fa718004000-7fa71800b000 r--s 00000000 08:02 58723059                   /usr/lib/x86_64-linux-gnu/gconv/gconv-modules.cache
7fa71800b000-7fa71802c000 r--p 00000000 08:02 60426984                   /usr/share/locale-langpack/zh_CN/LC_MESSAGES/libc.mo
7fa71802c000-7fa718030000 r--s 00034000 08:02 20579538                   /home/daniel/.m2/repository/org/codehaus/jackson/jackson-core-asl/1.9.4/jackson-core-asl-1.9.4.jar
7fa718030000-7fa71803e000 r--s 000b0000 08:02 20579536                   /home/daniel/.m2/repository/org/codehaus/jackson/jackson-mapper-asl/1.9.4/jackson-mapper-asl-1.9.4.jar
7fa71803e000-7fa718058000 r--s 00155000 08:02 20579534                   /home/daniel/.m2/repository/org/apache/htrace/htrace-core4/4.1.0-incubating/htrace-core4-4.1.0-incubating.jar
7fa718058000-7fa718073000 r--s 00394000 08:02 58989281                   /usr/lib/jvm/java-8-openjdk-amd64/jre/lib/ext/cldrdata.jar
7fa718073000-7fa71808e000 r--s 001d6000 08:02 58983853                   /usr/lib/jvm/java-8-openjdk-amd64/jre/lib/ext/nashorn.jar
7fa71808e000-7fa718091000 ---p 00000000 00:00 0 
7fa718091000-7fa71818f000 rw-p 00000000 00:00 0 
7fa71818f000-7fa718192000 ---p 00000000 00:00 0 
7fa718192000-7fa718290000 rw-p 00000000 00:00 0 
7fa718290000-7fa718293000 ---p 00000000 00:00 0 
7fa718293000-7fa718391000 rw-p 00000000 00:00 0 
7fa718391000-7fa718394000 ---p 00000000 00:00 0 
7fa718394000-7fa718492000 rw-p 00000000 00:00 0 
7fa718492000-7fa718495000 ---p 00000000 00:00 0 
7fa718495000-7fa718593000 rw-p 00000000 00:00 0 
7fa718593000-7fa718596000 ---p 00000000 00:00 0 
7fa718596000-7fa718694000 rw-p 00000000 00:00 0 
7fa718694000-7fa718695000 ---p 00000000 00:00 0 
7fa718695000-7fa719000000 rw-p 00000000 00:00 0 
7fa719000000-7fa719270000 rwxp 00000000 00:00 0 
7fa719270000-7fa728000000 ---p 00000000 00:00 0 
7fa728000000-7fa728257000 rw-p 00000000 00:00 0 
7fa728257000-7fa72c000000 ---p 00000000 00:00 0 
7fa72c000000-7fa72c003000 r--s 00017000 08:02 20579546                   /home/daniel/.m2/repository/org/hdrhistogram/HdrHistogram/2.1.4/HdrHistogram-2.1.4.jar
7fa72c003000-7fa72c006000 r--s 00021000 08:02 20579959                   /home/daniel/projects/YCSB/core/target/core-0.16.0-SNAPSHOT.jar
7fa72c006000-7fa72c77c000 rw-p 00000000 00:00 0 
7fa72c77c000-7fa72c94b000 r--s 03c33000 08:02 58851570                   /usr/lib/jvm/java-8-openjdk-amd64/jre/lib/rt.jar
7fa72c94b000-7fa72ce41000 rw-p 00000000 00:00 0 
7fa72ce41000-7fa72d1c1000 ---p 00000000 00:00 0 
7fa72d1c1000-7fa72d599000 rw-p 00000000 00:00 0 
7fa72d599000-7fa72d59a000 ---p 00000000 00:00 0 
7fa72d59a000-7fa72d69a000 rw-p 00000000 00:00 0 
7fa72d69a000-7fa72d69b000 ---p 00000000 00:00 0 
7fa72d69b000-7fa72d79b000 rw-p 00000000 00:00 0 
7fa72d79b000-7fa72d79c000 ---p 00000000 00:00 0 
7fa72d79c000-7fa72d89c000 rw-p 00000000 00:00 0 
7fa72d89c000-7fa72d89d000 ---p 00000000 00:00 0 
7fa72d89d000-7fa72d9c7000 rw-p 00000000 00:00 0 
7fa72d9c7000-7fa72dc2d000 ---p 00000000 00:00 0 
7fa72dc2d000-7fa72dc57000 rw-p 00000000 00:00 0 
7fa72dc57000-7fa72debd000 ---p 00000000 00:00 0 
7fa72debd000-7fa72ded2000 rw-p 00000000 00:00 0 
7fa72ded2000-7fa72e005000 ---p 00000000 00:00 0 
7fa72e005000-7fa72e010000 rw-p 00000000 00:00 0 
7fa72e010000-7fa72e3c6000 ---p 00000000 00:00 0 
7fa72e3c6000-7fa72e3ce000 r-xp 00000000 08:02 59114477                   /usr/lib/jvm/java-8-openjdk-amd64/jre/lib/amd64/libzip.so
7fa72e3ce000-7fa72e5cd000 ---p 00008000 08:02 59114477                   /usr/lib/jvm/java-8-openjdk-amd64/jre/lib/amd64/libzip.so
7fa72e5cd000-7fa72e5ce000 r--p 00007000 08:02 59114477                   /usr/lib/jvm/java-8-openjdk-amd64/jre/lib/amd64/libzip.so
7fa72e5ce000-7fa72e5cf000 rw-p 00008000 08:02 59114477                   /usr/lib/jvm/java-8-openjdk-amd64/jre/lib/amd64/libzip.so
7fa72e5cf000-7fa72e5da000 r-xp 00000000 08:02 29364881                   /lib/x86_64-linux-gnu/libnss_files-2.23.so
7fa72e5da000-7fa72e7d9000 ---p 0000b000 08:02 29364881                   /lib/x86_64-linux-gnu/libnss_files-2.23.so
7fa72e7d9000-7fa72e7da000 r--p 0000a000 08:02 29364881                   /lib/x86_64-linux-gnu/libnss_files-2.23.so
7fa72e7da000-7fa72e7db000 rw-p 0000b000 08:02 29364881                   /lib/x86_64-linux-gnu/libnss_files-2.23.so
7fa72e7db000-7fa72e7e1000 rw-p 00000000 00:00 0 
7fa72e7e1000-7fa72e7ec000 r-xp 00000000 08:02 29364891                   /lib/x86_64-linux-gnu/libnss_nis-2.23.so
7fa72e7ec000-7fa72e9eb000 ---p 0000b000 08:02 29364891                   /lib/x86_64-linux-gnu/libnss_nis-2.23.so
7fa72e9eb000-7fa72e9ec000 r--p 0000a000 08:02 29364891                   /lib/x86_64-linux-gnu/libnss_nis-2.23.so
7fa72e9ec000-7fa72e9ed000 rw-p 0000b000 08:02 29364891                   /lib/x86_64-linux-gnu/libnss_nis-2.23.so
7fa72e9ed000-7fa72ea03000 r-xp 00000000 08:02 29364875                   /lib/x86_64-linux-gnu/libnsl-2.23.so
7fa72ea03000-7fa72ec02000 ---p 00016000 08:02 29364875                   /lib/x86_64-linux-gnu/libnsl-2.23.so
7fa72ec02000-7fa72ec03000 r--p 00015000 08:02 29364875                   /lib/x86_64-linux-gnu/libnsl-2.23.so
7fa72ec03000-7fa72ec04000 rw-p 00016000 08:02 29364875                   /lib/x86_64-linux-gnu/libnsl-2.23.so
7fa72ec04000-7fa72ec06000 rw-p 00000000 00:00 0 
7fa72ec06000-7fa72ec0e000 r-xp 00000000 08:02 29364877                   /lib/x86_64-linux-gnu/libnss_compat-2.23.so
7fa72ec0e000-7fa72ee0d000 ---p 00008000 08:02 29364877                   /lib/x86_64-linux-gnu/libnss_compat-2.23.so
7fa72ee0d000-7fa72ee0e000 r--p 00007000 08:02 29364877                   /lib/x86_64-linux-gnu/libnss_compat-2.23.so
7fa72ee0e000-7fa72ee0f000 rw-p 00008000 08:02 29364877                   /lib/x86_64-linux-gnu/libnss_compat-2.23.so
7fa72ee0f000-7fa72ee3c000 r-xp 00000000 08:02 59114482                   /usr/lib/jvm/java-8-openjdk-amd64/jre/lib/amd64/libjava.so
7fa72ee3c000-7fa72f03b000 ---p 0002d000 08:02 59114482                   /usr/lib/jvm/java-8-openjdk-amd64/jre/lib/amd64/libjava.so
7fa72f03b000-7fa72f03c000 r--p 0002c000 08:02 59114482                   /usr/lib/jvm/java-8-openjdk-amd64/jre/lib/amd64/libjava.so
7fa72f03c000-7fa72f03e000 rw-p 0002d000 08:02 59114482                   /usr/lib/jvm/java-8-openjdk-amd64/jre/lib/amd64/libjava.so
7fa72f03e000-7fa72f04d000 r-xp 00000000 08:02 59114464                   /usr/lib/jvm/java-8-openjdk-amd64/jre/lib/amd64/libverify.so
7fa72f04d000-7fa72f24c000 ---p 0000f000 08:02 59114464                   /usr/lib/jvm/java-8-openjdk-amd64/jre/lib/amd64/libverify.so
7fa72f24c000-7fa72f24e000 r--p 0000e000 08:02 59114464                   /usr/lib/jvm/java-8-openjdk-amd64/jre/lib/amd64/libverify.so
7fa72f24e000-7fa72f24f000 rw-p 00010000 08:02 59114464                   /usr/lib/jvm/java-8-openjdk-amd64/jre/lib/amd64/libverify.so
7fa72f24f000-7fa72f256000 r-xp 00000000 08:02 29364936                   /lib/x86_64-linux-gnu/librt-2.23.so
7fa72f256000-7fa72f455000 ---p 00007000 08:02 29364936                   /lib/x86_64-linux-gnu/librt-2.23.so
7fa72f455000-7fa72f456000 r--p 00006000 08:02 29364936                   /lib/x86_64-linux-gnu/librt-2.23.so
7fa72f456000-7fa72f457000 rw-p 00007000 08:02 29364936                   /lib/x86_64-linux-gnu/librt-2.23.so
7fa72f457000-7fa72f46d000 r-xp 00000000 08:02 29364820                   /lib/x86_64-linux-gnu/libgcc_s.so.1
7fa72f46d000-7fa72f66c000 ---p 00016000 08:02 29364820                   /lib/x86_64-linux-gnu/libgcc_s.so.1
7fa72f66c000-7fa72f66d000 rw-p 00015000 08:02 29364820                   /lib/x86_64-linux-gnu/libgcc_s.so.1
7fa72f66d000-7fa72f775000 r-xp 00000000 08:02 29364852                   /lib/x86_64-linux-gnu/libm-2.23.so
7fa72f775000-7fa72f974000 ---p 00108000 08:02 29364852                   /lib/x86_64-linux-gnu/libm-2.23.so
7fa72f974000-7fa72f975000 r--p 00107000 08:02 29364852                   /lib/x86_64-linux-gnu/libm-2.23.so
7fa72f975000-7fa72f976000 rw-p 00108000 08:02 29364852                   /lib/x86_64-linux-gnu/libm-2.23.so
7fa72f976000-7fa72fae8000 r-xp 00000000 08:02 58458300                   /usr/lib/x86_64-linux-gnu/libstdc++.so.6.0.21
7fa72fae8000-7fa72fce8000 ---p 00172000 08:02 58458300                   /usr/lib/x86_64-linux-gnu/libstdc++.so.6.0.21
7fa72fce8000-7fa72fcf2000 r--p 00172000 08:02 58458300                   /usr/lib/x86_64-linux-gnu/libstdc++.so.6.0.21
7fa72fcf2000-7fa72fcf4000 rw-p 0017c000 08:02 58458300                   /usr/lib/x86_64-linux-gnu/libstdc++.so.6.0.21
7fa72fcf4000-7fa72fcf8000 rw-p 00000000 00:00 0 
7fa72fcf8000-7fa730959000 r-xp 00000000 08:02 59114458                   /usr/lib/jvm/java-8-openjdk-amd64/jre/lib/amd64/server/libjvm.so
7fa730959000-7fa730b59000 ---p 00c61000 08:02 59114458                   /usr/lib/jvm/java-8-openjdk-amd64/jre/lib/amd64/server/libjvm.so
7fa730b59000-7fa730bed000 r--p 00c61000 08:02 59114458                   /usr/lib/jvm/java-8-openjdk-amd64/jre/lib/amd64/server/libjvm.so
7fa730bed000-7fa730c16000 rw-p 00cf5000 08:02 59114458                   /usr/lib/jvm/java-8-openjdk-amd64/jre/lib/amd64/server/libjvm.so
7fa730c16000-7fa730c46000 rw-p 00000000 00:00 0 
7fa730c46000-7fa730c5e000 r-xp 00000000 08:02 29364928                   /lib/x86_64-linux-gnu/libpthread-2.23.so
7fa730c5e000-7fa730e5d000 ---p 00018000 08:02 29364928                   /lib/x86_64-linux-gnu/libpthread-2.23.so
7fa730e5d000-7fa730e5e000 r--p 00017000 08:02 29364928                   /lib/x86_64-linux-gnu/libpthread-2.23.so
7fa730e5e000-7fa730e5f000 rw-p 00018000 08:02 29364928                   /lib/x86_64-linux-gnu/libpthread-2.23.so
7fa730e5f000-7fa730e63000 rw-p 00000000 00:00 0 
7fa730e63000-7fa730e66000 r-xp 00000000 08:02 29364806                   /lib/x86_64-linux-gnu/libdl-2.23.so
7fa730e66000-7fa731065000 ---p 00003000 08:02 29364806                   /lib/x86_64-linux-gnu/libdl-2.23.so
7fa731065000-7fa731066000 r--p 00002000 08:02 29364806                   /lib/x86_64-linux-gnu/libdl-2.23.so
7fa731066000-7fa731067000 rw-p 00003000 08:02 29364806                   /lib/x86_64-linux-gnu/libdl-2.23.so
7fa731067000-7fa731080000 r-xp 00000000 08:02 29364973                   /lib/x86_64-linux-gnu/libz.so.1.2.8
7fa731080000-7fa73127f000 ---p 00019000 08:02 29364973                   /lib/x86_64-linux-gnu/libz.so.1.2.8
7fa73127f000-7fa731280000 r--p 00018000 08:02 29364973                   /lib/x86_64-linux-gnu/libz.so.1.2.8
7fa731280000-7fa731281000 rw-p 00019000 08:02 29364973                   /lib/x86_64-linux-gnu/libz.so.1.2.8
7fa731281000-7fa731441000 r-xp 00000000 08:02 29364782                   /lib/x86_64-linux-gnu/libc-2.23.so
7fa731441000-7fa731641000 ---p 001c0000 08:02 29364782                   /lib/x86_64-linux-gnu/libc-2.23.so
7fa731641000-7fa731645000 r--p 001c0000 08:02 29364782                   /lib/x86_64-linux-gnu/libc-2.23.so
7fa731645000-7fa731647000 rw-p 001c4000 08:02 29364782                   /lib/x86_64-linux-gnu/libc-2.23.so
7fa731647000-7fa73164b000 rw-p 00000000 00:00 0 
7fa73164b000-7fa731658000 r-xp 00000000 08:02 59247190                   /usr/lib/jvm/java-8-openjdk-amd64/jre/lib/amd64/jli/libjli.so
7fa731658000-7fa731858000 ---p 0000d000 08:02 59247190                   /usr/lib/jvm/java-8-openjdk-amd64/jre/lib/amd64/jli/libjli.so
7fa731858000-7fa731859000 r--p 0000d000 08:02 59247190                   /usr/lib/jvm/java-8-openjdk-amd64/jre/lib/amd64/jli/libjli.so
7fa731859000-7fa73185a000 rw-p 0000e000 08:02 59247190                   /usr/lib/jvm/java-8-openjdk-amd64/jre/lib/amd64/jli/libjli.so
7fa73185a000-7fa731880000 r-xp 00000000 08:02 29364754                   /lib/x86_64-linux-gnu/ld-2.23.so
7fa731880000-7fa731882000 r--s 00001000 08:02 20317416                   /home/daniel/projects/YCSB/leveldbjnin/lib/leveldb-api-0.6.jar
7fa731882000-7fa731883000 r--s 00040000 08:02 20317418                   /home/daniel/projects/YCSB/leveldbjnin/lib/leveldbjni-linux64-1.1.jar
7fa731883000-7fa731885000 r--s 0000b000 08:02 20317417                   /home/daniel/projects/YCSB/leveldbjnin/lib/leveldbjni-1.1.jar
7fa731885000-7fa731887000 r--s 00001000 08:02 20580099                   /home/daniel/projects/YCSB/leveldbjnin/target/leveldbjnin-binding-0.16.0-SNAPSHOT.jar
7fa731887000-7fa73188a000 r--s 0000f000 08:02 58983506                   /usr/lib/jvm/java-8-openjdk-amd64/jre/lib/ext/icedtea-sound.jar
7fa73188a000-7fa731894000 r--s 00116000 08:02 58983505                   /usr/lib/jvm/java-8-openjdk-amd64/jre/lib/ext/localedata.jar
7fa731894000-7fa73195f000 rw-p 00000000 00:00 0 
7fa73195f000-7fa731962000 ---p 00000000 00:00 0 
7fa731962000-7fa731a64000 rw-p 00000000 00:00 0 
7fa731a64000-7fa731a65000 r--s 00004000 08:02 20580077                   /home/daniel/.m2/repository/org/fusesource/hawtjni/hawtjni-runtime/1.9/hawtjni-runtime-1.9.jar
7fa731a65000-7fa731a68000 r--s 00038000 08:02 58989301                   /usr/lib/jvm/java-8-openjdk-amd64/jre/lib/ext/sunpkcs11.jar
7fa731a68000-7fa731a69000 r--s 00010000 08:02 58989304                   /usr/lib/jvm/java-8-openjdk-amd64/jre/lib/ext/zipfs.jar
7fa731a69000-7fa731a6b000 r--s 00008000 08:02 58989283                   /usr/lib/jvm/java-8-openjdk-amd64/jre/lib/ext/sunec.jar
7fa731a6b000-7fa731a6d000 r--s 00001000 08:02 58989316                   /usr/lib/jvm/java-8-openjdk-amd64/jre/lib/ext/dnsns.jar
7fa731a6d000-7fa731a73000 r--s 0003b000 08:02 58989282                   /usr/lib/jvm/java-8-openjdk-amd64/jre/lib/ext/sunjce_provider.jar
7fa731a73000-7fa731a74000 r--s 0000a000 08:02 58989284                   /usr/lib/jvm/java-8-openjdk-amd64/jre/lib/ext/jaccess.jar
7fa731a74000-7fa731a7c000 rw-s 00000000 08:02 39584826                   /tmp/hsperfdata_daniel/32130
7fa731a7c000-7fa731a7d000 rw-p 00000000 00:00 0 
7fa731a7d000-7fa731a7e000 r--p 00000000 00:00 0 
7fa731a7e000-7fa731a7f000 rw-p 00000000 00:00 0 
7fa731a7f000-7fa731a80000 r--p 00025000 08:02 29364754                   /lib/x86_64-linux-gnu/ld-2.23.so
7fa731a80000-7fa731a81000 rw-p 00026000 08:02 29364754                   /lib/x86_64-linux-gnu/ld-2.23.so
7fa731a81000-7fa731a82000 rw-p 00000000 00:00 0 
7ffff5853000-7ffff5875000 rw-p 00000000 00:00 0                          [stack]
7ffff590c000-7ffff590f000 r--p 00000000 00:00 0                          [vvar]
7ffff590f000-7ffff5911000 r-xp 00000000 00:00 0                          [vdso]
ffffffffff600000-ffffffffff601000 r-xp 00000000 00:00 0                  [vsyscall]

VM Arguments:
java_command: com.yahoo.ycsb.Client -db com.yahoo.ycsb.db.LevelDbJniClientN -P workloads/workloada -load
java_class_path (initial): /home/daniel/projects/YCSB/leveldbjnin/conf:/home/daniel/projects/YCSB/leveldbjnin/target/leveldbjnin-binding-0.16.0-SNAPSHOT.jar:/home/daniel/.m2/repository/org/apache/htrace/htrace-core4/4.1.0-incubating/htrace-core4-4.1.0-incubating.jar:/home/daniel/projects/YCSB/leveldbjnin/lib/leveldbjni-1.1.jar:/home/daniel/.m2/repository/org/fusesource/hawtjni/hawtjni-runtime/1.9/hawtjni-runtime-1.9.jar:/home/daniel/projects/YCSB/leveldbjnin/lib/leveldbjni-linux64-1.1.jar:/home/daniel/projects/YCSB/core/target/core-0.16.0-SNAPSHOT.jar:/home/daniel/.m2/repository/org/hdrhistogram/HdrHistogram/2.1.4/HdrHistogram-2.1.4.jar:/home/daniel/.m2/repository/org/codehaus/jackson/jackson-mapper-asl/1.9.4/jackson-mapper-asl-1.9.4.jar:/home/daniel/projects/YCSB/leveldbjnin/lib/leveldb-api-0.6.jar:/home/daniel/.m2/repository/org/codehaus/jackson/jackson-core-asl/1.9.4/jackson-core-asl-1.9.4.jar
Launcher Type: SUN_STANDARD

Environment Variables:
PATH=/home/daniel/bin:/home/daniel/.local/bin:/usr/local/sbin:/usr/local/bin:/usr/sbin:/usr/bin:/sbin:/bin:/usr/games:/usr/local/games:/snap/bin
SHELL=/bin/bash
DISPLAY=:0

Signal Handlers:
SIGSEGV: [libjvm.so+0xa74e00], sa_mask[0]=11111111011111111101111111111110, sa_flags=SA_RESTART|SA_SIGINFO
SIGBUS: [libjvm.so+0xa74e00], sa_mask[0]=11111111011111111101111111111110, sa_flags=SA_RESTART|SA_SIGINFO
SIGFPE: [libjvm.so+0x8bbe10], sa_mask[0]=11111111011111111101111111111110, sa_flags=SA_RESTART|SA_SIGINFO
SIGPIPE: [libjvm.so+0x8bbe10], sa_mask[0]=11111111011111111101111111111110, sa_flags=SA_RESTART|SA_SIGINFO
SIGXFSZ: [libjvm.so+0x8bbe10], sa_mask[0]=11111111011111111101111111111110, sa_flags=SA_RESTART|SA_SIGINFO
SIGILL: [libjvm.so+0x8bbe10], sa_mask[0]=11111111011111111101111111111110, sa_flags=SA_RESTART|SA_SIGINFO
SIGUSR1: SIG_DFL, sa_mask[0]=00000000000000000000000000000000, sa_flags=none
SIGUSR2: [libjvm.so+0x8bbcc0], sa_mask[0]=00000000000000000000000000000000, sa_flags=SA_RESTART|SA_SIGINFO
SIGHUP: [libjvm.so+0x8bc350], sa_mask[0]=11111111011111111101111111111110, sa_flags=SA_RESTART|SA_SIGINFO
SIGINT: [libjvm.so+0x8bc350], sa_mask[0]=11111111011111111101111111111110, sa_flags=SA_RESTART|SA_SIGINFO
SIGTERM: [libjvm.so+0x8bc350], sa_mask[0]=11111111011111111101111111111110, sa_flags=SA_RESTART|SA_SIGINFO
SIGQUIT: [libjvm.so+0x8bc350], sa_mask[0]=11111111011111111101111111111110, sa_flags=SA_RESTART|SA_SIGINFO


---------------  S Y S T E M  ---------------

OS:DISTRIB_ID=Ubuntu
DISTRIB_RELEASE=16.04
DISTRIB_CODENAME=xenial
DISTRIB_DESCRIPTION="Ubuntu 16.04.5 LTS"

uname:Linux 4.15.0-43-generic #46~16.04.1-Ubuntu SMP Fri Dec 7 13:31:08 UTC 2018 x86_64
libc:glibc 2.23 NPTL 2.23 
rlimit: STACK 8192k, CORE 0k, NPROC 30941, NOFILE 1048576, AS infinity
load average:0.97 0.77 0.96

/proc/meminfo:
MemTotal:        8057236 kB
MemFree:          605848 kB
MemAvailable:    2247716 kB
Buffers:           93808 kB
Cached:          2357916 kB
SwapCached:         3408 kB
Active:          4994208 kB
Inactive:        2124580 kB
Active(anon):    4306440 kB
Inactive(anon):   993624 kB
Active(file):     687768 kB
Inactive(file):  1130956 kB
Unevictable:          80 kB
Mlocked:              80 kB
SwapTotal:       1000444 kB
SwapFree:         760316 kB
Dirty:             11800 kB
Writeback:             0 kB
AnonPages:       4665140 kB
Mapped:           573932 kB
Shmem:            646720 kB
Slab:             169012 kB
SReclaimable:      95056 kB
SUnreclaim:        73956 kB
KernelStack:       15944 kB
PageTables:        80152 kB
NFS_Unstable:          0 kB
Bounce:                0 kB
WritebackTmp:          0 kB
CommitLimit:     5029060 kB
Committed_AS:   14258700 kB
VmallocTotal:   34359738367 kB
VmallocUsed:           0 kB
VmallocChunk:          0 kB
HardwareCorrupted:     0 kB
AnonHugePages:         0 kB
ShmemHugePages:        0 kB
ShmemPmdMapped:        0 kB
CmaTotal:              0 kB
CmaFree:               0 kB
HugePages_Total:       0
HugePages_Free:        0
HugePages_Rsvd:        0
HugePages_Surp:        0
Hugepagesize:       2048 kB
DirectMap4k:      429676 kB
DirectMap2M:     7849984 kB
DirectMap1G:           0 kB

container (cgroup) information:
container_type: cgroupv1
cpu_cpuset_cpus: 0-3
cpu_memory_nodes: 0
active_processor_count: 4
cpu_quota: -1
cpu_period: 100000
cpu_shares: -1
memory_limit_in_bytes: -1
memory_and_swap_limit_in_bytes: -2
memory_soft_limit_in_bytes: -1
memory_usage_in_bytes: 7288975360
memory_max_usage_in_bytes: 35209216


CPU:total 4 (initial active 4) (4 cores per cpu, 1 threads per core) family 6 model 158 stepping 9, cmov, cx8, fxsr, mmx, sse, sse2, sse3, ssse3, sse4.1, sse4.2, popcnt, avx, avx2, aes, clmul, erms, rtm, 3dnowpref, lzcnt, tsc, tscinvbit, bmi1, bmi2, adx

/proc/cpuinfo:
processor	: 0
vendor_id	: GenuineIntel
cpu family	: 6
model		: 158
model name	: Intel(R) Core(TM) i5-7500 CPU @ 3.40GHz
stepping	: 9
microcode	: 0x8e
cpu MHz		: 3600.133
cache size	: 6144 KB
physical id	: 0
siblings	: 4
core id		: 0
cpu cores	: 4
apicid		: 0
initial apicid	: 0
fpu		: yes
fpu_exception	: yes
cpuid level	: 22
wp		: yes
flags		: fpu vme de pse tsc msr pae mce cx8 apic sep mtrr pge mca cmov pat pse36 clflush dts acpi mmx fxsr sse sse2 ss ht tm pbe syscall nx pdpe1gb rdtscp lm constant_tsc art arch_perfmon pebs bts rep_good nopl xtopology nonstop_tsc cpuid aperfmperf tsc_known_freq pni pclmulqdq dtes64 monitor ds_cpl vmx smx est tm2 ssse3 sdbg fma cx16 xtpr pdcm pcid sse4_1 sse4_2 x2apic movbe popcnt tsc_deadline_timer aes xsave avx f16c rdrand lahf_lm abm 3dnowprefetch cpuid_fault invpcid_single pti ssbd ibrs ibpb stibp tpr_shadow vnmi flexpriority ept vpid fsgsbase tsc_adjust bmi1 hle avx2 smep bmi2 erms invpcid rtm mpx rdseed adx smap clflushopt intel_pt xsaveopt xsavec xgetbv1 xsaves dtherm ida arat pln pts hwp hwp_notify hwp_act_window hwp_epp flush_l1d
bugs		: cpu_meltdown spectre_v1 spectre_v2 spec_store_bypass l1tf
bogomips	: 6816.00
clflush size	: 64
cache_alignment	: 64
address sizes	: 39 bits physical, 48 bits virtual
power management:

processor	: 1
vendor_id	: GenuineIntel
cpu family	: 6
model		: 158
model name	: Intel(R) Core(TM) i5-7500 CPU @ 3.40GHz
stepping	: 9
microcode	: 0x8e
cpu MHz		: 3600.023
cache size	: 6144 KB
physical id	: 0
siblings	: 4
core id		: 1
cpu cores	: 4
apicid		: 2
initial apicid	: 2
fpu		: yes
fpu_exception	: yes
cpuid level	: 22
wp		: yes
flags		: fpu vme de pse tsc msr pae mce cx8 apic sep mtrr pge mca cmov pat pse36 clflush dts acpi mmx fxsr sse sse2 ss ht tm pbe syscall nx pdpe1gb rdtscp lm constant_tsc art arch_perfmon pebs bts rep_good nopl xtopology nonstop_tsc cpuid aperfmperf tsc_known_freq pni pclmulqdq dtes64 monitor ds_cpl vmx smx est tm2 ssse3 sdbg fma cx16 xtpr pdcm pcid sse4_1 sse4_2 x2apic movbe popcnt tsc_deadline_timer aes xsave avx f16c rdrand lahf_lm abm 3dnowprefetch cpuid_fault invpcid_single pti ssbd ibrs ibpb stibp tpr_shadow vnmi flexpriority ept vpid fsgsbase tsc_adjust bmi1 hle avx2 smep bmi2 erms invpcid rtm mpx rdseed adx smap clflushopt intel_pt xsaveopt xsavec xgetbv1 xsaves dtherm ida arat pln pts hwp hwp_notify hwp_act_window hwp_epp flush_l1d
bugs		: cpu_meltdown spectre_v1 spectre_v2 spec_store_bypass l1tf
bogomips	: 6816.00
clflush size	: 64
cache_alignment	: 64
address sizes	: 39 bits physical, 48 bits virtual
power management:

processor	: 2
vendor_id	: GenuineIntel
cpu family	: 6
model		: 158
model name	: Intel(R) Core(TM) i5-7500 CPU @ 3.40GHz
stepping	: 9
microcode	: 0x8e
cpu MHz		: 3600.143
cache size	: 6144 KB
physical id	: 0
siblings	: 4
core id		: 2
cpu cores	: 4
apicid		: 4
initial apicid	: 4
fpu		: yes
fpu_exception	: yes
cpuid level	: 22
wp		: yes
flags		: fpu vme de pse tsc msr pae mce cx8 apic sep mtrr pge mca cmov pat pse36 clflush dts acpi mmx fxsr sse sse2 ss ht tm pbe syscall nx pdpe1gb rdtscp lm constant_tsc art arch_perfmon pebs bts rep_good nopl xtopology nonstop_tsc cpuid aperfmperf tsc_known_freq pni pclmulqdq dtes64 monitor ds_cpl vmx smx est tm2 ssse3 sdbg fma cx16 xtpr pdcm pcid sse4_1 sse4_2 x2apic movbe popcnt tsc_deadline_timer aes xsave avx f16c rdrand lahf_lm abm 3dnowprefetch cpuid_fault invpcid_single pti ssbd ibrs ibpb stibp tpr_shadow vnmi flexpriority ept vpid fsgsbase tsc_adjust bmi1 hle avx2 smep bmi2 erms invpcid rtm mpx rdseed adx smap clflushopt intel_pt xsaveopt xsavec xgetbv1 xsaves dtherm ida arat pln pts hwp hwp_notify hwp_act_window hwp_epp flush_l1d
bugs		: cpu_meltdown spectre_v1 spectre_v2 spec_store_bypass l1tf
bogomips	: 6816.00
clflush size	: 64
cache_alignment	: 64
address sizes	: 39 bits physical, 48 bits virtual
power management:

processor	: 3
vendor_id	: GenuineIntel
cpu family	: 6
model		: 158
model name	: Intel(R) Core(TM) i5-7500 CPU @ 3.40GHz
stepping	: 9
microcode	: 0x8e
cpu MHz		: 3600.060
cache size	: 6144 KB
physical id	: 0
siblings	: 4
core id		: 3
cpu cores	: 4
apicid		: 6
initial apicid	: 6
fpu		: yes
fpu_exception	: yes
cpuid level	: 22
wp		: yes
flags		: fpu vme de pse tsc msr pae mce cx8 apic sep mtrr pge mca cmov pat pse36 clflush dts acpi mmx fxsr sse sse2 ss ht tm pbe syscall nx pdpe1gb rdtscp lm constant_tsc art arch_perfmon pebs bts rep_good nopl xtopology nonstop_tsc cpuid aperfmperf tsc_known_freq pni pclmulqdq dtes64 monitor ds_cpl vmx smx est tm2 ssse3 sdbg fma cx16 xtpr pdcm pcid sse4_1 sse4_2 x2apic movbe popcnt tsc_deadline_timer aes xsave avx f16c rdrand lahf_lm abm 3dnowprefetch cpuid_fault invpcid_single pti ssbd ibrs ibpb stibp tpr_shadow vnmi flexpriority ept vpid fsgsbase tsc_adjust bmi1 hle avx2 smep bmi2 erms invpcid rtm mpx rdseed adx smap clflushopt intel_pt xsaveopt xsavec xgetbv1 xsaves dtherm ida arat pln pts hwp hwp_notify hwp_act_window hwp_epp flush_l1d
bugs		: cpu_meltdown spectre_v1 spectre_v2 spec_store_bypass l1tf
bogomips	: 6816.00
clflush size	: 64
cache_alignment	: 64
address sizes	: 39 bits physical, 48 bits virtual
power management:



Memory: 4k page, physical 8057236k(605848k free), swap 1000444k(760316k free)

vm_info: OpenJDK 64-Bit Server VM (25.191-b12) for linux-amd64 JRE (1.8.0_191-8u191-b12-0ubuntu0.16.04.1-b12), built on Nov 20 2018 15:24:40 by "buildd" with gcc 5.4.0 20160609

time: Fri Jan 18 14:15:39 2019
elapsed time: 0 seconds (0d 0h 0m 0s)

