#
# A fatal error has been detected by the Java Runtime Environment:
#
#  SIGSEGV (0xb) at pc=0x00007f5ba4a8778f, pid=32196, tid=0x00007f5ba7fff700
#
# JRE version: OpenJDK Runtime Environment (8.0_191-b12) (build 1.8.0_191-8u191-b12-0ubuntu0.16.04.1-b12)
# Java VM: OpenJDK 64-Bit Server VM (25.191-b12 mixed mode linux-amd64 compressed oops)
# Problematic frame:
# C  [libClient.so+0x4b78f]  Java_com_yahoo_ycsb_db_LevelDbJniClientN_cinsert+0xe5
#
# Failed to write core dump. Core dumps have been disabled. To enable core dumping, try "ulimit -c unlimited" before starting Java again
#
# If you would like to submit a bug report, please visit:
#   http://bugreport.java.com/bugreport/crash.jsp
# The crash happened outside the Java Virtual Machine in native code.
# See problematic frame for where to report the bug.
#

---------------  T H R E A D  ---------------

Current thread (0x00007f5bec235800):  JavaThread "Thread-2" [_thread_in_native, id=32212, stack(0x00007f5ba7eff000,0x00007f5ba8000000)]

siginfo: si_signo: 11 (SIGSEGV), si_code: 1 (SEGV_MAPERR), si_addr: 0x0000000000000000

Registers:
RAX=0x0000000000000000, RBX=0x00007f5bf177e4d8, RCX=0x00007f5b9c00e2c5, RDX=0x00007f5b9c00e2d0
RSP=0x00007f5ba7ffe5e0, RBP=0x00007f5ba7ffe6a0, RSI=0x00007f5b9c00e270, RDI=0x00007f5ba7ffe630
R8 =0x00007f5b9c00e2d0, R9 =0x00007f5b9c00e2c5, R10=0x00007f5b9c00e2d0, R11=0x0000000000000010
R12=0x0000000000000000, R13=0x00007f5bf177e4d8, R14=0x00007f5ba7ffe740, R15=0x00007f5bec235800
RIP=0x00007f5ba4a8778f, EFLAGS=0x0000000000010202, CSGSFS=0x002b000000000033, ERR=0x0000000000000004
  TRAPNO=0x000000000000000e

Top of Stack: (sp=0x00007f5ba7ffe5e0)
0x00007f5ba7ffe5e0:   00007f5ba7ffe730 00007f5ba7ffe738
0x00007f5ba7ffe5f0:   00007f5ba7ffe740 00007f5bec2359e0
0x00007f5ba7ffe600:   00007f5ba7ffe690 00007f5bf4cca26a
0x00007f5ba7ffe610:   00007f5bec235800 00007f5bec235800
0x00007f5ba7ffe620:   00007f5ba7ffe640 00007f5bf4ec06a9
0x00007f5ba7ffe630:   00007f5bec235800 00007f5bf177e4d8
0x00007f5ba7ffe640:   00007f5b9c00cdb0 0000000000000017
0x00007f5ba7ffe650:   0000000000000017 00007f5bec235800
0x00007f5ba7ffe660:   00007f5b9c00e2d0 0000000000000465
0x00007f5ba7ffe670:   0000000000000465 00007f5bf177e4d8
0x00007f5ba7ffe680:   0000000000000000 0310aa80e1f8ba00
0x00007f5ba7ffe690:   00007f5ba7ffe710 00007f5bf177e4d8
0x00007f5ba7ffe6a0:   00007f5ba7ffe710 00007f5bdd018407
0x00007f5ba7ffe6b0:   00007f5ba7ffe710 00007f5bdd018159
0x00007f5ba7ffe6c0:   fffffffe00000000 00007f5bdd018122
0x00007f5ba7ffe6d0:   00007f5ba7ffe6d0 00007f5bf177e4d8
0x00007f5ba7ffe6e0:   00007f5ba7ffe740 00007f5bf177ec20
0x00007f5ba7ffe6f0:   0000000000000000 00007f5bf177e4d8
0x00007f5ba7ffe700:   0000000000000000 00007f5ba7ffe730
0x00007f5ba7ffe710:   00007f5ba7ffe788 00007f5bdd007ffd
0x00007f5ba7ffe720:   0000000000000000 00007f5bdd011a58
0x00007f5ba7ffe730:   00000000d74c0900 00000000d74beac0
0x00007f5ba7ffe740:   00000000d730b1c8 00007f5ba7ffe748
0x00007f5ba7ffe750:   00007f5bf177e588 00007f5ba7ffe7c0
0x00007f5ba7ffe760:   00007f5bf177ec20 0000000000000000
0x00007f5ba7ffe770:   00007f5bf177e628 00007f5ba7ffe730
0x00007f5ba7ffe780:   00007f5ba7ffe7a8 00007f5ba7ffe808
0x00007f5ba7ffe790:   00007f5bdd007d80 00000000d74c0900
0x00007f5ba7ffe7a0:   00000000d74bec40 00000000d74beb18
0x00007f5ba7ffe7b0:   00000000d74beac0 00000000d7101670
0x00007f5ba7ffe7c0:   00000000d730b1c8 00007f5ba7ffe7c8
0x00007f5ba7ffe7d0:   00007f5bf177d09d 00007f5ba7ffe898 

Instructions: (pc=0x00007f5ba4a8778f)
0x00007f5ba4a8776f:   89 ce 48 89 c7 e8 37 d8 ff ff 48 8d 45 90 48 89
0x00007f5ba4a8777f:   c7 e8 8b c7 ff ff 48 8b 05 6c a8 25 00 48 8b 00
0x00007f5ba4a8778f:   48 8b 00 48 83 c0 10 48 8b 18 48 8d 55 c0 48 8d
0x00007f5ba4a8779f:   45 90 48 89 d6 48 89 c7 e8 34 f8 ff ff 48 8d 55 

Register to memory mapping:

RAX=0x0000000000000000 is an unknown value
RBX={method} {0x00007f5bf177e4d8} 'cinsert' '(Ljava/lang/String;Ljava/lang/String;)V' in 'com/yahoo/ycsb/db/LevelDbJniClientN'
RCX=0x00007f5b9c00e2c5 is an unknown value
RDX=0x00007f5b9c00e2d0 is an unknown value
RSP=0x00007f5ba7ffe5e0 is pointing into the stack for thread: 0x00007f5bec235800
RBP=0x00007f5ba7ffe6a0 is pointing into the stack for thread: 0x00007f5bec235800
RSI=0x00007f5b9c00e270 is an unknown value
RDI=0x00007f5ba7ffe630 is pointing into the stack for thread: 0x00007f5bec235800
R8 =0x00007f5b9c00e2d0 is an unknown value
R9 =0x00007f5b9c00e2c5 is an unknown value
R10=0x00007f5b9c00e2d0 is an unknown value
R11=0x0000000000000010 is an unknown value
R12=0x0000000000000000 is an unknown value
R13={method} {0x00007f5bf177e4d8} 'cinsert' '(Ljava/lang/String;Ljava/lang/String;)V' in 'com/yahoo/ycsb/db/LevelDbJniClientN'
R14=0x00007f5ba7ffe740 is pointing into the stack for thread: 0x00007f5bec235800
R15=0x00007f5bec235800 is a thread


Stack: [0x00007f5ba7eff000,0x00007f5ba8000000],  sp=0x00007f5ba7ffe5e0,  free space=1021k
Native frames: (J=compiled Java code, j=interpreted, Vv=VM code, C=native code)
C  [libClient.so+0x4b78f]  Java_com_yahoo_ycsb_db_LevelDbJniClientN_cinsert+0xe5
j  com.yahoo.ycsb.db.LevelDbJniClientN.cinsert(Ljava/lang/String;Ljava/lang/String;)V+0
j  com.yahoo.ycsb.db.LevelDbJniClientN.insert(Ljava/lang/String;Ljava/lang/String;Ljava/util/Map;)Lcom/yahoo/ycsb/Status;+24
j  com.yahoo.ycsb.DBWrapper.insert(Ljava/lang/String;Ljava/lang/String;Ljava/util/Map;)Lcom/yahoo/ycsb/Status;+37
j  com.yahoo.ycsb.workloads.CoreWorkload.doTransactionInsert(Lcom/yahoo/ycsb/DB;)V+35
j  com.yahoo.ycsb.workloads.CoreWorkload.doTransaction(Lcom/yahoo/ycsb/DB;Ljava/lang/Object;)Z+178
j  com.yahoo.ycsb.ClientThread.run()V+152
j  java.lang.Thread.run()V+11
v  ~StubRoutines::call_stub
V  [libjvm.so+0x66701b]
V  [libjvm.so+0x6645f4]
V  [libjvm.so+0x664bd7]
V  [libjvm.so+0x6a7eb4]
V  [libjvm.so+0xa18917]
V  [libjvm.so+0xa18ddc]
V  [libjvm.so+0x8be122]
C  [libpthread.so.0+0x76ba]  start_thread+0xca

Java frames: (J=compiled Java code, j=interpreted, Vv=VM code)
j  com.yahoo.ycsb.db.LevelDbJniClientN.cinsert(Ljava/lang/String;Ljava/lang/String;)V+0
j  com.yahoo.ycsb.db.LevelDbJniClientN.insert(Ljava/lang/String;Ljava/lang/String;Ljava/util/Map;)Lcom/yahoo/ycsb/Status;+24
j  com.yahoo.ycsb.DBWrapper.insert(Ljava/lang/String;Ljava/lang/String;Ljava/util/Map;)Lcom/yahoo/ycsb/Status;+37
j  com.yahoo.ycsb.workloads.CoreWorkload.doTransactionInsert(Lcom/yahoo/ycsb/DB;)V+35
j  com.yahoo.ycsb.workloads.CoreWorkload.doTransaction(Lcom/yahoo/ycsb/DB;Ljava/lang/Object;)Z+178
j  com.yahoo.ycsb.ClientThread.run()V+152
j  java.lang.Thread.run()V+11
v  ~StubRoutines::call_stub

---------------  P R O C E S S  ---------------

Java Threads: ( => current thread )
=>0x00007f5bec235800 JavaThread "Thread-2" [_thread_in_native, id=32212, stack(0x00007f5ba7eff000,0x00007f5ba8000000)]
  0x00007f5bec0c8800 JavaThread "Service Thread" daemon [_thread_blocked, id=32209, stack(0x00007f5bd81ba000,0x00007f5bd82bb000)]
  0x00007f5bec0bd000 JavaThread "C1 CompilerThread2" daemon [_thread_blocked, id=32208, stack(0x00007f5bd82bb000,0x00007f5bd83bc000)]
  0x00007f5bec0bb800 JavaThread "C2 CompilerThread1" daemon [_thread_blocked, id=32207, stack(0x00007f5bd83bc000,0x00007f5bd84bd000)]
  0x00007f5bec0b8800 JavaThread "C2 CompilerThread0" daemon [_thread_blocked, id=32206, stack(0x00007f5bd84bd000,0x00007f5bd85be000)]
  0x00007f5bec0b7000 JavaThread "Signal Dispatcher" daemon [_thread_blocked, id=32205, stack(0x00007f5bd85be000,0x00007f5bd86bf000)]
  0x00007f5bec085000 JavaThread "Finalizer" daemon [_thread_blocked, id=32204, stack(0x00007f5bd907e000,0x00007f5bd917f000)]
  0x00007f5bec082000 JavaThread "Reference Handler" daemon [_thread_blocked, id=32203, stack(0x00007f5bd917f000,0x00007f5bd9280000)]
  0x00007f5bec00b000 JavaThread "main" [_thread_blocked, id=32197, stack(0x00007f5bf62d1000,0x00007f5bf63d2000)]

Other Threads:
  0x00007f5bec078800 VMThread [stack: 0x00007f5bf000c000,0x00007f5bf010d000] [id=32202]
  0x00007f5bec0cb000 WatcherThread [stack: 0x00007f5bd80b9000,0x00007f5bd81ba000] [id=32210]

VM state:not at safepoint (normal execution)

VM Mutex/Monitor currently owned by a thread: None

Heap:
 PSYoungGen      total 36864K, used 5468K [0x00000000d7000000, 0x00000000d9900000, 0x0000000100000000)
  eden space 31744K, 17% used [0x00000000d7000000,0x00000000d7557388,0x00000000d8f00000)
  from space 5120K, 0% used [0x00000000d9400000,0x00000000d9400000,0x00000000d9900000)
  to   space 5120K, 0% used [0x00000000d8f00000,0x00000000d8f00000,0x00000000d9400000)
 ParOldGen       total 84992K, used 0K [0x0000000085000000, 0x000000008a300000, 0x00000000d7000000)
  object space 84992K, 0% used [0x0000000085000000,0x0000000085000000,0x000000008a300000)
 Metaspace       used 4039K, capacity 4928K, committed 5120K, reserved 1056768K
  class space    used 441K, capacity 498K, committed 512K, reserved 1048576K

Card table byte_map: [0x00007f5bf259f000,0x00007f5bf2978000] byte_map_base: 0x00007f5bf2177000

Marking Bits: (ParMarkBitMap*) 0x00007f5bf559b520
 Begin Bits: [0x00007f5bd9280000, 0x00007f5bdb140000)
 End Bits:   [0x00007f5bdb140000, 0x00007f5bdd000000)

Polling page: 0x00007f5bf63ef000

CodeCache: size=245760Kb used=1349Kb max_used=1349Kb free=244410Kb
 bounds [0x00007f5bdd000000, 0x00007f5bdd270000, 0x00007f5bec000000]
 total_blobs=392 nmethods=139 adapters=168
 compilation: enabled

Compilation events (10 events):
Event: 0.083 Thread 0x00007f5bec0bd000  136       3       java.lang.Number::<init> (5 bytes)
Event: 0.083 Thread 0x00007f5bec0bd000 nmethod 136 0x00007f5bdd150610 code [0x00007f5bdd150780, 0x00007f5bdd150930]
Event: 0.083 Thread 0x00007f5bec0bd000  137       3       java.lang.Long::<init> (10 bytes)
Event: 0.083 Thread 0x00007f5bec0bd000 nmethod 137 0x00007f5bdd1509d0 code [0x00007f5bdd150b40, 0x00007f5bdd150d50]
Event: 0.083 Thread 0x00007f5bec0bd000  139       3       sun.reflect.ClassFileAssembler::emitShort (24 bytes)
Event: 0.083 Thread 0x00007f5bec0bd000 nmethod 139 0x00007f5bdd150e50 code [0x00007f5bdd150fe0, 0x00007f5bdd1512f8]
Event: 0.083 Thread 0x00007f5bec0bd000  140       3       sun.reflect.ClassFileAssembler::cpi (22 bytes)
Event: 0.083 Thread 0x00007f5bec0bd000 nmethod 140 0x00007f5bdd1514d0 code [0x00007f5bdd151640, 0x00007f5bdd151888]
Event: 0.083 Thread 0x00007f5bec0bd000  138       1       java.lang.Class::getClassLoader0 (5 bytes)
Event: 0.083 Thread 0x00007f5bec0bd000 nmethod 138 0x00007f5bdd151950 code [0x00007f5bdd151aa0, 0x00007f5bdd151bb0]

GC Heap History (0 events):
No events

Deoptimization events (0 events):
No events

Classes redefined (0 events):
No events

Internal exceptions (10 events):
Event: 0.034 Thread 0x00007f5bec00b000 Exception <a 'java/security/PrivilegedActionException'> (0x00000000d705f9a8) thrown at [/build/openjdk-8-yxDDQ4/openjdk-8-8u191-b12/src/hotspot/src/share/vm/prims/jvm.cpp, line 1435]
Event: 0.034 Thread 0x00007f5bec00b000 Exception <a 'java/security/PrivilegedActionException'> (0x00000000d705fbb8) thrown at [/build/openjdk-8-yxDDQ4/openjdk-8-8u191-b12/src/hotspot/src/share/vm/prims/jvm.cpp, line 1435]
Event: 0.044 Thread 0x00007f5bec00b000 Exception <a 'java/security/PrivilegedActionException'> (0x00000000d70e1c78) thrown at [/build/openjdk-8-yxDDQ4/openjdk-8-8u191-b12/src/hotspot/src/share/vm/prims/jvm.cpp, line 1435]
Event: 0.044 Thread 0x00007f5bec00b000 Exception <a 'java/security/PrivilegedActionException'> (0x00000000d70e1e88) thrown at [/build/openjdk-8-yxDDQ4/openjdk-8-8u191-b12/src/hotspot/src/share/vm/prims/jvm.cpp, line 1435]
Event: 0.045 Thread 0x00007f5bec00b000 Exception <a 'java/security/PrivilegedActionException'> (0x00000000d70e3f10) thrown at [/build/openjdk-8-yxDDQ4/openjdk-8-8u191-b12/src/hotspot/src/share/vm/prims/jvm.cpp, line 1435]
Event: 0.045 Thread 0x00007f5bec00b000 Exception <a 'java/security/PrivilegedActionException'> (0x00000000d70e4120) thrown at [/build/openjdk-8-yxDDQ4/openjdk-8-8u191-b12/src/hotspot/src/share/vm/prims/jvm.cpp, line 1435]
Event: 0.045 Thread 0x00007f5bec00b000 Exception <a 'java/security/PrivilegedActionException'> (0x00000000d70e4bf8) thrown at [/build/openjdk-8-yxDDQ4/openjdk-8-8u191-b12/src/hotspot/src/share/vm/prims/jvm.cpp, line 1435]
Event: 0.045 Thread 0x00007f5bec00b000 Exception <a 'java/security/PrivilegedActionException'> (0x00000000d70e4e08) thrown at [/build/openjdk-8-yxDDQ4/openjdk-8-8u191-b12/src/hotspot/src/share/vm/prims/jvm.cpp, line 1435]
Event: 0.061 Thread 0x00007f5bec00b000 Exception <a 'java/lang/NoClassDefFoundError': org/apache/log4j/Category> (0x00000000d727e100) thrown at [/build/openjdk-8-yxDDQ4/openjdk-8-8u191-b12/src/hotspot/src/share/vm/classfile/systemDictionary.cpp, line 199]
Event: 0.074 Thread 0x00007f5bec1b8000 Exception <a 'java/lang/InterruptedException': sleep interrupted> (0x00000000d7419c58) thrown at [/build/openjdk-8-yxDDQ4/openjdk-8-8u191-b12/src/hotspot/src/share/vm/prims/jvm.cpp, line 3273]

Events (10 events):
Event: 0.082 loading class java/io/ObjectStreamClass$FieldReflectorKey
Event: 0.082 loading class java/io/ObjectStreamClass$FieldReflectorKey done
Event: 0.082 loading class java/io/ObjectStreamClass$FieldReflector
Event: 0.082 loading class java/io/ObjectStreamClass$FieldReflector done
Event: 0.082 loading class java/lang/Long$LongCache
Event: 0.082 loading class java/lang/Long$LongCache done
Event: 0.083 loading class java/io/ObjectStreamClass$ClassDataSlot
Event: 0.083 loading class java/io/ObjectStreamClass$ClassDataSlot done
Event: 0.083 loading class java/io/SerialCallbackContext
Event: 0.083 loading class java/io/SerialCallbackContext done


Dynamic libraries:
00400000-00401000 r-xp 00000000 08:02 58724940                           /usr/lib/jvm/java-8-openjdk-amd64/jre/bin/java
00600000-00601000 r--p 00000000 08:02 58724940                           /usr/lib/jvm/java-8-openjdk-amd64/jre/bin/java
00601000-00602000 rw-p 00001000 08:02 58724940                           /usr/lib/jvm/java-8-openjdk-amd64/jre/bin/java
00961000-00982000 rw-p 00000000 00:00 0                                  [heap]
85000000-8a300000 rw-p 00000000 00:00 0 
8a300000-d7000000 ---p 00000000 00:00 0 
d7000000-d9900000 rw-p 00000000 00:00 0 
d9900000-100000000 ---p 00000000 00:00 0 
100000000-100080000 rw-p 00000000 00:00 0 
100080000-140000000 ---p 00000000 00:00 0 
7f5b9c000000-7f5b9c022000 rw-p 00000000 00:00 0 
7f5b9c022000-7f5ba0000000 ---p 00000000 00:00 0 
7f5ba0000000-7f5ba0021000 rw-p 00000000 00:00 0 
7f5ba0021000-7f5ba4000000 ---p 00000000 00:00 0 
7f5ba4a3c000-7f5ba4ae1000 r-xp 00000000 08:02 58468709                   /usr/lib/libClient.so
7f5ba4ae1000-7f5ba4ce0000 ---p 000a5000 08:02 58468709                   /usr/lib/libClient.so
7f5ba4ce0000-7f5ba4ce2000 r--p 000a4000 08:02 58468709                   /usr/lib/libClient.so
7f5ba4ce2000-7f5ba4ce6000 rw-p 000a6000 08:02 58468709                   /usr/lib/libClient.so
7f5ba4ce6000-7f5ba7ce7000 rw-p 00000000 00:00 0 
7f5ba7ce7000-7f5ba7cfe000 r-xp 00000000 08:02 59114481                   /usr/lib/jvm/java-8-openjdk-amd64/jre/lib/amd64/libnet.so
7f5ba7cfe000-7f5ba7efd000 ---p 00017000 08:02 59114481                   /usr/lib/jvm/java-8-openjdk-amd64/jre/lib/amd64/libnet.so
7f5ba7efd000-7f5ba7efe000 r--p 00016000 08:02 59114481                   /usr/lib/jvm/java-8-openjdk-amd64/jre/lib/amd64/libnet.so
7f5ba7efe000-7f5ba7eff000 rw-p 00017000 08:02 59114481                   /usr/lib/jvm/java-8-openjdk-amd64/jre/lib/amd64/libnet.so
7f5ba7eff000-7f5ba7f02000 ---p 00000000 00:00 0 
7f5ba7f02000-7f5ba8000000 rw-p 00000000 00:00 0 
7f5ba8000000-7f5ba813a000 rw-p 00000000 00:00 0 
7f5ba813a000-7f5bac000000 ---p 00000000 00:00 0 
7f5bac000000-7f5bac021000 rw-p 00000000 00:00 0 
7f5bac021000-7f5bb0000000 ---p 00000000 00:00 0 
7f5bb0000000-7f5bb0070000 rw-p 00000000 00:00 0 
7f5bb0070000-7f5bb4000000 ---p 00000000 00:00 0 
7f5bb4000000-7f5bb4021000 rw-p 00000000 00:00 0 
7f5bb4021000-7f5bb8000000 ---p 00000000 00:00 0 
7f5bb8000000-7f5bb8021000 rw-p 00000000 00:00 0 
7f5bb8021000-7f5bbc000000 ---p 00000000 00:00 0 
7f5bbc000000-7f5bbc021000 rw-p 00000000 00:00 0 
7f5bbc021000-7f5bc0000000 ---p 00000000 00:00 0 
7f5bc0000000-7f5bc0021000 rw-p 00000000 00:00 0 
7f5bc0021000-7f5bc4000000 ---p 00000000 00:00 0 
7f5bc4000000-7f5bc4021000 rw-p 00000000 00:00 0 
7f5bc4021000-7f5bc8000000 ---p 00000000 00:00 0 
7f5bc8000000-7f5bc8021000 rw-p 00000000 00:00 0 
7f5bc8021000-7f5bcc000000 ---p 00000000 00:00 0 
7f5bcc000000-7f5bcc021000 rw-p 00000000 00:00 0 
7f5bcc021000-7f5bd0000000 ---p 00000000 00:00 0 
7f5bd0000000-7f5bd0021000 rw-p 00000000 00:00 0 
7f5bd0021000-7f5bd4000000 ---p 00000000 00:00 0 
7f5bd4000000-7f5bd4021000 rw-p 00000000 00:00 0 
7f5bd4021000-7f5bd8000000 ---p 00000000 00:00 0 
7f5bd8033000-7f5bd803a000 r--s 00000000 08:02 58723059                   /usr/lib/x86_64-linux-gnu/gconv/gconv-modules.cache
7f5bd803a000-7f5bd805b000 r--p 00000000 08:02 60426984                   /usr/share/locale-langpack/zh_CN/LC_MESSAGES/libc.mo
7f5bd805b000-7f5bd8069000 r--s 000b0000 08:02 20579536                   /home/daniel/.m2/repository/org/codehaus/jackson/jackson-mapper-asl/1.9.4/jackson-mapper-asl-1.9.4.jar
7f5bd8069000-7f5bd8083000 r--s 00155000 08:02 20579534                   /home/daniel/.m2/repository/org/apache/htrace/htrace-core4/4.1.0-incubating/htrace-core4-4.1.0-incubating.jar
7f5bd8083000-7f5bd809e000 r--s 00394000 08:02 58989281                   /usr/lib/jvm/java-8-openjdk-amd64/jre/lib/ext/cldrdata.jar
7f5bd809e000-7f5bd80b9000 r--s 001d6000 08:02 58983853                   /usr/lib/jvm/java-8-openjdk-amd64/jre/lib/ext/nashorn.jar
7f5bd80b9000-7f5bd80ba000 ---p 00000000 00:00 0 
7f5bd80ba000-7f5bd81ba000 rw-p 00000000 00:00 0 
7f5bd81ba000-7f5bd81bd000 ---p 00000000 00:00 0 
7f5bd81bd000-7f5bd82bb000 rw-p 00000000 00:00 0 
7f5bd82bb000-7f5bd82be000 ---p 00000000 00:00 0 
7f5bd82be000-7f5bd83bc000 rw-p 00000000 00:00 0 
7f5bd83bc000-7f5bd83bf000 ---p 00000000 00:00 0 
7f5bd83bf000-7f5bd84bd000 rw-p 00000000 00:00 0 
7f5bd84bd000-7f5bd84c0000 ---p 00000000 00:00 0 
7f5bd84c0000-7f5bd85be000 rw-p 00000000 00:00 0 
7f5bd85be000-7f5bd85c1000 ---p 00000000 00:00 0 
7f5bd85c1000-7f5bd86bf000 rw-p 00000000 00:00 0 
7f5bd86bf000-7f5bd907e000 r--p 00000000 08:02 58465142                   /usr/lib/locale/locale-archive
7f5bd907e000-7f5bd9081000 ---p 00000000 00:00 0 
7f5bd9081000-7f5bd917f000 rw-p 00000000 00:00 0 
7f5bd917f000-7f5bd9182000 ---p 00000000 00:00 0 
7f5bd9182000-7f5bdd000000 rw-p 00000000 00:00 0 
7f5bdd000000-7f5bdd270000 rwxp 00000000 00:00 0 
7f5bdd270000-7f5bec000000 ---p 00000000 00:00 0 
7f5bec000000-7f5bec257000 rw-p 00000000 00:00 0 
7f5bec257000-7f5bf0000000 ---p 00000000 00:00 0 
7f5bf0002000-7f5bf0006000 r--s 00034000 08:02 20579538                   /home/daniel/.m2/repository/org/codehaus/jackson/jackson-core-asl/1.9.4/jackson-core-asl-1.9.4.jar
7f5bf0006000-7f5bf0009000 r--s 00017000 08:02 20579546                   /home/daniel/.m2/repository/org/hdrhistogram/HdrHistogram/2.1.4/HdrHistogram-2.1.4.jar
7f5bf0009000-7f5bf000c000 r--s 00021000 08:02 20579959                   /home/daniel/projects/YCSB/core/target/core-0.16.0-SNAPSHOT.jar
7f5bf000c000-7f5bf000d000 ---p 00000000 00:00 0 
7f5bf000d000-7f5bf10ee000 rw-p 00000000 00:00 0 
7f5bf10ee000-7f5bf12bd000 r--s 03c33000 08:02 58851570                   /usr/lib/jvm/java-8-openjdk-amd64/jre/lib/rt.jar
7f5bf12bd000-7f5bf17b3000 rw-p 00000000 00:00 0 
7f5bf17b3000-7f5bf1b33000 ---p 00000000 00:00 0 
7f5bf1b33000-7f5bf1f0b000 rw-p 00000000 00:00 0 
7f5bf1f0b000-7f5bf1f0c000 ---p 00000000 00:00 0 
7f5bf1f0c000-7f5bf200c000 rw-p 00000000 00:00 0 
7f5bf200c000-7f5bf200d000 ---p 00000000 00:00 0 
7f5bf200d000-7f5bf210d000 rw-p 00000000 00:00 0 
7f5bf210d000-7f5bf210e000 ---p 00000000 00:00 0 
7f5bf210e000-7f5bf220e000 rw-p 00000000 00:00 0 
7f5bf220e000-7f5bf220f000 ---p 00000000 00:00 0 
7f5bf220f000-7f5bf2339000 rw-p 00000000 00:00 0 
7f5bf2339000-7f5bf259f000 ---p 00000000 00:00 0 
7f5bf259f000-7f5bf25c9000 rw-p 00000000 00:00 0 
7f5bf25c9000-7f5bf282f000 ---p 00000000 00:00 0 
7f5bf282f000-7f5bf2844000 rw-p 00000000 00:00 0 
7f5bf2844000-7f5bf2977000 ---p 00000000 00:00 0 
7f5bf2977000-7f5bf2982000 rw-p 00000000 00:00 0 
7f5bf2982000-7f5bf2d38000 ---p 00000000 00:00 0 
7f5bf2d38000-7f5bf2d40000 r-xp 00000000 08:02 59114477                   /usr/lib/jvm/java-8-openjdk-amd64/jre/lib/amd64/libzip.so
7f5bf2d40000-7f5bf2f3f000 ---p 00008000 08:02 59114477                   /usr/lib/jvm/java-8-openjdk-amd64/jre/lib/amd64/libzip.so
7f5bf2f3f000-7f5bf2f40000 r--p 00007000 08:02 59114477                   /usr/lib/jvm/java-8-openjdk-amd64/jre/lib/amd64/libzip.so
7f5bf2f40000-7f5bf2f41000 rw-p 00008000 08:02 59114477                   /usr/lib/jvm/java-8-openjdk-amd64/jre/lib/amd64/libzip.so
7f5bf2f41000-7f5bf2f4c000 r-xp 00000000 08:02 29364881                   /lib/x86_64-linux-gnu/libnss_files-2.23.so
7f5bf2f4c000-7f5bf314b000 ---p 0000b000 08:02 29364881                   /lib/x86_64-linux-gnu/libnss_files-2.23.so
7f5bf314b000-7f5bf314c000 r--p 0000a000 08:02 29364881                   /lib/x86_64-linux-gnu/libnss_files-2.23.so
7f5bf314c000-7f5bf314d000 rw-p 0000b000 08:02 29364881                   /lib/x86_64-linux-gnu/libnss_files-2.23.so
7f5bf314d000-7f5bf3153000 rw-p 00000000 00:00 0 
7f5bf3153000-7f5bf315e000 r-xp 00000000 08:02 29364891                   /lib/x86_64-linux-gnu/libnss_nis-2.23.so
7f5bf315e000-7f5bf335d000 ---p 0000b000 08:02 29364891                   /lib/x86_64-linux-gnu/libnss_nis-2.23.so
7f5bf335d000-7f5bf335e000 r--p 0000a000 08:02 29364891                   /lib/x86_64-linux-gnu/libnss_nis-2.23.so
7f5bf335e000-7f5bf335f000 rw-p 0000b000 08:02 29364891                   /lib/x86_64-linux-gnu/libnss_nis-2.23.so
7f5bf335f000-7f5bf3375000 r-xp 00000000 08:02 29364875                   /lib/x86_64-linux-gnu/libnsl-2.23.so
7f5bf3375000-7f5bf3574000 ---p 00016000 08:02 29364875                   /lib/x86_64-linux-gnu/libnsl-2.23.so
7f5bf3574000-7f5bf3575000 r--p 00015000 08:02 29364875                   /lib/x86_64-linux-gnu/libnsl-2.23.so
7f5bf3575000-7f5bf3576000 rw-p 00016000 08:02 29364875                   /lib/x86_64-linux-gnu/libnsl-2.23.so
7f5bf3576000-7f5bf3578000 rw-p 00000000 00:00 0 
7f5bf3578000-7f5bf3580000 r-xp 00000000 08:02 29364877                   /lib/x86_64-linux-gnu/libnss_compat-2.23.so
7f5bf3580000-7f5bf377f000 ---p 00008000 08:02 29364877                   /lib/x86_64-linux-gnu/libnss_compat-2.23.so
7f5bf377f000-7f5bf3780000 r--p 00007000 08:02 29364877                   /lib/x86_64-linux-gnu/libnss_compat-2.23.so
7f5bf3780000-7f5bf3781000 rw-p 00008000 08:02 29364877                   /lib/x86_64-linux-gnu/libnss_compat-2.23.so
7f5bf3781000-7f5bf37ae000 r-xp 00000000 08:02 59114482                   /usr/lib/jvm/java-8-openjdk-amd64/jre/lib/amd64/libjava.so
7f5bf37ae000-7f5bf39ad000 ---p 0002d000 08:02 59114482                   /usr/lib/jvm/java-8-openjdk-amd64/jre/lib/amd64/libjava.so
7f5bf39ad000-7f5bf39ae000 r--p 0002c000 08:02 59114482                   /usr/lib/jvm/java-8-openjdk-amd64/jre/lib/amd64/libjava.so
7f5bf39ae000-7f5bf39b0000 rw-p 0002d000 08:02 59114482                   /usr/lib/jvm/java-8-openjdk-amd64/jre/lib/amd64/libjava.so
7f5bf39b0000-7f5bf39bf000 r-xp 00000000 08:02 59114464                   /usr/lib/jvm/java-8-openjdk-amd64/jre/lib/amd64/libverify.so
7f5bf39bf000-7f5bf3bbe000 ---p 0000f000 08:02 59114464                   /usr/lib/jvm/java-8-openjdk-amd64/jre/lib/amd64/libverify.so
7f5bf3bbe000-7f5bf3bc0000 r--p 0000e000 08:02 59114464                   /usr/lib/jvm/java-8-openjdk-amd64/jre/lib/amd64/libverify.so
7f5bf3bc0000-7f5bf3bc1000 rw-p 00010000 08:02 59114464                   /usr/lib/jvm/java-8-openjdk-amd64/jre/lib/amd64/libverify.so
7f5bf3bc1000-7f5bf3bc8000 r-xp 00000000 08:02 29364936                   /lib/x86_64-linux-gnu/librt-2.23.so
7f5bf3bc8000-7f5bf3dc7000 ---p 00007000 08:02 29364936                   /lib/x86_64-linux-gnu/librt-2.23.so
7f5bf3dc7000-7f5bf3dc8000 r--p 00006000 08:02 29364936                   /lib/x86_64-linux-gnu/librt-2.23.so
7f5bf3dc8000-7f5bf3dc9000 rw-p 00007000 08:02 29364936                   /lib/x86_64-linux-gnu/librt-2.23.so
7f5bf3dc9000-7f5bf3ddf000 r-xp 00000000 08:02 29364820                   /lib/x86_64-linux-gnu/libgcc_s.so.1
7f5bf3ddf000-7f5bf3fde000 ---p 00016000 08:02 29364820                   /lib/x86_64-linux-gnu/libgcc_s.so.1
7f5bf3fde000-7f5bf3fdf000 rw-p 00015000 08:02 29364820                   /lib/x86_64-linux-gnu/libgcc_s.so.1
7f5bf3fdf000-7f5bf40e7000 r-xp 00000000 08:02 29364852                   /lib/x86_64-linux-gnu/libm-2.23.so
7f5bf40e7000-7f5bf42e6000 ---p 00108000 08:02 29364852                   /lib/x86_64-linux-gnu/libm-2.23.so
7f5bf42e6000-7f5bf42e7000 r--p 00107000 08:02 29364852                   /lib/x86_64-linux-gnu/libm-2.23.so
7f5bf42e7000-7f5bf42e8000 rw-p 00108000 08:02 29364852                   /lib/x86_64-linux-gnu/libm-2.23.so
7f5bf42e8000-7f5bf445a000 r-xp 00000000 08:02 58458300                   /usr/lib/x86_64-linux-gnu/libstdc++.so.6.0.21
7f5bf445a000-7f5bf465a000 ---p 00172000 08:02 58458300                   /usr/lib/x86_64-linux-gnu/libstdc++.so.6.0.21
7f5bf465a000-7f5bf4664000 r--p 00172000 08:02 58458300                   /usr/lib/x86_64-linux-gnu/libstdc++.so.6.0.21
7f5bf4664000-7f5bf4666000 rw-p 0017c000 08:02 58458300                   /usr/lib/x86_64-linux-gnu/libstdc++.so.6.0.21
7f5bf4666000-7f5bf466a000 rw-p 00000000 00:00 0 
7f5bf466a000-7f5bf52cb000 r-xp 00000000 08:02 59114458                   /usr/lib/jvm/java-8-openjdk-amd64/jre/lib/amd64/server/libjvm.so
7f5bf52cb000-7f5bf54cb000 ---p 00c61000 08:02 59114458                   /usr/lib/jvm/java-8-openjdk-amd64/jre/lib/amd64/server/libjvm.so
7f5bf54cb000-7f5bf555f000 r--p 00c61000 08:02 59114458                   /usr/lib/jvm/java-8-openjdk-amd64/jre/lib/amd64/server/libjvm.so
7f5bf555f000-7f5bf5588000 rw-p 00cf5000 08:02 59114458                   /usr/lib/jvm/java-8-openjdk-amd64/jre/lib/amd64/server/libjvm.so
7f5bf5588000-7f5bf55b8000 rw-p 00000000 00:00 0 
7f5bf55b8000-7f5bf55d0000 r-xp 00000000 08:02 29364928                   /lib/x86_64-linux-gnu/libpthread-2.23.so
7f5bf55d0000-7f5bf57cf000 ---p 00018000 08:02 29364928                   /lib/x86_64-linux-gnu/libpthread-2.23.so
7f5bf57cf000-7f5bf57d0000 r--p 00017000 08:02 29364928                   /lib/x86_64-linux-gnu/libpthread-2.23.so
7f5bf57d0000-7f5bf57d1000 rw-p 00018000 08:02 29364928                   /lib/x86_64-linux-gnu/libpthread-2.23.so
7f5bf57d1000-7f5bf57d5000 rw-p 00000000 00:00 0 
7f5bf57d5000-7f5bf57d8000 r-xp 00000000 08:02 29364806                   /lib/x86_64-linux-gnu/libdl-2.23.so
7f5bf57d8000-7f5bf59d7000 ---p 00003000 08:02 29364806                   /lib/x86_64-linux-gnu/libdl-2.23.so
7f5bf59d7000-7f5bf59d8000 r--p 00002000 08:02 29364806                   /lib/x86_64-linux-gnu/libdl-2.23.so
7f5bf59d8000-7f5bf59d9000 rw-p 00003000 08:02 29364806                   /lib/x86_64-linux-gnu/libdl-2.23.so
7f5bf59d9000-7f5bf59f2000 r-xp 00000000 08:02 29364973                   /lib/x86_64-linux-gnu/libz.so.1.2.8
7f5bf59f2000-7f5bf5bf1000 ---p 00019000 08:02 29364973                   /lib/x86_64-linux-gnu/libz.so.1.2.8
7f5bf5bf1000-7f5bf5bf2000 r--p 00018000 08:02 29364973                   /lib/x86_64-linux-gnu/libz.so.1.2.8
7f5bf5bf2000-7f5bf5bf3000 rw-p 00019000 08:02 29364973                   /lib/x86_64-linux-gnu/libz.so.1.2.8
7f5bf5bf3000-7f5bf5db3000 r-xp 00000000 08:02 29364782                   /lib/x86_64-linux-gnu/libc-2.23.so
7f5bf5db3000-7f5bf5fb3000 ---p 001c0000 08:02 29364782                   /lib/x86_64-linux-gnu/libc-2.23.so
7f5bf5fb3000-7f5bf5fb7000 r--p 001c0000 08:02 29364782                   /lib/x86_64-linux-gnu/libc-2.23.so
7f5bf5fb7000-7f5bf5fb9000 rw-p 001c4000 08:02 29364782                   /lib/x86_64-linux-gnu/libc-2.23.so
7f5bf5fb9000-7f5bf5fbd000 rw-p 00000000 00:00 0 
7f5bf5fbd000-7f5bf5fca000 r-xp 00000000 08:02 59247190                   /usr/lib/jvm/java-8-openjdk-amd64/jre/lib/amd64/jli/libjli.so
7f5bf5fca000-7f5bf61ca000 ---p 0000d000 08:02 59247190                   /usr/lib/jvm/java-8-openjdk-amd64/jre/lib/amd64/jli/libjli.so
7f5bf61ca000-7f5bf61cb000 r--p 0000d000 08:02 59247190                   /usr/lib/jvm/java-8-openjdk-amd64/jre/lib/amd64/jli/libjli.so
7f5bf61cb000-7f5bf61cc000 rw-p 0000e000 08:02 59247190                   /usr/lib/jvm/java-8-openjdk-amd64/jre/lib/amd64/jli/libjli.so
7f5bf61cc000-7f5bf61f2000 r-xp 00000000 08:02 29364754                   /lib/x86_64-linux-gnu/ld-2.23.so
7f5bf61f2000-7f5bf61f4000 r--s 00001000 08:02 20317416                   /home/daniel/projects/YCSB/leveldbjnin/lib/leveldb-api-0.6.jar
7f5bf61f4000-7f5bf61f5000 r--s 00040000 08:02 20317418                   /home/daniel/projects/YCSB/leveldbjnin/lib/leveldbjni-linux64-1.1.jar
7f5bf61f5000-7f5bf61f7000 r--s 0000b000 08:02 20317417                   /home/daniel/projects/YCSB/leveldbjnin/lib/leveldbjni-1.1.jar
7f5bf61f7000-7f5bf61f9000 r--s 00001000 08:02 20580099                   /home/daniel/projects/YCSB/leveldbjnin/target/leveldbjnin-binding-0.16.0-SNAPSHOT.jar
7f5bf61f9000-7f5bf61fc000 r--s 0000f000 08:02 58983506                   /usr/lib/jvm/java-8-openjdk-amd64/jre/lib/ext/icedtea-sound.jar
7f5bf61fc000-7f5bf6206000 r--s 00116000 08:02 58983505                   /usr/lib/jvm/java-8-openjdk-amd64/jre/lib/ext/localedata.jar
7f5bf6206000-7f5bf62d1000 rw-p 00000000 00:00 0 
7f5bf62d1000-7f5bf62d4000 ---p 00000000 00:00 0 
7f5bf62d4000-7f5bf63d6000 rw-p 00000000 00:00 0 
7f5bf63d6000-7f5bf63d7000 r--s 00004000 08:02 20580077                   /home/daniel/.m2/repository/org/fusesource/hawtjni/hawtjni-runtime/1.9/hawtjni-runtime-1.9.jar
7f5bf63d7000-7f5bf63da000 r--s 00038000 08:02 58989301                   /usr/lib/jvm/java-8-openjdk-amd64/jre/lib/ext/sunpkcs11.jar
7f5bf63da000-7f5bf63db000 r--s 00010000 08:02 58989304                   /usr/lib/jvm/java-8-openjdk-amd64/jre/lib/ext/zipfs.jar
7f5bf63db000-7f5bf63dd000 r--s 00008000 08:02 58989283                   /usr/lib/jvm/java-8-openjdk-amd64/jre/lib/ext/sunec.jar
7f5bf63dd000-7f5bf63df000 r--s 00001000 08:02 58989316                   /usr/lib/jvm/java-8-openjdk-amd64/jre/lib/ext/dnsns.jar
7f5bf63df000-7f5bf63e5000 r--s 0003b000 08:02 58989282                   /usr/lib/jvm/java-8-openjdk-amd64/jre/lib/ext/sunjce_provider.jar
7f5bf63e5000-7f5bf63e6000 r--s 0000a000 08:02 58989284                   /usr/lib/jvm/java-8-openjdk-amd64/jre/lib/ext/jaccess.jar
7f5bf63e6000-7f5bf63ee000 rw-s 00000000 08:02 39584826                   /tmp/hsperfdata_daniel/32196
7f5bf63ee000-7f5bf63ef000 rw-p 00000000 00:00 0 
7f5bf63ef000-7f5bf63f0000 r--p 00000000 00:00 0 
7f5bf63f0000-7f5bf63f1000 rw-p 00000000 00:00 0 
7f5bf63f1000-7f5bf63f2000 r--p 00025000 08:02 29364754                   /lib/x86_64-linux-gnu/ld-2.23.so
7f5bf63f2000-7f5bf63f3000 rw-p 00026000 08:02 29364754                   /lib/x86_64-linux-gnu/ld-2.23.so
7f5bf63f3000-7f5bf63f4000 rw-p 00000000 00:00 0 
7ffd37f7f000-7ffd37fa1000 rw-p 00000000 00:00 0                          [stack]
7ffd37fcb000-7ffd37fce000 r--p 00000000 00:00 0                          [vvar]
7ffd37fce000-7ffd37fd0000 r-xp 00000000 00:00 0                          [vdso]
ffffffffff600000-ffffffffff601000 r-xp 00000000 00:00 0                  [vsyscall]

VM Arguments:
java_command: com.yahoo.ycsb.Client -db com.yahoo.ycsb.db.LevelDbJniClientN -P workloads/workloada -t
java_class_path (initial): /home/daniel/projects/YCSB/leveldbjnin/conf:/home/daniel/projects/YCSB/leveldbjnin/target/leveldbjnin-binding-0.16.0-SNAPSHOT.jar:/home/daniel/.m2/repository/org/apache/htrace/htrace-core4/4.1.0-incubating/htrace-core4-4.1.0-incubating.jar:/home/daniel/projects/YCSB/leveldbjnin/lib/leveldbjni-1.1.jar:/home/daniel/.m2/repository/org/fusesource/hawtjni/hawtjni-runtime/1.9/hawtjni-runtime-1.9.jar:/home/daniel/projects/YCSB/leveldbjnin/lib/leveldbjni-linux64-1.1.jar:/home/daniel/projects/YCSB/core/target/core-0.16.0-SNAPSHOT.jar:/home/daniel/.m2/repository/org/hdrhistogram/HdrHistogram/2.1.4/HdrHistogram-2.1.4.jar:/home/daniel/.m2/repository/org/codehaus/jackson/jackson-mapper-asl/1.9.4/jackson-mapper-asl-1.9.4.jar:/home/daniel/projects/YCSB/leveldbjnin/lib/leveldb-api-0.6.jar:/home/daniel/.m2/repository/org/codehaus/jackson/jackson-core-asl/1.9.4/jackson-core-asl-1.9.4.jar
Launcher Type: SUN_STANDARD

Environment Variables:
PATH=/home/daniel/bin:/home/daniel/.local/bin:/usr/local/sbin:/usr/local/bin:/usr/sbin:/usr/bin:/sbin:/bin:/usr/games:/usr/local/games:/snap/bin
SHELL=/bin/bash
DISPLAY=:0

Signal Handlers:
SIGSEGV: [libjvm.so+0xa74e00], sa_mask[0]=11111111011111111101111111111110, sa_flags=SA_RESTART|SA_SIGINFO
SIGBUS: [libjvm.so+0xa74e00], sa_mask[0]=11111111011111111101111111111110, sa_flags=SA_RESTART|SA_SIGINFO
SIGFPE: [libjvm.so+0x8bbe10], sa_mask[0]=11111111011111111101111111111110, sa_flags=SA_RESTART|SA_SIGINFO
SIGPIPE: [libjvm.so+0x8bbe10], sa_mask[0]=11111111011111111101111111111110, sa_flags=SA_RESTART|SA_SIGINFO
SIGXFSZ: [libjvm.so+0x8bbe10], sa_mask[0]=11111111011111111101111111111110, sa_flags=SA_RESTART|SA_SIGINFO
SIGILL: [libjvm.so+0x8bbe10], sa_mask[0]=11111111011111111101111111111110, sa_flags=SA_RESTART|SA_SIGINFO
SIGUSR1: SIG_DFL, sa_mask[0]=00000000000000000000000000000000, sa_flags=none
SIGUSR2: [libjvm.so+0x8bbcc0], sa_mask[0]=00000000000000000000000000000000, sa_flags=SA_RESTART|SA_SIGINFO
SIGHUP: [libjvm.so+0x8bc350], sa_mask[0]=11111111011111111101111111111110, sa_flags=SA_RESTART|SA_SIGINFO
SIGINT: [libjvm.so+0x8bc350], sa_mask[0]=11111111011111111101111111111110, sa_flags=SA_RESTART|SA_SIGINFO
SIGTERM: [libjvm.so+0x8bc350], sa_mask[0]=11111111011111111101111111111110, sa_flags=SA_RESTART|SA_SIGINFO
SIGQUIT: [libjvm.so+0x8bc350], sa_mask[0]=11111111011111111101111111111110, sa_flags=SA_RESTART|SA_SIGINFO


---------------  S Y S T E M  ---------------

OS:DISTRIB_ID=Ubuntu
DISTRIB_RELEASE=16.04
DISTRIB_CODENAME=xenial
DISTRIB_DESCRIPTION="Ubuntu 16.04.5 LTS"

uname:Linux 4.15.0-43-generic #46~16.04.1-Ubuntu SMP Fri Dec 7 13:31:08 UTC 2018 x86_64
libc:glibc 2.23 NPTL 2.23 
rlimit: STACK 8192k, CORE 0k, NPROC 30941, NOFILE 1048576, AS infinity
load average:1.21 0.82 0.98

/proc/meminfo:
MemTotal:        8057236 kB
MemFree:          605328 kB
MemAvailable:    2247312 kB
Buffers:           93812 kB
Cached:          2358140 kB
SwapCached:         3408 kB
Active:          4994508 kB
Inactive:        2124404 kB
Active(anon):    4306336 kB
Inactive(anon):   993740 kB
Active(file):     688172 kB
Inactive(file):  1130664 kB
Unevictable:          80 kB
Mlocked:              80 kB
SwapTotal:       1000444 kB
SwapFree:         760316 kB
Dirty:             12044 kB
Writeback:            96 kB
AnonPages:       4665116 kB
Mapped:           573992 kB
Shmem:            646836 kB
Slab:             169016 kB
SReclaimable:      95060 kB
SUnreclaim:        73956 kB
KernelStack:       16000 kB
PageTables:        80100 kB
NFS_Unstable:          0 kB
Bounce:                0 kB
WritebackTmp:          0 kB
CommitLimit:     5029060 kB
Committed_AS:   14260236 kB
VmallocTotal:   34359738367 kB
VmallocUsed:           0 kB
VmallocChunk:          0 kB
HardwareCorrupted:     0 kB
AnonHugePages:         0 kB
ShmemHugePages:        0 kB
ShmemPmdMapped:        0 kB
CmaTotal:              0 kB
CmaFree:               0 kB
HugePages_Total:       0
HugePages_Free:        0
HugePages_Rsvd:        0
HugePages_Surp:        0
Hugepagesize:       2048 kB
DirectMap4k:      429676 kB
DirectMap2M:     7849984 kB
DirectMap1G:           0 kB

container (cgroup) information:
container_type: cgroupv1
cpu_cpuset_cpus: 0-3
cpu_memory_nodes: 0
active_processor_count: 4
cpu_quota: -1
cpu_period: 100000
cpu_shares: -1
memory_limit_in_bytes: -1
memory_and_swap_limit_in_bytes: -2
memory_soft_limit_in_bytes: -1
memory_usage_in_bytes: 7289069568
memory_max_usage_in_bytes: 35209216


CPU:total 4 (initial active 4) (4 cores per cpu, 1 threads per core) family 6 model 158 stepping 9, cmov, cx8, fxsr, mmx, sse, sse2, sse3, ssse3, sse4.1, sse4.2, popcnt, avx, avx2, aes, clmul, erms, rtm, 3dnowpref, lzcnt, tsc, tscinvbit, bmi1, bmi2, adx

/proc/cpuinfo:
processor	: 0
vendor_id	: GenuineIntel
cpu family	: 6
model		: 158
model name	: Intel(R) Core(TM) i5-7500 CPU @ 3.40GHz
stepping	: 9
microcode	: 0x8e
cpu MHz		: 3280.640
cache size	: 6144 KB
physical id	: 0
siblings	: 4
core id		: 0
cpu cores	: 4
apicid		: 0
initial apicid	: 0
fpu		: yes
fpu_exception	: yes
cpuid level	: 22
wp		: yes
flags		: fpu vme de pse tsc msr pae mce cx8 apic sep mtrr pge mca cmov pat pse36 clflush dts acpi mmx fxsr sse sse2 ss ht tm pbe syscall nx pdpe1gb rdtscp lm constant_tsc art arch_perfmon pebs bts rep_good nopl xtopology nonstop_tsc cpuid aperfmperf tsc_known_freq pni pclmulqdq dtes64 monitor ds_cpl vmx smx est tm2 ssse3 sdbg fma cx16 xtpr pdcm pcid sse4_1 sse4_2 x2apic movbe popcnt tsc_deadline_timer aes xsave avx f16c rdrand lahf_lm abm 3dnowprefetch cpuid_fault invpcid_single pti ssbd ibrs ibpb stibp tpr_shadow vnmi flexpriority ept vpid fsgsbase tsc_adjust bmi1 hle avx2 smep bmi2 erms invpcid rtm mpx rdseed adx smap clflushopt intel_pt xsaveopt xsavec xgetbv1 xsaves dtherm ida arat pln pts hwp hwp_notify hwp_act_window hwp_epp flush_l1d
bugs		: cpu_meltdown spectre_v1 spectre_v2 spec_store_bypass l1tf
bogomips	: 6816.00
clflush size	: 64
cache_alignment	: 64
address sizes	: 39 bits physical, 48 bits virtual
power management:

processor	: 1
vendor_id	: GenuineIntel
cpu family	: 6
model		: 158
model name	: Intel(R) Core(TM) i5-7500 CPU @ 3.40GHz
stepping	: 9
microcode	: 0x8e
cpu MHz		: 3284.750
cache size	: 6144 KB
physical id	: 0
siblings	: 4
core id		: 1
cpu cores	: 4
apicid		: 2
initial apicid	: 2
fpu		: yes
fpu_exception	: yes
cpuid level	: 22
wp		: yes
flags		: fpu vme de pse tsc msr pae mce cx8 apic sep mtrr pge mca cmov pat pse36 clflush dts acpi mmx fxsr sse sse2 ss ht tm pbe syscall nx pdpe1gb rdtscp lm constant_tsc art arch_perfmon pebs bts rep_good nopl xtopology nonstop_tsc cpuid aperfmperf tsc_known_freq pni pclmulqdq dtes64 monitor ds_cpl vmx smx est tm2 ssse3 sdbg fma cx16 xtpr pdcm pcid sse4_1 sse4_2 x2apic movbe popcnt tsc_deadline_timer aes xsave avx f16c rdrand lahf_lm abm 3dnowprefetch cpuid_fault invpcid_single pti ssbd ibrs ibpb stibp tpr_shadow vnmi flexpriority ept vpid fsgsbase tsc_adjust bmi1 hle avx2 smep bmi2 erms invpcid rtm mpx rdseed adx smap clflushopt intel_pt xsaveopt xsavec xgetbv1 xsaves dtherm ida arat pln pts hwp hwp_notify hwp_act_window hwp_epp flush_l1d
bugs		: cpu_meltdown spectre_v1 spectre_v2 spec_store_bypass l1tf
bogomips	: 6816.00
clflush size	: 64
cache_alignment	: 64
address sizes	: 39 bits physical, 48 bits virtual
power management:

processor	: 2
vendor_id	: GenuineIntel
cpu family	: 6
model		: 158
model name	: Intel(R) Core(TM) i5-7500 CPU @ 3.40GHz
stepping	: 9
microcode	: 0x8e
cpu MHz		: 3053.242
cache size	: 6144 KB
physical id	: 0
siblings	: 4
core id		: 2
cpu cores	: 4
apicid		: 4
initial apicid	: 4
fpu		: yes
fpu_exception	: yes
cpuid level	: 22
wp		: yes
flags		: fpu vme de pse tsc msr pae mce cx8 apic sep mtrr pge mca cmov pat pse36 clflush dts acpi mmx fxsr sse sse2 ss ht tm pbe syscall nx pdpe1gb rdtscp lm constant_tsc art arch_perfmon pebs bts rep_good nopl xtopology nonstop_tsc cpuid aperfmperf tsc_known_freq pni pclmulqdq dtes64 monitor ds_cpl vmx smx est tm2 ssse3 sdbg fma cx16 xtpr pdcm pcid sse4_1 sse4_2 x2apic movbe popcnt tsc_deadline_timer aes xsave avx f16c rdrand lahf_lm abm 3dnowprefetch cpuid_fault invpcid_single pti ssbd ibrs ibpb stibp tpr_shadow vnmi flexpriority ept vpid fsgsbase tsc_adjust bmi1 hle avx2 smep bmi2 erms invpcid rtm mpx rdseed adx smap clflushopt intel_pt xsaveopt xsavec xgetbv1 xsaves dtherm ida arat pln pts hwp hwp_notify hwp_act_window hwp_epp flush_l1d
bugs		: cpu_meltdown spectre_v1 spectre_v2 spec_store_bypass l1tf
bogomips	: 6816.00
clflush size	: 64
cache_alignment	: 64
address sizes	: 39 bits physical, 48 bits virtual
power management:

processor	: 3
vendor_id	: GenuineIntel
cpu family	: 6
model		: 158
model name	: Intel(R) Core(TM) i5-7500 CPU @ 3.40GHz
stepping	: 9
microcode	: 0x8e
cpu MHz		: 3242.736
cache size	: 6144 KB
physical id	: 0
siblings	: 4
core id		: 3
cpu cores	: 4
apicid		: 6
initial apicid	: 6
fpu		: yes
fpu_exception	: yes
cpuid level	: 22
wp		: yes
flags		: fpu vme de pse tsc msr pae mce cx8 apic sep mtrr pge mca cmov pat pse36 clflush dts acpi mmx fxsr sse sse2 ss ht tm pbe syscall nx pdpe1gb rdtscp lm constant_tsc art arch_perfmon pebs bts rep_good nopl xtopology nonstop_tsc cpuid aperfmperf tsc_known_freq pni pclmulqdq dtes64 monitor ds_cpl vmx smx est tm2 ssse3 sdbg fma cx16 xtpr pdcm pcid sse4_1 sse4_2 x2apic movbe popcnt tsc_deadline_timer aes xsave avx f16c rdrand lahf_lm abm 3dnowprefetch cpuid_fault invpcid_single pti ssbd ibrs ibpb stibp tpr_shadow vnmi flexpriority ept vpid fsgsbase tsc_adjust bmi1 hle avx2 smep bmi2 erms invpcid rtm mpx rdseed adx smap clflushopt intel_pt xsaveopt xsavec xgetbv1 xsaves dtherm ida arat pln pts hwp hwp_notify hwp_act_window hwp_epp flush_l1d
bugs		: cpu_meltdown spectre_v1 spectre_v2 spec_store_bypass l1tf
bogomips	: 6816.00
clflush size	: 64
cache_alignment	: 64
address sizes	: 39 bits physical, 48 bits virtual
power management:



Memory: 4k page, physical 8057236k(605328k free), swap 1000444k(760316k free)

vm_info: OpenJDK 64-Bit Server VM (25.191-b12) for linux-amd64 JRE (1.8.0_191-8u191-b12-0ubuntu0.16.04.1-b12), built on Nov 20 2018 15:24:40 by "buildd" with gcc 5.4.0 20160609

time: Fri Jan 18 14:15:44 2019
elapsed time: 0 seconds (0d 0h 0m 0s)

