#
# A fatal error has been detected by the Java Runtime Environment:
#
#  SIGSEGV (0xb) at pc=0x00007f325fd97603, pid=16422, tid=0x00007f328f46d700
#
# JRE version: OpenJDK Runtime Environment (8.0_191-b12) (build 1.8.0_191-8u191-b12-2ubuntu0.16.04.1-b12)
# Java VM: OpenJDK 64-Bit Server VM (25.191-b12 mixed mode linux-amd64 compressed oops)
# Problematic frame:
# C  [libClient.so+0x55603]  Java_com_yahoo_ycsb_db_LevelDbJniClientN_cinsert+0xd9
#
# Failed to write core dump. Core dumps have been disabled. To enable core dumping, try "ulimit -c unlimited" before starting Java again
#
# If you would like to submit a bug report, please visit:
#   http://bugreport.java.com/bugreport/crash.jsp
# The crash happened outside the Java Virtual Machine in native code.
# See problematic frame for where to report the bug.
#

---------------  T H R E A D  ---------------

Current thread (0x00007f32ac21d800):  JavaThread "Thread-2" [_thread_in_native, id=16438, stack(0x00007f328f36d000,0x00007f328f46e000)]

siginfo: si_signo: 11 (SIGSEGV), si_code: 1 (SEGV_MAPERR), si_addr: 0x0000000000000000

Registers:
RAX=0x0000000000000000, RBX=0x00007f32b0700c28, RCX=0x00007f326400e4e5, RDX=0x00007f326400e740
RSP=0x00007f328f46c650, RBP=0x00007f328f46c710, RSI=0x00007f326400e4a0, RDI=0x00007f328f46c6a0
R8 =0x00007f326400e740, R9 =0x00007f326400e4e5, R10=0x00007f326400e740, R11=0x0000000000000020
R12=0x0000000000000000, R13=0x00007f32b0700c28, R14=0x00007f328f46c7b0, R15=0x00007f32ac21d800
RIP=0x00007f325fd97603, EFLAGS=0x0000000000010202, CSGSFS=0x002b000000000033, ERR=0x0000000000000004
  TRAPNO=0x000000000000000e

Top of Stack: (sp=0x00007f328f46c650)
0x00007f328f46c650:   00007f328f46c7a0 00007f328f46c7a8
0x00007f328f46c660:   00007f328f46c7b0 00007f32ac21d9e0
0x00007f328f46c670:   00007f328f46c700 00007f32b3c4d1ca
0x00007f328f46c680:   00007f32ac21d800 00007f32ac21d800
0x00007f328f46c690:   00007f328f46c6b0 00007f32b3e43589
0x00007f328f46c6a0:   00007f32ac21d800 00007f32b0700c28
0x00007f328f46c6b0:   00007f3264006ef0 0000000000000017
0x00007f328f46c6c0:   0000000000000017 00007f32ac21d800
0x00007f328f46c6d0:   00007f326400e740 0000000000000465
0x00007f328f46c6e0:   0000000000000465 00007f32b0700c28
0x00007f328f46c6f0:   0000000000000000 a29d04e7404a1c00
0x00007f328f46c700:   00007f328f46c780 00007f32b0700c28
0x00007f328f46c710:   00007f328f46c780 00007f329d018407
0x00007f328f46c720:   00007f328f46c780 00007f329d018159
0x00007f328f46c730:   fffffffe00000000 00007f329d018122
0x00007f328f46c740:   00007f328f46c740 00007f32b0700c28
0x00007f328f46c750:   00007f328f46c7b0 00007f32b0701370
0x00007f328f46c760:   0000000000000000 00007f32b0700c28
0x00007f328f46c770:   0000000000000000 00007f328f46c7a0
0x00007f328f46c780:   00007f328f46c7f8 00007f329d007ffd
0x00007f328f46c790:   0000000000000000 00007f329d011a58
0x00007f328f46c7a0:   00000000d74c4cf0 00000000d74c08e0
0x00007f328f46c7b0:   00000000d7306a60 00007f328f46c7b8
0x00007f328f46c7c0:   00007f32b0700cd8 00007f328f46c830
0x00007f328f46c7d0:   00007f32b0701370 0000000000000000
0x00007f328f46c7e0:   00007f32b0700d78 00007f328f46c7a0
0x00007f328f46c7f0:   00007f328f46c818 00007f328f46c878
0x00007f328f46c800:   00007f329d007d80 00000000d74c4cf0
0x00007f328f46c810:   00000000d74c3030 00000000d74c0938
0x00007f328f46c820:   00000000d74c08e0 00000000d7101670
0x00007f328f46c830:   00000000d7306a60 00007f328f46c838
0x00007f328f46c840:   00007f32b06ff7ed 00007f328f46c908 

Instructions: (pc=0x00007f325fd97603)
0x00007f325fd975e3:   89 ce 48 89 c7 e8 13 d4 ff ff 48 8d 45 90 48 89
0x00007f325fd975f3:   c7 e8 97 c2 ff ff 48 8b 05 f8 49 26 00 48 8b 00
0x00007f325fd97603:   48 8b 00 48 83 c0 10 48 8b 18 48 8d 55 c0 48 8d
0x00007f325fd97613:   45 90 48 89 d6 48 89 c7 e8 c0 f7 ff ff 48 8d 55 

Register to memory mapping:

RAX=0x0000000000000000 is an unknown value
RBX={method} {0x00007f32b0700c28} 'cinsert' '(Ljava/lang/String;Ljava/lang/String;)V' in 'com/yahoo/ycsb/db/LevelDbJniClientN'
RCX=0x00007f326400e4e5 is an unknown value
RDX=0x00007f326400e740 is an unknown value
RSP=0x00007f328f46c650 is pointing into the stack for thread: 0x00007f32ac21d800
RBP=0x00007f328f46c710 is pointing into the stack for thread: 0x00007f32ac21d800
RSI=0x00007f326400e4a0 is an unknown value
RDI=0x00007f328f46c6a0 is pointing into the stack for thread: 0x00007f32ac21d800
R8 =0x00007f326400e740 is an unknown value
R9 =0x00007f326400e4e5 is an unknown value
R10=0x00007f326400e740 is an unknown value
R11=0x0000000000000020 is an unknown value
R12=0x0000000000000000 is an unknown value
R13={method} {0x00007f32b0700c28} 'cinsert' '(Ljava/lang/String;Ljava/lang/String;)V' in 'com/yahoo/ycsb/db/LevelDbJniClientN'
R14=0x00007f328f46c7b0 is pointing into the stack for thread: 0x00007f32ac21d800
R15=0x00007f32ac21d800 is a thread


Stack: [0x00007f328f36d000,0x00007f328f46e000],  sp=0x00007f328f46c650,  free space=1021k
Native frames: (J=compiled Java code, j=interpreted, Vv=VM code, C=native code)
C  [libClient.so+0x55603]  Java_com_yahoo_ycsb_db_LevelDbJniClientN_cinsert+0xd9
j  com.yahoo.ycsb.db.LevelDbJniClientN.cinsert(Ljava/lang/String;Ljava/lang/String;)V+0
j  com.yahoo.ycsb.db.LevelDbJniClientN.insert(Ljava/lang/String;Ljava/lang/String;Ljava/util/Map;)Lcom/yahoo/ycsb/Status;+24
j  com.yahoo.ycsb.DBWrapper.insert(Ljava/lang/String;Ljava/lang/String;Ljava/util/Map;)Lcom/yahoo/ycsb/Status;+37
j  com.yahoo.ycsb.workloads.CoreWorkload.doInsert(Lcom/yahoo/ycsb/DB;Ljava/lang/Object;)Z+42
j  com.yahoo.ycsb.ClientThread.run()V+226
j  java.lang.Thread.run()V+11
v  ~StubRoutines::call_stub
V  [libjvm.so+0x666f7b]
V  [libjvm.so+0x664554]
V  [libjvm.so+0x664b37]
V  [libjvm.so+0x6a7e14]
V  [libjvm.so+0xa187c7]
V  [libjvm.so+0xa18c8c]
V  [libjvm.so+0x8be002]
C  [libpthread.so.0+0x76ba]  start_thread+0xca

Java frames: (J=compiled Java code, j=interpreted, Vv=VM code)
j  com.yahoo.ycsb.db.LevelDbJniClientN.cinsert(Ljava/lang/String;Ljava/lang/String;)V+0
j  com.yahoo.ycsb.db.LevelDbJniClientN.insert(Ljava/lang/String;Ljava/lang/String;Ljava/util/Map;)Lcom/yahoo/ycsb/Status;+24
j  com.yahoo.ycsb.DBWrapper.insert(Ljava/lang/String;Ljava/lang/String;Ljava/util/Map;)Lcom/yahoo/ycsb/Status;+37
j  com.yahoo.ycsb.workloads.CoreWorkload.doInsert(Lcom/yahoo/ycsb/DB;Ljava/lang/Object;)Z+42
j  com.yahoo.ycsb.ClientThread.run()V+226
j  java.lang.Thread.run()V+11
v  ~StubRoutines::call_stub

---------------  P R O C E S S  ---------------

Java Threads: ( => current thread )
=>0x00007f32ac21d800 JavaThread "Thread-2" [_thread_in_native, id=16438, stack(0x00007f328f36d000,0x00007f328f46e000)]
  0x00007f32ac0c0800 JavaThread "Service Thread" daemon [_thread_blocked, id=16435, stack(0x00007f328f56f000,0x00007f328f670000)]
  0x00007f32ac0bd000 JavaThread "C1 CompilerThread2" daemon [_thread_blocked, id=16434, stack(0x00007f328f670000,0x00007f328f771000)]
  0x00007f32ac0bb800 JavaThread "C2 CompilerThread1" daemon [_thread_blocked, id=16433, stack(0x00007f328f771000,0x00007f328f872000)]
  0x00007f32ac0b8800 JavaThread "C2 CompilerThread0" daemon [_thread_blocked, id=16432, stack(0x00007f328f872000,0x00007f328f973000)]
  0x00007f32ac0b7000 JavaThread "Signal Dispatcher" daemon [_thread_blocked, id=16431, stack(0x00007f328f973000,0x00007f328fa74000)]
  0x00007f32ac085000 JavaThread "Finalizer" daemon [_thread_blocked, id=16430, stack(0x00007f328feff000,0x00007f3290000000)]
  0x00007f32ac082000 JavaThread "Reference Handler" daemon [_thread_blocked, id=16429, stack(0x00007f329407e000,0x00007f329417f000)]
  0x00007f32ac00b000 JavaThread "main" [_thread_blocked, id=16423, stack(0x00007f32b5252000,0x00007f32b5353000)]

Other Threads:
  0x00007f32ac078800 VMThread [stack: 0x00007f329417f000,0x00007f3294280000] [id=16428]
  0x00007f32ac0c3000 WatcherThread [stack: 0x00007f328f46e000,0x00007f328f56f000] [id=16436]

VM state:not at safepoint (normal execution)

VM Mutex/Monitor currently owned by a thread: None

Heap:
 PSYoungGen      total 36864K, used 5468K [0x00000000d7000000, 0x00000000d9900000, 0x0000000100000000)
  eden space 31744K, 17% used [0x00000000d7000000,0x00000000d7557388,0x00000000d8f00000)
  from space 5120K, 0% used [0x00000000d9400000,0x00000000d9400000,0x00000000d9900000)
  to   space 5120K, 0% used [0x00000000d8f00000,0x00000000d8f00000,0x00000000d9400000)
 ParOldGen       total 84992K, used 0K [0x0000000085000000, 0x000000008a300000, 0x00000000d7000000)
  object space 84992K, 0% used [0x0000000085000000,0x0000000085000000,0x000000008a300000)
 Metaspace       used 4032K, capacity 4928K, committed 5120K, reserved 1056768K
  class space    used 440K, capacity 498K, committed 512K, reserved 1048576K

Card table byte_map: [0x00007f32b1522000,0x00007f32b18fb000] byte_map_base: 0x00007f32b10fa000

Marking Bits: (ParMarkBitMap*) 0x00007f32b451e520
 Begin Bits: [0x00007f3294280000, 0x00007f3296140000)
 End Bits:   [0x00007f3296140000, 0x00007f3298000000)

Polling page: 0x00007f32b5372000

CodeCache: size=245760Kb used=1334Kb max_used=1334Kb free=244425Kb
 bounds [0x00007f329d000000, 0x00007f329d270000, 0x00007f32ac000000]
 total_blobs=385 nmethods=135 adapters=165
 compilation: enabled

Compilation events (10 events):
Event: 0.101 Thread 0x00007f32ac0bd000  131       3       sun.reflect.ClassFileAssembler::emitByte (11 bytes)
Event: 0.101 Thread 0x00007f32ac0bd000 nmethod 131 0x00007f329d14c510 code [0x00007f329d14c680, 0x00007f329d14c848]
Event: 0.101 Thread 0x00007f32ac0bd000  132       3       sun.reflect.ByteVectorImpl::add (38 bytes)
Event: 0.101 Thread 0x00007f32ac0bd000 nmethod 132 0x00007f329d14c950 code [0x00007f329d14cac0, 0x00007f329d14cce8]
Event: 0.104 Thread 0x00007f32ac0bd000  133       1       java.lang.Class::getClassLoader0 (5 bytes)
Event: 0.104 Thread 0x00007f32ac0bd000 nmethod 133 0x00007f329d14ce10 code [0x00007f329d14cf60, 0x00007f329d14d070]
Event: 0.104 Thread 0x00007f32ac0bd000  134       3       sun.reflect.ClassFileAssembler::emitShort (24 bytes)
Event: 0.104 Thread 0x00007f32ac0bd000 nmethod 134 0x00007f329d14d0d0 code [0x00007f329d14d260, 0x00007f329d14d598]
Event: 0.104 Thread 0x00007f32ac0bd000  135       3       sun.reflect.ClassFileAssembler::cpi (22 bytes)
Event: 0.104 Thread 0x00007f32ac0bd000 nmethod 135 0x00007f329d14d790 code [0x00007f329d14d900, 0x00007f329d14db48]

GC Heap History (0 events):
No events

Deoptimization events (0 events):
No events

Classes redefined (0 events):
No events

Internal exceptions (10 events):
Event: 0.042 Thread 0x00007f32ac00b000 Exception <a 'java/security/PrivilegedActionException'> (0x00000000d705f9a0) thrown at [/build/openjdk-8-6jqSe7/openjdk-8-8u191-b12/src/hotspot/src/share/vm/prims/jvm.cpp, line 1429]
Event: 0.042 Thread 0x00007f32ac00b000 Exception <a 'java/security/PrivilegedActionException'> (0x00000000d705fbb0) thrown at [/build/openjdk-8-6jqSe7/openjdk-8-8u191-b12/src/hotspot/src/share/vm/prims/jvm.cpp, line 1429]
Event: 0.053 Thread 0x00007f32ac00b000 Exception <a 'java/security/PrivilegedActionException'> (0x00000000d70e1c78) thrown at [/build/openjdk-8-6jqSe7/openjdk-8-8u191-b12/src/hotspot/src/share/vm/prims/jvm.cpp, line 1429]
Event: 0.053 Thread 0x00007f32ac00b000 Exception <a 'java/security/PrivilegedActionException'> (0x00000000d70e1e88) thrown at [/build/openjdk-8-6jqSe7/openjdk-8-8u191-b12/src/hotspot/src/share/vm/prims/jvm.cpp, line 1429]
Event: 0.053 Thread 0x00007f32ac00b000 Exception <a 'java/security/PrivilegedActionException'> (0x00000000d70e3f10) thrown at [/build/openjdk-8-6jqSe7/openjdk-8-8u191-b12/src/hotspot/src/share/vm/prims/jvm.cpp, line 1429]
Event: 0.053 Thread 0x00007f32ac00b000 Exception <a 'java/security/PrivilegedActionException'> (0x00000000d70e4120) thrown at [/build/openjdk-8-6jqSe7/openjdk-8-8u191-b12/src/hotspot/src/share/vm/prims/jvm.cpp, line 1429]
Event: 0.053 Thread 0x00007f32ac00b000 Exception <a 'java/security/PrivilegedActionException'> (0x00000000d70e4bf8) thrown at [/build/openjdk-8-6jqSe7/openjdk-8-8u191-b12/src/hotspot/src/share/vm/prims/jvm.cpp, line 1429]
Event: 0.053 Thread 0x00007f32ac00b000 Exception <a 'java/security/PrivilegedActionException'> (0x00000000d70e4e08) thrown at [/build/openjdk-8-6jqSe7/openjdk-8-8u191-b12/src/hotspot/src/share/vm/prims/jvm.cpp, line 1429]
Event: 0.075 Thread 0x00007f32ac00b000 Exception <a 'java/lang/NoClassDefFoundError': org/apache/log4j/Category> (0x00000000d727e100) thrown at [/build/openjdk-8-6jqSe7/openjdk-8-8u191-b12/src/hotspot/src/share/vm/classfile/systemDictionary.cpp, line 199]
Event: 0.091 Thread 0x00007f32ac1a0000 Exception <a 'java/lang/InterruptedException': sleep interrupted> (0x00000000d7419c58) thrown at [/build/openjdk-8-6jqSe7/openjdk-8-8u191-b12/src/hotspot/src/share/vm/prims/jvm.cpp, line 3267]

Events (10 events):
Event: 0.103 loading class java/lang/CloneNotSupportedException
Event: 0.103 loading class java/lang/CloneNotSupportedException done
Event: 0.103 loading class java/io/ObjectStreamClass$FieldReflectorKey
Event: 0.103 loading class java/io/ObjectStreamClass$FieldReflectorKey done
Event: 0.103 loading class java/io/ObjectStreamClass$FieldReflector
Event: 0.103 loading class java/io/ObjectStreamClass$FieldReflector done
Event: 0.103 loading class java/io/ObjectStreamClass$ClassDataSlot
Event: 0.104 loading class java/io/ObjectStreamClass$ClassDataSlot done
Event: 0.104 loading class java/io/SerialCallbackContext
Event: 0.104 loading class java/io/SerialCallbackContext done


Dynamic libraries:
00400000-00401000 r-xp 00000000 08:02 58722892                           /usr/lib/jvm/java-8-openjdk-amd64/jre/bin/java
00600000-00601000 r--p 00000000 08:02 58722892                           /usr/lib/jvm/java-8-openjdk-amd64/jre/bin/java
00601000-00602000 rw-p 00001000 08:02 58722892                           /usr/lib/jvm/java-8-openjdk-amd64/jre/bin/java
01861000-01882000 rw-p 00000000 00:00 0                                  [heap]
85000000-8a300000 rw-p 00000000 00:00 0 
8a300000-d7000000 ---p 00000000 00:00 0 
d7000000-d9900000 rw-p 00000000 00:00 0 
d9900000-100000000 ---p 00000000 00:00 0 
100000000-100080000 rw-p 00000000 00:00 0 
100080000-140000000 ---p 00000000 00:00 0 
7f3258000000-7f3258021000 rw-p 00000000 00:00 0 
7f3258021000-7f325c000000 ---p 00000000 00:00 0 
7f325fd42000-7f325fdfb000 r-xp 00000000 08:02 58468709                   /usr/lib/libClient.so
7f325fdfb000-7f325fffa000 ---p 000b9000 08:02 58468709                   /usr/lib/libClient.so
7f325fffa000-7f325fffc000 r--p 000b8000 08:02 58468709                   /usr/lib/libClient.so
7f325fffc000-7f3260000000 rw-p 000ba000 08:02 58468709                   /usr/lib/libClient.so
7f3260000000-7f3260021000 rw-p 00000000 00:00 0 
7f3260021000-7f3264000000 ---p 00000000 00:00 0 
7f3264000000-7f3264022000 rw-p 00000000 00:00 0 
7f3264022000-7f3268000000 ---p 00000000 00:00 0 
7f3268000000-7f3268021000 rw-p 00000000 00:00 0 
7f3268021000-7f326c000000 ---p 00000000 00:00 0 
7f326c000000-7f326c141000 rw-p 00000000 00:00 0 
7f326c141000-7f3270000000 ---p 00000000 00:00 0 
7f3270000000-7f3270021000 rw-p 00000000 00:00 0 
7f3270021000-7f3274000000 ---p 00000000 00:00 0 
7f3274000000-7f3274078000 rw-p 00000000 00:00 0 
7f3274078000-7f3278000000 ---p 00000000 00:00 0 
7f3278000000-7f3278021000 rw-p 00000000 00:00 0 
7f3278021000-7f327c000000 ---p 00000000 00:00 0 
7f327c000000-7f327c021000 rw-p 00000000 00:00 0 
7f327c021000-7f3280000000 ---p 00000000 00:00 0 
7f3280000000-7f3280021000 rw-p 00000000 00:00 0 
7f3280021000-7f3284000000 ---p 00000000 00:00 0 
7f3284000000-7f3284021000 rw-p 00000000 00:00 0 
7f3284021000-7f3288000000 ---p 00000000 00:00 0 
7f3288000000-7f3288021000 rw-p 00000000 00:00 0 
7f3288021000-7f328c000000 ---p 00000000 00:00 0 
7f328c154000-7f328f155000 rw-p 00000000 00:00 0 
7f328f155000-7f328f16c000 r-xp 00000000 08:02 59116076                   /usr/lib/jvm/java-8-openjdk-amd64/jre/lib/amd64/libnet.so
7f328f16c000-7f328f36b000 ---p 00017000 08:02 59116076                   /usr/lib/jvm/java-8-openjdk-amd64/jre/lib/amd64/libnet.so
7f328f36b000-7f328f36c000 r--p 00016000 08:02 59116076                   /usr/lib/jvm/java-8-openjdk-amd64/jre/lib/amd64/libnet.so
7f328f36c000-7f328f36d000 rw-p 00017000 08:02 59116076                   /usr/lib/jvm/java-8-openjdk-amd64/jre/lib/amd64/libnet.so
7f328f36d000-7f328f370000 ---p 00000000 00:00 0 
7f328f370000-7f328f46e000 rw-p 00000000 00:00 0 
7f328f46e000-7f328f46f000 ---p 00000000 00:00 0 
7f328f46f000-7f328f56f000 rw-p 00000000 00:00 0 
7f328f56f000-7f328f572000 ---p 00000000 00:00 0 
7f328f572000-7f328f670000 rw-p 00000000 00:00 0 
7f328f670000-7f328f673000 ---p 00000000 00:00 0 
7f328f673000-7f328f771000 rw-p 00000000 00:00 0 
7f328f771000-7f328f774000 ---p 00000000 00:00 0 
7f328f774000-7f328f872000 rw-p 00000000 00:00 0 
7f328f872000-7f328f875000 ---p 00000000 00:00 0 
7f328f875000-7f328f973000 rw-p 00000000 00:00 0 
7f328f973000-7f328f976000 ---p 00000000 00:00 0 
7f328f976000-7f328fa74000 rw-p 00000000 00:00 0 
7f328fa74000-7f328feff000 r--p 00000000 08:02 58459750                   /usr/lib/locale/locale-archive
7f328feff000-7f328ff02000 ---p 00000000 00:00 0 
7f328ff02000-7f3290000000 rw-p 00000000 00:00 0 
7f3290000000-7f3290021000 rw-p 00000000 00:00 0 
7f3290021000-7f3294000000 ---p 00000000 00:00 0 
7f329407e000-7f3294081000 ---p 00000000 00:00 0 
7f3294081000-7f329417f000 rw-p 00000000 00:00 0 
7f329417f000-7f3294180000 ---p 00000000 00:00 0 
7f3294180000-7f3298000000 rw-p 00000000 00:00 0 
7f3298000000-7f3298021000 rw-p 00000000 00:00 0 
7f3298021000-7f329c000000 ---p 00000000 00:00 0 
7f329c001000-7f329c008000 r--s 00000000 08:02 58725390                   /usr/lib/x86_64-linux-gnu/gconv/gconv-modules.cache
7f329c008000-7f329c029000 r--p 00000000 08:02 60426984                   /usr/share/locale-langpack/zh_CN/LC_MESSAGES/libc.mo
7f329c029000-7f329c02d000 r--s 00034000 08:02 20579538                   /home/daniel/.m2/repository/org/codehaus/jackson/jackson-core-asl/1.9.4/jackson-core-asl-1.9.4.jar
7f329c02d000-7f329c03b000 r--s 000b0000 08:02 20579536                   /home/daniel/.m2/repository/org/codehaus/jackson/jackson-mapper-asl/1.9.4/jackson-mapper-asl-1.9.4.jar
7f329c03b000-7f329c03e000 r--s 00017000 08:02 20579546                   /home/daniel/.m2/repository/org/hdrhistogram/HdrHistogram/2.1.4/HdrHistogram-2.1.4.jar
7f329c03e000-7f329c058000 r--s 00155000 08:02 20579534                   /home/daniel/.m2/repository/org/apache/htrace/htrace-core4/4.1.0-incubating/htrace-core4-4.1.0-incubating.jar
7f329c058000-7f329c073000 r--s 00394000 08:02 58992470                   /usr/lib/jvm/java-8-openjdk-amd64/jre/lib/ext/cldrdata.jar
7f329c073000-7f329c08e000 r--s 001d6000 08:02 58991975                   /usr/lib/jvm/java-8-openjdk-amd64/jre/lib/ext/nashorn.jar
7f329c08e000-7f329d000000 rw-p 00000000 00:00 0 
7f329d000000-7f329d270000 rwxp 00000000 00:00 0 
7f329d270000-7f32ac000000 ---p 00000000 00:00 0 
7f32ac000000-7f32ac244000 rw-p 00000000 00:00 0 
7f32ac244000-7f32b0000000 ---p 00000000 00:00 0 
7f32b0000000-7f32b0002000 r--s 00001000 08:02 29754138                   /home/daniel/projects/YCSB/leveldbjnin/lib/leveldb-api-0.6.jar
7f32b0002000-7f32b0071000 rw-p 00000000 00:00 0 
7f32b0071000-7f32b0240000 r--s 03c33000 08:02 58853402                   /usr/lib/jvm/java-8-openjdk-amd64/jre/lib/rt.jar
7f32b0240000-7f32b0736000 rw-p 00000000 00:00 0 
7f32b0736000-7f32b0ab6000 ---p 00000000 00:00 0 
7f32b0ab6000-7f32b0e8e000 rw-p 00000000 00:00 0 
7f32b0e8e000-7f32b0e8f000 ---p 00000000 00:00 0 
7f32b0e8f000-7f32b0f8f000 rw-p 00000000 00:00 0 
7f32b0f8f000-7f32b0f90000 ---p 00000000 00:00 0 
7f32b0f90000-7f32b1090000 rw-p 00000000 00:00 0 
7f32b1090000-7f32b1091000 ---p 00000000 00:00 0 
7f32b1091000-7f32b1191000 rw-p 00000000 00:00 0 
7f32b1191000-7f32b1192000 ---p 00000000 00:00 0 
7f32b1192000-7f32b12bc000 rw-p 00000000 00:00 0 
7f32b12bc000-7f32b1522000 ---p 00000000 00:00 0 
7f32b1522000-7f32b154c000 rw-p 00000000 00:00 0 
7f32b154c000-7f32b17b2000 ---p 00000000 00:00 0 
7f32b17b2000-7f32b17c7000 rw-p 00000000 00:00 0 
7f32b17c7000-7f32b18fa000 ---p 00000000 00:00 0 
7f32b18fa000-7f32b1905000 rw-p 00000000 00:00 0 
7f32b1905000-7f32b1cbb000 ---p 00000000 00:00 0 
7f32b1cbb000-7f32b1cc3000 r-xp 00000000 08:02 59117435                   /usr/lib/jvm/java-8-openjdk-amd64/jre/lib/amd64/libzip.so
7f32b1cc3000-7f32b1ec2000 ---p 00008000 08:02 59117435                   /usr/lib/jvm/java-8-openjdk-amd64/jre/lib/amd64/libzip.so
7f32b1ec2000-7f32b1ec3000 r--p 00007000 08:02 59117435                   /usr/lib/jvm/java-8-openjdk-amd64/jre/lib/amd64/libzip.so
7f32b1ec3000-7f32b1ec4000 rw-p 00008000 08:02 59117435                   /usr/lib/jvm/java-8-openjdk-amd64/jre/lib/amd64/libzip.so
7f32b1ec4000-7f32b1ecf000 r-xp 00000000 08:02 29360434                   /lib/x86_64-linux-gnu/libnss_files-2.23.so
7f32b1ecf000-7f32b20ce000 ---p 0000b000 08:02 29360434                   /lib/x86_64-linux-gnu/libnss_files-2.23.so
7f32b20ce000-7f32b20cf000 r--p 0000a000 08:02 29360434                   /lib/x86_64-linux-gnu/libnss_files-2.23.so
7f32b20cf000-7f32b20d0000 rw-p 0000b000 08:02 29360434                   /lib/x86_64-linux-gnu/libnss_files-2.23.so
7f32b20d0000-7f32b20d6000 rw-p 00000000 00:00 0 
7f32b20d6000-7f32b20e1000 r-xp 00000000 08:02 29360427                   /lib/x86_64-linux-gnu/libnss_nis-2.23.so
7f32b20e1000-7f32b22e0000 ---p 0000b000 08:02 29360427                   /lib/x86_64-linux-gnu/libnss_nis-2.23.so
7f32b22e0000-7f32b22e1000 r--p 0000a000 08:02 29360427                   /lib/x86_64-linux-gnu/libnss_nis-2.23.so
7f32b22e1000-7f32b22e2000 rw-p 0000b000 08:02 29360427                   /lib/x86_64-linux-gnu/libnss_nis-2.23.so
7f32b22e2000-7f32b22f8000 r-xp 00000000 08:02 29360432                   /lib/x86_64-linux-gnu/libnsl-2.23.so
7f32b22f8000-7f32b24f7000 ---p 00016000 08:02 29360432                   /lib/x86_64-linux-gnu/libnsl-2.23.so
7f32b24f7000-7f32b24f8000 r--p 00015000 08:02 29360432                   /lib/x86_64-linux-gnu/libnsl-2.23.so
7f32b24f8000-7f32b24f9000 rw-p 00016000 08:02 29360432                   /lib/x86_64-linux-gnu/libnsl-2.23.so
7f32b24f9000-7f32b24fb000 rw-p 00000000 00:00 0 
7f32b24fb000-7f32b2503000 r-xp 00000000 08:02 29360438                   /lib/x86_64-linux-gnu/libnss_compat-2.23.so
7f32b2503000-7f32b2702000 ---p 00008000 08:02 29360438                   /lib/x86_64-linux-gnu/libnss_compat-2.23.so
7f32b2702000-7f32b2703000 r--p 00007000 08:02 29360438                   /lib/x86_64-linux-gnu/libnss_compat-2.23.so
7f32b2703000-7f32b2704000 rw-p 00008000 08:02 29360438                   /lib/x86_64-linux-gnu/libnss_compat-2.23.so
7f32b2704000-7f32b2731000 r-xp 00000000 08:02 59117466                   /usr/lib/jvm/java-8-openjdk-amd64/jre/lib/amd64/libjava.so
7f32b2731000-7f32b2930000 ---p 0002d000 08:02 59117466                   /usr/lib/jvm/java-8-openjdk-amd64/jre/lib/amd64/libjava.so
7f32b2930000-7f32b2931000 r--p 0002c000 08:02 59117466                   /usr/lib/jvm/java-8-openjdk-amd64/jre/lib/amd64/libjava.so
7f32b2931000-7f32b2933000 rw-p 0002d000 08:02 59117466                   /usr/lib/jvm/java-8-openjdk-amd64/jre/lib/amd64/libjava.so
7f32b2933000-7f32b2942000 r-xp 00000000 08:02 59117469                   /usr/lib/jvm/java-8-openjdk-amd64/jre/lib/amd64/libverify.so
7f32b2942000-7f32b2b41000 ---p 0000f000 08:02 59117469                   /usr/lib/jvm/java-8-openjdk-amd64/jre/lib/amd64/libverify.so
7f32b2b41000-7f32b2b43000 r--p 0000e000 08:02 59117469                   /usr/lib/jvm/java-8-openjdk-amd64/jre/lib/amd64/libverify.so
7f32b2b43000-7f32b2b44000 rw-p 00010000 08:02 59117469                   /usr/lib/jvm/java-8-openjdk-amd64/jre/lib/amd64/libverify.so
7f32b2b44000-7f32b2b4b000 r-xp 00000000 08:02 29360414                   /lib/x86_64-linux-gnu/librt-2.23.so
7f32b2b4b000-7f32b2d4a000 ---p 00007000 08:02 29360414                   /lib/x86_64-linux-gnu/librt-2.23.so
7f32b2d4a000-7f32b2d4b000 r--p 00006000 08:02 29360414                   /lib/x86_64-linux-gnu/librt-2.23.so
7f32b2d4b000-7f32b2d4c000 rw-p 00007000 08:02 29360414                   /lib/x86_64-linux-gnu/librt-2.23.so
7f32b2d4c000-7f32b2d62000 r-xp 00000000 08:02 29364820                   /lib/x86_64-linux-gnu/libgcc_s.so.1
7f32b2d62000-7f32b2f61000 ---p 00016000 08:02 29364820                   /lib/x86_64-linux-gnu/libgcc_s.so.1
7f32b2f61000-7f32b2f62000 rw-p 00015000 08:02 29364820                   /lib/x86_64-linux-gnu/libgcc_s.so.1
7f32b2f62000-7f32b306a000 r-xp 00000000 08:02 29360440                   /lib/x86_64-linux-gnu/libm-2.23.so
7f32b306a000-7f32b3269000 ---p 00108000 08:02 29360440                   /lib/x86_64-linux-gnu/libm-2.23.so
7f32b3269000-7f32b326a000 r--p 00107000 08:02 29360440                   /lib/x86_64-linux-gnu/libm-2.23.so
7f32b326a000-7f32b326b000 rw-p 00108000 08:02 29360440                   /lib/x86_64-linux-gnu/libm-2.23.so
7f32b326b000-7f32b33dd000 r-xp 00000000 08:02 58458300                   /usr/lib/x86_64-linux-gnu/libstdc++.so.6.0.21
7f32b33dd000-7f32b35dd000 ---p 00172000 08:02 58458300                   /usr/lib/x86_64-linux-gnu/libstdc++.so.6.0.21
7f32b35dd000-7f32b35e7000 r--p 00172000 08:02 58458300                   /usr/lib/x86_64-linux-gnu/libstdc++.so.6.0.21
7f32b35e7000-7f32b35e9000 rw-p 0017c000 08:02 58458300                   /usr/lib/x86_64-linux-gnu/libstdc++.so.6.0.21
7f32b35e9000-7f32b35ed000 rw-p 00000000 00:00 0 
7f32b35ed000-7f32b424e000 r-xp 00000000 08:02 59117474                   /usr/lib/jvm/java-8-openjdk-amd64/jre/lib/amd64/server/libjvm.so
7f32b424e000-7f32b444e000 ---p 00c61000 08:02 59117474                   /usr/lib/jvm/java-8-openjdk-amd64/jre/lib/amd64/server/libjvm.so
7f32b444e000-7f32b44e2000 r--p 00c61000 08:02 59117474                   /usr/lib/jvm/java-8-openjdk-amd64/jre/lib/amd64/server/libjvm.so
7f32b44e2000-7f32b450b000 rw-p 00cf5000 08:02 59117474                   /usr/lib/jvm/java-8-openjdk-amd64/jre/lib/amd64/server/libjvm.so
7f32b450b000-7f32b453b000 rw-p 00000000 00:00 0 
7f32b453b000-7f32b4553000 r-xp 00000000 08:02 29360424                   /lib/x86_64-linux-gnu/libpthread-2.23.so
7f32b4553000-7f32b4752000 ---p 00018000 08:02 29360424                   /lib/x86_64-linux-gnu/libpthread-2.23.so
7f32b4752000-7f32b4753000 r--p 00017000 08:02 29360424                   /lib/x86_64-linux-gnu/libpthread-2.23.so
7f32b4753000-7f32b4754000 rw-p 00018000 08:02 29360424                   /lib/x86_64-linux-gnu/libpthread-2.23.so
7f32b4754000-7f32b4758000 rw-p 00000000 00:00 0 
7f32b4758000-7f32b475b000 r-xp 00000000 08:02 29360416                   /lib/x86_64-linux-gnu/libdl-2.23.so
7f32b475b000-7f32b495a000 ---p 00003000 08:02 29360416                   /lib/x86_64-linux-gnu/libdl-2.23.so
7f32b495a000-7f32b495b000 r--p 00002000 08:02 29360416                   /lib/x86_64-linux-gnu/libdl-2.23.so
7f32b495b000-7f32b495c000 rw-p 00003000 08:02 29360416                   /lib/x86_64-linux-gnu/libdl-2.23.so
7f32b495c000-7f32b4975000 r-xp 00000000 08:02 29364973                   /lib/x86_64-linux-gnu/libz.so.1.2.8
7f32b4975000-7f32b4b74000 ---p 00019000 08:02 29364973                   /lib/x86_64-linux-gnu/libz.so.1.2.8
7f32b4b74000-7f32b4b75000 r--p 00018000 08:02 29364973                   /lib/x86_64-linux-gnu/libz.so.1.2.8
7f32b4b75000-7f32b4b76000 rw-p 00019000 08:02 29364973                   /lib/x86_64-linux-gnu/libz.so.1.2.8
7f32b4b76000-7f32b4d36000 r-xp 00000000 08:02 29360437                   /lib/x86_64-linux-gnu/libc-2.23.so
7f32b4d36000-7f32b4f36000 ---p 001c0000 08:02 29360437                   /lib/x86_64-linux-gnu/libc-2.23.so
7f32b4f36000-7f32b4f3a000 r--p 001c0000 08:02 29360437                   /lib/x86_64-linux-gnu/libc-2.23.so
7f32b4f3a000-7f32b4f3c000 rw-p 001c4000 08:02 29360437                   /lib/x86_64-linux-gnu/libc-2.23.so
7f32b4f3c000-7f32b4f40000 rw-p 00000000 00:00 0 
7f32b4f40000-7f32b4f4d000 r-xp 00000000 08:02 59245694                   /usr/lib/jvm/java-8-openjdk-amd64/jre/lib/amd64/jli/libjli.so
7f32b4f4d000-7f32b514d000 ---p 0000d000 08:02 59245694                   /usr/lib/jvm/java-8-openjdk-amd64/jre/lib/amd64/jli/libjli.so
7f32b514d000-7f32b514e000 r--p 0000d000 08:02 59245694                   /usr/lib/jvm/java-8-openjdk-amd64/jre/lib/amd64/jli/libjli.so
7f32b514e000-7f32b514f000 rw-p 0000e000 08:02 59245694                   /usr/lib/jvm/java-8-openjdk-amd64/jre/lib/amd64/jli/libjli.so
7f32b514f000-7f32b5175000 r-xp 00000000 08:02 29360423                   /lib/x86_64-linux-gnu/ld-2.23.so
7f32b5175000-7f32b5178000 r--s 00022000 08:02 29891117                   /home/daniel/projects/YCSB/core/target/core-0.16.0-SNAPSHOT.jar
7f32b5178000-7f32b5179000 r--s 00040000 08:02 29754140                   /home/daniel/projects/YCSB/leveldbjnin/lib/leveldbjni-linux64-1.1.jar
7f32b5179000-7f32b517a000 r--s 00004000 08:02 20580077                   /home/daniel/.m2/repository/org/fusesource/hawtjni/hawtjni-runtime/1.9/hawtjni-runtime-1.9.jar
7f32b517a000-7f32b517c000 r--s 0000b000 08:02 29754139                   /home/daniel/projects/YCSB/leveldbjnin/lib/leveldbjni-1.1.jar
7f32b517c000-7f32b517d000 r--s 0030f000 08:02 29891127                   /home/daniel/projects/YCSB/leveldbjnin/target/leveldbjnin-binding-0.16.0-SNAPSHOT.jar
7f32b517d000-7f32b5187000 r--s 00116000 08:02 58992679                   /usr/lib/jvm/java-8-openjdk-amd64/jre/lib/ext/localedata.jar
7f32b5187000-7f32b5252000 rw-p 00000000 00:00 0 
7f32b5252000-7f32b5255000 ---p 00000000 00:00 0 
7f32b5255000-7f32b5357000 rw-p 00000000 00:00 0 
7f32b5357000-7f32b535a000 r--s 0000f000 08:02 58992472                   /usr/lib/jvm/java-8-openjdk-amd64/jre/lib/ext/icedtea-sound.jar
7f32b535a000-7f32b535d000 r--s 00038000 08:02 58991976                   /usr/lib/jvm/java-8-openjdk-amd64/jre/lib/ext/sunpkcs11.jar
7f32b535d000-7f32b535e000 r--s 00010000 08:02 58992467                   /usr/lib/jvm/java-8-openjdk-amd64/jre/lib/ext/zipfs.jar
7f32b535e000-7f32b5360000 r--s 00008000 08:02 58991977                   /usr/lib/jvm/java-8-openjdk-amd64/jre/lib/ext/sunec.jar
7f32b5360000-7f32b5362000 r--s 00001000 08:02 58992468                   /usr/lib/jvm/java-8-openjdk-amd64/jre/lib/ext/dnsns.jar
7f32b5362000-7f32b5368000 r--s 0003b000 08:02 58992471                   /usr/lib/jvm/java-8-openjdk-amd64/jre/lib/ext/sunjce_provider.jar
7f32b5368000-7f32b5369000 r--s 0000a000 08:02 58992469                   /usr/lib/jvm/java-8-openjdk-amd64/jre/lib/ext/jaccess.jar
7f32b5369000-7f32b5371000 rw-s 00000000 08:02 39584395                   /tmp/hsperfdata_daniel/16422
7f32b5371000-7f32b5372000 rw-p 00000000 00:00 0 
7f32b5372000-7f32b5373000 r--p 00000000 00:00 0 
7f32b5373000-7f32b5374000 rw-p 00000000 00:00 0 
7f32b5374000-7f32b5375000 r--p 00025000 08:02 29360423                   /lib/x86_64-linux-gnu/ld-2.23.so
7f32b5375000-7f32b5376000 rw-p 00026000 08:02 29360423                   /lib/x86_64-linux-gnu/ld-2.23.so
7f32b5376000-7f32b5377000 rw-p 00000000 00:00 0 
7ffe06f8f000-7ffe06fb1000 rw-p 00000000 00:00 0                          [stack]
7ffe06fe6000-7ffe06fe9000 r--p 00000000 00:00 0                          [vvar]
7ffe06fe9000-7ffe06feb000 r-xp 00000000 00:00 0                          [vdso]
ffffffffff600000-ffffffffff601000 r-xp 00000000 00:00 0                  [vsyscall]

VM Arguments:
java_command: com.yahoo.ycsb.Client -db com.yahoo.ycsb.db.LevelDbJniClientN -P workloads/workloada -load
java_class_path (initial): /home/daniel/projects/YCSB/leveldbjnin/conf:/home/daniel/projects/YCSB/leveldbjnin/target/leveldbjnin-binding-0.16.0-SNAPSHOT.jar:/home/daniel/.m2/repository/org/apache/htrace/htrace-core4/4.1.0-incubating/htrace-core4-4.1.0-incubating.jar:/home/daniel/projects/YCSB/leveldbjnin/lib/leveldbjni-1.1.jar:/home/daniel/.m2/repository/org/fusesource/hawtjni/hawtjni-runtime/1.9/hawtjni-runtime-1.9.jar:/home/daniel/projects/YCSB/leveldbjnin/lib/leveldbjni-linux64-1.1.jar:/home/daniel/projects/YCSB/core/target/core-0.16.0-SNAPSHOT.jar:/home/daniel/.m2/repository/org/hdrhistogram/HdrHistogram/2.1.4/HdrHistogram-2.1.4.jar:/home/daniel/.m2/repository/org/codehaus/jackson/jackson-mapper-asl/1.9.4/jackson-mapper-asl-1.9.4.jar:/home/daniel/projects/YCSB/leveldbjnin/lib/leveldb-api-0.6.jar:/home/daniel/.m2/repository/org/codehaus/jackson/jackson-core-asl/1.9.4/jackson-core-asl-1.9.4.jar
Launcher Type: SUN_STANDARD

Environment Variables:
PATH=/home/daniel/.conda/envs/ycsb/bin:/home/daniel/bin:/home/daniel/.local/bin:/home/daniel/anaconda3/bin:/home/daniel/bin:/home/daniel/.local/bin:/usr/local/sbin:/usr/local/bin:/usr/sbin:/usr/bin:/sbin:/bin:/usr/games:/usr/local/games:/snap/bin
SHELL=/bin/bash
DISPLAY=:0

Signal Handlers:
SIGSEGV: [libjvm.so+0xa74ca0], sa_mask[0]=11111111011111111101111111111110, sa_flags=SA_RESTART|SA_SIGINFO
SIGBUS: [libjvm.so+0xa74ca0], sa_mask[0]=11111111011111111101111111111110, sa_flags=SA_RESTART|SA_SIGINFO
SIGFPE: [libjvm.so+0x8bbcf0], sa_mask[0]=11111111011111111101111111111110, sa_flags=SA_RESTART|SA_SIGINFO
SIGPIPE: [libjvm.so+0x8bbcf0], sa_mask[0]=11111111011111111101111111111110, sa_flags=SA_RESTART|SA_SIGINFO
SIGXFSZ: [libjvm.so+0x8bbcf0], sa_mask[0]=11111111011111111101111111111110, sa_flags=SA_RESTART|SA_SIGINFO
SIGILL: [libjvm.so+0x8bbcf0], sa_mask[0]=11111111011111111101111111111110, sa_flags=SA_RESTART|SA_SIGINFO
SIGUSR1: SIG_DFL, sa_mask[0]=00000000000000000000000000000000, sa_flags=none
SIGUSR2: [libjvm.so+0x8bbba0], sa_mask[0]=00000000000000000000000000000000, sa_flags=SA_RESTART|SA_SIGINFO
SIGHUP: [libjvm.so+0x8bc230], sa_mask[0]=11111111011111111101111111111110, sa_flags=SA_RESTART|SA_SIGINFO
SIGINT: [libjvm.so+0x8bc230], sa_mask[0]=11111111011111111101111111111110, sa_flags=SA_RESTART|SA_SIGINFO
SIGTERM: [libjvm.so+0x8bc230], sa_mask[0]=11111111011111111101111111111110, sa_flags=SA_RESTART|SA_SIGINFO
SIGQUIT: [libjvm.so+0x8bc230], sa_mask[0]=11111111011111111101111111111110, sa_flags=SA_RESTART|SA_SIGINFO


---------------  S Y S T E M  ---------------

OS:DISTRIB_ID=Ubuntu
DISTRIB_RELEASE=16.04
DISTRIB_CODENAME=xenial
DISTRIB_DESCRIPTION="Ubuntu 16.04.6 LTS"

uname:Linux 4.15.0 #1 SMP Mon Mar 18 19:18:58 CST 2019 x86_64
libc:glibc 2.23 NPTL 2.23 
rlimit: STACK 8192k, CORE 0k, NPROC 29473, NOFILE 1048576, AS infinity
load average:0.87 1.11 1.17

/proc/meminfo:
MemTotal:        8057312 kB
MemFree:          573548 kB
MemAvailable:    2872124 kB
Buffers:           72704 kB
Cached:          3156176 kB
SwapCached:            0 kB
Active:          4638184 kB
Inactive:        2463096 kB
Active(anon):    3722844 kB
Inactive(anon):   917416 kB
Active(file):     915340 kB
Inactive(file):  1545680 kB
Unevictable:          48 kB
Mlocked:              48 kB
SwapTotal:       1000444 kB
SwapFree:        1000444 kB
Dirty:               576 kB
Writeback:             0 kB
AnonPages:       3872476 kB
Mapped:           618200 kB
Shmem:            944980 kB
Slab:             206920 kB
SReclaimable:     123824 kB
SUnreclaim:        83096 kB
KernelStack:       16004 kB
PageTables:        68968 kB
NFS_Unstable:          0 kB
Bounce:                0 kB
WritebackTmp:          0 kB
CommitLimit:     5029100 kB
Committed_AS:   12971512 kB
VmallocTotal:   34359738367 kB
VmallocUsed:           0 kB
VmallocChunk:          0 kB
HardwareCorrupted:     0 kB
AnonHugePages:         0 kB
ShmemHugePages:        0 kB
ShmemPmdMapped:        0 kB
CmaTotal:              0 kB
CmaFree:               0 kB
HugePages_Total:       0
HugePages_Free:        0
HugePages_Rsvd:        0
HugePages_Surp:        0
Hugepagesize:       2048 kB
DirectMap4k:      523884 kB
DirectMap2M:     7755776 kB
DirectMap1G:           0 kB

container (cgroup) information:
container_type: cgroupv1
cpu_cpuset_cpus: 0-3
cpu_memory_nodes: 0
active_processor_count: 4
cpu_quota: -1
cpu_period: 100000
cpu_shares: -1
memory_limit_in_bytes: -1
memory_and_swap_limit_in_bytes: -2
memory_soft_limit_in_bytes: -1
memory_usage_in_bytes: 7271849984
memory_max_usage_in_bytes: 0


CPU:total 4 (initial active 4) (4 cores per cpu, 1 threads per core) family 6 model 158 stepping 9, cmov, cx8, fxsr, mmx, sse, sse2, sse3, ssse3, sse4.1, sse4.2, popcnt, avx, avx2, aes, clmul, erms, rtm, 3dnowpref, lzcnt, tsc, tscinvbit, bmi1, bmi2, adx

/proc/cpuinfo:
processor	: 0
vendor_id	: GenuineIntel
cpu family	: 6
model		: 158
model name	: Intel(R) Core(TM) i5-7500 CPU @ 3.40GHz
stepping	: 9
microcode	: 0x8e
cpu MHz		: 3638.745
cache size	: 6144 KB
physical id	: 0
siblings	: 4
core id		: 0
cpu cores	: 4
apicid		: 0
initial apicid	: 0
fpu		: yes
fpu_exception	: yes
cpuid level	: 22
wp		: yes
flags		: fpu vme de pse tsc msr pae mce cx8 apic sep mtrr pge mca cmov pat pse36 clflush dts acpi mmx fxsr sse sse2 ss ht tm pbe syscall nx pdpe1gb rdtscp lm constant_tsc art arch_perfmon pebs bts rep_good nopl xtopology nonstop_tsc cpuid aperfmperf tsc_known_freq pni pclmulqdq dtes64 monitor ds_cpl vmx smx est tm2 ssse3 sdbg fma cx16 xtpr pdcm pcid sse4_1 sse4_2 x2apic movbe popcnt tsc_deadline_timer aes xsave avx f16c rdrand lahf_lm abm 3dnowprefetch cpuid_fault invpcid_single pti retpoline rsb_ctxsw tpr_shadow vnmi flexpriority ept vpid fsgsbase tsc_adjust bmi1 hle avx2 smep bmi2 erms invpcid rtm mpx rdseed adx smap clflushopt intel_pt xsaveopt xsavec xgetbv1 xsaves dtherm ida arat pln pts hwp hwp_notify hwp_act_window hwp_epp
bugs		: cpu_meltdown spectre_v1 spectre_v2
bogomips	: 6816.00
clflush size	: 64
cache_alignment	: 64
address sizes	: 39 bits physical, 48 bits virtual
power management:

processor	: 1
vendor_id	: GenuineIntel
cpu family	: 6
model		: 158
model name	: Intel(R) Core(TM) i5-7500 CPU @ 3.40GHz
stepping	: 9
microcode	: 0x8e
cpu MHz		: 3595.803
cache size	: 6144 KB
physical id	: 0
siblings	: 4
core id		: 1
cpu cores	: 4
apicid		: 2
initial apicid	: 2
fpu		: yes
fpu_exception	: yes
cpuid level	: 22
wp		: yes
flags		: fpu vme de pse tsc msr pae mce cx8 apic sep mtrr pge mca cmov pat pse36 clflush dts acpi mmx fxsr sse sse2 ss ht tm pbe syscall nx pdpe1gb rdtscp lm constant_tsc art arch_perfmon pebs bts rep_good nopl xtopology nonstop_tsc cpuid aperfmperf tsc_known_freq pni pclmulqdq dtes64 monitor ds_cpl vmx smx est tm2 ssse3 sdbg fma cx16 xtpr pdcm pcid sse4_1 sse4_2 x2apic movbe popcnt tsc_deadline_timer aes xsave avx f16c rdrand lahf_lm abm 3dnowprefetch cpuid_fault invpcid_single pti retpoline rsb_ctxsw tpr_shadow vnmi flexpriority ept vpid fsgsbase tsc_adjust bmi1 hle avx2 smep bmi2 erms invpcid rtm mpx rdseed adx smap clflushopt intel_pt xsaveopt xsavec xgetbv1 xsaves dtherm ida arat pln pts hwp hwp_notify hwp_act_window hwp_epp
bugs		: cpu_meltdown spectre_v1 spectre_v2
bogomips	: 6816.00
clflush size	: 64
cache_alignment	: 64
address sizes	: 39 bits physical, 48 bits virtual
power management:

processor	: 2
vendor_id	: GenuineIntel
cpu family	: 6
model		: 158
model name	: Intel(R) Core(TM) i5-7500 CPU @ 3.40GHz
stepping	: 9
microcode	: 0x8e
cpu MHz		: 3656.294
cache size	: 6144 KB
physical id	: 0
siblings	: 4
core id		: 2
cpu cores	: 4
apicid		: 4
initial apicid	: 4
fpu		: yes
fpu_exception	: yes
cpuid level	: 22
wp		: yes
flags		: fpu vme de pse tsc msr pae mce cx8 apic sep mtrr pge mca cmov pat pse36 clflush dts acpi mmx fxsr sse sse2 ss ht tm pbe syscall nx pdpe1gb rdtscp lm constant_tsc art arch_perfmon pebs bts rep_good nopl xtopology nonstop_tsc cpuid aperfmperf tsc_known_freq pni pclmulqdq dtes64 monitor ds_cpl vmx smx est tm2 ssse3 sdbg fma cx16 xtpr pdcm pcid sse4_1 sse4_2 x2apic movbe popcnt tsc_deadline_timer aes xsave avx f16c rdrand lahf_lm abm 3dnowprefetch cpuid_fault invpcid_single pti retpoline rsb_ctxsw tpr_shadow vnmi flexpriority ept vpid fsgsbase tsc_adjust bmi1 hle avx2 smep bmi2 erms invpcid rtm mpx rdseed adx smap clflushopt intel_pt xsaveopt xsavec xgetbv1 xsaves dtherm ida arat pln pts hwp hwp_notify hwp_act_window hwp_epp
bugs		: cpu_meltdown spectre_v1 spectre_v2
bogomips	: 6816.00
clflush size	: 64
cache_alignment	: 64
address sizes	: 39 bits physical, 48 bits virtual
power management:

processor	: 3
vendor_id	: GenuineIntel
cpu family	: 6
model		: 158
model name	: Intel(R) Core(TM) i5-7500 CPU @ 3.40GHz
stepping	: 9
microcode	: 0x8e
cpu MHz		: 3637.183
cache size	: 6144 KB
physical id	: 0
siblings	: 4
core id		: 3
cpu cores	: 4
apicid		: 6
initial apicid	: 6
fpu		: yes
fpu_exception	: yes
cpuid level	: 22
wp		: yes
flags		: fpu vme de pse tsc msr pae mce cx8 apic sep mtrr pge mca cmov pat pse36 clflush dts acpi mmx fxsr sse sse2 ss ht tm pbe syscall nx pdpe1gb rdtscp lm constant_tsc art arch_perfmon pebs bts rep_good nopl xtopology nonstop_tsc cpuid aperfmperf tsc_known_freq pni pclmulqdq dtes64 monitor ds_cpl vmx smx est tm2 ssse3 sdbg fma cx16 xtpr pdcm pcid sse4_1 sse4_2 x2apic movbe popcnt tsc_deadline_timer aes xsave avx f16c rdrand lahf_lm abm 3dnowprefetch cpuid_fault invpcid_single pti retpoline rsb_ctxsw tpr_shadow vnmi flexpriority ept vpid fsgsbase tsc_adjust bmi1 hle avx2 smep bmi2 erms invpcid rtm mpx rdseed adx smap clflushopt intel_pt xsaveopt xsavec xgetbv1 xsaves dtherm ida arat pln pts hwp hwp_notify hwp_act_window hwp_epp
bugs		: cpu_meltdown spectre_v1 spectre_v2
bogomips	: 6816.00
clflush size	: 64
cache_alignment	: 64
address sizes	: 39 bits physical, 48 bits virtual
power management:



Memory: 4k page, physical 8057312k(573156k free), swap 1000444k(1000444k free)

vm_info: OpenJDK 64-Bit Server VM (25.191-b12) for linux-amd64 JRE (1.8.0_191-8u191-b12-2ubuntu0.16.04.1-b12), built on Jan 14 2019 21:59:52 by "buildd" with gcc 5.4.0 20160609

time: Fri Apr  5 08:46:06 2019
elapsed time: 0 seconds (0d 0h 0m 0s)

