#
# A fatal error has been detected by the Java Runtime Environment:
#
#  SIGSEGV (0xb) at pc=0x00007fa3e90b2783, pid=30208, tid=0x00007fa3e9637700
#
# JRE version: OpenJDK Runtime Environment (8.0_191-b12) (build 1.8.0_191-8u191-b12-0ubuntu0.16.04.1-b12)
# Java VM: OpenJDK 64-Bit Server VM (25.191-b12 mixed mode linux-amd64 compressed oops)
# Problematic frame:
# C  [libClient.so+0x4b783]  Java_com_yahoo_ycsb_db_LevelDbJniClientN_cinsert+0xd9
#
# Failed to write core dump. Core dumps have been disabled. To enable core dumping, try "ulimit -c unlimited" before starting Java again
#
# If you would like to submit a bug report, please visit:
#   http://bugreport.java.com/bugreport/crash.jsp
# The crash happened outside the Java Virtual Machine in native code.
# See problematic frame for where to report the bug.
#

---------------  T H R E A D  ---------------

Current thread (0x00007fa400246000):  JavaThread "Thread-2" [_thread_in_native, id=30224, stack(0x00007fa3e9537000,0x00007fa3e9638000)]

siginfo: si_signo: 11 (SIGSEGV), si_code: 1 (SEGV_MAPERR), si_addr: 0x0000000000000000

Registers:
RAX=0x0000000000000000, RBX=0x00007fa3e3c4b4d8, RCX=0x00007fa3a400db65, RDX=0x00007fa3a400ddc0
RSP=0x00007fa3e9636650, RBP=0x00007fa3e9636710, RSI=0x00007fa3a400db20, RDI=0x00007fa3e96366a0
R8 =0x00007fa3a400ddc0, R9 =0x00007fa3a400db65, R10=0x00007fa3a400ddc0, R11=0x0000000000000020
R12=0x0000000000000000, R13=0x00007fa3e3c4b4d8, R14=0x00007fa3e96367b0, R15=0x00007fa400246000
RIP=0x00007fa3e90b2783, EFLAGS=0x0000000000010202, CSGSFS=0x002b000000000033, ERR=0x0000000000000004
  TRAPNO=0x000000000000000e

Top of Stack: (sp=0x00007fa3e9636650)
0x00007fa3e9636650:   00007fa3e96367a0 00007fa3e96367a8
0x00007fa3e9636660:   00007fa3e96367b0 00007fa4002461e0
0x00007fa3e9636670:   00007fa3e9636700 00007fa405a9f26a
0x00007fa3e9636680:   00007fa400246000 00007fa400246000
0x00007fa3e9636690:   00007fa3e96366b0 00007fa405c956a9
0x00007fa3e96366a0:   00007fa400246000 00007fa3e3c4b4d8
0x00007fa3e96366b0:   00007fa3a400d340 0000000000000017
0x00007fa3e96366c0:   0000000000000017 00007fa400246000
0x00007fa3e96366d0:   00007fa3a400ddc0 0000000000000465
0x00007fa3e96366e0:   0000000000000465 00007fa3e3c4b4d8
0x00007fa3e96366f0:   0000000000000000 d092d8bcb8578600
0x00007fa3e9636700:   00007fa3e9636780 00007fa3e3c4b4d8
0x00007fa3e9636710:   00007fa3e9636780 00007fa3f09f1407
0x00007fa3e9636720:   00007fa3e9636780 00007fa3f09f1159
0x00007fa3e9636730:   fffffffe00000000 00007fa3f09f1122
0x00007fa3e9636740:   00007fa3e9636740 00007fa3e3c4b4d8
0x00007fa3e9636750:   00007fa3e96367b0 00007fa3e3c4bc20
0x00007fa3e9636760:   0000000000000000 00007fa3e3c4b4d8
0x00007fa3e9636770:   0000000000000000 00007fa3e96367a0
0x00007fa3e9636780:   00007fa3e96367f8 00007fa3f09e0ffd
0x00007fa3e9636790:   0000000000000000 00007fa3f09eaa58
0x00007fa3e96367a0:   00000000d74c08a8 00000000d74bea68
0x00007fa3e96367b0:   00000000d730ce00 00007fa3e96367b8
0x00007fa3e96367c0:   00007fa3e3c4b588 00007fa3e9636830
0x00007fa3e96367d0:   00007fa3e3c4bc20 0000000000000000
0x00007fa3e96367e0:   00007fa3e3c4b628 00007fa3e96367a0
0x00007fa3e96367f0:   00007fa3e9636818 00007fa3e9636878
0x00007fa3e9636800:   00007fa3f09e0d80 00000000d74c08a8
0x00007fa3e9636810:   00000000d74bebe8 00000000d74beac0
0x00007fa3e9636820:   00000000d74bea68 00000000d7101670
0x00007fa3e9636830:   00000000d730ce00 00007fa3e9636838
0x00007fa3e9636840:   00007fa3e3c4a09d 00007fa3e9636908 

Instructions: (pc=0x00007fa3e90b2783)
0x00007fa3e90b2763:   89 ce 48 89 c7 e8 43 d8 ff ff 48 8d 45 90 48 89
0x00007fa3e90b2773:   c7 e8 97 c7 ff ff 48 8b 05 78 a8 25 00 48 8b 00
0x00007fa3e90b2783:   48 8b 00 48 83 c0 10 48 8b 18 48 8d 55 c0 48 8d
0x00007fa3e90b2793:   45 90 48 89 d6 48 89 c7 e8 40 f8 ff ff 48 8d 55 

Register to memory mapping:

RAX=0x0000000000000000 is an unknown value
RBX={method} {0x00007fa3e3c4b4d8} 'cinsert' '(Ljava/lang/String;Ljava/lang/String;)V' in 'com/yahoo/ycsb/db/LevelDbJniClientN'
RCX=0x00007fa3a400db65 is an unknown value
RDX=0x00007fa3a400ddc0 is an unknown value
RSP=0x00007fa3e9636650 is pointing into the stack for thread: 0x00007fa400246000
RBP=0x00007fa3e9636710 is pointing into the stack for thread: 0x00007fa400246000
RSI=0x00007fa3a400db20 is an unknown value
RDI=0x00007fa3e96366a0 is pointing into the stack for thread: 0x00007fa400246000
R8 =0x00007fa3a400ddc0 is an unknown value
R9 =0x00007fa3a400db65 is an unknown value
R10=0x00007fa3a400ddc0 is an unknown value
R11=0x0000000000000020 is an unknown value
R12=0x0000000000000000 is an unknown value
R13={method} {0x00007fa3e3c4b4d8} 'cinsert' '(Ljava/lang/String;Ljava/lang/String;)V' in 'com/yahoo/ycsb/db/LevelDbJniClientN'
R14=0x00007fa3e96367b0 is pointing into the stack for thread: 0x00007fa400246000
R15=0x00007fa400246000 is a thread


Stack: [0x00007fa3e9537000,0x00007fa3e9638000],  sp=0x00007fa3e9636650,  free space=1021k
Native frames: (J=compiled Java code, j=interpreted, Vv=VM code, C=native code)
C  [libClient.so+0x4b783]  Java_com_yahoo_ycsb_db_LevelDbJniClientN_cinsert+0xd9
j  com.yahoo.ycsb.db.LevelDbJniClientN.cinsert(Ljava/lang/String;Ljava/lang/String;)V+0
j  com.yahoo.ycsb.db.LevelDbJniClientN.insert(Ljava/lang/String;Ljava/lang/String;Ljava/util/Map;)Lcom/yahoo/ycsb/Status;+24
j  com.yahoo.ycsb.DBWrapper.insert(Ljava/lang/String;Ljava/lang/String;Ljava/util/Map;)Lcom/yahoo/ycsb/Status;+37
j  com.yahoo.ycsb.workloads.CoreWorkload.doInsert(Lcom/yahoo/ycsb/DB;Ljava/lang/Object;)Z+42
j  com.yahoo.ycsb.ClientThread.run()V+226
j  java.lang.Thread.run()V+11
v  ~StubRoutines::call_stub
V  [libjvm.so+0x66701b]
V  [libjvm.so+0x6645f4]
V  [libjvm.so+0x664bd7]
V  [libjvm.so+0x6a7eb4]
V  [libjvm.so+0xa18917]
V  [libjvm.so+0xa18ddc]
V  [libjvm.so+0x8be122]
C  [libpthread.so.0+0x76ba]  start_thread+0xca

Java frames: (J=compiled Java code, j=interpreted, Vv=VM code)
j  com.yahoo.ycsb.db.LevelDbJniClientN.cinsert(Ljava/lang/String;Ljava/lang/String;)V+0
j  com.yahoo.ycsb.db.LevelDbJniClientN.insert(Ljava/lang/String;Ljava/lang/String;Ljava/util/Map;)Lcom/yahoo/ycsb/Status;+24
j  com.yahoo.ycsb.DBWrapper.insert(Ljava/lang/String;Ljava/lang/String;Ljava/util/Map;)Lcom/yahoo/ycsb/Status;+37
j  com.yahoo.ycsb.workloads.CoreWorkload.doInsert(Lcom/yahoo/ycsb/DB;Ljava/lang/Object;)Z+42
j  com.yahoo.ycsb.ClientThread.run()V+226
j  java.lang.Thread.run()V+11
v  ~StubRoutines::call_stub

---------------  P R O C E S S  ---------------

Java Threads: ( => current thread )
=>0x00007fa400246000 JavaThread "Thread-2" [_thread_in_native, id=30224, stack(0x00007fa3e9537000,0x00007fa3e9638000)]
  0x00007fa4000c0800 JavaThread "Service Thread" daemon [_thread_blocked, id=30221, stack(0x00007fa3e9789000,0x00007fa3e988a000)]
  0x00007fa4000bd000 JavaThread "C1 CompilerThread2" daemon [_thread_blocked, id=30220, stack(0x00007fa3e988a000,0x00007fa3e998b000)]
  0x00007fa4000bb800 JavaThread "C2 CompilerThread1" daemon [_thread_blocked, id=30219, stack(0x00007fa3e998b000,0x00007fa3e9a8c000)]
  0x00007fa4000b8800 JavaThread "C2 CompilerThread0" daemon [_thread_blocked, id=30218, stack(0x00007fa3e9a8c000,0x00007fa3e9b8d000)]
  0x00007fa4000b7000 JavaThread "Signal Dispatcher" daemon [_thread_blocked, id=30217, stack(0x00007fa3e9b8d000,0x00007fa3e9c8e000)]
  0x00007fa400085000 JavaThread "Finalizer" daemon [_thread_blocked, id=30216, stack(0x00007fa3ea64d000,0x00007fa3ea74e000)]
  0x00007fa400082000 JavaThread "Reference Handler" daemon [_thread_blocked, id=30215, stack(0x00007fa3ea74e000,0x00007fa3ea84f000)]
  0x00007fa40000b000 JavaThread "main" [_thread_blocked, id=30209, stack(0x00007fa4070a6000,0x00007fa4071a7000)]

Other Threads:
  0x00007fa400078800 VMThread [stack: 0x00007fa3ea84f000,0x00007fa3ea950000] [id=30214]
  0x00007fa4000c3000 WatcherThread [stack: 0x00007fa3e9688000,0x00007fa3e9789000] [id=30222]

VM state:not at safepoint (normal execution)

VM Mutex/Monitor currently owned by a thread: None

Heap:
 PSYoungGen      total 36864K, used 5468K [0x00000000d7000000, 0x00000000d9900000, 0x0000000100000000)
  eden space 31744K, 17% used [0x00000000d7000000,0x00000000d7557388,0x00000000d8f00000)
  from space 5120K, 0% used [0x00000000d9400000,0x00000000d9400000,0x00000000d9900000)
  to   space 5120K, 0% used [0x00000000d8f00000,0x00000000d8f00000,0x00000000d9400000)
 ParOldGen       total 84992K, used 0K [0x0000000085000000, 0x000000008a300000, 0x00000000d7000000)
  object space 84992K, 0% used [0x0000000085000000,0x0000000085000000,0x000000008a300000)
 Metaspace       used 4038K, capacity 4928K, committed 5120K, reserved 1056768K
  class space    used 440K, capacity 498K, committed 512K, reserved 1048576K

Card table byte_map: [0x00007fa3f0240000,0x00007fa3f0619000] byte_map_base: 0x00007fa3efe18000

Marking Bits: (ParMarkBitMap*) 0x00007fa406370520
 Begin Bits: [0x00007fa3ebf2d000, 0x00007fa3edded000)
 End Bits:   [0x00007fa3edded000, 0x00007fa3efcad000)

Polling page: 0x00007fa4071c4000

CodeCache: size=245760Kb used=1355Kb max_used=1355Kb free=244404Kb
 bounds [0x00007fa3f09d9000, 0x00007fa3f0c49000, 0x00007fa3ff9d9000]
 total_blobs=394 nmethods=141 adapters=168
 compilation: enabled

Compilation events (10 events):
Event: 0.081 Thread 0x00007fa4000bd000  138       3       sun.reflect.ClassFileAssembler::emitByte (11 bytes)
Event: 0.081 Thread 0x00007fa4000bd000 nmethod 138 0x00007fa3f0b2ab10 code [0x00007fa3f0b2ac80, 0x00007fa3f0b2ae48]
Event: 0.081 Thread 0x00007fa4000bd000  139       3       sun.reflect.ByteVectorImpl::add (38 bytes)
Event: 0.081 Thread 0x00007fa4000bd000 nmethod 139 0x00007fa3f0b2af50 code [0x00007fa3f0b2b0c0, 0x00007fa3f0b2b2e8]
Event: 0.082 Thread 0x00007fa4000bd000  141       3       sun.reflect.ClassFileAssembler::emitShort (24 bytes)
Event: 0.082 Thread 0x00007fa4000bd000 nmethod 141 0x00007fa3f0b2b410 code [0x00007fa3f0b2b5a0, 0x00007fa3f0b2b8b8]
Event: 0.082 Thread 0x00007fa4000bd000  142       3       sun.reflect.ClassFileAssembler::cpi (22 bytes)
Event: 0.082 Thread 0x00007fa4000bd000 nmethod 142 0x00007fa3f0b2ba90 code [0x00007fa3f0b2bc00, 0x00007fa3f0b2be48]
Event: 0.082 Thread 0x00007fa4000bd000  140       1       java.lang.Class::getClassLoader0 (5 bytes)
Event: 0.082 Thread 0x00007fa4000bd000 nmethod 140 0x00007fa3f0b2bf10 code [0x00007fa3f0b2c060, 0x00007fa3f0b2c170]

GC Heap History (0 events):
No events

Deoptimization events (0 events):
No events

Classes redefined (0 events):
No events

Internal exceptions (10 events):
Event: 0.034 Thread 0x00007fa40000b000 Exception <a 'java/security/PrivilegedActionException'> (0x00000000d705f9b8) thrown at [/build/openjdk-8-yxDDQ4/openjdk-8-8u191-b12/src/hotspot/src/share/vm/prims/jvm.cpp, line 1435]
Event: 0.034 Thread 0x00007fa40000b000 Exception <a 'java/security/PrivilegedActionException'> (0x00000000d705fbc8) thrown at [/build/openjdk-8-yxDDQ4/openjdk-8-8u191-b12/src/hotspot/src/share/vm/prims/jvm.cpp, line 1435]
Event: 0.045 Thread 0x00007fa40000b000 Exception <a 'java/security/PrivilegedActionException'> (0x00000000d70e1c78) thrown at [/build/openjdk-8-yxDDQ4/openjdk-8-8u191-b12/src/hotspot/src/share/vm/prims/jvm.cpp, line 1435]
Event: 0.045 Thread 0x00007fa40000b000 Exception <a 'java/security/PrivilegedActionException'> (0x00000000d70e1e88) thrown at [/build/openjdk-8-yxDDQ4/openjdk-8-8u191-b12/src/hotspot/src/share/vm/prims/jvm.cpp, line 1435]
Event: 0.045 Thread 0x00007fa40000b000 Exception <a 'java/security/PrivilegedActionException'> (0x00000000d70e3f10) thrown at [/build/openjdk-8-yxDDQ4/openjdk-8-8u191-b12/src/hotspot/src/share/vm/prims/jvm.cpp, line 1435]
Event: 0.045 Thread 0x00007fa40000b000 Exception <a 'java/security/PrivilegedActionException'> (0x00000000d70e4120) thrown at [/build/openjdk-8-yxDDQ4/openjdk-8-8u191-b12/src/hotspot/src/share/vm/prims/jvm.cpp, line 1435]
Event: 0.045 Thread 0x00007fa40000b000 Exception <a 'java/security/PrivilegedActionException'> (0x00000000d70e4bf8) thrown at [/build/openjdk-8-yxDDQ4/openjdk-8-8u191-b12/src/hotspot/src/share/vm/prims/jvm.cpp, line 1435]
Event: 0.045 Thread 0x00007fa40000b000 Exception <a 'java/security/PrivilegedActionException'> (0x00000000d70e4e08) thrown at [/build/openjdk-8-yxDDQ4/openjdk-8-8u191-b12/src/hotspot/src/share/vm/prims/jvm.cpp, line 1435]
Event: 0.061 Thread 0x00007fa40000b000 Exception <a 'java/lang/NoClassDefFoundError': org/apache/log4j/Category> (0x00000000d727e100) thrown at [/build/openjdk-8-yxDDQ4/openjdk-8-8u191-b12/src/hotspot/src/share/vm/classfile/systemDictionary.cpp, line 199]
Event: 0.074 Thread 0x00007fa4001c8000 Exception <a 'java/lang/InterruptedException': sleep interrupted> (0x00000000d7419c58) thrown at [/build/openjdk-8-yxDDQ4/openjdk-8-8u191-b12/src/hotspot/src/share/vm/prims/jvm.cpp, line 3273]

Events (10 events):
Event: 0.081 loading class java/lang/CloneNotSupportedException
Event: 0.081 loading class java/lang/CloneNotSupportedException done
Event: 0.082 loading class java/io/ObjectStreamClass$FieldReflectorKey
Event: 0.082 loading class java/io/ObjectStreamClass$FieldReflectorKey done
Event: 0.082 loading class java/io/ObjectStreamClass$FieldReflector
Event: 0.082 loading class java/io/ObjectStreamClass$FieldReflector done
Event: 0.082 loading class java/io/ObjectStreamClass$ClassDataSlot
Event: 0.082 loading class java/io/ObjectStreamClass$ClassDataSlot done
Event: 0.082 loading class java/io/SerialCallbackContext
Event: 0.082 loading class java/io/SerialCallbackContext done


Dynamic libraries:
00400000-00401000 r-xp 00000000 08:02 58724940                           /usr/lib/jvm/java-8-openjdk-amd64/jre/bin/java
00600000-00601000 r--p 00000000 08:02 58724940                           /usr/lib/jvm/java-8-openjdk-amd64/jre/bin/java
00601000-00602000 rw-p 00001000 08:02 58724940                           /usr/lib/jvm/java-8-openjdk-amd64/jre/bin/java
0125b000-0127c000 rw-p 00000000 00:00 0                                  [heap]
85000000-8a300000 rw-p 00000000 00:00 0 
8a300000-d7000000 ---p 00000000 00:00 0 
d7000000-d9900000 rw-p 00000000 00:00 0 
d9900000-100000000 ---p 00000000 00:00 0 
100000000-100080000 rw-p 00000000 00:00 0 
100080000-140000000 ---p 00000000 00:00 0 
7fa3a4000000-7fa3a4022000 rw-p 00000000 00:00 0 
7fa3a4022000-7fa3a8000000 ---p 00000000 00:00 0 
7fa3ac000000-7fa3ac021000 rw-p 00000000 00:00 0 
7fa3ac021000-7fa3b0000000 ---p 00000000 00:00 0 
7fa3b0000000-7fa3b0021000 rw-p 00000000 00:00 0 
7fa3b0021000-7fa3b4000000 ---p 00000000 00:00 0 
7fa3b4000000-7fa3b4021000 rw-p 00000000 00:00 0 
7fa3b4021000-7fa3b8000000 ---p 00000000 00:00 0 
7fa3bc000000-7fa3bc021000 rw-p 00000000 00:00 0 
7fa3bc021000-7fa3c0000000 ---p 00000000 00:00 0 
7fa3c0000000-7fa3c004f000 rw-p 00000000 00:00 0 
7fa3c004f000-7fa3c4000000 ---p 00000000 00:00 0 
7fa3c4000000-7fa3c4021000 rw-p 00000000 00:00 0 
7fa3c4021000-7fa3c8000000 ---p 00000000 00:00 0 
7fa3c8000000-7fa3c8021000 rw-p 00000000 00:00 0 
7fa3c8021000-7fa3cc000000 ---p 00000000 00:00 0 
7fa3cc000000-7fa3cc021000 rw-p 00000000 00:00 0 
7fa3cc021000-7fa3d0000000 ---p 00000000 00:00 0 
7fa3d0000000-7fa3d0021000 rw-p 00000000 00:00 0 
7fa3d0021000-7fa3d4000000 ---p 00000000 00:00 0 
7fa3d4000000-7fa3d4021000 rw-p 00000000 00:00 0 
7fa3d4021000-7fa3d8000000 ---p 00000000 00:00 0 
7fa3d8000000-7fa3d8142000 rw-p 00000000 00:00 0 
7fa3d8142000-7fa3dc000000 ---p 00000000 00:00 0 
7fa3dc000000-7fa3dc021000 rw-p 00000000 00:00 0 
7fa3dc021000-7fa3e0000000 ---p 00000000 00:00 0 
7fa3e07ff000-7fa3e3c80000 rw-p 00000000 00:00 0 
7fa3e3c80000-7fa3e4000000 ---p 00000000 00:00 0 
7fa3e4000000-7fa3e4021000 rw-p 00000000 00:00 0 
7fa3e4021000-7fa3e8000000 ---p 00000000 00:00 0 
7fa3e9046000-7fa3e9067000 r--p 00000000 08:02 60426984                   /usr/share/locale-langpack/zh_CN/LC_MESSAGES/libc.mo
7fa3e9067000-7fa3e910c000 r-xp 00000000 08:02 58468709                   /usr/lib/libClient.so
7fa3e910c000-7fa3e930b000 ---p 000a5000 08:02 58468709                   /usr/lib/libClient.so
7fa3e930b000-7fa3e930d000 r--p 000a4000 08:02 58468709                   /usr/lib/libClient.so
7fa3e930d000-7fa3e9311000 rw-p 000a6000 08:02 58468709                   /usr/lib/libClient.so
7fa3e9311000-7fa3e9328000 r-xp 00000000 08:02 59114481                   /usr/lib/jvm/java-8-openjdk-amd64/jre/lib/amd64/libnet.so
7fa3e9328000-7fa3e9527000 ---p 00017000 08:02 59114481                   /usr/lib/jvm/java-8-openjdk-amd64/jre/lib/amd64/libnet.so
7fa3e9527000-7fa3e9528000 r--p 00016000 08:02 59114481                   /usr/lib/jvm/java-8-openjdk-amd64/jre/lib/amd64/libnet.so
7fa3e9528000-7fa3e9529000 rw-p 00017000 08:02 59114481                   /usr/lib/jvm/java-8-openjdk-amd64/jre/lib/amd64/libnet.so
7fa3e9529000-7fa3e9537000 r--s 000b0000 08:02 20579536                   /home/daniel/.m2/repository/org/codehaus/jackson/jackson-mapper-asl/1.9.4/jackson-mapper-asl-1.9.4.jar
7fa3e9537000-7fa3e953a000 ---p 00000000 00:00 0 
7fa3e953a000-7fa3e9638000 rw-p 00000000 00:00 0 
7fa3e9638000-7fa3e9652000 r--s 00155000 08:02 20579534                   /home/daniel/.m2/repository/org/apache/htrace/htrace-core4/4.1.0-incubating/htrace-core4-4.1.0-incubating.jar
7fa3e9652000-7fa3e966d000 r--s 00394000 08:02 58989281                   /usr/lib/jvm/java-8-openjdk-amd64/jre/lib/ext/cldrdata.jar
7fa3e966d000-7fa3e9688000 r--s 001d6000 08:02 58983853                   /usr/lib/jvm/java-8-openjdk-amd64/jre/lib/ext/nashorn.jar
7fa3e9688000-7fa3e9689000 ---p 00000000 00:00 0 
7fa3e9689000-7fa3e9789000 rw-p 00000000 00:00 0 
7fa3e9789000-7fa3e978c000 ---p 00000000 00:00 0 
7fa3e978c000-7fa3e988a000 rw-p 00000000 00:00 0 
7fa3e988a000-7fa3e988d000 ---p 00000000 00:00 0 
7fa3e988d000-7fa3e998b000 rw-p 00000000 00:00 0 
7fa3e998b000-7fa3e998e000 ---p 00000000 00:00 0 
7fa3e998e000-7fa3e9a8c000 rw-p 00000000 00:00 0 
7fa3e9a8c000-7fa3e9a8f000 ---p 00000000 00:00 0 
7fa3e9a8f000-7fa3e9b8d000 rw-p 00000000 00:00 0 
7fa3e9b8d000-7fa3e9b90000 ---p 00000000 00:00 0 
7fa3e9b90000-7fa3e9c8e000 rw-p 00000000 00:00 0 
7fa3e9c8e000-7fa3ea64d000 r--p 00000000 08:02 58465142                   /usr/lib/locale/locale-archive
7fa3ea64d000-7fa3ea650000 ---p 00000000 00:00 0 
7fa3ea650000-7fa3ea74e000 rw-p 00000000 00:00 0 
7fa3ea74e000-7fa3ea751000 ---p 00000000 00:00 0 
7fa3ea751000-7fa3ea84f000 rw-p 00000000 00:00 0 
7fa3ea84f000-7fa3ea850000 ---p 00000000 00:00 0 
7fa3ea850000-7fa3eb910000 rw-p 00000000 00:00 0 
7fa3eb910000-7fa3ebadf000 r--s 03c33000 08:02 58851570                   /usr/lib/jvm/java-8-openjdk-amd64/jre/lib/rt.jar
7fa3ebadf000-7fa3efcad000 rw-p 00000000 00:00 0 
7fa3efcad000-7fa3efcae000 ---p 00000000 00:00 0 
7fa3efcae000-7fa3efdae000 rw-p 00000000 00:00 0 
7fa3efdae000-7fa3efdaf000 ---p 00000000 00:00 0 
7fa3efdaf000-7fa3efeaf000 rw-p 00000000 00:00 0 
7fa3efeaf000-7fa3efeb0000 ---p 00000000 00:00 0 
7fa3efeb0000-7fa3effda000 rw-p 00000000 00:00 0 
7fa3effda000-7fa3f0240000 ---p 00000000 00:00 0 
7fa3f0240000-7fa3f026a000 rw-p 00000000 00:00 0 
7fa3f026a000-7fa3f04d0000 ---p 00000000 00:00 0 
7fa3f04d0000-7fa3f04e5000 rw-p 00000000 00:00 0 
7fa3f04e5000-7fa3f0618000 ---p 00000000 00:00 0 
7fa3f0618000-7fa3f0623000 rw-p 00000000 00:00 0 
7fa3f0623000-7fa3f09d9000 ---p 00000000 00:00 0 
7fa3f09d9000-7fa3f0c49000 rwxp 00000000 00:00 0 
7fa3f0c49000-7fa3ff9d9000 ---p 00000000 00:00 0 
7fa3ff9d9000-7fa3ff9e1000 r-xp 00000000 08:02 59114477                   /usr/lib/jvm/java-8-openjdk-amd64/jre/lib/amd64/libzip.so
7fa3ff9e1000-7fa3ffbe0000 ---p 00008000 08:02 59114477                   /usr/lib/jvm/java-8-openjdk-amd64/jre/lib/amd64/libzip.so
7fa3ffbe0000-7fa3ffbe1000 r--p 00007000 08:02 59114477                   /usr/lib/jvm/java-8-openjdk-amd64/jre/lib/amd64/libzip.so
7fa3ffbe1000-7fa3ffbe2000 rw-p 00008000 08:02 59114477                   /usr/lib/jvm/java-8-openjdk-amd64/jre/lib/amd64/libzip.so
7fa3ffbe2000-7fa3ffbed000 r-xp 00000000 08:02 29364881                   /lib/x86_64-linux-gnu/libnss_files-2.23.so
7fa3ffbed000-7fa3ffdec000 ---p 0000b000 08:02 29364881                   /lib/x86_64-linux-gnu/libnss_files-2.23.so
7fa3ffdec000-7fa3ffded000 r--p 0000a000 08:02 29364881                   /lib/x86_64-linux-gnu/libnss_files-2.23.so
7fa3ffded000-7fa3ffdee000 rw-p 0000b000 08:02 29364881                   /lib/x86_64-linux-gnu/libnss_files-2.23.so
7fa3ffdee000-7fa3ffdf4000 rw-p 00000000 00:00 0 
7fa3ffdf4000-7fa3ffdff000 r-xp 00000000 08:02 29364891                   /lib/x86_64-linux-gnu/libnss_nis-2.23.so
7fa3ffdff000-7fa3ffffe000 ---p 0000b000 08:02 29364891                   /lib/x86_64-linux-gnu/libnss_nis-2.23.so
7fa3ffffe000-7fa3fffff000 r--p 0000a000 08:02 29364891                   /lib/x86_64-linux-gnu/libnss_nis-2.23.so
7fa3fffff000-7fa400000000 rw-p 0000b000 08:02 29364891                   /lib/x86_64-linux-gnu/libnss_nis-2.23.so
7fa400000000-7fa400267000 rw-p 00000000 00:00 0 
7fa400267000-7fa404000000 ---p 00000000 00:00 0 
7fa404001000-7fa404008000 r--s 00000000 08:02 58723059                   /usr/lib/x86_64-linux-gnu/gconv/gconv-modules.cache
7fa404008000-7fa40400c000 r--s 00034000 08:02 20579538                   /home/daniel/.m2/repository/org/codehaus/jackson/jackson-core-asl/1.9.4/jackson-core-asl-1.9.4.jar
7fa40400c000-7fa40400f000 r--s 00017000 08:02 20579546                   /home/daniel/.m2/repository/org/hdrhistogram/HdrHistogram/2.1.4/HdrHistogram-2.1.4.jar
7fa40400f000-7fa404012000 r--s 00021000 08:02 20579959                   /home/daniel/projects/YCSB/core/target/core-0.16.0-SNAPSHOT.jar
7fa404012000-7fa404033000 rw-p 00000000 00:00 0 
7fa404033000-7fa404034000 ---p 00000000 00:00 0 
7fa404034000-7fa404134000 rw-p 00000000 00:00 0 
7fa404134000-7fa40414a000 r-xp 00000000 08:02 29364875                   /lib/x86_64-linux-gnu/libnsl-2.23.so
7fa40414a000-7fa404349000 ---p 00016000 08:02 29364875                   /lib/x86_64-linux-gnu/libnsl-2.23.so
7fa404349000-7fa40434a000 r--p 00015000 08:02 29364875                   /lib/x86_64-linux-gnu/libnsl-2.23.so
7fa40434a000-7fa40434b000 rw-p 00016000 08:02 29364875                   /lib/x86_64-linux-gnu/libnsl-2.23.so
7fa40434b000-7fa40434d000 rw-p 00000000 00:00 0 
7fa40434d000-7fa404355000 r-xp 00000000 08:02 29364877                   /lib/x86_64-linux-gnu/libnss_compat-2.23.so
7fa404355000-7fa404554000 ---p 00008000 08:02 29364877                   /lib/x86_64-linux-gnu/libnss_compat-2.23.so
7fa404554000-7fa404555000 r--p 00007000 08:02 29364877                   /lib/x86_64-linux-gnu/libnss_compat-2.23.so
7fa404555000-7fa404556000 rw-p 00008000 08:02 29364877                   /lib/x86_64-linux-gnu/libnss_compat-2.23.so
7fa404556000-7fa404583000 r-xp 00000000 08:02 59114482                   /usr/lib/jvm/java-8-openjdk-amd64/jre/lib/amd64/libjava.so
7fa404583000-7fa404782000 ---p 0002d000 08:02 59114482                   /usr/lib/jvm/java-8-openjdk-amd64/jre/lib/amd64/libjava.so
7fa404782000-7fa404783000 r--p 0002c000 08:02 59114482                   /usr/lib/jvm/java-8-openjdk-amd64/jre/lib/amd64/libjava.so
7fa404783000-7fa404785000 rw-p 0002d000 08:02 59114482                   /usr/lib/jvm/java-8-openjdk-amd64/jre/lib/amd64/libjava.so
7fa404785000-7fa404794000 r-xp 00000000 08:02 59114464                   /usr/lib/jvm/java-8-openjdk-amd64/jre/lib/amd64/libverify.so
7fa404794000-7fa404993000 ---p 0000f000 08:02 59114464                   /usr/lib/jvm/java-8-openjdk-amd64/jre/lib/amd64/libverify.so
7fa404993000-7fa404995000 r--p 0000e000 08:02 59114464                   /usr/lib/jvm/java-8-openjdk-amd64/jre/lib/amd64/libverify.so
7fa404995000-7fa404996000 rw-p 00010000 08:02 59114464                   /usr/lib/jvm/java-8-openjdk-amd64/jre/lib/amd64/libverify.so
7fa404996000-7fa40499d000 r-xp 00000000 08:02 29364936                   /lib/x86_64-linux-gnu/librt-2.23.so
7fa40499d000-7fa404b9c000 ---p 00007000 08:02 29364936                   /lib/x86_64-linux-gnu/librt-2.23.so
7fa404b9c000-7fa404b9d000 r--p 00006000 08:02 29364936                   /lib/x86_64-linux-gnu/librt-2.23.so
7fa404b9d000-7fa404b9e000 rw-p 00007000 08:02 29364936                   /lib/x86_64-linux-gnu/librt-2.23.so
7fa404b9e000-7fa404bb4000 r-xp 00000000 08:02 29364820                   /lib/x86_64-linux-gnu/libgcc_s.so.1
7fa404bb4000-7fa404db3000 ---p 00016000 08:02 29364820                   /lib/x86_64-linux-gnu/libgcc_s.so.1
7fa404db3000-7fa404db4000 rw-p 00015000 08:02 29364820                   /lib/x86_64-linux-gnu/libgcc_s.so.1
7fa404db4000-7fa404ebc000 r-xp 00000000 08:02 29364852                   /lib/x86_64-linux-gnu/libm-2.23.so
7fa404ebc000-7fa4050bb000 ---p 00108000 08:02 29364852                   /lib/x86_64-linux-gnu/libm-2.23.so
7fa4050bb000-7fa4050bc000 r--p 00107000 08:02 29364852                   /lib/x86_64-linux-gnu/libm-2.23.so
7fa4050bc000-7fa4050bd000 rw-p 00108000 08:02 29364852                   /lib/x86_64-linux-gnu/libm-2.23.so
7fa4050bd000-7fa40522f000 r-xp 00000000 08:02 58458300                   /usr/lib/x86_64-linux-gnu/libstdc++.so.6.0.21
7fa40522f000-7fa40542f000 ---p 00172000 08:02 58458300                   /usr/lib/x86_64-linux-gnu/libstdc++.so.6.0.21
7fa40542f000-7fa405439000 r--p 00172000 08:02 58458300                   /usr/lib/x86_64-linux-gnu/libstdc++.so.6.0.21
7fa405439000-7fa40543b000 rw-p 0017c000 08:02 58458300                   /usr/lib/x86_64-linux-gnu/libstdc++.so.6.0.21
7fa40543b000-7fa40543f000 rw-p 00000000 00:00 0 
7fa40543f000-7fa4060a0000 r-xp 00000000 08:02 59114458                   /usr/lib/jvm/java-8-openjdk-amd64/jre/lib/amd64/server/libjvm.so
7fa4060a0000-7fa4062a0000 ---p 00c61000 08:02 59114458                   /usr/lib/jvm/java-8-openjdk-amd64/jre/lib/amd64/server/libjvm.so
7fa4062a0000-7fa406334000 r--p 00c61000 08:02 59114458                   /usr/lib/jvm/java-8-openjdk-amd64/jre/lib/amd64/server/libjvm.so
7fa406334000-7fa40635d000 rw-p 00cf5000 08:02 59114458                   /usr/lib/jvm/java-8-openjdk-amd64/jre/lib/amd64/server/libjvm.so
7fa40635d000-7fa40638d000 rw-p 00000000 00:00 0 
7fa40638d000-7fa4063a5000 r-xp 00000000 08:02 29364928                   /lib/x86_64-linux-gnu/libpthread-2.23.so
7fa4063a5000-7fa4065a4000 ---p 00018000 08:02 29364928                   /lib/x86_64-linux-gnu/libpthread-2.23.so
7fa4065a4000-7fa4065a5000 r--p 00017000 08:02 29364928                   /lib/x86_64-linux-gnu/libpthread-2.23.so
7fa4065a5000-7fa4065a6000 rw-p 00018000 08:02 29364928                   /lib/x86_64-linux-gnu/libpthread-2.23.so
7fa4065a6000-7fa4065aa000 rw-p 00000000 00:00 0 
7fa4065aa000-7fa4065ad000 r-xp 00000000 08:02 29364806                   /lib/x86_64-linux-gnu/libdl-2.23.so
7fa4065ad000-7fa4067ac000 ---p 00003000 08:02 29364806                   /lib/x86_64-linux-gnu/libdl-2.23.so
7fa4067ac000-7fa4067ad000 r--p 00002000 08:02 29364806                   /lib/x86_64-linux-gnu/libdl-2.23.so
7fa4067ad000-7fa4067ae000 rw-p 00003000 08:02 29364806                   /lib/x86_64-linux-gnu/libdl-2.23.so
7fa4067ae000-7fa4067c7000 r-xp 00000000 08:02 29364973                   /lib/x86_64-linux-gnu/libz.so.1.2.8
7fa4067c7000-7fa4069c6000 ---p 00019000 08:02 29364973                   /lib/x86_64-linux-gnu/libz.so.1.2.8
7fa4069c6000-7fa4069c7000 r--p 00018000 08:02 29364973                   /lib/x86_64-linux-gnu/libz.so.1.2.8
7fa4069c7000-7fa4069c8000 rw-p 00019000 08:02 29364973                   /lib/x86_64-linux-gnu/libz.so.1.2.8
7fa4069c8000-7fa406b88000 r-xp 00000000 08:02 29364782                   /lib/x86_64-linux-gnu/libc-2.23.so
7fa406b88000-7fa406d88000 ---p 001c0000 08:02 29364782                   /lib/x86_64-linux-gnu/libc-2.23.so
7fa406d88000-7fa406d8c000 r--p 001c0000 08:02 29364782                   /lib/x86_64-linux-gnu/libc-2.23.so
7fa406d8c000-7fa406d8e000 rw-p 001c4000 08:02 29364782                   /lib/x86_64-linux-gnu/libc-2.23.so
7fa406d8e000-7fa406d92000 rw-p 00000000 00:00 0 
7fa406d92000-7fa406d9f000 r-xp 00000000 08:02 59247190                   /usr/lib/jvm/java-8-openjdk-amd64/jre/lib/amd64/jli/libjli.so
7fa406d9f000-7fa406f9f000 ---p 0000d000 08:02 59247190                   /usr/lib/jvm/java-8-openjdk-amd64/jre/lib/amd64/jli/libjli.so
7fa406f9f000-7fa406fa0000 r--p 0000d000 08:02 59247190                   /usr/lib/jvm/java-8-openjdk-amd64/jre/lib/amd64/jli/libjli.so
7fa406fa0000-7fa406fa1000 rw-p 0000e000 08:02 59247190                   /usr/lib/jvm/java-8-openjdk-amd64/jre/lib/amd64/jli/libjli.so
7fa406fa1000-7fa406fc7000 r-xp 00000000 08:02 29364754                   /lib/x86_64-linux-gnu/ld-2.23.so
7fa406fc7000-7fa406fc9000 r--s 00001000 08:02 20317416                   /home/daniel/projects/YCSB/leveldbjnin/lib/leveldb-api-0.6.jar
7fa406fc9000-7fa406fca000 r--s 00040000 08:02 20317418                   /home/daniel/projects/YCSB/leveldbjnin/lib/leveldbjni-linux64-1.1.jar
7fa406fca000-7fa406fcc000 r--s 0000b000 08:02 20317417                   /home/daniel/projects/YCSB/leveldbjnin/lib/leveldbjni-1.1.jar
7fa406fcc000-7fa406fce000 r--s 00001000 08:02 20580099                   /home/daniel/projects/YCSB/leveldbjnin/target/leveldbjnin-binding-0.16.0-SNAPSHOT.jar
7fa406fce000-7fa406fd1000 r--s 0000f000 08:02 58983506                   /usr/lib/jvm/java-8-openjdk-amd64/jre/lib/ext/icedtea-sound.jar
7fa406fd1000-7fa406fdb000 r--s 00116000 08:02 58983505                   /usr/lib/jvm/java-8-openjdk-amd64/jre/lib/ext/localedata.jar
7fa406fdb000-7fa4070a6000 rw-p 00000000 00:00 0 
7fa4070a6000-7fa4070a9000 ---p 00000000 00:00 0 
7fa4070a9000-7fa4071ab000 rw-p 00000000 00:00 0 
7fa4071ab000-7fa4071ac000 r--s 00004000 08:02 20580077                   /home/daniel/.m2/repository/org/fusesource/hawtjni/hawtjni-runtime/1.9/hawtjni-runtime-1.9.jar
7fa4071ac000-7fa4071af000 r--s 00038000 08:02 58989301                   /usr/lib/jvm/java-8-openjdk-amd64/jre/lib/ext/sunpkcs11.jar
7fa4071af000-7fa4071b0000 r--s 00010000 08:02 58989304                   /usr/lib/jvm/java-8-openjdk-amd64/jre/lib/ext/zipfs.jar
7fa4071b0000-7fa4071b2000 r--s 00008000 08:02 58989283                   /usr/lib/jvm/java-8-openjdk-amd64/jre/lib/ext/sunec.jar
7fa4071b2000-7fa4071b4000 r--s 00001000 08:02 58989316                   /usr/lib/jvm/java-8-openjdk-amd64/jre/lib/ext/dnsns.jar
7fa4071b4000-7fa4071ba000 r--s 0003b000 08:02 58989282                   /usr/lib/jvm/java-8-openjdk-amd64/jre/lib/ext/sunjce_provider.jar
7fa4071ba000-7fa4071bb000 r--s 0000a000 08:02 58989284                   /usr/lib/jvm/java-8-openjdk-amd64/jre/lib/ext/jaccess.jar
7fa4071bb000-7fa4071c3000 rw-s 00000000 08:02 39584816                   /tmp/hsperfdata_daniel/30208
7fa4071c3000-7fa4071c4000 rw-p 00000000 00:00 0 
7fa4071c4000-7fa4071c5000 r--p 00000000 00:00 0 
7fa4071c5000-7fa4071c6000 rw-p 00000000 00:00 0 
7fa4071c6000-7fa4071c7000 r--p 00025000 08:02 29364754                   /lib/x86_64-linux-gnu/ld-2.23.so
7fa4071c7000-7fa4071c8000 rw-p 00026000 08:02 29364754                   /lib/x86_64-linux-gnu/ld-2.23.so
7fa4071c8000-7fa4071c9000 rw-p 00000000 00:00 0 
7ffe74c19000-7ffe74c3b000 rw-p 00000000 00:00 0                          [stack]
7ffe74ded000-7ffe74df0000 r--p 00000000 00:00 0                          [vvar]
7ffe74df0000-7ffe74df2000 r-xp 00000000 00:00 0                          [vdso]
ffffffffff600000-ffffffffff601000 r-xp 00000000 00:00 0                  [vsyscall]

VM Arguments:
java_command: com.yahoo.ycsb.Client -db com.yahoo.ycsb.db.LevelDbJniClientN -P workloads/workloada -load
java_class_path (initial): /home/daniel/projects/YCSB/leveldbjnin/conf:/home/daniel/projects/YCSB/leveldbjnin/target/leveldbjnin-binding-0.16.0-SNAPSHOT.jar:/home/daniel/.m2/repository/org/apache/htrace/htrace-core4/4.1.0-incubating/htrace-core4-4.1.0-incubating.jar:/home/daniel/projects/YCSB/leveldbjnin/lib/leveldbjni-1.1.jar:/home/daniel/.m2/repository/org/fusesource/hawtjni/hawtjni-runtime/1.9/hawtjni-runtime-1.9.jar:/home/daniel/projects/YCSB/leveldbjnin/lib/leveldbjni-linux64-1.1.jar:/home/daniel/projects/YCSB/core/target/core-0.16.0-SNAPSHOT.jar:/home/daniel/.m2/repository/org/hdrhistogram/HdrHistogram/2.1.4/HdrHistogram-2.1.4.jar:/home/daniel/.m2/repository/org/codehaus/jackson/jackson-mapper-asl/1.9.4/jackson-mapper-asl-1.9.4.jar:/home/daniel/projects/YCSB/leveldbjnin/lib/leveldb-api-0.6.jar:/home/daniel/.m2/repository/org/codehaus/jackson/jackson-core-asl/1.9.4/jackson-core-asl-1.9.4.jar
Launcher Type: SUN_STANDARD

Environment Variables:
PATH=/home/daniel/bin:/home/daniel/.local/bin:/usr/local/sbin:/usr/local/bin:/usr/sbin:/usr/bin:/sbin:/bin:/usr/games:/usr/local/games:/snap/bin
SHELL=/bin/bash
DISPLAY=:0

Signal Handlers:
SIGSEGV: [libjvm.so+0xa74e00], sa_mask[0]=11111111011111111101111111111110, sa_flags=SA_RESTART|SA_SIGINFO
SIGBUS: [libjvm.so+0xa74e00], sa_mask[0]=11111111011111111101111111111110, sa_flags=SA_RESTART|SA_SIGINFO
SIGFPE: [libjvm.so+0x8bbe10], sa_mask[0]=11111111011111111101111111111110, sa_flags=SA_RESTART|SA_SIGINFO
SIGPIPE: [libjvm.so+0x8bbe10], sa_mask[0]=11111111011111111101111111111110, sa_flags=SA_RESTART|SA_SIGINFO
SIGXFSZ: [libjvm.so+0x8bbe10], sa_mask[0]=11111111011111111101111111111110, sa_flags=SA_RESTART|SA_SIGINFO
SIGILL: [libjvm.so+0x8bbe10], sa_mask[0]=11111111011111111101111111111110, sa_flags=SA_RESTART|SA_SIGINFO
SIGUSR1: SIG_DFL, sa_mask[0]=00000000000000000000000000000000, sa_flags=none
SIGUSR2: [libjvm.so+0x8bbcc0], sa_mask[0]=00000000000000000000000000000000, sa_flags=SA_RESTART|SA_SIGINFO
SIGHUP: [libjvm.so+0x8bc350], sa_mask[0]=11111111011111111101111111111110, sa_flags=SA_RESTART|SA_SIGINFO
SIGINT: [libjvm.so+0x8bc350], sa_mask[0]=11111111011111111101111111111110, sa_flags=SA_RESTART|SA_SIGINFO
SIGTERM: [libjvm.so+0x8bc350], sa_mask[0]=11111111011111111101111111111110, sa_flags=SA_RESTART|SA_SIGINFO
SIGQUIT: [libjvm.so+0x8bc350], sa_mask[0]=11111111011111111101111111111110, sa_flags=SA_RESTART|SA_SIGINFO


---------------  S Y S T E M  ---------------

OS:DISTRIB_ID=Ubuntu
DISTRIB_RELEASE=16.04
DISTRIB_CODENAME=xenial
DISTRIB_DESCRIPTION="Ubuntu 16.04.5 LTS"

uname:Linux 4.15.0-43-generic #46~16.04.1-Ubuntu SMP Fri Dec 7 13:31:08 UTC 2018 x86_64
libc:glibc 2.23 NPTL 2.23 
rlimit: STACK 8192k, CORE 0k, NPROC 30941, NOFILE 1048576, AS infinity
load average:0.90 1.22 1.21

/proc/meminfo:
MemTotal:        8057236 kB
MemFree:          658452 kB
MemAvailable:    2305436 kB
Buffers:           91176 kB
Cached:          2378628 kB
SwapCached:         3392 kB
Active:          4911360 kB
Inactive:        2154548 kB
Active(anon):    4235484 kB
Inactive(anon):  1006516 kB
Active(file):     675876 kB
Inactive(file):  1148032 kB
Unevictable:          80 kB
Mlocked:              80 kB
SwapTotal:       1000444 kB
SwapFree:         760316 kB
Dirty:               620 kB
Writeback:             0 kB
AnonPages:       4594260 kB
Mapped:           579068 kB
Shmem:            659616 kB
Slab:             168916 kB
SReclaimable:      94916 kB
SUnreclaim:        74000 kB
KernelStack:       16004 kB
PageTables:        79884 kB
NFS_Unstable:          0 kB
Bounce:                0 kB
WritebackTmp:          0 kB
CommitLimit:     5029060 kB
Committed_AS:   14296048 kB
VmallocTotal:   34359738367 kB
VmallocUsed:           0 kB
VmallocChunk:          0 kB
HardwareCorrupted:     0 kB
AnonHugePages:         0 kB
ShmemHugePages:        0 kB
ShmemPmdMapped:        0 kB
CmaTotal:              0 kB
CmaFree:               0 kB
HugePages_Total:       0
HugePages_Free:        0
HugePages_Rsvd:        0
HugePages_Surp:        0
Hugepagesize:       2048 kB
DirectMap4k:      429676 kB
DirectMap2M:     7849984 kB
DirectMap1G:           0 kB

container (cgroup) information:
container_type: cgroupv1
cpu_cpuset_cpus: 0-3
cpu_memory_nodes: 0
active_processor_count: 4
cpu_quota: -1
cpu_period: 100000
cpu_shares: -1
memory_limit_in_bytes: -1
memory_and_swap_limit_in_bytes: -2
memory_soft_limit_in_bytes: -1
memory_usage_in_bytes: 7234625536
memory_max_usage_in_bytes: 35209216


CPU:total 4 (initial active 4) (4 cores per cpu, 1 threads per core) family 6 model 158 stepping 9, cmov, cx8, fxsr, mmx, sse, sse2, sse3, ssse3, sse4.1, sse4.2, popcnt, avx, avx2, aes, clmul, erms, rtm, 3dnowpref, lzcnt, tsc, tscinvbit, bmi1, bmi2, adx

/proc/cpuinfo:
processor	: 0
vendor_id	: GenuineIntel
cpu family	: 6
model		: 158
model name	: Intel(R) Core(TM) i5-7500 CPU @ 3.40GHz
stepping	: 9
microcode	: 0x8e
cpu MHz		: 3600.046
cache size	: 6144 KB
physical id	: 0
siblings	: 4
core id		: 0
cpu cores	: 4
apicid		: 0
initial apicid	: 0
fpu		: yes
fpu_exception	: yes
cpuid level	: 22
wp		: yes
flags		: fpu vme de pse tsc msr pae mce cx8 apic sep mtrr pge mca cmov pat pse36 clflush dts acpi mmx fxsr sse sse2 ss ht tm pbe syscall nx pdpe1gb rdtscp lm constant_tsc art arch_perfmon pebs bts rep_good nopl xtopology nonstop_tsc cpuid aperfmperf tsc_known_freq pni pclmulqdq dtes64 monitor ds_cpl vmx smx est tm2 ssse3 sdbg fma cx16 xtpr pdcm pcid sse4_1 sse4_2 x2apic movbe popcnt tsc_deadline_timer aes xsave avx f16c rdrand lahf_lm abm 3dnowprefetch cpuid_fault invpcid_single pti ssbd ibrs ibpb stibp tpr_shadow vnmi flexpriority ept vpid fsgsbase tsc_adjust bmi1 hle avx2 smep bmi2 erms invpcid rtm mpx rdseed adx smap clflushopt intel_pt xsaveopt xsavec xgetbv1 xsaves dtherm ida arat pln pts hwp hwp_notify hwp_act_window hwp_epp flush_l1d
bugs		: cpu_meltdown spectre_v1 spectre_v2 spec_store_bypass l1tf
bogomips	: 6816.00
clflush size	: 64
cache_alignment	: 64
address sizes	: 39 bits physical, 48 bits virtual
power management:

processor	: 1
vendor_id	: GenuineIntel
cpu family	: 6
model		: 158
model name	: Intel(R) Core(TM) i5-7500 CPU @ 3.40GHz
stepping	: 9
microcode	: 0x8e
cpu MHz		: 3404.926
cache size	: 6144 KB
physical id	: 0
siblings	: 4
core id		: 1
cpu cores	: 4
apicid		: 2
initial apicid	: 2
fpu		: yes
fpu_exception	: yes
cpuid level	: 22
wp		: yes
flags		: fpu vme de pse tsc msr pae mce cx8 apic sep mtrr pge mca cmov pat pse36 clflush dts acpi mmx fxsr sse sse2 ss ht tm pbe syscall nx pdpe1gb rdtscp lm constant_tsc art arch_perfmon pebs bts rep_good nopl xtopology nonstop_tsc cpuid aperfmperf tsc_known_freq pni pclmulqdq dtes64 monitor ds_cpl vmx smx est tm2 ssse3 sdbg fma cx16 xtpr pdcm pcid sse4_1 sse4_2 x2apic movbe popcnt tsc_deadline_timer aes xsave avx f16c rdrand lahf_lm abm 3dnowprefetch cpuid_fault invpcid_single pti ssbd ibrs ibpb stibp tpr_shadow vnmi flexpriority ept vpid fsgsbase tsc_adjust bmi1 hle avx2 smep bmi2 erms invpcid rtm mpx rdseed adx smap clflushopt intel_pt xsaveopt xsavec xgetbv1 xsaves dtherm ida arat pln pts hwp hwp_notify hwp_act_window hwp_epp flush_l1d
bugs		: cpu_meltdown spectre_v1 spectre_v2 spec_store_bypass l1tf
bogomips	: 6816.00
clflush size	: 64
cache_alignment	: 64
address sizes	: 39 bits physical, 48 bits virtual
power management:

processor	: 2
vendor_id	: GenuineIntel
cpu family	: 6
model		: 158
model name	: Intel(R) Core(TM) i5-7500 CPU @ 3.40GHz
stepping	: 9
microcode	: 0x8e
cpu MHz		: 3530.684
cache size	: 6144 KB
physical id	: 0
siblings	: 4
core id		: 2
cpu cores	: 4
apicid		: 4
initial apicid	: 4
fpu		: yes
fpu_exception	: yes
cpuid level	: 22
wp		: yes
flags		: fpu vme de pse tsc msr pae mce cx8 apic sep mtrr pge mca cmov pat pse36 clflush dts acpi mmx fxsr sse sse2 ss ht tm pbe syscall nx pdpe1gb rdtscp lm constant_tsc art arch_perfmon pebs bts rep_good nopl xtopology nonstop_tsc cpuid aperfmperf tsc_known_freq pni pclmulqdq dtes64 monitor ds_cpl vmx smx est tm2 ssse3 sdbg fma cx16 xtpr pdcm pcid sse4_1 sse4_2 x2apic movbe popcnt tsc_deadline_timer aes xsave avx f16c rdrand lahf_lm abm 3dnowprefetch cpuid_fault invpcid_single pti ssbd ibrs ibpb stibp tpr_shadow vnmi flexpriority ept vpid fsgsbase tsc_adjust bmi1 hle avx2 smep bmi2 erms invpcid rtm mpx rdseed adx smap clflushopt intel_pt xsaveopt xsavec xgetbv1 xsaves dtherm ida arat pln pts hwp hwp_notify hwp_act_window hwp_epp flush_l1d
bugs		: cpu_meltdown spectre_v1 spectre_v2 spec_store_bypass l1tf
bogomips	: 6816.00
clflush size	: 64
cache_alignment	: 64
address sizes	: 39 bits physical, 48 bits virtual
power management:

processor	: 3
vendor_id	: GenuineIntel
cpu family	: 6
model		: 158
model name	: Intel(R) Core(TM) i5-7500 CPU @ 3.40GHz
stepping	: 9
microcode	: 0x8e
cpu MHz		: 2594.911
cache size	: 6144 KB
physical id	: 0
siblings	: 4
core id		: 3
cpu cores	: 4
apicid		: 6
initial apicid	: 6
fpu		: yes
fpu_exception	: yes
cpuid level	: 22
wp		: yes
flags		: fpu vme de pse tsc msr pae mce cx8 apic sep mtrr pge mca cmov pat pse36 clflush dts acpi mmx fxsr sse sse2 ss ht tm pbe syscall nx pdpe1gb rdtscp lm constant_tsc art arch_perfmon pebs bts rep_good nopl xtopology nonstop_tsc cpuid aperfmperf tsc_known_freq pni pclmulqdq dtes64 monitor ds_cpl vmx smx est tm2 ssse3 sdbg fma cx16 xtpr pdcm pcid sse4_1 sse4_2 x2apic movbe popcnt tsc_deadline_timer aes xsave avx f16c rdrand lahf_lm abm 3dnowprefetch cpuid_fault invpcid_single pti ssbd ibrs ibpb stibp tpr_shadow vnmi flexpriority ept vpid fsgsbase tsc_adjust bmi1 hle avx2 smep bmi2 erms invpcid rtm mpx rdseed adx smap clflushopt intel_pt xsaveopt xsavec xgetbv1 xsaves dtherm ida arat pln pts hwp hwp_notify hwp_act_window hwp_epp flush_l1d
bugs		: cpu_meltdown spectre_v1 spectre_v2 spec_store_bypass l1tf
bogomips	: 6816.00
clflush size	: 64
cache_alignment	: 64
address sizes	: 39 bits physical, 48 bits virtual
power management:



Memory: 4k page, physical 8057236k(658568k free), swap 1000444k(760316k free)

vm_info: OpenJDK 64-Bit Server VM (25.191-b12) for linux-amd64 JRE (1.8.0_191-8u191-b12-0ubuntu0.16.04.1-b12), built on Nov 20 2018 15:24:40 by "buildd" with gcc 5.4.0 20160609

time: Fri Jan 18 14:05:32 2019
elapsed time: 0 seconds (0d 0h 0m 0s)

