#
# A fatal error has been detected by the Java Runtime Environment:
#
#  SIGSEGV (0xb) at pc=0x00007f8a6ea9b915, pid=31959, tid=0x00007f8a6f020700
#
# JRE version: OpenJDK Runtime Environment (8.0_191-b12) (build 1.8.0_191-8u191-b12-0ubuntu0.16.04.1-b12)
# Java VM: OpenJDK 64-Bit Server VM (25.191-b12 mixed mode linux-amd64 compressed oops)
# Problematic frame:
# C  [libClient.so+0x4b915]  Java_com_yahoo_ycsb_db_LevelDbJniClientN_cread+0x92
#
# Failed to write core dump. Core dumps have been disabled. To enable core dumping, try "ulimit -c unlimited" before starting Java again
#
# If you would like to submit a bug report, please visit:
#   http://bugreport.java.com/bugreport/crash.jsp
# The crash happened outside the Java Virtual Machine in native code.
# See problematic frame for where to report the bug.
#

---------------  T H R E A D  ---------------

Current thread (0x00007f8a8823d800):  JavaThread "Thread-2" [_thread_in_native, id=31975, stack(0x00007f8a6ef20000,0x00007f8a6f021000)]

siginfo: si_signo: 11 (SIGSEGV), si_code: 1 (SEGV_MAPERR), si_addr: 0x0000000000000000

Registers:
RAX=0x0000000000000000, RBX=0x00007f8a8c73c6d8, RCX=0x00007f8a30000020, RDX=0x00007f8a30001340
RSP=0x00007f8a6f01f600, RBP=0x00007f8a6f01f6b0, RSI=0x00007f8a30001320, RDI=0x00007f8a6f01f640
R8 =0x000000000000c6c6, R9 =0x00007f8a30001337, R10=0x0000000000000000, R11=0x00007f8a6ea9ba10
R12=0x0000000000000000, R13=0x00007f8a8c73c6d8, R14=0x00007f8a6f01f740, R15=0x00007f8a8823d800
RIP=0x00007f8a6ea9b915, EFLAGS=0x0000000000010206, CSGSFS=0x002b000000000033, ERR=0x0000000000000004
  TRAPNO=0x000000000000000e

Top of Stack: (sp=0x00007f8a6f01f600)
0x00007f8a6f01f600:   00007f8a6f01fb30 00007f8a6f01f738
0x00007f8a6f01f610:   00007f8a6f01f740 00007f8a8823d9e0
0x00007f8a6f01f620:   00007f8a8823d800 00007f8a8823d800
0x00007f8a6f01f630:   00007f8a6f01f650 00007f8a8fe7e6a9
0x00007f8a6f01f640:   00007f8a8823d800 00007f8a8c73c6d8
0x00007f8a6f01f650:   00007f8a6f01f660 0000000000000000
0x00007f8a6f01f660:   00007f8a8c73c600 00007f8a8823d800
0x00007f8a6f01f670:   00007f8a30001340 0000000000000017
0x00007f8a6f01f680:   0000000000000017 00007f8a8c73c6d8
0x00007f8a6f01f690:   0000000000000000 538aba45ccaf9500
0x00007f8a6f01f6a0:   00007f8a6f01f718 00007f8a8c73c6d8
0x00007f8a6f01f6b0:   00007f8a6f01f718 00007f8a79018407
0x00007f8a6f01f6c0:   00007f8a6f01f718 00007f8a79018167
0x00007f8a6f01f6d0:   00007f8a79018122 00007f8a6f01f6d8
0x00007f8a6f01f6e0:   00007f8a8c73c6d8 00007f8a6f01f740
0x00007f8a6f01f6f0:   00007f8a8c73cc20 0000000000000000
0x00007f8a6f01f700:   00007f8a8c73c6d8 0000000000000000
0x00007f8a6f01f710:   00007f8a6f01f738 00007f8a6f01f788
0x00007f8a6f01f720:   00007f8a79007ffd 0000000000000000
0x00007f8a6f01f730:   00007f8a79011a58 00000000d74bee08
0x00007f8a6f01f740:   00000000d730ce00 00007f8a6f01f748
0x00007f8a6f01f750:   00007f8a8c73c772 00007f8a6f01f7b8
0x00007f8a6f01f760:   00007f8a8c73cc20 0000000000000000
0x00007f8a6f01f770:   00007f8a8c73c7c0 00007f8a6f01f738
0x00007f8a6f01f780:   00007f8a6f01f798 00007f8a6f01f800
0x00007f8a6f01f790:   00007f8a79007d80 00000000d74bee60
0x00007f8a6f01f7a0:   0000000000000000 00000000d74bee08
0x00007f8a6f01f7b0:   00000000d7101670 00000000d730ce00
0x00007f8a6f01f7c0:   00007f8a6f01f7c0 00007f8a8c73a7bf
0x00007f8a6f01f7d0:   00007f8a6f01f898 00007f8a8c73d0a8
0x00007f8a6f01f7e0:   0000000000000000 00007f8a8c73a900
0x00007f8a6f01f7f0:   00007f8a6f01f798 00007f8a6f01f878 

Instructions: (pc=0x00007f8a6ea9b915)
0x00007f8a6ea9b8f5:   89 ce 48 89 c7 e8 b1 d6 ff ff 48 8d 45 90 48 89
0x00007f8a6ea9b905:   c7 e8 05 c6 ff ff 48 8b 05 e6 a6 25 00 48 8b 00
0x00007f8a6ea9b915:   48 8b 00 48 83 c0 28 48 8b 18 48 8d 55 c0 48 8d
0x00007f8a6ea9b925:   45 90 48 89 d6 48 89 c7 e8 ae f6 ff ff 48 8d 45 

Register to memory mapping:

RAX=0x0000000000000000 is an unknown value
RBX={method} {0x00007f8a8c73c6d8} 'cread' '(Ljava/lang/String;)V' in 'com/yahoo/ycsb/db/LevelDbJniClientN'
RCX=0x00007f8a30000020 is an unknown value
RDX=0x00007f8a30001340 is an unknown value
RSP=0x00007f8a6f01f600 is pointing into the stack for thread: 0x00007f8a8823d800
RBP=0x00007f8a6f01f6b0 is pointing into the stack for thread: 0x00007f8a8823d800
RSI=0x00007f8a30001320 is an unknown value
RDI=0x00007f8a6f01f640 is pointing into the stack for thread: 0x00007f8a8823d800
R8 =0x000000000000c6c6 is an unknown value
R9 =0x00007f8a30001337 is an unknown value
R10=0x0000000000000000 is an unknown value
R11=0x00007f8a6ea9ba10: _ZN7JNIEnv_17GetStringUTFCharsEP8_jstringPh+0 in /usr/lib/libClient.so at 0x00007f8a6ea50000
R12=0x0000000000000000 is an unknown value
R13={method} {0x00007f8a8c73c6d8} 'cread' '(Ljava/lang/String;)V' in 'com/yahoo/ycsb/db/LevelDbJniClientN'
R14=0x00007f8a6f01f740 is pointing into the stack for thread: 0x00007f8a8823d800
R15=0x00007f8a8823d800 is a thread


Stack: [0x00007f8a6ef20000,0x00007f8a6f021000],  sp=0x00007f8a6f01f600,  free space=1021k
Native frames: (J=compiled Java code, j=interpreted, Vv=VM code, C=native code)
C  [libClient.so+0x4b915]  Java_com_yahoo_ycsb_db_LevelDbJniClientN_cread+0x92
j  com.yahoo.ycsb.db.LevelDbJniClientN.cread(Ljava/lang/String;)V+0
j  com.yahoo.ycsb.db.LevelDbJniClientN.read(Ljava/lang/String;Ljava/lang/String;Ljava/util/Set;Ljava/util/Map;)Lcom/yahoo/ycsb/Status;+2
j  com.yahoo.ycsb.DBWrapper.read(Ljava/lang/String;Ljava/lang/String;Ljava/util/Set;Ljava/util/Map;)Lcom/yahoo/ycsb/Status;+39
j  com.yahoo.ycsb.workloads.CoreWorkload.doTransactionRead(Lcom/yahoo/ycsb/DB;)V+109
j  com.yahoo.ycsb.workloads.CoreWorkload.doTransaction(Lcom/yahoo/ycsb/DB;Ljava/lang/Object;)Z+162
j  com.yahoo.ycsb.ClientThread.run()V+152
j  java.lang.Thread.run()V+11
v  ~StubRoutines::call_stub
V  [libjvm.so+0x66701b]
V  [libjvm.so+0x6645f4]
V  [libjvm.so+0x664bd7]
V  [libjvm.so+0x6a7eb4]
V  [libjvm.so+0xa18917]
V  [libjvm.so+0xa18ddc]
V  [libjvm.so+0x8be122]
C  [libpthread.so.0+0x76ba]  start_thread+0xca

Java frames: (J=compiled Java code, j=interpreted, Vv=VM code)
j  com.yahoo.ycsb.db.LevelDbJniClientN.cread(Ljava/lang/String;)V+0
j  com.yahoo.ycsb.db.LevelDbJniClientN.read(Ljava/lang/String;Ljava/lang/String;Ljava/util/Set;Ljava/util/Map;)Lcom/yahoo/ycsb/Status;+2
j  com.yahoo.ycsb.DBWrapper.read(Ljava/lang/String;Ljava/lang/String;Ljava/util/Set;Ljava/util/Map;)Lcom/yahoo/ycsb/Status;+39
j  com.yahoo.ycsb.workloads.CoreWorkload.doTransactionRead(Lcom/yahoo/ycsb/DB;)V+109
j  com.yahoo.ycsb.workloads.CoreWorkload.doTransaction(Lcom/yahoo/ycsb/DB;Ljava/lang/Object;)Z+162
j  com.yahoo.ycsb.ClientThread.run()V+152
j  java.lang.Thread.run()V+11
v  ~StubRoutines::call_stub

---------------  P R O C E S S  ---------------

Java Threads: ( => current thread )
=>0x00007f8a8823d800 JavaThread "Thread-2" [_thread_in_native, id=31975, stack(0x00007f8a6ef20000,0x00007f8a6f021000)]
  0x00007f8a880c8800 JavaThread "Service Thread" daemon [_thread_blocked, id=31972, stack(0x00007f8a6f13c000,0x00007f8a6f23d000)]
  0x00007f8a880bd000 JavaThread "C1 CompilerThread2" daemon [_thread_blocked, id=31971, stack(0x00007f8a6f23d000,0x00007f8a6f33e000)]
  0x00007f8a880bb800 JavaThread "C2 CompilerThread1" daemon [_thread_blocked, id=31970, stack(0x00007f8a6f33e000,0x00007f8a6f43f000)]
  0x00007f8a880b8800 JavaThread "C2 CompilerThread0" daemon [_thread_blocked, id=31969, stack(0x00007f8a6f43f000,0x00007f8a6f540000)]
  0x00007f8a880b7000 JavaThread "Signal Dispatcher" daemon [_thread_blocked, id=31968, stack(0x00007f8a6f540000,0x00007f8a6f641000)]
  0x00007f8a88085000 JavaThread "Finalizer" daemon [_thread_blocked, id=31967, stack(0x00007f8a7402c000,0x00007f8a7412d000)]
  0x00007f8a88082000 JavaThread "Reference Handler" daemon [_thread_blocked, id=31966, stack(0x00007f8a7412d000,0x00007f8a7422e000)]
  0x00007f8a8800b000 JavaThread "main" [_thread_blocked, id=31960, stack(0x00007f8a9128f000,0x00007f8a91390000)]

Other Threads:
  0x00007f8a88078800 VMThread [stack: 0x00007f8a7422e000,0x00007f8a7432f000] [id=31965]
  0x00007f8a880cb000 WatcherThread [stack: 0x00007f8a6f03b000,0x00007f8a6f13c000] [id=31973]

VM state:not at safepoint (normal execution)

VM Mutex/Monitor currently owned by a thread: None

Heap:
 PSYoungGen      total 36864K, used 5468K [0x00000000d7000000, 0x00000000d9900000, 0x0000000100000000)
  eden space 31744K, 17% used [0x00000000d7000000,0x00000000d7557388,0x00000000d8f00000)
  from space 5120K, 0% used [0x00000000d9400000,0x00000000d9400000,0x00000000d9900000)
  to   space 5120K, 0% used [0x00000000d8f00000,0x00000000d8f00000,0x00000000d9400000)
 ParOldGen       total 84992K, used 0K [0x0000000085000000, 0x000000008a300000, 0x00000000d7000000)
  object space 84992K, 0% used [0x0000000085000000,0x0000000085000000,0x000000008a300000)
 Metaspace       used 3723K, capacity 4876K, committed 5120K, reserved 1056768K
  class space    used 407K, capacity 456K, committed 512K, reserved 1048576K

Card table byte_map: [0x00007f8a8d55d000,0x00007f8a8d936000] byte_map_base: 0x00007f8a8d135000

Marking Bits: (ParMarkBitMap*) 0x00007f8a90559520
 Begin Bits: [0x00007f8a75280000, 0x00007f8a77140000)
 End Bits:   [0x00007f8a77140000, 0x00007f8a79000000)

Polling page: 0x00007f8a913ad000

CodeCache: size=245760Kb used=1338Kb max_used=1338Kb free=244421Kb
 bounds [0x00007f8a79000000, 0x00007f8a79270000, 0x00007f8a88000000]
 total_blobs=379 nmethods=129 adapters=165
 compilation: enabled

Compilation events (10 events):
Event: 0.072 Thread 0x00007f8a880bd000  123       1       java.lang.reflect.Field::getName (5 bytes)
Event: 0.073 Thread 0x00007f8a880bd000 nmethod 123 0x00007f8a7914bd50 code [0x00007f8a7914bea0, 0x00007f8a7914bfb0]
Event: 0.073 Thread 0x00007f8a880bd000  124       3       java.lang.Number::<init> (5 bytes)
Event: 0.073 Thread 0x00007f8a880bd000 nmethod 124 0x00007f8a7914c010 code [0x00007f8a7914c180, 0x00007f8a7914c330]
Event: 0.073 Thread 0x00007f8a880bd000  125       3       java.lang.Long::<init> (10 bytes)
Event: 0.073 Thread 0x00007f8a880bd000 nmethod 125 0x00007f8a7914c3d0 code [0x00007f8a7914c540, 0x00007f8a7914c750]
Event: 0.074 Thread 0x00007f8a880bd000  128       3       java.util.Arrays::copyOf (19 bytes)
Event: 0.074 Thread 0x00007f8a880bd000 nmethod 128 0x00007f8a7914cf50 code [0x00007f8a7914d0e0, 0x00007f8a7914d408]
Event: 0.074 Thread 0x00007f8a880bd000  129       3       java.util.concurrent.ConcurrentHashMap::addCount (292 bytes)
Event: 0.075 Thread 0x00007f8a880bd000 nmethod 129 0x00007f8a7914d890 code [0x00007f8a7914daa0, 0x00007f8a7914e598]

GC Heap History (0 events):
No events

Deoptimization events (0 events):
No events

Classes redefined (0 events):
No events

Internal exceptions (10 events):
Event: 0.034 Thread 0x00007f8a8800b000 Exception <a 'java/security/PrivilegedActionException'> (0x00000000d705f9a8) thrown at [/build/openjdk-8-yxDDQ4/openjdk-8-8u191-b12/src/hotspot/src/share/vm/prims/jvm.cpp, line 1435]
Event: 0.034 Thread 0x00007f8a8800b000 Exception <a 'java/security/PrivilegedActionException'> (0x00000000d705fbb8) thrown at [/build/openjdk-8-yxDDQ4/openjdk-8-8u191-b12/src/hotspot/src/share/vm/prims/jvm.cpp, line 1435]
Event: 0.044 Thread 0x00007f8a8800b000 Exception <a 'java/security/PrivilegedActionException'> (0x00000000d70e1c78) thrown at [/build/openjdk-8-yxDDQ4/openjdk-8-8u191-b12/src/hotspot/src/share/vm/prims/jvm.cpp, line 1435]
Event: 0.044 Thread 0x00007f8a8800b000 Exception <a 'java/security/PrivilegedActionException'> (0x00000000d70e1e88) thrown at [/build/openjdk-8-yxDDQ4/openjdk-8-8u191-b12/src/hotspot/src/share/vm/prims/jvm.cpp, line 1435]
Event: 0.045 Thread 0x00007f8a8800b000 Exception <a 'java/security/PrivilegedActionException'> (0x00000000d70e3f10) thrown at [/build/openjdk-8-yxDDQ4/openjdk-8-8u191-b12/src/hotspot/src/share/vm/prims/jvm.cpp, line 1435]
Event: 0.045 Thread 0x00007f8a8800b000 Exception <a 'java/security/PrivilegedActionException'> (0x00000000d70e4120) thrown at [/build/openjdk-8-yxDDQ4/openjdk-8-8u191-b12/src/hotspot/src/share/vm/prims/jvm.cpp, line 1435]
Event: 0.045 Thread 0x00007f8a8800b000 Exception <a 'java/security/PrivilegedActionException'> (0x00000000d70e4bf8) thrown at [/build/openjdk-8-yxDDQ4/openjdk-8-8u191-b12/src/hotspot/src/share/vm/prims/jvm.cpp, line 1435]
Event: 0.045 Thread 0x00007f8a8800b000 Exception <a 'java/security/PrivilegedActionException'> (0x00000000d70e4e08) thrown at [/build/openjdk-8-yxDDQ4/openjdk-8-8u191-b12/src/hotspot/src/share/vm/prims/jvm.cpp, line 1435]
Event: 0.060 Thread 0x00007f8a8800b000 Exception <a 'java/lang/NoClassDefFoundError': org/apache/log4j/Category> (0x00000000d727e100) thrown at [/build/openjdk-8-yxDDQ4/openjdk-8-8u191-b12/src/hotspot/src/share/vm/classfile/systemDictionary.cpp, line 199]
Event: 0.073 Thread 0x00007f8a881c0000 Exception <a 'java/lang/InterruptedException': sleep interrupted> (0x00000000d7419c58) thrown at [/build/openjdk-8-yxDDQ4/openjdk-8-8u191-b12/src/hotspot/src/share/vm/prims/jvm.cpp, line 3273]

Events (10 events):
Event: 0.075 loading class com/yahoo/ycsb/ClientThread done
Event: 0.075 loading class com/yahoo/ycsb/DBException
Event: 0.075 loading class com/yahoo/ycsb/DBException done
Event: 0.075 loading class java/util/HashMap$KeySet
Event: 0.076 loading class java/util/HashMap$KeySet done
Event: 0.076 loading class java/util/HashMap$KeyIterator
Event: 0.076 loading class java/util/HashMap$KeyIterator done
Event: 0.076 Thread 0x00007f8a8823d800 Thread added: 0x00007f8a8823d800
Event: 0.076 loading class com/yahoo/ycsb/Utils
Event: 0.076 loading class com/yahoo/ycsb/Utils done


Dynamic libraries:
00400000-00401000 r-xp 00000000 08:02 58724940                           /usr/lib/jvm/java-8-openjdk-amd64/jre/bin/java
00600000-00601000 r--p 00000000 08:02 58724940                           /usr/lib/jvm/java-8-openjdk-amd64/jre/bin/java
00601000-00602000 rw-p 00001000 08:02 58724940                           /usr/lib/jvm/java-8-openjdk-amd64/jre/bin/java
00e4e000-00e6f000 rw-p 00000000 00:00 0                                  [heap]
85000000-8a300000 rw-p 00000000 00:00 0 
8a300000-d7000000 ---p 00000000 00:00 0 
d7000000-d9900000 rw-p 00000000 00:00 0 
d9900000-100000000 ---p 00000000 00:00 0 
100000000-100080000 rw-p 00000000 00:00 0 
100080000-140000000 ---p 00000000 00:00 0 
7f8a30000000-7f8a30021000 rw-p 00000000 00:00 0 
7f8a30021000-7f8a34000000 ---p 00000000 00:00 0 
7f8a38000000-7f8a38021000 rw-p 00000000 00:00 0 
7f8a38021000-7f8a3c000000 ---p 00000000 00:00 0 
7f8a3c000000-7f8a3c021000 rw-p 00000000 00:00 0 
7f8a3c021000-7f8a40000000 ---p 00000000 00:00 0 
7f8a40000000-7f8a40021000 rw-p 00000000 00:00 0 
7f8a40021000-7f8a44000000 ---p 00000000 00:00 0 
7f8a44000000-7f8a44141000 rw-p 00000000 00:00 0 
7f8a44141000-7f8a48000000 ---p 00000000 00:00 0 
7f8a48000000-7f8a48021000 rw-p 00000000 00:00 0 
7f8a48021000-7f8a4c000000 ---p 00000000 00:00 0 
7f8a4c000000-7f8a4c060000 rw-p 00000000 00:00 0 
7f8a4c060000-7f8a50000000 ---p 00000000 00:00 0 
7f8a50000000-7f8a50021000 rw-p 00000000 00:00 0 
7f8a50021000-7f8a54000000 ---p 00000000 00:00 0 
7f8a54000000-7f8a54021000 rw-p 00000000 00:00 0 
7f8a54021000-7f8a58000000 ---p 00000000 00:00 0 
7f8a58000000-7f8a58021000 rw-p 00000000 00:00 0 
7f8a58021000-7f8a5c000000 ---p 00000000 00:00 0 
7f8a5c000000-7f8a5c021000 rw-p 00000000 00:00 0 
7f8a5c021000-7f8a60000000 ---p 00000000 00:00 0 
7f8a60000000-7f8a60021000 rw-p 00000000 00:00 0 
7f8a60021000-7f8a64000000 ---p 00000000 00:00 0 
7f8a64fff000-7f8a68000000 rw-p 00000000 00:00 0 
7f8a68000000-7f8a68021000 rw-p 00000000 00:00 0 
7f8a68021000-7f8a6c000000 ---p 00000000 00:00 0 
7f8a6ea2f000-7f8a6ea50000 r--p 00000000 08:02 60426984                   /usr/share/locale-langpack/zh_CN/LC_MESSAGES/libc.mo
7f8a6ea50000-7f8a6eaf5000 r-xp 00000000 08:02 58468709                   /usr/lib/libClient.so
7f8a6eaf5000-7f8a6ecf4000 ---p 000a5000 08:02 58468709                   /usr/lib/libClient.so
7f8a6ecf4000-7f8a6ecf6000 r--p 000a4000 08:02 58468709                   /usr/lib/libClient.so
7f8a6ecf6000-7f8a6ecfa000 rw-p 000a6000 08:02 58468709                   /usr/lib/libClient.so
7f8a6ecfa000-7f8a6ed11000 r-xp 00000000 08:02 59114481                   /usr/lib/jvm/java-8-openjdk-amd64/jre/lib/amd64/libnet.so
7f8a6ed11000-7f8a6ef10000 ---p 00017000 08:02 59114481                   /usr/lib/jvm/java-8-openjdk-amd64/jre/lib/amd64/libnet.so
7f8a6ef10000-7f8a6ef11000 r--p 00016000 08:02 59114481                   /usr/lib/jvm/java-8-openjdk-amd64/jre/lib/amd64/libnet.so
7f8a6ef11000-7f8a6ef12000 rw-p 00017000 08:02 59114481                   /usr/lib/jvm/java-8-openjdk-amd64/jre/lib/amd64/libnet.so
7f8a6ef12000-7f8a6ef20000 r--s 000b0000 08:02 20579536                   /home/daniel/.m2/repository/org/codehaus/jackson/jackson-mapper-asl/1.9.4/jackson-mapper-asl-1.9.4.jar
7f8a6ef20000-7f8a6ef23000 ---p 00000000 00:00 0 
7f8a6ef23000-7f8a6f021000 rw-p 00000000 00:00 0 
7f8a6f021000-7f8a6f03b000 r--s 00155000 08:02 20579534                   /home/daniel/.m2/repository/org/apache/htrace/htrace-core4/4.1.0-incubating/htrace-core4-4.1.0-incubating.jar
7f8a6f03b000-7f8a6f03c000 ---p 00000000 00:00 0 
7f8a6f03c000-7f8a6f13c000 rw-p 00000000 00:00 0 
7f8a6f13c000-7f8a6f13f000 ---p 00000000 00:00 0 
7f8a6f13f000-7f8a6f23d000 rw-p 00000000 00:00 0 
7f8a6f23d000-7f8a6f240000 ---p 00000000 00:00 0 
7f8a6f240000-7f8a6f33e000 rw-p 00000000 00:00 0 
7f8a6f33e000-7f8a6f341000 ---p 00000000 00:00 0 
7f8a6f341000-7f8a6f43f000 rw-p 00000000 00:00 0 
7f8a6f43f000-7f8a6f442000 ---p 00000000 00:00 0 
7f8a6f442000-7f8a6f540000 rw-p 00000000 00:00 0 
7f8a6f540000-7f8a6f543000 ---p 00000000 00:00 0 
7f8a6f543000-7f8a6f641000 rw-p 00000000 00:00 0 
7f8a6f641000-7f8a70000000 r--p 00000000 08:02 58465142                   /usr/lib/locale/locale-archive
7f8a70000000-7f8a70021000 rw-p 00000000 00:00 0 
7f8a70021000-7f8a74000000 ---p 00000000 00:00 0 
7f8a74000000-7f8a74007000 r--s 00000000 08:02 58723059                   /usr/lib/x86_64-linux-gnu/gconv/gconv-modules.cache
7f8a74007000-7f8a7400b000 r--s 00034000 08:02 20579538                   /home/daniel/.m2/repository/org/codehaus/jackson/jackson-core-asl/1.9.4/jackson-core-asl-1.9.4.jar
7f8a7400b000-7f8a7400e000 r--s 00017000 08:02 20579546                   /home/daniel/.m2/repository/org/hdrhistogram/HdrHistogram/2.1.4/HdrHistogram-2.1.4.jar
7f8a7400e000-7f8a74011000 r--s 00021000 08:02 20579959                   /home/daniel/projects/YCSB/core/target/core-0.16.0-SNAPSHOT.jar
7f8a74011000-7f8a7402c000 r--s 00394000 08:02 58989281                   /usr/lib/jvm/java-8-openjdk-amd64/jre/lib/ext/cldrdata.jar
7f8a7402c000-7f8a7402f000 ---p 00000000 00:00 0 
7f8a7402f000-7f8a7412d000 rw-p 00000000 00:00 0 
7f8a7412d000-7f8a74130000 ---p 00000000 00:00 0 
7f8a74130000-7f8a7422e000 rw-p 00000000 00:00 0 
7f8a7422e000-7f8a7422f000 ---p 00000000 00:00 0 
7f8a7422f000-7f8a79000000 rw-p 00000000 00:00 0 
7f8a79000000-7f8a79270000 rwxp 00000000 00:00 0 
7f8a79270000-7f8a88000000 ---p 00000000 00:00 0 
7f8a88000000-7f8a8825f000 rw-p 00000000 00:00 0 
7f8a8825f000-7f8a8c000000 ---p 00000000 00:00 0 
7f8a8c001000-7f8a8c01c000 r--s 001d6000 08:02 58983853                   /usr/lib/jvm/java-8-openjdk-amd64/jre/lib/ext/nashorn.jar
7f8a8c01c000-7f8a8c0ac000 rw-p 00000000 00:00 0 
7f8a8c0ac000-7f8a8c27b000 r--s 03c33000 08:02 58851570                   /usr/lib/jvm/java-8-openjdk-amd64/jre/lib/rt.jar
7f8a8c27b000-7f8a8c771000 rw-p 00000000 00:00 0 
7f8a8c771000-7f8a8caf1000 ---p 00000000 00:00 0 
7f8a8caf1000-7f8a8cec9000 rw-p 00000000 00:00 0 
7f8a8cec9000-7f8a8ceca000 ---p 00000000 00:00 0 
7f8a8ceca000-7f8a8cfca000 rw-p 00000000 00:00 0 
7f8a8cfca000-7f8a8cfcb000 ---p 00000000 00:00 0 
7f8a8cfcb000-7f8a8d0cb000 rw-p 00000000 00:00 0 
7f8a8d0cb000-7f8a8d0cc000 ---p 00000000 00:00 0 
7f8a8d0cc000-7f8a8d1cc000 rw-p 00000000 00:00 0 
7f8a8d1cc000-7f8a8d1cd000 ---p 00000000 00:00 0 
7f8a8d1cd000-7f8a8d2f7000 rw-p 00000000 00:00 0 
7f8a8d2f7000-7f8a8d55d000 ---p 00000000 00:00 0 
7f8a8d55d000-7f8a8d587000 rw-p 00000000 00:00 0 
7f8a8d587000-7f8a8d7ed000 ---p 00000000 00:00 0 
7f8a8d7ed000-7f8a8d802000 rw-p 00000000 00:00 0 
7f8a8d802000-7f8a8d935000 ---p 00000000 00:00 0 
7f8a8d935000-7f8a8d940000 rw-p 00000000 00:00 0 
7f8a8d940000-7f8a8dcf6000 ---p 00000000 00:00 0 
7f8a8dcf6000-7f8a8dcfe000 r-xp 00000000 08:02 59114477                   /usr/lib/jvm/java-8-openjdk-amd64/jre/lib/amd64/libzip.so
7f8a8dcfe000-7f8a8defd000 ---p 00008000 08:02 59114477                   /usr/lib/jvm/java-8-openjdk-amd64/jre/lib/amd64/libzip.so
7f8a8defd000-7f8a8defe000 r--p 00007000 08:02 59114477                   /usr/lib/jvm/java-8-openjdk-amd64/jre/lib/amd64/libzip.so
7f8a8defe000-7f8a8deff000 rw-p 00008000 08:02 59114477                   /usr/lib/jvm/java-8-openjdk-amd64/jre/lib/amd64/libzip.so
7f8a8deff000-7f8a8df0a000 r-xp 00000000 08:02 29364881                   /lib/x86_64-linux-gnu/libnss_files-2.23.so
7f8a8df0a000-7f8a8e109000 ---p 0000b000 08:02 29364881                   /lib/x86_64-linux-gnu/libnss_files-2.23.so
7f8a8e109000-7f8a8e10a000 r--p 0000a000 08:02 29364881                   /lib/x86_64-linux-gnu/libnss_files-2.23.so
7f8a8e10a000-7f8a8e10b000 rw-p 0000b000 08:02 29364881                   /lib/x86_64-linux-gnu/libnss_files-2.23.so
7f8a8e10b000-7f8a8e111000 rw-p 00000000 00:00 0 
7f8a8e111000-7f8a8e11c000 r-xp 00000000 08:02 29364891                   /lib/x86_64-linux-gnu/libnss_nis-2.23.so
7f8a8e11c000-7f8a8e31b000 ---p 0000b000 08:02 29364891                   /lib/x86_64-linux-gnu/libnss_nis-2.23.so
7f8a8e31b000-7f8a8e31c000 r--p 0000a000 08:02 29364891                   /lib/x86_64-linux-gnu/libnss_nis-2.23.so
7f8a8e31c000-7f8a8e31d000 rw-p 0000b000 08:02 29364891                   /lib/x86_64-linux-gnu/libnss_nis-2.23.so
7f8a8e31d000-7f8a8e333000 r-xp 00000000 08:02 29364875                   /lib/x86_64-linux-gnu/libnsl-2.23.so
7f8a8e333000-7f8a8e532000 ---p 00016000 08:02 29364875                   /lib/x86_64-linux-gnu/libnsl-2.23.so
7f8a8e532000-7f8a8e533000 r--p 00015000 08:02 29364875                   /lib/x86_64-linux-gnu/libnsl-2.23.so
7f8a8e533000-7f8a8e534000 rw-p 00016000 08:02 29364875                   /lib/x86_64-linux-gnu/libnsl-2.23.so
7f8a8e534000-7f8a8e536000 rw-p 00000000 00:00 0 
7f8a8e536000-7f8a8e53e000 r-xp 00000000 08:02 29364877                   /lib/x86_64-linux-gnu/libnss_compat-2.23.so
7f8a8e53e000-7f8a8e73d000 ---p 00008000 08:02 29364877                   /lib/x86_64-linux-gnu/libnss_compat-2.23.so
7f8a8e73d000-7f8a8e73e000 r--p 00007000 08:02 29364877                   /lib/x86_64-linux-gnu/libnss_compat-2.23.so
7f8a8e73e000-7f8a8e73f000 rw-p 00008000 08:02 29364877                   /lib/x86_64-linux-gnu/libnss_compat-2.23.so
7f8a8e73f000-7f8a8e76c000 r-xp 00000000 08:02 59114482                   /usr/lib/jvm/java-8-openjdk-amd64/jre/lib/amd64/libjava.so
7f8a8e76c000-7f8a8e96b000 ---p 0002d000 08:02 59114482                   /usr/lib/jvm/java-8-openjdk-amd64/jre/lib/amd64/libjava.so
7f8a8e96b000-7f8a8e96c000 r--p 0002c000 08:02 59114482                   /usr/lib/jvm/java-8-openjdk-amd64/jre/lib/amd64/libjava.so
7f8a8e96c000-7f8a8e96e000 rw-p 0002d000 08:02 59114482                   /usr/lib/jvm/java-8-openjdk-amd64/jre/lib/amd64/libjava.so
7f8a8e96e000-7f8a8e97d000 r-xp 00000000 08:02 59114464                   /usr/lib/jvm/java-8-openjdk-amd64/jre/lib/amd64/libverify.so
7f8a8e97d000-7f8a8eb7c000 ---p 0000f000 08:02 59114464                   /usr/lib/jvm/java-8-openjdk-amd64/jre/lib/amd64/libverify.so
7f8a8eb7c000-7f8a8eb7e000 r--p 0000e000 08:02 59114464                   /usr/lib/jvm/java-8-openjdk-amd64/jre/lib/amd64/libverify.so
7f8a8eb7e000-7f8a8eb7f000 rw-p 00010000 08:02 59114464                   /usr/lib/jvm/java-8-openjdk-amd64/jre/lib/amd64/libverify.so
7f8a8eb7f000-7f8a8eb86000 r-xp 00000000 08:02 29364936                   /lib/x86_64-linux-gnu/librt-2.23.so
7f8a8eb86000-7f8a8ed85000 ---p 00007000 08:02 29364936                   /lib/x86_64-linux-gnu/librt-2.23.so
7f8a8ed85000-7f8a8ed86000 r--p 00006000 08:02 29364936                   /lib/x86_64-linux-gnu/librt-2.23.so
7f8a8ed86000-7f8a8ed87000 rw-p 00007000 08:02 29364936                   /lib/x86_64-linux-gnu/librt-2.23.so
7f8a8ed87000-7f8a8ed9d000 r-xp 00000000 08:02 29364820                   /lib/x86_64-linux-gnu/libgcc_s.so.1
7f8a8ed9d000-7f8a8ef9c000 ---p 00016000 08:02 29364820                   /lib/x86_64-linux-gnu/libgcc_s.so.1
7f8a8ef9c000-7f8a8ef9d000 rw-p 00015000 08:02 29364820                   /lib/x86_64-linux-gnu/libgcc_s.so.1
7f8a8ef9d000-7f8a8f0a5000 r-xp 00000000 08:02 29364852                   /lib/x86_64-linux-gnu/libm-2.23.so
7f8a8f0a5000-7f8a8f2a4000 ---p 00108000 08:02 29364852                   /lib/x86_64-linux-gnu/libm-2.23.so
7f8a8f2a4000-7f8a8f2a5000 r--p 00107000 08:02 29364852                   /lib/x86_64-linux-gnu/libm-2.23.so
7f8a8f2a5000-7f8a8f2a6000 rw-p 00108000 08:02 29364852                   /lib/x86_64-linux-gnu/libm-2.23.so
7f8a8f2a6000-7f8a8f418000 r-xp 00000000 08:02 58458300                   /usr/lib/x86_64-linux-gnu/libstdc++.so.6.0.21
7f8a8f418000-7f8a8f618000 ---p 00172000 08:02 58458300                   /usr/lib/x86_64-linux-gnu/libstdc++.so.6.0.21
7f8a8f618000-7f8a8f622000 r--p 00172000 08:02 58458300                   /usr/lib/x86_64-linux-gnu/libstdc++.so.6.0.21
7f8a8f622000-7f8a8f624000 rw-p 0017c000 08:02 58458300                   /usr/lib/x86_64-linux-gnu/libstdc++.so.6.0.21
7f8a8f624000-7f8a8f628000 rw-p 00000000 00:00 0 
7f8a8f628000-7f8a90289000 r-xp 00000000 08:02 59114458                   /usr/lib/jvm/java-8-openjdk-amd64/jre/lib/amd64/server/libjvm.so
7f8a90289000-7f8a90489000 ---p 00c61000 08:02 59114458                   /usr/lib/jvm/java-8-openjdk-amd64/jre/lib/amd64/server/libjvm.so
7f8a90489000-7f8a9051d000 r--p 00c61000 08:02 59114458                   /usr/lib/jvm/java-8-openjdk-amd64/jre/lib/amd64/server/libjvm.so
7f8a9051d000-7f8a90546000 rw-p 00cf5000 08:02 59114458                   /usr/lib/jvm/java-8-openjdk-amd64/jre/lib/amd64/server/libjvm.so
7f8a90546000-7f8a90576000 rw-p 00000000 00:00 0 
7f8a90576000-7f8a9058e000 r-xp 00000000 08:02 29364928                   /lib/x86_64-linux-gnu/libpthread-2.23.so
7f8a9058e000-7f8a9078d000 ---p 00018000 08:02 29364928                   /lib/x86_64-linux-gnu/libpthread-2.23.so
7f8a9078d000-7f8a9078e000 r--p 00017000 08:02 29364928                   /lib/x86_64-linux-gnu/libpthread-2.23.so
7f8a9078e000-7f8a9078f000 rw-p 00018000 08:02 29364928                   /lib/x86_64-linux-gnu/libpthread-2.23.so
7f8a9078f000-7f8a90793000 rw-p 00000000 00:00 0 
7f8a90793000-7f8a90796000 r-xp 00000000 08:02 29364806                   /lib/x86_64-linux-gnu/libdl-2.23.so
7f8a90796000-7f8a90995000 ---p 00003000 08:02 29364806                   /lib/x86_64-linux-gnu/libdl-2.23.so
7f8a90995000-7f8a90996000 r--p 00002000 08:02 29364806                   /lib/x86_64-linux-gnu/libdl-2.23.so
7f8a90996000-7f8a90997000 rw-p 00003000 08:02 29364806                   /lib/x86_64-linux-gnu/libdl-2.23.so
7f8a90997000-7f8a909b0000 r-xp 00000000 08:02 29364973                   /lib/x86_64-linux-gnu/libz.so.1.2.8
7f8a909b0000-7f8a90baf000 ---p 00019000 08:02 29364973                   /lib/x86_64-linux-gnu/libz.so.1.2.8
7f8a90baf000-7f8a90bb0000 r--p 00018000 08:02 29364973                   /lib/x86_64-linux-gnu/libz.so.1.2.8
7f8a90bb0000-7f8a90bb1000 rw-p 00019000 08:02 29364973                   /lib/x86_64-linux-gnu/libz.so.1.2.8
7f8a90bb1000-7f8a90d71000 r-xp 00000000 08:02 29364782                   /lib/x86_64-linux-gnu/libc-2.23.so
7f8a90d71000-7f8a90f71000 ---p 001c0000 08:02 29364782                   /lib/x86_64-linux-gnu/libc-2.23.so
7f8a90f71000-7f8a90f75000 r--p 001c0000 08:02 29364782                   /lib/x86_64-linux-gnu/libc-2.23.so
7f8a90f75000-7f8a90f77000 rw-p 001c4000 08:02 29364782                   /lib/x86_64-linux-gnu/libc-2.23.so
7f8a90f77000-7f8a90f7b000 rw-p 00000000 00:00 0 
7f8a90f7b000-7f8a90f88000 r-xp 00000000 08:02 59247190                   /usr/lib/jvm/java-8-openjdk-amd64/jre/lib/amd64/jli/libjli.so
7f8a90f88000-7f8a91188000 ---p 0000d000 08:02 59247190                   /usr/lib/jvm/java-8-openjdk-amd64/jre/lib/amd64/jli/libjli.so
7f8a91188000-7f8a91189000 r--p 0000d000 08:02 59247190                   /usr/lib/jvm/java-8-openjdk-amd64/jre/lib/amd64/jli/libjli.so
7f8a91189000-7f8a9118a000 rw-p 0000e000 08:02 59247190                   /usr/lib/jvm/java-8-openjdk-amd64/jre/lib/amd64/jli/libjli.so
7f8a9118a000-7f8a911b0000 r-xp 00000000 08:02 29364754                   /lib/x86_64-linux-gnu/ld-2.23.so
7f8a911b0000-7f8a911b2000 r--s 00001000 08:02 20317416                   /home/daniel/projects/YCSB/leveldbjnin/lib/leveldb-api-0.6.jar
7f8a911b2000-7f8a911b3000 r--s 00040000 08:02 20317418                   /home/daniel/projects/YCSB/leveldbjnin/lib/leveldbjni-linux64-1.1.jar
7f8a911b3000-7f8a911b5000 r--s 0000b000 08:02 20317417                   /home/daniel/projects/YCSB/leveldbjnin/lib/leveldbjni-1.1.jar
7f8a911b5000-7f8a911b7000 r--s 00001000 08:02 20580099                   /home/daniel/projects/YCSB/leveldbjnin/target/leveldbjnin-binding-0.16.0-SNAPSHOT.jar
7f8a911b7000-7f8a911ba000 r--s 0000f000 08:02 58983506                   /usr/lib/jvm/java-8-openjdk-amd64/jre/lib/ext/icedtea-sound.jar
7f8a911ba000-7f8a911c4000 r--s 00116000 08:02 58983505                   /usr/lib/jvm/java-8-openjdk-amd64/jre/lib/ext/localedata.jar
7f8a911c4000-7f8a9128f000 rw-p 00000000 00:00 0 
7f8a9128f000-7f8a91292000 ---p 00000000 00:00 0 
7f8a91292000-7f8a91394000 rw-p 00000000 00:00 0 
7f8a91394000-7f8a91395000 r--s 00004000 08:02 20580077                   /home/daniel/.m2/repository/org/fusesource/hawtjni/hawtjni-runtime/1.9/hawtjni-runtime-1.9.jar
7f8a91395000-7f8a91398000 r--s 00038000 08:02 58989301                   /usr/lib/jvm/java-8-openjdk-amd64/jre/lib/ext/sunpkcs11.jar
7f8a91398000-7f8a91399000 r--s 00010000 08:02 58989304                   /usr/lib/jvm/java-8-openjdk-amd64/jre/lib/ext/zipfs.jar
7f8a91399000-7f8a9139b000 r--s 00008000 08:02 58989283                   /usr/lib/jvm/java-8-openjdk-amd64/jre/lib/ext/sunec.jar
7f8a9139b000-7f8a9139d000 r--s 00001000 08:02 58989316                   /usr/lib/jvm/java-8-openjdk-amd64/jre/lib/ext/dnsns.jar
7f8a9139d000-7f8a913a3000 r--s 0003b000 08:02 58989282                   /usr/lib/jvm/java-8-openjdk-amd64/jre/lib/ext/sunjce_provider.jar
7f8a913a3000-7f8a913a4000 r--s 0000a000 08:02 58989284                   /usr/lib/jvm/java-8-openjdk-amd64/jre/lib/ext/jaccess.jar
7f8a913a4000-7f8a913ac000 rw-s 00000000 08:02 39584826                   /tmp/hsperfdata_daniel/31959
7f8a913ac000-7f8a913ad000 rw-p 00000000 00:00 0 
7f8a913ad000-7f8a913ae000 r--p 00000000 00:00 0 
7f8a913ae000-7f8a913af000 rw-p 00000000 00:00 0 
7f8a913af000-7f8a913b0000 r--p 00025000 08:02 29364754                   /lib/x86_64-linux-gnu/ld-2.23.so
7f8a913b0000-7f8a913b1000 rw-p 00026000 08:02 29364754                   /lib/x86_64-linux-gnu/ld-2.23.so
7f8a913b1000-7f8a913b2000 rw-p 00000000 00:00 0 
7ffd60ea7000-7ffd60ec9000 rw-p 00000000 00:00 0                          [stack]
7ffd60efc000-7ffd60eff000 r--p 00000000 00:00 0                          [vvar]
7ffd60eff000-7ffd60f01000 r-xp 00000000 00:00 0                          [vdso]
ffffffffff600000-ffffffffff601000 r-xp 00000000 00:00 0                  [vsyscall]

VM Arguments:
java_command: com.yahoo.ycsb.Client -db com.yahoo.ycsb.db.LevelDbJniClientN -P workloads/workloada -t
java_class_path (initial): /home/daniel/projects/YCSB/leveldbjnin/conf:/home/daniel/projects/YCSB/leveldbjnin/target/leveldbjnin-binding-0.16.0-SNAPSHOT.jar:/home/daniel/.m2/repository/org/apache/htrace/htrace-core4/4.1.0-incubating/htrace-core4-4.1.0-incubating.jar:/home/daniel/projects/YCSB/leveldbjnin/lib/leveldbjni-1.1.jar:/home/daniel/.m2/repository/org/fusesource/hawtjni/hawtjni-runtime/1.9/hawtjni-runtime-1.9.jar:/home/daniel/projects/YCSB/leveldbjnin/lib/leveldbjni-linux64-1.1.jar:/home/daniel/projects/YCSB/core/target/core-0.16.0-SNAPSHOT.jar:/home/daniel/.m2/repository/org/hdrhistogram/HdrHistogram/2.1.4/HdrHistogram-2.1.4.jar:/home/daniel/.m2/repository/org/codehaus/jackson/jackson-mapper-asl/1.9.4/jackson-mapper-asl-1.9.4.jar:/home/daniel/projects/YCSB/leveldbjnin/lib/leveldb-api-0.6.jar:/home/daniel/.m2/repository/org/codehaus/jackson/jackson-core-asl/1.9.4/jackson-core-asl-1.9.4.jar
Launcher Type: SUN_STANDARD

Environment Variables:
PATH=/home/daniel/bin:/home/daniel/.local/bin:/usr/local/sbin:/usr/local/bin:/usr/sbin:/usr/bin:/sbin:/bin:/usr/games:/usr/local/games:/snap/bin
SHELL=/bin/bash
DISPLAY=:0

Signal Handlers:
SIGSEGV: [libjvm.so+0xa74e00], sa_mask[0]=11111111011111111101111111111110, sa_flags=SA_RESTART|SA_SIGINFO
SIGBUS: [libjvm.so+0xa74e00], sa_mask[0]=11111111011111111101111111111110, sa_flags=SA_RESTART|SA_SIGINFO
SIGFPE: [libjvm.so+0x8bbe10], sa_mask[0]=11111111011111111101111111111110, sa_flags=SA_RESTART|SA_SIGINFO
SIGPIPE: [libjvm.so+0x8bbe10], sa_mask[0]=11111111011111111101111111111110, sa_flags=SA_RESTART|SA_SIGINFO
SIGXFSZ: [libjvm.so+0x8bbe10], sa_mask[0]=11111111011111111101111111111110, sa_flags=SA_RESTART|SA_SIGINFO
SIGILL: [libjvm.so+0x8bbe10], sa_mask[0]=11111111011111111101111111111110, sa_flags=SA_RESTART|SA_SIGINFO
SIGUSR1: SIG_DFL, sa_mask[0]=00000000000000000000000000000000, sa_flags=none
SIGUSR2: [libjvm.so+0x8bbcc0], sa_mask[0]=00000000000000000000000000000000, sa_flags=SA_RESTART|SA_SIGINFO
SIGHUP: [libjvm.so+0x8bc350], sa_mask[0]=11111111011111111101111111111110, sa_flags=SA_RESTART|SA_SIGINFO
SIGINT: [libjvm.so+0x8bc350], sa_mask[0]=11111111011111111101111111111110, sa_flags=SA_RESTART|SA_SIGINFO
SIGTERM: [libjvm.so+0x8bc350], sa_mask[0]=11111111011111111101111111111110, sa_flags=SA_RESTART|SA_SIGINFO
SIGQUIT: [libjvm.so+0x8bc350], sa_mask[0]=11111111011111111101111111111110, sa_flags=SA_RESTART|SA_SIGINFO


---------------  S Y S T E M  ---------------

OS:DISTRIB_ID=Ubuntu
DISTRIB_RELEASE=16.04
DISTRIB_CODENAME=xenial
DISTRIB_DESCRIPTION="Ubuntu 16.04.5 LTS"

uname:Linux 4.15.0-43-generic #46~16.04.1-Ubuntu SMP Fri Dec 7 13:31:08 UTC 2018 x86_64
libc:glibc 2.23 NPTL 2.23 
rlimit: STACK 8192k, CORE 0k, NPROC 30941, NOFILE 1048576, AS infinity
load average:0.91 0.83 1.03

/proc/meminfo:
MemTotal:        8057236 kB
MemFree:          624028 kB
MemAvailable:    2264380 kB
Buffers:           92896 kB
Cached:          2363056 kB
SwapCached:         3392 kB
Active:          4964656 kB
Inactive:        2136052 kB
Active(anon):    4284312 kB
Inactive(anon):   999168 kB
Active(file):     680344 kB
Inactive(file):  1136884 kB
Unevictable:          80 kB
Mlocked:              80 kB
SwapTotal:       1000444 kB
SwapFree:         760316 kB
Dirty:             59324 kB
Writeback:            32 kB
AnonPages:       4643076 kB
Mapped:           571288 kB
Shmem:            652272 kB
Slab:             168988 kB
SReclaimable:      95016 kB
SUnreclaim:        73972 kB
KernelStack:       15952 kB
PageTables:        79836 kB
NFS_Unstable:          0 kB
Bounce:                0 kB
WritebackTmp:          0 kB
CommitLimit:     5029060 kB
Committed_AS:   14245868 kB
VmallocTotal:   34359738367 kB
VmallocUsed:           0 kB
VmallocChunk:          0 kB
HardwareCorrupted:     0 kB
AnonHugePages:         0 kB
ShmemHugePages:        0 kB
ShmemPmdMapped:        0 kB
CmaTotal:              0 kB
CmaFree:               0 kB
HugePages_Total:       0
HugePages_Free:        0
HugePages_Rsvd:        0
HugePages_Surp:        0
Hugepagesize:       2048 kB
DirectMap4k:      429676 kB
DirectMap2M:     7849984 kB
DirectMap1G:           0 kB

container (cgroup) information:
container_type: cgroupv1
cpu_cpuset_cpus: 0-3
cpu_memory_nodes: 0
active_processor_count: 4
cpu_quota: -1
cpu_period: 100000
cpu_shares: -1
memory_limit_in_bytes: -1
memory_and_swap_limit_in_bytes: -2
memory_soft_limit_in_bytes: -1
memory_usage_in_bytes: 7270436864
memory_max_usage_in_bytes: 35209216


CPU:total 4 (initial active 4) (4 cores per cpu, 1 threads per core) family 6 model 158 stepping 9, cmov, cx8, fxsr, mmx, sse, sse2, sse3, ssse3, sse4.1, sse4.2, popcnt, avx, avx2, aes, clmul, erms, rtm, 3dnowpref, lzcnt, tsc, tscinvbit, bmi1, bmi2, adx

/proc/cpuinfo:
processor	: 0
vendor_id	: GenuineIntel
cpu family	: 6
model		: 158
model name	: Intel(R) Core(TM) i5-7500 CPU @ 3.40GHz
stepping	: 9
microcode	: 0x8e
cpu MHz		: 3600.052
cache size	: 6144 KB
physical id	: 0
siblings	: 4
core id		: 0
cpu cores	: 4
apicid		: 0
initial apicid	: 0
fpu		: yes
fpu_exception	: yes
cpuid level	: 22
wp		: yes
flags		: fpu vme de pse tsc msr pae mce cx8 apic sep mtrr pge mca cmov pat pse36 clflush dts acpi mmx fxsr sse sse2 ss ht tm pbe syscall nx pdpe1gb rdtscp lm constant_tsc art arch_perfmon pebs bts rep_good nopl xtopology nonstop_tsc cpuid aperfmperf tsc_known_freq pni pclmulqdq dtes64 monitor ds_cpl vmx smx est tm2 ssse3 sdbg fma cx16 xtpr pdcm pcid sse4_1 sse4_2 x2apic movbe popcnt tsc_deadline_timer aes xsave avx f16c rdrand lahf_lm abm 3dnowprefetch cpuid_fault invpcid_single pti ssbd ibrs ibpb stibp tpr_shadow vnmi flexpriority ept vpid fsgsbase tsc_adjust bmi1 hle avx2 smep bmi2 erms invpcid rtm mpx rdseed adx smap clflushopt intel_pt xsaveopt xsavec xgetbv1 xsaves dtherm ida arat pln pts hwp hwp_notify hwp_act_window hwp_epp flush_l1d
bugs		: cpu_meltdown spectre_v1 spectre_v2 spec_store_bypass l1tf
bogomips	: 6816.00
clflush size	: 64
cache_alignment	: 64
address sizes	: 39 bits physical, 48 bits virtual
power management:

processor	: 1
vendor_id	: GenuineIntel
cpu family	: 6
model		: 158
model name	: Intel(R) Core(TM) i5-7500 CPU @ 3.40GHz
stepping	: 9
microcode	: 0x8e
cpu MHz		: 3600.080
cache size	: 6144 KB
physical id	: 0
siblings	: 4
core id		: 1
cpu cores	: 4
apicid		: 2
initial apicid	: 2
fpu		: yes
fpu_exception	: yes
cpuid level	: 22
wp		: yes
flags		: fpu vme de pse tsc msr pae mce cx8 apic sep mtrr pge mca cmov pat pse36 clflush dts acpi mmx fxsr sse sse2 ss ht tm pbe syscall nx pdpe1gb rdtscp lm constant_tsc art arch_perfmon pebs bts rep_good nopl xtopology nonstop_tsc cpuid aperfmperf tsc_known_freq pni pclmulqdq dtes64 monitor ds_cpl vmx smx est tm2 ssse3 sdbg fma cx16 xtpr pdcm pcid sse4_1 sse4_2 x2apic movbe popcnt tsc_deadline_timer aes xsave avx f16c rdrand lahf_lm abm 3dnowprefetch cpuid_fault invpcid_single pti ssbd ibrs ibpb stibp tpr_shadow vnmi flexpriority ept vpid fsgsbase tsc_adjust bmi1 hle avx2 smep bmi2 erms invpcid rtm mpx rdseed adx smap clflushopt intel_pt xsaveopt xsavec xgetbv1 xsaves dtherm ida arat pln pts hwp hwp_notify hwp_act_window hwp_epp flush_l1d
bugs		: cpu_meltdown spectre_v1 spectre_v2 spec_store_bypass l1tf
bogomips	: 6816.00
clflush size	: 64
cache_alignment	: 64
address sizes	: 39 bits physical, 48 bits virtual
power management:

processor	: 2
vendor_id	: GenuineIntel
cpu family	: 6
model		: 158
model name	: Intel(R) Core(TM) i5-7500 CPU @ 3.40GHz
stepping	: 9
microcode	: 0x8e
cpu MHz		: 3600.212
cache size	: 6144 KB
physical id	: 0
siblings	: 4
core id		: 2
cpu cores	: 4
apicid		: 4
initial apicid	: 4
fpu		: yes
fpu_exception	: yes
cpuid level	: 22
wp		: yes
flags		: fpu vme de pse tsc msr pae mce cx8 apic sep mtrr pge mca cmov pat pse36 clflush dts acpi mmx fxsr sse sse2 ss ht tm pbe syscall nx pdpe1gb rdtscp lm constant_tsc art arch_perfmon pebs bts rep_good nopl xtopology nonstop_tsc cpuid aperfmperf tsc_known_freq pni pclmulqdq dtes64 monitor ds_cpl vmx smx est tm2 ssse3 sdbg fma cx16 xtpr pdcm pcid sse4_1 sse4_2 x2apic movbe popcnt tsc_deadline_timer aes xsave avx f16c rdrand lahf_lm abm 3dnowprefetch cpuid_fault invpcid_single pti ssbd ibrs ibpb stibp tpr_shadow vnmi flexpriority ept vpid fsgsbase tsc_adjust bmi1 hle avx2 smep bmi2 erms invpcid rtm mpx rdseed adx smap clflushopt intel_pt xsaveopt xsavec xgetbv1 xsaves dtherm ida arat pln pts hwp hwp_notify hwp_act_window hwp_epp flush_l1d
bugs		: cpu_meltdown spectre_v1 spectre_v2 spec_store_bypass l1tf
bogomips	: 6816.00
clflush size	: 64
cache_alignment	: 64
address sizes	: 39 bits physical, 48 bits virtual
power management:

processor	: 3
vendor_id	: GenuineIntel
cpu family	: 6
model		: 158
model name	: Intel(R) Core(TM) i5-7500 CPU @ 3.40GHz
stepping	: 9
microcode	: 0x8e
cpu MHz		: 3600.040
cache size	: 6144 KB
physical id	: 0
siblings	: 4
core id		: 3
cpu cores	: 4
apicid		: 6
initial apicid	: 6
fpu		: yes
fpu_exception	: yes
cpuid level	: 22
wp		: yes
flags		: fpu vme de pse tsc msr pae mce cx8 apic sep mtrr pge mca cmov pat pse36 clflush dts acpi mmx fxsr sse sse2 ss ht tm pbe syscall nx pdpe1gb rdtscp lm constant_tsc art arch_perfmon pebs bts rep_good nopl xtopology nonstop_tsc cpuid aperfmperf tsc_known_freq pni pclmulqdq dtes64 monitor ds_cpl vmx smx est tm2 ssse3 sdbg fma cx16 xtpr pdcm pcid sse4_1 sse4_2 x2apic movbe popcnt tsc_deadline_timer aes xsave avx f16c rdrand lahf_lm abm 3dnowprefetch cpuid_fault invpcid_single pti ssbd ibrs ibpb stibp tpr_shadow vnmi flexpriority ept vpid fsgsbase tsc_adjust bmi1 hle avx2 smep bmi2 erms invpcid rtm mpx rdseed adx smap clflushopt intel_pt xsaveopt xsavec xgetbv1 xsaves dtherm ida arat pln pts hwp hwp_notify hwp_act_window hwp_epp flush_l1d
bugs		: cpu_meltdown spectre_v1 spectre_v2 spec_store_bypass l1tf
bogomips	: 6816.00
clflush size	: 64
cache_alignment	: 64
address sizes	: 39 bits physical, 48 bits virtual
power management:



Memory: 4k page, physical 8057236k(623656k free), swap 1000444k(760316k free)

vm_info: OpenJDK 64-Bit Server VM (25.191-b12) for linux-amd64 JRE (1.8.0_191-8u191-b12-0ubuntu0.16.04.1-b12), built on Nov 20 2018 15:24:40 by "buildd" with gcc 5.4.0 20160609

time: Fri Jan 18 14:12:42 2019
elapsed time: 0 seconds (0d 0h 0m 0s)

