#
# A fatal error has been detected by the Java Runtime Environment:
#
#  SIGSEGV (0xb) at pc=0x00007fa2bcda0783, pid=28992, tid=0x00007fa2c4422700
#
# JRE version: OpenJDK Runtime Environment (8.0_191-b12) (build 1.8.0_191-8u191-b12-0ubuntu0.16.04.1-b12)
# Java VM: OpenJDK 64-Bit Server VM (25.191-b12 mixed mode linux-amd64 compressed oops)
# Problematic frame:
# C  [libClient.so+0x4b783]  Java_com_yahoo_ycsb_db_LevelDbJniClientN_cinsert+0xd9
#
# Failed to write core dump. Core dumps have been disabled. To enable core dumping, try "ulimit -c unlimited" before starting Java again
#
# If you would like to submit a bug report, please visit:
#   http://bugreport.java.com/bugreport/crash.jsp
# The crash happened outside the Java Virtual Machine in native code.
# See problematic frame for where to report the bug.
#

---------------  T H R E A D  ---------------

Current thread (0x00007fa2dc235000):  JavaThread "Thread-2" [_thread_in_native, id=29021, stack(0x00007fa2c4322000,0x00007fa2c4423000)]

siginfo: si_signo: 11 (SIGSEGV), si_code: 1 (SEGV_MAPERR), si_addr: 0x0000000000000000

Registers:
RAX=0x0000000000000000, RBX=0x00007fa2c6d35c28, RCX=0x00007fa28000e085, RDX=0x00007fa28000e2e0
RSP=0x00007fa2c4421650, RBP=0x00007fa2c4421710, RSI=0x00007fa28000e040, RDI=0x00007fa2c44216a0
R8 =0x00007fa28000e2e0, R9 =0x00007fa28000e085, R10=0x00007fa28000e2e0, R11=0x0000000000000020
R12=0x0000000000000000, R13=0x00007fa2c6d35c28, R14=0x00007fa2c44217b0, R15=0x00007fa2dc235000
RIP=0x00007fa2bcda0783, EFLAGS=0x0000000000010202, CSGSFS=0x002b000000000033, ERR=0x0000000000000004
  TRAPNO=0x000000000000000e

Top of Stack: (sp=0x00007fa2c4421650)
0x00007fa2c4421650:   00007fa2c44217a0 00007fa2c44217a8
0x00007fa2c4421660:   00007fa2c44217b0 00007fa2dc2351e0
0x00007fa2c4421670:   00007fa2c4421700 00007fa2e108026a
0x00007fa2c4421680:   00007fa2dc235000 00007fa2dc235000
0x00007fa2c4421690:   00007fa2c44216b0 00007fa2e12766a9
0x00007fa2c44216a0:   00007fa2dc235000 00007fa2c6d35c28
0x00007fa2c44216b0:   00007fa28000cd70 0000000000000017
0x00007fa2c44216c0:   0000000000000017 00007fa2dc235000
0x00007fa2c44216d0:   00007fa28000e2e0 0000000000000465
0x00007fa2c44216e0:   0000000000000465 00007fa2c6d35c28
0x00007fa2c44216f0:   0000000000000000 e9b4c66203791a00
0x00007fa2c4421700:   00007fa2c4421780 00007fa2c6d35c28
0x00007fa2c4421710:   00007fa2c4421780 00007fa2cbf87407
0x00007fa2c4421720:   00007fa2c4421780 00007fa2cbf87159
0x00007fa2c4421730:   fffffffe00000000 00007fa2cbf87122
0x00007fa2c4421740:   00007fa2c4421740 00007fa2c6d35c28
0x00007fa2c4421750:   00007fa2c44217b0 00007fa2c6d36370
0x00007fa2c4421760:   0000000000000000 00007fa2c6d35c28
0x00007fa2c4421770:   0000000000000000 00007fa2c44217a0
0x00007fa2c4421780:   00007fa2c44217f8 00007fa2cbf76ffd
0x00007fa2c4421790:   0000000000000000 00007fa2cbf80a58
0x00007fa2c44217a0:   00000000d74c4cf0 00000000d74c08e0
0x00007fa2c44217b0:   00000000d7307440 00007fa2c44217b8
0x00007fa2c44217c0:   00007fa2c6d35cd8 00007fa2c4421830
0x00007fa2c44217d0:   00007fa2c6d36370 0000000000000000
0x00007fa2c44217e0:   00007fa2c6d35d78 00007fa2c44217a0
0x00007fa2c44217f0:   00007fa2c4421818 00007fa2c4421878
0x00007fa2c4421800:   00007fa2cbf76d80 00000000d74c4cf0
0x00007fa2c4421810:   00000000d74c3030 00000000d74c0938
0x00007fa2c4421820:   00000000d74c08e0 00000000d71a0208
0x00007fa2c4421830:   00000000d7307440 00007fa2c4421838
0x00007fa2c4421840:   00007fa2c6d347ed 00007fa2c4421908 

Instructions: (pc=0x00007fa2bcda0783)
0x00007fa2bcda0763:   89 ce 48 89 c7 e8 43 d8 ff ff 48 8d 45 90 48 89
0x00007fa2bcda0773:   c7 e8 97 c7 ff ff 48 8b 05 78 a8 25 00 48 8b 00
0x00007fa2bcda0783:   48 8b 00 48 83 c0 10 48 8b 18 48 8d 55 c0 48 8d
0x00007fa2bcda0793:   45 90 48 89 d6 48 89 c7 e8 40 f8 ff ff 48 8d 55 

Register to memory mapping:

RAX=0x0000000000000000 is an unknown value
RBX={method} {0x00007fa2c6d35c28} 'cinsert' '(Ljava/lang/String;Ljava/lang/String;)V' in 'com/yahoo/ycsb/db/LevelDbJniClientN'
RCX=0x00007fa28000e085 is an unknown value
RDX=0x00007fa28000e2e0 is an unknown value
RSP=0x00007fa2c4421650 is pointing into the stack for thread: 0x00007fa2dc235000
RBP=0x00007fa2c4421710 is pointing into the stack for thread: 0x00007fa2dc235000
RSI=0x00007fa28000e040 is an unknown value
RDI=0x00007fa2c44216a0 is pointing into the stack for thread: 0x00007fa2dc235000
R8 =0x00007fa28000e2e0 is an unknown value
R9 =0x00007fa28000e085 is an unknown value
R10=0x00007fa28000e2e0 is an unknown value
R11=0x0000000000000020 is an unknown value
R12=0x0000000000000000 is an unknown value
R13={method} {0x00007fa2c6d35c28} 'cinsert' '(Ljava/lang/String;Ljava/lang/String;)V' in 'com/yahoo/ycsb/db/LevelDbJniClientN'
R14=0x00007fa2c44217b0 is pointing into the stack for thread: 0x00007fa2dc235000
R15=0x00007fa2dc235000 is a thread


Stack: [0x00007fa2c4322000,0x00007fa2c4423000],  sp=0x00007fa2c4421650,  free space=1021k
Native frames: (J=compiled Java code, j=interpreted, Vv=VM code, C=native code)
C  [libClient.so+0x4b783]  Java_com_yahoo_ycsb_db_LevelDbJniClientN_cinsert+0xd9
j  com.yahoo.ycsb.db.LevelDbJniClientN.cinsert(Ljava/lang/String;Ljava/lang/String;)V+0
j  com.yahoo.ycsb.db.LevelDbJniClientN.insert(Ljava/lang/String;Ljava/lang/String;Ljava/util/Map;)Lcom/yahoo/ycsb/Status;+24
j  com.yahoo.ycsb.DBWrapper.insert(Ljava/lang/String;Ljava/lang/String;Ljava/util/Map;)Lcom/yahoo/ycsb/Status;+37
j  com.yahoo.ycsb.workloads.CoreWorkload.doInsert(Lcom/yahoo/ycsb/DB;Ljava/lang/Object;)Z+42
j  com.yahoo.ycsb.ClientThread.run()V+226
j  java.lang.Thread.run()V+11
v  ~StubRoutines::call_stub
V  [libjvm.so+0x66701b]
V  [libjvm.so+0x6645f4]
V  [libjvm.so+0x664bd7]
V  [libjvm.so+0x6a7eb4]
V  [libjvm.so+0xa18917]
V  [libjvm.so+0xa18ddc]
V  [libjvm.so+0x8be122]
C  [libpthread.so.0+0x76ba]  start_thread+0xca

Java frames: (J=compiled Java code, j=interpreted, Vv=VM code)
j  com.yahoo.ycsb.db.LevelDbJniClientN.cinsert(Ljava/lang/String;Ljava/lang/String;)V+0
j  com.yahoo.ycsb.db.LevelDbJniClientN.insert(Ljava/lang/String;Ljava/lang/String;Ljava/util/Map;)Lcom/yahoo/ycsb/Status;+24
j  com.yahoo.ycsb.DBWrapper.insert(Ljava/lang/String;Ljava/lang/String;Ljava/util/Map;)Lcom/yahoo/ycsb/Status;+37
j  com.yahoo.ycsb.workloads.CoreWorkload.doInsert(Lcom/yahoo/ycsb/DB;Ljava/lang/Object;)Z+42
j  com.yahoo.ycsb.ClientThread.run()V+226
j  java.lang.Thread.run()V+11
v  ~StubRoutines::call_stub

---------------  P R O C E S S  ---------------

Java Threads: ( => current thread )
=>0x00007fa2dc235000 JavaThread "Thread-2" [_thread_in_native, id=29021, stack(0x00007fa2c4322000,0x00007fa2c4423000)]
  0x00007fa2dc0c0800 JavaThread "Service Thread" daemon [_thread_blocked, id=29014, stack(0x00007fa2c4574000,0x00007fa2c4675000)]
  0x00007fa2dc0bd000 JavaThread "C1 CompilerThread2" daemon [_thread_blocked, id=29013, stack(0x00007fa2c4675000,0x00007fa2c4776000)]
  0x00007fa2dc0bb800 JavaThread "C2 CompilerThread1" daemon [_thread_blocked, id=29012, stack(0x00007fa2c4776000,0x00007fa2c4877000)]
  0x00007fa2dc0b8800 JavaThread "C2 CompilerThread0" daemon [_thread_blocked, id=29011, stack(0x00007fa2c4877000,0x00007fa2c4978000)]
  0x00007fa2dc0b7000 JavaThread "Signal Dispatcher" daemon [_thread_blocked, id=29010, stack(0x00007fa2c4978000,0x00007fa2c4a79000)]
  0x00007fa2dc085000 JavaThread "Finalizer" daemon [_thread_blocked, id=29007, stack(0x00007fa2c5438000,0x00007fa2c5539000)]
  0x00007fa2dc082000 JavaThread "Reference Handler" daemon [_thread_blocked, id=29005, stack(0x00007fa2c5539000,0x00007fa2c563a000)]
  0x00007fa2dc00b000 JavaThread "main" [_thread_blocked, id=28993, stack(0x00007fa2e2687000,0x00007fa2e2788000)]

Other Threads:
  0x00007fa2dc078800 VMThread [stack: 0x00007fa2c563a000,0x00007fa2c573b000] [id=29002]
  0x00007fa2dc0c3000 WatcherThread [stack: 0x00007fa2c4473000,0x00007fa2c4574000] [id=29015]

VM state:not at safepoint (normal execution)

VM Mutex/Monitor currently owned by a thread: None

Heap:
 PSYoungGen      total 36864K, used 5468K [0x00000000d7000000, 0x00000000d9900000, 0x0000000100000000)
  eden space 31744K, 17% used [0x00000000d7000000,0x00000000d7557388,0x00000000d8f00000)
  from space 5120K, 0% used [0x00000000d9400000,0x00000000d9400000,0x00000000d9900000)
  to   space 5120K, 0% used [0x00000000d8f00000,0x00000000d8f00000,0x00000000d9400000)
 ParOldGen       total 84992K, used 0K [0x0000000085000000, 0x000000008a300000, 0x00000000d7000000)
  object space 84992K, 0% used [0x0000000085000000,0x0000000085000000,0x000000008a300000)
 Metaspace       used 4030K, capacity 4928K, committed 5120K, reserved 1056768K
  class space    used 440K, capacity 498K, committed 512K, reserved 1048576K

Card table byte_map: [0x00007fa2cb7d6000,0x00007fa2cbbaf000] byte_map_base: 0x00007fa2cb3ae000

Marking Bits: (ParMarkBitMap*) 0x00007fa2e1951520
 Begin Bits: [0x00007fa2c74c3000, 0x00007fa2c9383000)
 End Bits:   [0x00007fa2c9383000, 0x00007fa2cb243000)

Polling page: 0x00007fa2e27a5000

CodeCache: size=245760Kb used=1326Kb max_used=1326Kb free=244433Kb
 bounds [0x00007fa2cbf6f000, 0x00007fa2cc1df000, 0x00007fa2daf6f000]
 total_blobs=382 nmethods=132 adapters=165
 compilation: enabled

Compilation events (10 events):
Event: 0.165 Thread 0x00007fa2dc0bd000  128       3       sun.reflect.ClassFileAssembler::emitByte (11 bytes)
Event: 0.165 Thread 0x00007fa2dc0bd000 nmethod 128 0x00007fa2cc0b97d0 code [0x00007fa2cc0b9940, 0x00007fa2cc0b9b08]
Event: 0.165 Thread 0x00007fa2dc0bd000  129       3       sun.reflect.ByteVectorImpl::add (38 bytes)
Event: 0.165 Thread 0x00007fa2dc0bd000 nmethod 129 0x00007fa2cc0b9c10 code [0x00007fa2cc0b9d80, 0x00007fa2cc0b9fa8]
Event: 0.166 Thread 0x00007fa2dc0bd000  130       1       java.lang.Class::getClassLoader0 (5 bytes)
Event: 0.166 Thread 0x00007fa2dc0bd000 nmethod 130 0x00007fa2cc0ba0d0 code [0x00007fa2cc0ba220, 0x00007fa2cc0ba330]
Event: 0.167 Thread 0x00007fa2dc0bd000  131       3       sun.reflect.ClassFileAssembler::emitShort (24 bytes)
Event: 0.167 Thread 0x00007fa2dc0bd000 nmethod 131 0x00007fa2cc0ba390 code [0x00007fa2cc0ba520, 0x00007fa2cc0ba838]
Event: 0.167 Thread 0x00007fa2dc0bd000  132       3       sun.reflect.ClassFileAssembler::cpi (22 bytes)
Event: 0.167 Thread 0x00007fa2dc0bd000 nmethod 132 0x00007fa2cc0baa10 code [0x00007fa2cc0bab80, 0x00007fa2cc0badc8]

GC Heap History (0 events):
No events

Deoptimization events (0 events):
No events

Classes redefined (0 events):
No events

Internal exceptions (10 events):
Event: 0.086 Thread 0x00007fa2dc00b000 Exception <a 'java/security/PrivilegedActionException'> (0x00000000d705f9b8) thrown at [/build/openjdk-8-yxDDQ4/openjdk-8-8u191-b12/src/hotspot/src/share/vm/prims/jvm.cpp, line 1435]
Event: 0.086 Thread 0x00007fa2dc00b000 Exception <a 'java/security/PrivilegedActionException'> (0x00000000d705fbc8) thrown at [/build/openjdk-8-yxDDQ4/openjdk-8-8u191-b12/src/hotspot/src/share/vm/prims/jvm.cpp, line 1435]
Event: 0.104 Thread 0x00007fa2dc00b000 Exception <a 'java/security/PrivilegedActionException'> (0x00000000d7180810) thrown at [/build/openjdk-8-yxDDQ4/openjdk-8-8u191-b12/src/hotspot/src/share/vm/prims/jvm.cpp, line 1435]
Event: 0.104 Thread 0x00007fa2dc00b000 Exception <a 'java/security/PrivilegedActionException'> (0x00000000d7180a20) thrown at [/build/openjdk-8-yxDDQ4/openjdk-8-8u191-b12/src/hotspot/src/share/vm/prims/jvm.cpp, line 1435]
Event: 0.104 Thread 0x00007fa2dc00b000 Exception <a 'java/security/PrivilegedActionException'> (0x00000000d7182aa8) thrown at [/build/openjdk-8-yxDDQ4/openjdk-8-8u191-b12/src/hotspot/src/share/vm/prims/jvm.cpp, line 1435]
Event: 0.104 Thread 0x00007fa2dc00b000 Exception <a 'java/security/PrivilegedActionException'> (0x00000000d7182cb8) thrown at [/build/openjdk-8-yxDDQ4/openjdk-8-8u191-b12/src/hotspot/src/share/vm/prims/jvm.cpp, line 1435]
Event: 0.104 Thread 0x00007fa2dc00b000 Exception <a 'java/security/PrivilegedActionException'> (0x00000000d7183790) thrown at [/build/openjdk-8-yxDDQ4/openjdk-8-8u191-b12/src/hotspot/src/share/vm/prims/jvm.cpp, line 1435]
Event: 0.104 Thread 0x00007fa2dc00b000 Exception <a 'java/security/PrivilegedActionException'> (0x00000000d71839a0) thrown at [/build/openjdk-8-yxDDQ4/openjdk-8-8u191-b12/src/hotspot/src/share/vm/prims/jvm.cpp, line 1435]
Event: 0.133 Thread 0x00007fa2dc00b000 Exception <a 'java/lang/NoClassDefFoundError': org/apache/log4j/Category> (0x00000000d727e100) thrown at [/build/openjdk-8-yxDDQ4/openjdk-8-8u191-b12/src/hotspot/src/share/vm/classfile/systemDictionary.cpp, line 199]
Event: 0.151 Thread 0x00007fa2dc1b8000 Exception <a 'java/lang/InterruptedException': sleep interrupted> (0x00000000d7419c58) thrown at [/build/openjdk-8-yxDDQ4/openjdk-8-8u191-b12/src/hotspot/src/share/vm/prims/jvm.cpp, line 3273]

Events (10 events):
Event: 0.166 loading class java/lang/CloneNotSupportedException
Event: 0.166 loading class java/lang/CloneNotSupportedException done
Event: 0.166 loading class java/io/ObjectStreamClass$FieldReflectorKey
Event: 0.166 loading class java/io/ObjectStreamClass$FieldReflectorKey done
Event: 0.166 loading class java/io/ObjectStreamClass$FieldReflector
Event: 0.166 loading class java/io/ObjectStreamClass$FieldReflector done
Event: 0.166 loading class java/io/ObjectStreamClass$ClassDataSlot
Event: 0.166 loading class java/io/ObjectStreamClass$ClassDataSlot done
Event: 0.166 loading class java/io/SerialCallbackContext
Event: 0.166 loading class java/io/SerialCallbackContext done


Dynamic libraries:
00400000-00401000 r-xp 00000000 08:02 58724940                           /usr/lib/jvm/java-8-openjdk-amd64/jre/bin/java
00600000-00601000 r--p 00000000 08:02 58724940                           /usr/lib/jvm/java-8-openjdk-amd64/jre/bin/java
00601000-00602000 rw-p 00001000 08:02 58724940                           /usr/lib/jvm/java-8-openjdk-amd64/jre/bin/java
01c27000-01c48000 rw-p 00000000 00:00 0                                  [heap]
85000000-8a300000 rw-p 00000000 00:00 0 
8a300000-d7000000 ---p 00000000 00:00 0 
d7000000-d9900000 rw-p 00000000 00:00 0 
d9900000-100000000 ---p 00000000 00:00 0 
100000000-100080000 rw-p 00000000 00:00 0 
100080000-140000000 ---p 00000000 00:00 0 
7fa280000000-7fa280023000 rw-p 00000000 00:00 0 
7fa280023000-7fa284000000 ---p 00000000 00:00 0 
7fa288000000-7fa288021000 rw-p 00000000 00:00 0 
7fa288021000-7fa28c000000 ---p 00000000 00:00 0 
7fa28c000000-7fa28c021000 rw-p 00000000 00:00 0 
7fa28c021000-7fa290000000 ---p 00000000 00:00 0 
7fa290000000-7fa290021000 rw-p 00000000 00:00 0 
7fa290021000-7fa294000000 ---p 00000000 00:00 0 
7fa294000000-7fa294128000 rw-p 00000000 00:00 0 
7fa294128000-7fa298000000 ---p 00000000 00:00 0 
7fa298000000-7fa298021000 rw-p 00000000 00:00 0 
7fa298021000-7fa29c000000 ---p 00000000 00:00 0 
7fa29c000000-7fa29c079000 rw-p 00000000 00:00 0 
7fa29c079000-7fa2a0000000 ---p 00000000 00:00 0 
7fa2a0000000-7fa2a0021000 rw-p 00000000 00:00 0 
7fa2a0021000-7fa2a4000000 ---p 00000000 00:00 0 
7fa2a4000000-7fa2a4021000 rw-p 00000000 00:00 0 
7fa2a4021000-7fa2a8000000 ---p 00000000 00:00 0 
7fa2a8000000-7fa2a8021000 rw-p 00000000 00:00 0 
7fa2a8021000-7fa2ac000000 ---p 00000000 00:00 0 
7fa2ac000000-7fa2ac021000 rw-p 00000000 00:00 0 
7fa2ac021000-7fa2b0000000 ---p 00000000 00:00 0 
7fa2b0000000-7fa2b0021000 rw-p 00000000 00:00 0 
7fa2b0021000-7fa2b4000000 ---p 00000000 00:00 0 
7fa2b8000000-7fa2b8021000 rw-p 00000000 00:00 0 
7fa2b8021000-7fa2bc000000 ---p 00000000 00:00 0 
7fa2bcd55000-7fa2bcdfa000 r-xp 00000000 08:02 58468709                   /usr/lib/libClient.so
7fa2bcdfa000-7fa2bcff9000 ---p 000a5000 08:02 58468709                   /usr/lib/libClient.so
7fa2bcff9000-7fa2bcffb000 r--p 000a4000 08:02 58468709                   /usr/lib/libClient.so
7fa2bcffb000-7fa2bcfff000 rw-p 000a6000 08:02 58468709                   /usr/lib/libClient.so
7fa2bcfff000-7fa2c0000000 rw-p 00000000 00:00 0 
7fa2c0000000-7fa2c0021000 rw-p 00000000 00:00 0 
7fa2c0021000-7fa2c4000000 ---p 00000000 00:00 0 
7fa2c40d0000-7fa2c40d7000 r--s 00000000 08:02 58723059                   /usr/lib/x86_64-linux-gnu/gconv/gconv-modules.cache
7fa2c40d7000-7fa2c40f8000 r--p 00000000 08:02 60426984                   /usr/share/locale-langpack/zh_CN/LC_MESSAGES/libc.mo
7fa2c40f8000-7fa2c410f000 r-xp 00000000 08:02 59114481                   /usr/lib/jvm/java-8-openjdk-amd64/jre/lib/amd64/libnet.so
7fa2c410f000-7fa2c430e000 ---p 00017000 08:02 59114481                   /usr/lib/jvm/java-8-openjdk-amd64/jre/lib/amd64/libnet.so
7fa2c430e000-7fa2c430f000 r--p 00016000 08:02 59114481                   /usr/lib/jvm/java-8-openjdk-amd64/jre/lib/amd64/libnet.so
7fa2c430f000-7fa2c4310000 rw-p 00017000 08:02 59114481                   /usr/lib/jvm/java-8-openjdk-amd64/jre/lib/amd64/libnet.so
7fa2c4310000-7fa2c4314000 r--s 00034000 08:02 20579538                   /home/daniel/.m2/repository/org/codehaus/jackson/jackson-core-asl/1.9.4/jackson-core-asl-1.9.4.jar
7fa2c4314000-7fa2c4322000 r--s 000b0000 08:02 20579536                   /home/daniel/.m2/repository/org/codehaus/jackson/jackson-mapper-asl/1.9.4/jackson-mapper-asl-1.9.4.jar
7fa2c4322000-7fa2c4325000 ---p 00000000 00:00 0 
7fa2c4325000-7fa2c4423000 rw-p 00000000 00:00 0 
7fa2c4423000-7fa2c443d000 r--s 00155000 08:02 20579534                   /home/daniel/.m2/repository/org/apache/htrace/htrace-core4/4.1.0-incubating/htrace-core4-4.1.0-incubating.jar
7fa2c443d000-7fa2c4458000 r--s 00394000 08:02 58989281                   /usr/lib/jvm/java-8-openjdk-amd64/jre/lib/ext/cldrdata.jar
7fa2c4458000-7fa2c4473000 r--s 001d6000 08:02 58983853                   /usr/lib/jvm/java-8-openjdk-amd64/jre/lib/ext/nashorn.jar
7fa2c4473000-7fa2c4474000 ---p 00000000 00:00 0 
7fa2c4474000-7fa2c4574000 rw-p 00000000 00:00 0 
7fa2c4574000-7fa2c4577000 ---p 00000000 00:00 0 
7fa2c4577000-7fa2c4675000 rw-p 00000000 00:00 0 
7fa2c4675000-7fa2c4678000 ---p 00000000 00:00 0 
7fa2c4678000-7fa2c4776000 rw-p 00000000 00:00 0 
7fa2c4776000-7fa2c4779000 ---p 00000000 00:00 0 
7fa2c4779000-7fa2c4877000 rw-p 00000000 00:00 0 
7fa2c4877000-7fa2c487a000 ---p 00000000 00:00 0 
7fa2c487a000-7fa2c4978000 rw-p 00000000 00:00 0 
7fa2c4978000-7fa2c497b000 ---p 00000000 00:00 0 
7fa2c497b000-7fa2c4a79000 rw-p 00000000 00:00 0 
7fa2c4a79000-7fa2c5438000 r--p 00000000 08:02 58465142                   /usr/lib/locale/locale-archive
7fa2c5438000-7fa2c543b000 ---p 00000000 00:00 0 
7fa2c543b000-7fa2c5539000 rw-p 00000000 00:00 0 
7fa2c5539000-7fa2c553c000 ---p 00000000 00:00 0 
7fa2c553c000-7fa2c563a000 rw-p 00000000 00:00 0 
7fa2c563a000-7fa2c563b000 ---p 00000000 00:00 0 
7fa2c563b000-7fa2c671c000 rw-p 00000000 00:00 0 
7fa2c671c000-7fa2c68eb000 r--s 03c33000 08:02 58851570                   /usr/lib/jvm/java-8-openjdk-amd64/jre/lib/rt.jar
7fa2c68eb000-7fa2c6d6b000 rw-p 00000000 00:00 0 
7fa2c6d6b000-7fa2c70eb000 ---p 00000000 00:00 0 
7fa2c70eb000-7fa2cb243000 rw-p 00000000 00:00 0 
7fa2cb243000-7fa2cb244000 ---p 00000000 00:00 0 
7fa2cb244000-7fa2cb344000 rw-p 00000000 00:00 0 
7fa2cb344000-7fa2cb345000 ---p 00000000 00:00 0 
7fa2cb345000-7fa2cb445000 rw-p 00000000 00:00 0 
7fa2cb445000-7fa2cb446000 ---p 00000000 00:00 0 
7fa2cb446000-7fa2cb570000 rw-p 00000000 00:00 0 
7fa2cb570000-7fa2cb7d6000 ---p 00000000 00:00 0 
7fa2cb7d6000-7fa2cb800000 rw-p 00000000 00:00 0 
7fa2cb800000-7fa2cba66000 ---p 00000000 00:00 0 
7fa2cba66000-7fa2cba7b000 rw-p 00000000 00:00 0 
7fa2cba7b000-7fa2cbbae000 ---p 00000000 00:00 0 
7fa2cbbae000-7fa2cbbb9000 rw-p 00000000 00:00 0 
7fa2cbbb9000-7fa2cbf6f000 ---p 00000000 00:00 0 
7fa2cbf6f000-7fa2cc1df000 rwxp 00000000 00:00 0 
7fa2cc1df000-7fa2daf6f000 ---p 00000000 00:00 0 
7fa2daf6f000-7fa2daf77000 r-xp 00000000 08:02 59114477                   /usr/lib/jvm/java-8-openjdk-amd64/jre/lib/amd64/libzip.so
7fa2daf77000-7fa2db176000 ---p 00008000 08:02 59114477                   /usr/lib/jvm/java-8-openjdk-amd64/jre/lib/amd64/libzip.so
7fa2db176000-7fa2db177000 r--p 00007000 08:02 59114477                   /usr/lib/jvm/java-8-openjdk-amd64/jre/lib/amd64/libzip.so
7fa2db177000-7fa2db178000 rw-p 00008000 08:02 59114477                   /usr/lib/jvm/java-8-openjdk-amd64/jre/lib/amd64/libzip.so
7fa2db178000-7fa2db183000 r-xp 00000000 08:02 29364881                   /lib/x86_64-linux-gnu/libnss_files-2.23.so
7fa2db183000-7fa2db382000 ---p 0000b000 08:02 29364881                   /lib/x86_64-linux-gnu/libnss_files-2.23.so
7fa2db382000-7fa2db383000 r--p 0000a000 08:02 29364881                   /lib/x86_64-linux-gnu/libnss_files-2.23.so
7fa2db383000-7fa2db384000 rw-p 0000b000 08:02 29364881                   /lib/x86_64-linux-gnu/libnss_files-2.23.so
7fa2db384000-7fa2db38a000 rw-p 00000000 00:00 0 
7fa2db38a000-7fa2db395000 r-xp 00000000 08:02 29364891                   /lib/x86_64-linux-gnu/libnss_nis-2.23.so
7fa2db395000-7fa2db594000 ---p 0000b000 08:02 29364891                   /lib/x86_64-linux-gnu/libnss_nis-2.23.so
7fa2db594000-7fa2db595000 r--p 0000a000 08:02 29364891                   /lib/x86_64-linux-gnu/libnss_nis-2.23.so
7fa2db595000-7fa2db596000 rw-p 0000b000 08:02 29364891                   /lib/x86_64-linux-gnu/libnss_nis-2.23.so
7fa2db596000-7fa2db5ac000 r-xp 00000000 08:02 29364875                   /lib/x86_64-linux-gnu/libnsl-2.23.so
7fa2db5ac000-7fa2db7ab000 ---p 00016000 08:02 29364875                   /lib/x86_64-linux-gnu/libnsl-2.23.so
7fa2db7ab000-7fa2db7ac000 r--p 00015000 08:02 29364875                   /lib/x86_64-linux-gnu/libnsl-2.23.so
7fa2db7ac000-7fa2db7ad000 rw-p 00016000 08:02 29364875                   /lib/x86_64-linux-gnu/libnsl-2.23.so
7fa2db7ad000-7fa2db7af000 rw-p 00000000 00:00 0 
7fa2db7af000-7fa2db7b7000 r-xp 00000000 08:02 29364877                   /lib/x86_64-linux-gnu/libnss_compat-2.23.so
7fa2db7b7000-7fa2db9b6000 ---p 00008000 08:02 29364877                   /lib/x86_64-linux-gnu/libnss_compat-2.23.so
7fa2db9b6000-7fa2db9b7000 r--p 00007000 08:02 29364877                   /lib/x86_64-linux-gnu/libnss_compat-2.23.so
7fa2db9b7000-7fa2db9b8000 rw-p 00008000 08:02 29364877                   /lib/x86_64-linux-gnu/libnss_compat-2.23.so
7fa2db9b8000-7fa2db9e5000 r-xp 00000000 08:02 59114482                   /usr/lib/jvm/java-8-openjdk-amd64/jre/lib/amd64/libjava.so
7fa2db9e5000-7fa2dbbe4000 ---p 0002d000 08:02 59114482                   /usr/lib/jvm/java-8-openjdk-amd64/jre/lib/amd64/libjava.so
7fa2dbbe4000-7fa2dbbe5000 r--p 0002c000 08:02 59114482                   /usr/lib/jvm/java-8-openjdk-amd64/jre/lib/amd64/libjava.so
7fa2dbbe5000-7fa2dbbe7000 rw-p 0002d000 08:02 59114482                   /usr/lib/jvm/java-8-openjdk-amd64/jre/lib/amd64/libjava.so
7fa2dbbe7000-7fa2dbbf6000 r-xp 00000000 08:02 59114464                   /usr/lib/jvm/java-8-openjdk-amd64/jre/lib/amd64/libverify.so
7fa2dbbf6000-7fa2dbdf5000 ---p 0000f000 08:02 59114464                   /usr/lib/jvm/java-8-openjdk-amd64/jre/lib/amd64/libverify.so
7fa2dbdf5000-7fa2dbdf7000 r--p 0000e000 08:02 59114464                   /usr/lib/jvm/java-8-openjdk-amd64/jre/lib/amd64/libverify.so
7fa2dbdf7000-7fa2dbdf8000 rw-p 00010000 08:02 59114464                   /usr/lib/jvm/java-8-openjdk-amd64/jre/lib/amd64/libverify.so
7fa2dbdf8000-7fa2dbdff000 r-xp 00000000 08:02 29364936                   /lib/x86_64-linux-gnu/librt-2.23.so
7fa2dbdff000-7fa2dbffe000 ---p 00007000 08:02 29364936                   /lib/x86_64-linux-gnu/librt-2.23.so
7fa2dbffe000-7fa2dbfff000 r--p 00006000 08:02 29364936                   /lib/x86_64-linux-gnu/librt-2.23.so
7fa2dbfff000-7fa2dc000000 rw-p 00007000 08:02 29364936                   /lib/x86_64-linux-gnu/librt-2.23.so
7fa2dc000000-7fa2dc257000 rw-p 00000000 00:00 0 
7fa2dc257000-7fa2e0000000 ---p 00000000 00:00 0 
7fa2e0002000-7fa2e0005000 r--s 00017000 08:02 20579546                   /home/daniel/.m2/repository/org/hdrhistogram/HdrHistogram/2.1.4/HdrHistogram-2.1.4.jar
7fa2e0005000-7fa2e0008000 r--s 00021000 08:02 20579959                   /home/daniel/projects/YCSB/core/target/core-0.16.0-SNAPSHOT.jar
7fa2e0008000-7fa2e007e000 rw-p 00000000 00:00 0 
7fa2e007e000-7fa2e007f000 ---p 00000000 00:00 0 
7fa2e007f000-7fa2e017f000 rw-p 00000000 00:00 0 
7fa2e017f000-7fa2e0195000 r-xp 00000000 08:02 29364820                   /lib/x86_64-linux-gnu/libgcc_s.so.1
7fa2e0195000-7fa2e0394000 ---p 00016000 08:02 29364820                   /lib/x86_64-linux-gnu/libgcc_s.so.1
7fa2e0394000-7fa2e0395000 rw-p 00015000 08:02 29364820                   /lib/x86_64-linux-gnu/libgcc_s.so.1
7fa2e0395000-7fa2e049d000 r-xp 00000000 08:02 29364852                   /lib/x86_64-linux-gnu/libm-2.23.so
7fa2e049d000-7fa2e069c000 ---p 00108000 08:02 29364852                   /lib/x86_64-linux-gnu/libm-2.23.so
7fa2e069c000-7fa2e069d000 r--p 00107000 08:02 29364852                   /lib/x86_64-linux-gnu/libm-2.23.so
7fa2e069d000-7fa2e069e000 rw-p 00108000 08:02 29364852                   /lib/x86_64-linux-gnu/libm-2.23.so
7fa2e069e000-7fa2e0810000 r-xp 00000000 08:02 58458300                   /usr/lib/x86_64-linux-gnu/libstdc++.so.6.0.21
7fa2e0810000-7fa2e0a10000 ---p 00172000 08:02 58458300                   /usr/lib/x86_64-linux-gnu/libstdc++.so.6.0.21
7fa2e0a10000-7fa2e0a1a000 r--p 00172000 08:02 58458300                   /usr/lib/x86_64-linux-gnu/libstdc++.so.6.0.21
7fa2e0a1a000-7fa2e0a1c000 rw-p 0017c000 08:02 58458300                   /usr/lib/x86_64-linux-gnu/libstdc++.so.6.0.21
7fa2e0a1c000-7fa2e0a20000 rw-p 00000000 00:00 0 
7fa2e0a20000-7fa2e1681000 r-xp 00000000 08:02 59114458                   /usr/lib/jvm/java-8-openjdk-amd64/jre/lib/amd64/server/libjvm.so
7fa2e1681000-7fa2e1881000 ---p 00c61000 08:02 59114458                   /usr/lib/jvm/java-8-openjdk-amd64/jre/lib/amd64/server/libjvm.so
7fa2e1881000-7fa2e1915000 r--p 00c61000 08:02 59114458                   /usr/lib/jvm/java-8-openjdk-amd64/jre/lib/amd64/server/libjvm.so
7fa2e1915000-7fa2e193e000 rw-p 00cf5000 08:02 59114458                   /usr/lib/jvm/java-8-openjdk-amd64/jre/lib/amd64/server/libjvm.so
7fa2e193e000-7fa2e196e000 rw-p 00000000 00:00 0 
7fa2e196e000-7fa2e1986000 r-xp 00000000 08:02 29364928                   /lib/x86_64-linux-gnu/libpthread-2.23.so
7fa2e1986000-7fa2e1b85000 ---p 00018000 08:02 29364928                   /lib/x86_64-linux-gnu/libpthread-2.23.so
7fa2e1b85000-7fa2e1b86000 r--p 00017000 08:02 29364928                   /lib/x86_64-linux-gnu/libpthread-2.23.so
7fa2e1b86000-7fa2e1b87000 rw-p 00018000 08:02 29364928                   /lib/x86_64-linux-gnu/libpthread-2.23.so
7fa2e1b87000-7fa2e1b8b000 rw-p 00000000 00:00 0 
7fa2e1b8b000-7fa2e1b8e000 r-xp 00000000 08:02 29364806                   /lib/x86_64-linux-gnu/libdl-2.23.so
7fa2e1b8e000-7fa2e1d8d000 ---p 00003000 08:02 29364806                   /lib/x86_64-linux-gnu/libdl-2.23.so
7fa2e1d8d000-7fa2e1d8e000 r--p 00002000 08:02 29364806                   /lib/x86_64-linux-gnu/libdl-2.23.so
7fa2e1d8e000-7fa2e1d8f000 rw-p 00003000 08:02 29364806                   /lib/x86_64-linux-gnu/libdl-2.23.so
7fa2e1d8f000-7fa2e1da8000 r-xp 00000000 08:02 29364973                   /lib/x86_64-linux-gnu/libz.so.1.2.8
7fa2e1da8000-7fa2e1fa7000 ---p 00019000 08:02 29364973                   /lib/x86_64-linux-gnu/libz.so.1.2.8
7fa2e1fa7000-7fa2e1fa8000 r--p 00018000 08:02 29364973                   /lib/x86_64-linux-gnu/libz.so.1.2.8
7fa2e1fa8000-7fa2e1fa9000 rw-p 00019000 08:02 29364973                   /lib/x86_64-linux-gnu/libz.so.1.2.8
7fa2e1fa9000-7fa2e2169000 r-xp 00000000 08:02 29364782                   /lib/x86_64-linux-gnu/libc-2.23.so
7fa2e2169000-7fa2e2369000 ---p 001c0000 08:02 29364782                   /lib/x86_64-linux-gnu/libc-2.23.so
7fa2e2369000-7fa2e236d000 r--p 001c0000 08:02 29364782                   /lib/x86_64-linux-gnu/libc-2.23.so
7fa2e236d000-7fa2e236f000 rw-p 001c4000 08:02 29364782                   /lib/x86_64-linux-gnu/libc-2.23.so
7fa2e236f000-7fa2e2373000 rw-p 00000000 00:00 0 
7fa2e2373000-7fa2e2380000 r-xp 00000000 08:02 59247190                   /usr/lib/jvm/java-8-openjdk-amd64/jre/lib/amd64/jli/libjli.so
7fa2e2380000-7fa2e2580000 ---p 0000d000 08:02 59247190                   /usr/lib/jvm/java-8-openjdk-amd64/jre/lib/amd64/jli/libjli.so
7fa2e2580000-7fa2e2581000 r--p 0000d000 08:02 59247190                   /usr/lib/jvm/java-8-openjdk-amd64/jre/lib/amd64/jli/libjli.so
7fa2e2581000-7fa2e2582000 rw-p 0000e000 08:02 59247190                   /usr/lib/jvm/java-8-openjdk-amd64/jre/lib/amd64/jli/libjli.so
7fa2e2582000-7fa2e25a8000 r-xp 00000000 08:02 29364754                   /lib/x86_64-linux-gnu/ld-2.23.so
7fa2e25a8000-7fa2e25aa000 r--s 00001000 08:02 20317416                   /home/daniel/projects/YCSB/leveldbjnin/lib/leveldb-api-0.6.jar
7fa2e25aa000-7fa2e25ab000 r--s 00040000 08:02 20317418                   /home/daniel/projects/YCSB/leveldbjnin/lib/leveldbjni-linux64-1.1.jar
7fa2e25ab000-7fa2e25ad000 r--s 0000b000 08:02 20317417                   /home/daniel/projects/YCSB/leveldbjnin/lib/leveldbjni-1.1.jar
7fa2e25ad000-7fa2e25af000 r--s 00001000 08:02 20580099                   /home/daniel/projects/YCSB/leveldbjnin/target/leveldbjnin-binding-0.16.0-SNAPSHOT.jar
7fa2e25af000-7fa2e25b2000 r--s 0000f000 08:02 58983506                   /usr/lib/jvm/java-8-openjdk-amd64/jre/lib/ext/icedtea-sound.jar
7fa2e25b2000-7fa2e25bc000 r--s 00116000 08:02 58983505                   /usr/lib/jvm/java-8-openjdk-amd64/jre/lib/ext/localedata.jar
7fa2e25bc000-7fa2e2687000 rw-p 00000000 00:00 0 
7fa2e2687000-7fa2e268a000 ---p 00000000 00:00 0 
7fa2e268a000-7fa2e278c000 rw-p 00000000 00:00 0 
7fa2e278c000-7fa2e278d000 r--s 00004000 08:02 20580077                   /home/daniel/.m2/repository/org/fusesource/hawtjni/hawtjni-runtime/1.9/hawtjni-runtime-1.9.jar
7fa2e278d000-7fa2e2790000 r--s 00038000 08:02 58989301                   /usr/lib/jvm/java-8-openjdk-amd64/jre/lib/ext/sunpkcs11.jar
7fa2e2790000-7fa2e2791000 r--s 00010000 08:02 58989304                   /usr/lib/jvm/java-8-openjdk-amd64/jre/lib/ext/zipfs.jar
7fa2e2791000-7fa2e2793000 r--s 00008000 08:02 58989283                   /usr/lib/jvm/java-8-openjdk-amd64/jre/lib/ext/sunec.jar
7fa2e2793000-7fa2e2795000 r--s 00001000 08:02 58989316                   /usr/lib/jvm/java-8-openjdk-amd64/jre/lib/ext/dnsns.jar
7fa2e2795000-7fa2e279b000 r--s 0003b000 08:02 58989282                   /usr/lib/jvm/java-8-openjdk-amd64/jre/lib/ext/sunjce_provider.jar
7fa2e279b000-7fa2e279c000 r--s 0000a000 08:02 58989284                   /usr/lib/jvm/java-8-openjdk-amd64/jre/lib/ext/jaccess.jar
7fa2e279c000-7fa2e27a4000 rw-s 00000000 08:02 39583777                   /tmp/hsperfdata_daniel/28992
7fa2e27a4000-7fa2e27a5000 rw-p 00000000 00:00 0 
7fa2e27a5000-7fa2e27a6000 r--p 00000000 00:00 0 
7fa2e27a6000-7fa2e27a7000 rw-p 00000000 00:00 0 
7fa2e27a7000-7fa2e27a8000 r--p 00025000 08:02 29364754                   /lib/x86_64-linux-gnu/ld-2.23.so
7fa2e27a8000-7fa2e27a9000 rw-p 00026000 08:02 29364754                   /lib/x86_64-linux-gnu/ld-2.23.so
7fa2e27a9000-7fa2e27aa000 rw-p 00000000 00:00 0 
7ffd2ee4c000-7ffd2ee6e000 rw-p 00000000 00:00 0                          [stack]
7ffd2ef94000-7ffd2ef97000 r--p 00000000 00:00 0                          [vvar]
7ffd2ef97000-7ffd2ef99000 r-xp 00000000 00:00 0                          [vdso]
ffffffffff600000-ffffffffff601000 r-xp 00000000 00:00 0                  [vsyscall]

VM Arguments:
java_command: com.yahoo.ycsb.Client -db com.yahoo.ycsb.db.LevelDbJniClientN -P workloads/workloada -load
java_class_path (initial): /home/daniel/projects/YCSB/leveldbjnin/conf:/home/daniel/projects/YCSB/leveldbjnin/target/leveldbjnin-binding-0.16.0-SNAPSHOT.jar:/home/daniel/.m2/repository/org/apache/htrace/htrace-core4/4.1.0-incubating/htrace-core4-4.1.0-incubating.jar:/home/daniel/projects/YCSB/leveldbjnin/lib/leveldbjni-1.1.jar:/home/daniel/.m2/repository/org/fusesource/hawtjni/hawtjni-runtime/1.9/hawtjni-runtime-1.9.jar:/home/daniel/projects/YCSB/leveldbjnin/lib/leveldbjni-linux64-1.1.jar:/home/daniel/projects/YCSB/core/target/core-0.16.0-SNAPSHOT.jar:/home/daniel/.m2/repository/org/hdrhistogram/HdrHistogram/2.1.4/HdrHistogram-2.1.4.jar:/home/daniel/.m2/repository/org/codehaus/jackson/jackson-mapper-asl/1.9.4/jackson-mapper-asl-1.9.4.jar:/home/daniel/projects/YCSB/leveldbjnin/lib/leveldb-api-0.6.jar:/home/daniel/.m2/repository/org/codehaus/jackson/jackson-core-asl/1.9.4/jackson-core-asl-1.9.4.jar
Launcher Type: SUN_STANDARD

Environment Variables:
PATH=/home/daniel/bin:/home/daniel/.local/bin:/usr/local/sbin:/usr/local/bin:/usr/sbin:/usr/bin:/sbin:/bin:/usr/games:/usr/local/games:/snap/bin
SHELL=/bin/bash
DISPLAY=:0

Signal Handlers:
SIGSEGV: [libjvm.so+0xa74e00], sa_mask[0]=11111111011111111101111111111110, sa_flags=SA_RESTART|SA_SIGINFO
SIGBUS: [libjvm.so+0xa74e00], sa_mask[0]=11111111011111111101111111111110, sa_flags=SA_RESTART|SA_SIGINFO
SIGFPE: [libjvm.so+0x8bbe10], sa_mask[0]=11111111011111111101111111111110, sa_flags=SA_RESTART|SA_SIGINFO
SIGPIPE: [libjvm.so+0x8bbe10], sa_mask[0]=11111111011111111101111111111110, sa_flags=SA_RESTART|SA_SIGINFO
SIGXFSZ: [libjvm.so+0x8bbe10], sa_mask[0]=11111111011111111101111111111110, sa_flags=SA_RESTART|SA_SIGINFO
SIGILL: [libjvm.so+0x8bbe10], sa_mask[0]=11111111011111111101111111111110, sa_flags=SA_RESTART|SA_SIGINFO
SIGUSR1: SIG_DFL, sa_mask[0]=00000000000000000000000000000000, sa_flags=none
SIGUSR2: [libjvm.so+0x8bbcc0], sa_mask[0]=00000000000000000000000000000000, sa_flags=SA_RESTART|SA_SIGINFO
SIGHUP: [libjvm.so+0x8bc350], sa_mask[0]=11111111011111111101111111111110, sa_flags=SA_RESTART|SA_SIGINFO
SIGINT: [libjvm.so+0x8bc350], sa_mask[0]=11111111011111111101111111111110, sa_flags=SA_RESTART|SA_SIGINFO
SIGTERM: [libjvm.so+0x8bc350], sa_mask[0]=11111111011111111101111111111110, sa_flags=SA_RESTART|SA_SIGINFO
SIGQUIT: [libjvm.so+0x8bc350], sa_mask[0]=11111111011111111101111111111110, sa_flags=SA_RESTART|SA_SIGINFO


---------------  S Y S T E M  ---------------

OS:DISTRIB_ID=Ubuntu
DISTRIB_RELEASE=16.04
DISTRIB_CODENAME=xenial
DISTRIB_DESCRIPTION="Ubuntu 16.04.5 LTS"

uname:Linux 4.15.0-43-generic #46~16.04.1-Ubuntu SMP Fri Dec 7 13:31:08 UTC 2018 x86_64
libc:glibc 2.23 NPTL 2.23 
rlimit: STACK 8192k, CORE 0k, NPROC 30941, NOFILE 1048576, AS infinity
load average:4.61 2.62 1.81

/proc/meminfo:
MemTotal:        8057236 kB
MemFree:          905420 kB
MemAvailable:    4412820 kB
Buffers:          271608 kB
Cached:          4052660 kB
SwapCached:            0 kB
Active:          3784584 kB
Inactive:        2948464 kB
Active(anon):    2391228 kB
Inactive(anon):   736772 kB
Active(file):    1393356 kB
Inactive(file):  2211692 kB
Unevictable:          48 kB
Mlocked:              48 kB
SwapTotal:       1000444 kB
SwapFree:        1000444 kB
Dirty:              6964 kB
Writeback:            32 kB
AnonPages:       2409096 kB
Mapped:           768256 kB
Shmem:            719224 kB
Slab:             270180 kB
SReclaimable:     211208 kB
SUnreclaim:        58972 kB
KernelStack:       13716 kB
PageTables:        63908 kB
NFS_Unstable:          0 kB
Bounce:                0 kB
WritebackTmp:          0 kB
CommitLimit:     5029060 kB
Committed_AS:   10998356 kB
VmallocTotal:   34359738367 kB
VmallocUsed:           0 kB
VmallocChunk:          0 kB
HardwareCorrupted:     0 kB
AnonHugePages:         0 kB
ShmemHugePages:        0 kB
ShmemPmdMapped:        0 kB
CmaTotal:              0 kB
CmaFree:               0 kB
HugePages_Total:       0
HugePages_Free:        0
HugePages_Rsvd:        0
HugePages_Surp:        0
Hugepagesize:       2048 kB
DirectMap4k:      222828 kB
DirectMap2M:     7008256 kB
DirectMap1G:     1048576 kB

container (cgroup) information:
container_type: cgroupv1
cpu_cpuset_cpus: 0-3
cpu_memory_nodes: 0
active_processor_count: 4
cpu_quota: -1
cpu_period: 100000
cpu_shares: -1
memory_limit_in_bytes: -1
memory_and_swap_limit_in_bytes: -2
memory_soft_limit_in_bytes: -1
memory_usage_in_bytes: 6895099904
memory_max_usage_in_bytes: 0


CPU:total 4 (initial active 4) (4 cores per cpu, 1 threads per core) family 6 model 158 stepping 9, cmov, cx8, fxsr, mmx, sse, sse2, sse3, ssse3, sse4.1, sse4.2, popcnt, avx, avx2, aes, clmul, erms, rtm, 3dnowpref, lzcnt, tsc, tscinvbit, bmi1, bmi2, adx

/proc/cpuinfo:
processor	: 0
vendor_id	: GenuineIntel
cpu family	: 6
model		: 158
model name	: Intel(R) Core(TM) i5-7500 CPU @ 3.40GHz
stepping	: 9
microcode	: 0x8e
cpu MHz		: 3603.908
cache size	: 6144 KB
physical id	: 0
siblings	: 4
core id		: 0
cpu cores	: 4
apicid		: 0
initial apicid	: 0
fpu		: yes
fpu_exception	: yes
cpuid level	: 22
wp		: yes
flags		: fpu vme de pse tsc msr pae mce cx8 apic sep mtrr pge mca cmov pat pse36 clflush dts acpi mmx fxsr sse sse2 ss ht tm pbe syscall nx pdpe1gb rdtscp lm constant_tsc art arch_perfmon pebs bts rep_good nopl xtopology nonstop_tsc cpuid aperfmperf tsc_known_freq pni pclmulqdq dtes64 monitor ds_cpl vmx smx est tm2 ssse3 sdbg fma cx16 xtpr pdcm pcid sse4_1 sse4_2 x2apic movbe popcnt tsc_deadline_timer aes xsave avx f16c rdrand lahf_lm abm 3dnowprefetch cpuid_fault invpcid_single pti ssbd ibrs ibpb stibp tpr_shadow vnmi flexpriority ept vpid fsgsbase tsc_adjust bmi1 hle avx2 smep bmi2 erms invpcid rtm mpx rdseed adx smap clflushopt intel_pt xsaveopt xsavec xgetbv1 xsaves dtherm ida arat pln pts hwp hwp_notify hwp_act_window hwp_epp flush_l1d
bugs		: cpu_meltdown spectre_v1 spectre_v2 spec_store_bypass l1tf
bogomips	: 6816.00
clflush size	: 64
cache_alignment	: 64
address sizes	: 39 bits physical, 48 bits virtual
power management:

processor	: 1
vendor_id	: GenuineIntel
cpu family	: 6
model		: 158
model name	: Intel(R) Core(TM) i5-7500 CPU @ 3.40GHz
stepping	: 9
microcode	: 0x8e
cpu MHz		: 3624.524
cache size	: 6144 KB
physical id	: 0
siblings	: 4
core id		: 1
cpu cores	: 4
apicid		: 2
initial apicid	: 2
fpu		: yes
fpu_exception	: yes
cpuid level	: 22
wp		: yes
flags		: fpu vme de pse tsc msr pae mce cx8 apic sep mtrr pge mca cmov pat pse36 clflush dts acpi mmx fxsr sse sse2 ss ht tm pbe syscall nx pdpe1gb rdtscp lm constant_tsc art arch_perfmon pebs bts rep_good nopl xtopology nonstop_tsc cpuid aperfmperf tsc_known_freq pni pclmulqdq dtes64 monitor ds_cpl vmx smx est tm2 ssse3 sdbg fma cx16 xtpr pdcm pcid sse4_1 sse4_2 x2apic movbe popcnt tsc_deadline_timer aes xsave avx f16c rdrand lahf_lm abm 3dnowprefetch cpuid_fault invpcid_single pti ssbd ibrs ibpb stibp tpr_shadow vnmi flexpriority ept vpid fsgsbase tsc_adjust bmi1 hle avx2 smep bmi2 erms invpcid rtm mpx rdseed adx smap clflushopt intel_pt xsaveopt xsavec xgetbv1 xsaves dtherm ida arat pln pts hwp hwp_notify hwp_act_window hwp_epp flush_l1d
bugs		: cpu_meltdown spectre_v1 spectre_v2 spec_store_bypass l1tf
bogomips	: 6816.00
clflush size	: 64
cache_alignment	: 64
address sizes	: 39 bits physical, 48 bits virtual
power management:

processor	: 2
vendor_id	: GenuineIntel
cpu family	: 6
model		: 158
model name	: Intel(R) Core(TM) i5-7500 CPU @ 3.40GHz
stepping	: 9
microcode	: 0x8e
cpu MHz		: 3611.692
cache size	: 6144 KB
physical id	: 0
siblings	: 4
core id		: 2
cpu cores	: 4
apicid		: 4
initial apicid	: 4
fpu		: yes
fpu_exception	: yes
cpuid level	: 22
wp		: yes
flags		: fpu vme de pse tsc msr pae mce cx8 apic sep mtrr pge mca cmov pat pse36 clflush dts acpi mmx fxsr sse sse2 ss ht tm pbe syscall nx pdpe1gb rdtscp lm constant_tsc art arch_perfmon pebs bts rep_good nopl xtopology nonstop_tsc cpuid aperfmperf tsc_known_freq pni pclmulqdq dtes64 monitor ds_cpl vmx smx est tm2 ssse3 sdbg fma cx16 xtpr pdcm pcid sse4_1 sse4_2 x2apic movbe popcnt tsc_deadline_timer aes xsave avx f16c rdrand lahf_lm abm 3dnowprefetch cpuid_fault invpcid_single pti ssbd ibrs ibpb stibp tpr_shadow vnmi flexpriority ept vpid fsgsbase tsc_adjust bmi1 hle avx2 smep bmi2 erms invpcid rtm mpx rdseed adx smap clflushopt intel_pt xsaveopt xsavec xgetbv1 xsaves dtherm ida arat pln pts hwp hwp_notify hwp_act_window hwp_epp flush_l1d
bugs		: cpu_meltdown spectre_v1 spectre_v2 spec_store_bypass l1tf
bogomips	: 6816.00
clflush size	: 64
cache_alignment	: 64
address sizes	: 39 bits physical, 48 bits virtual
power management:

processor	: 3
vendor_id	: GenuineIntel
cpu family	: 6
model		: 158
model name	: Intel(R) Core(TM) i5-7500 CPU @ 3.40GHz
stepping	: 9
microcode	: 0x8e
cpu MHz		: 3619.990
cache size	: 6144 KB
physical id	: 0
siblings	: 4
core id		: 3
cpu cores	: 4
apicid		: 6
initial apicid	: 6
fpu		: yes
fpu_exception	: yes
cpuid level	: 22
wp		: yes
flags		: fpu vme de pse tsc msr pae mce cx8 apic sep mtrr pge mca cmov pat pse36 clflush dts acpi mmx fxsr sse sse2 ss ht tm pbe syscall nx pdpe1gb rdtscp lm constant_tsc art arch_perfmon pebs bts rep_good nopl xtopology nonstop_tsc cpuid aperfmperf tsc_known_freq pni pclmulqdq dtes64 monitor ds_cpl vmx smx est tm2 ssse3 sdbg fma cx16 xtpr pdcm pcid sse4_1 sse4_2 x2apic movbe popcnt tsc_deadline_timer aes xsave avx f16c rdrand lahf_lm abm 3dnowprefetch cpuid_fault invpcid_single pti ssbd ibrs ibpb stibp tpr_shadow vnmi flexpriority ept vpid fsgsbase tsc_adjust bmi1 hle avx2 smep bmi2 erms invpcid rtm mpx rdseed adx smap clflushopt intel_pt xsaveopt xsavec xgetbv1 xsaves dtherm ida arat pln pts hwp hwp_notify hwp_act_window hwp_epp flush_l1d
bugs		: cpu_meltdown spectre_v1 spectre_v2 spec_store_bypass l1tf
bogomips	: 6816.00
clflush size	: 64
cache_alignment	: 64
address sizes	: 39 bits physical, 48 bits virtual
power management:



Memory: 4k page, physical 8057236k(902764k free), swap 1000444k(1000444k free)

vm_info: OpenJDK 64-Bit Server VM (25.191-b12) for linux-amd64 JRE (1.8.0_191-8u191-b12-0ubuntu0.16.04.1-b12), built on Nov 20 2018 15:24:40 by "buildd" with gcc 5.4.0 20160609

time: Mon Jan 21 11:12:25 2019
elapsed time: 0 seconds (0d 0h 0m 0s)

