#
# A fatal error has been detected by the Java Runtime Environment:
#
#  SIGSEGV (0xb) at pc=0x00007f3fa4a7d795, pid=19156, tid=0x00007f3fa7fff700
#
# JRE version: OpenJDK Runtime Environment (8.0_191-b12) (build 1.8.0_191-8u191-b12-2ubuntu0.16.04.1-b12)
# Java VM: OpenJDK 64-Bit Server VM (25.191-b12 mixed mode linux-amd64 compressed oops)
# Problematic frame:
# C  [libClient.so+0x55795]  Java_com_yahoo_ycsb_db_LevelDbJniClientN_cread+0x92
#
# Failed to write core dump. Core dumps have been disabled. To enable core dumping, try "ulimit -c unlimited" before starting Java again
#
# If you would like to submit a bug report, please visit:
#   http://bugreport.java.com/bugreport/crash.jsp
# The crash happened outside the Java Virtual Machine in native code.
# See problematic frame for where to report the bug.
#

---------------  T H R E A D  ---------------

Current thread (0x00007f3fc4265000):  JavaThread "Thread-2" [_thread_in_native, id=19172, stack(0x00007f3fa7eff000,0x00007f3fa8000000)]

siginfo: si_signo: 11 (SIGSEGV), si_code: 1 (SEGV_MAPERR), si_addr: 0x0000000000000000

Registers:
RAX=0x0000000000000000, RBX=0x00007f3fc92b7e28, RCX=0x00007f3f70000020, RDX=0x00007f3f70001110
RSP=0x00007f3fa7ffe600, RBP=0x00007f3fa7ffe6b0, RSI=0x00007f3f70001150, RDI=0x00007f3fa7ffe640
R8 =0x00007f3f700018c0, R9 =0x00007f3f70001167, R10=0x0000000000000000, R11=0x00007f3fa4a7d890
R12=0x0000000000000000, R13=0x00007f3fc92b7e28, R14=0x00007f3fa7ffe740, R15=0x00007f3fc4265000
RIP=0x00007f3fa4a7d795, EFLAGS=0x0000000000010206, CSGSFS=0x002b000000000033, ERR=0x0000000000000004
  TRAPNO=0x000000000000000e

Top of Stack: (sp=0x00007f3fa7ffe600)
0x00007f3fa7ffe600:   00007f3fa7ffeb30 00007f3fa7ffe738
0x00007f3fa7ffe610:   00007f3fa7ffe740 00007f3fc42651e0
0x00007f3fa7ffe620:   00007f3fc4265000 00007f3fc4265000
0x00007f3fa7ffe630:   00007f3fa7ffe650 00007f3fcc9fa589
0x00007f3fa7ffe640:   00007f3fc4265000 00007f3fc92b7e28
0x00007f3fa7ffe650:   00007f3fa7ffe660 0000000000000000
0x00007f3fa7ffe660:   00007f3fc92b7e00 00007f3fc4265000
0x00007f3fa7ffe670:   00007f3f70001110 0000000000000017
0x00007f3fa7ffe680:   0000000000000017 00007f3fc92b7e28
0x00007f3fa7ffe690:   0000000000000000 8bab548a5b8f8000
0x00007f3fa7ffe6a0:   00007f3fa7ffe718 00007f3fc92b7e28
0x00007f3fa7ffe6b0:   00007f3fa7ffe718 00007f3fb5018407
0x00007f3fa7ffe6c0:   00007f3fa7ffe718 00007f3fb5018167
0x00007f3fa7ffe6d0:   00007f3fb5018122 00007f3fa7ffe6d8
0x00007f3fa7ffe6e0:   00007f3fc92b7e28 00007f3fa7ffe740
0x00007f3fa7ffe6f0:   00007f3fc92b8370 0000000000000000
0x00007f3fa7ffe700:   00007f3fc92b7e28 0000000000000000
0x00007f3fa7ffe710:   00007f3fa7ffe738 00007f3fa7ffe788
0x00007f3fa7ffe720:   00007f3fb5007ffd 0000000000000000
0x00007f3fa7ffe730:   00007f3fb5011a58 00000000d74c2f88
0x00007f3fa7ffe740:   00000000d7305318 00007f3fa7ffe748
0x00007f3fa7ffe750:   00007f3fc92b7ec2 00007f3fa7ffe7b8
0x00007f3fa7ffe760:   00007f3fc92b8370 0000000000000000
0x00007f3fa7ffe770:   00007f3fc92b7f10 00007f3fa7ffe738
0x00007f3fa7ffe780:   00007f3fa7ffe798 00007f3fa7ffe800
0x00007f3fa7ffe790:   00007f3fb5007d80 00000000d74c2fe0
0x00007f3fa7ffe7a0:   0000000000000000 00000000d74c2f88
0x00007f3fa7ffe7b0:   00000000d7101460 00000000d7305318
0x00007f3fa7ffe7c0:   00007f3fa7ffe7c0 00007f3fc92b5f0f
0x00007f3fa7ffe7d0:   00007f3fa7ffe898 00007f3fc92b87f8
0x00007f3fa7ffe7e0:   0000000000000000 00007f3fc92b6050
0x00007f3fa7ffe7f0:   00007f3fa7ffe798 00007f3fa7ffe878 

Instructions: (pc=0x00007f3fa4a7d795)
0x00007f3fa4a7d775:   89 ce 48 89 c7 e8 81 d2 ff ff 48 8d 45 90 48 89
0x00007f3fa4a7d785:   c7 e8 05 c1 ff ff 48 8b 05 66 48 26 00 48 8b 00
0x00007f3fa4a7d795:   48 8b 00 48 83 c0 28 48 8b 18 48 8d 55 c0 48 8d
0x00007f3fa4a7d7a5:   45 90 48 89 d6 48 89 c7 e8 2e f6 ff ff 48 8d 45 

Register to memory mapping:

RAX=0x0000000000000000 is an unknown value
RBX={method} {0x00007f3fc92b7e28} 'cread' '(Ljava/lang/String;)V' in 'com/yahoo/ycsb/db/LevelDbJniClientN'
RCX=0x00007f3f70000020 is an unknown value
RDX=0x00007f3f70001110 is an unknown value
RSP=0x00007f3fa7ffe600 is pointing into the stack for thread: 0x00007f3fc4265000
RBP=0x00007f3fa7ffe6b0 is pointing into the stack for thread: 0x00007f3fc4265000
RSI=0x00007f3f70001150 is an unknown value
RDI=0x00007f3fa7ffe640 is pointing into the stack for thread: 0x00007f3fc4265000
R8 =0x00007f3f700018c0 is an unknown value
R9 =0x00007f3f70001167 is an unknown value
R10=0x0000000000000000 is an unknown value
R11=0x00007f3fa4a7d890: _ZN7JNIEnv_17GetStringUTFCharsEP8_jstringPh+0 in /usr/lib/libClient.so at 0x00007f3fa4a28000
R12=0x0000000000000000 is an unknown value
R13={method} {0x00007f3fc92b7e28} 'cread' '(Ljava/lang/String;)V' in 'com/yahoo/ycsb/db/LevelDbJniClientN'
R14=0x00007f3fa7ffe740 is pointing into the stack for thread: 0x00007f3fc4265000
R15=0x00007f3fc4265000 is a thread


Stack: [0x00007f3fa7eff000,0x00007f3fa8000000],  sp=0x00007f3fa7ffe600,  free space=1021k
Native frames: (J=compiled Java code, j=interpreted, Vv=VM code, C=native code)
C  [libClient.so+0x55795]  Java_com_yahoo_ycsb_db_LevelDbJniClientN_cread+0x92
j  com.yahoo.ycsb.db.LevelDbJniClientN.cread(Ljava/lang/String;)V+0
j  com.yahoo.ycsb.db.LevelDbJniClientN.read(Ljava/lang/String;Ljava/lang/String;Ljava/util/Set;Ljava/util/Map;)Lcom/yahoo/ycsb/Status;+2
j  com.yahoo.ycsb.DBWrapper.read(Ljava/lang/String;Ljava/lang/String;Ljava/util/Set;Ljava/util/Map;)Lcom/yahoo/ycsb/Status;+39
j  com.yahoo.ycsb.workloads.CoreWorkload.doTransactionRead(Lcom/yahoo/ycsb/DB;)V+109
j  com.yahoo.ycsb.workloads.CoreWorkload.doTransaction(Lcom/yahoo/ycsb/DB;Ljava/lang/Object;)Z+162
j  com.yahoo.ycsb.ClientThread.run()V+152
j  java.lang.Thread.run()V+11
v  ~StubRoutines::call_stub
V  [libjvm.so+0x666f7b]
V  [libjvm.so+0x664554]
V  [libjvm.so+0x664b37]
V  [libjvm.so+0x6a7e14]
V  [libjvm.so+0xa187c7]
V  [libjvm.so+0xa18c8c]
V  [libjvm.so+0x8be002]
C  [libpthread.so.0+0x76ba]  start_thread+0xca

Java frames: (J=compiled Java code, j=interpreted, Vv=VM code)
j  com.yahoo.ycsb.db.LevelDbJniClientN.cread(Ljava/lang/String;)V+0
j  com.yahoo.ycsb.db.LevelDbJniClientN.read(Ljava/lang/String;Ljava/lang/String;Ljava/util/Set;Ljava/util/Map;)Lcom/yahoo/ycsb/Status;+2
j  com.yahoo.ycsb.DBWrapper.read(Ljava/lang/String;Ljava/lang/String;Ljava/util/Set;Ljava/util/Map;)Lcom/yahoo/ycsb/Status;+39
j  com.yahoo.ycsb.workloads.CoreWorkload.doTransactionRead(Lcom/yahoo/ycsb/DB;)V+109
j  com.yahoo.ycsb.workloads.CoreWorkload.doTransaction(Lcom/yahoo/ycsb/DB;Ljava/lang/Object;)Z+162
j  com.yahoo.ycsb.ClientThread.run()V+152
j  java.lang.Thread.run()V+11
v  ~StubRoutines::call_stub

---------------  P R O C E S S  ---------------

Java Threads: ( => current thread )
=>0x00007f3fc4265000 JavaThread "Thread-2" [_thread_in_native, id=19172, stack(0x00007f3fa7eff000,0x00007f3fa8000000)]
  0x00007f3fc40c8800 JavaThread "Service Thread" daemon [_thread_blocked, id=19169, stack(0x00007f3fac17f000,0x00007f3fac280000)]
  0x00007f3fc40bd000 JavaThread "C1 CompilerThread2" daemon [_thread_blocked, id=19168, stack(0x00007f3fb406a000,0x00007f3fb416b000)]
  0x00007f3fc40bb800 JavaThread "C2 CompilerThread1" daemon [_thread_blocked, id=19167, stack(0x00007f3fb416b000,0x00007f3fb426c000)]
  0x00007f3fc40b8800 JavaThread "C2 CompilerThread0" daemon [_thread_blocked, id=19166, stack(0x00007f3fb426c000,0x00007f3fb436d000)]
  0x00007f3fc40b7000 JavaThread "Signal Dispatcher" daemon [_thread_blocked, id=19165, stack(0x00007f3fb436d000,0x00007f3fb446e000)]
  0x00007f3fc4085000 JavaThread "Finalizer" daemon [_thread_blocked, id=19164, stack(0x00007f3fb48f9000,0x00007f3fb49fa000)]
  0x00007f3fc4082000 JavaThread "Reference Handler" daemon [_thread_blocked, id=19163, stack(0x00007f3fb49fa000,0x00007f3fb4afb000)]
  0x00007f3fc400b000 JavaThread "main" [_thread_blocked, id=19157, stack(0x00007f3fcde09000,0x00007f3fcdf0a000)]

Other Threads:
  0x00007f3fc4078800 VMThread [stack: 0x00007f3fb4afb000,0x00007f3fb4bfc000] [id=19162]
  0x00007f3fc40cb000 WatcherThread [stack: 0x00007f3fac07e000,0x00007f3fac17f000] [id=19170]

VM state:not at safepoint (normal execution)

VM Mutex/Monitor currently owned by a thread: None

Heap:
 PSYoungGen      total 36864K, used 5476K [0x00000000d7000000, 0x00000000d9900000, 0x0000000100000000)
  eden space 31744K, 17% used [0x00000000d7000000,0x00000000d75590d0,0x00000000d8f00000)
  from space 5120K, 0% used [0x00000000d9400000,0x00000000d9400000,0x00000000d9900000)
  to   space 5120K, 0% used [0x00000000d8f00000,0x00000000d8f00000,0x00000000d9400000)
 ParOldGen       total 84992K, used 0K [0x0000000085000000, 0x000000008a300000, 0x00000000d7000000)
  object space 84992K, 0% used [0x0000000085000000,0x0000000085000000,0x000000008a300000)
 Metaspace       used 3721K, capacity 4876K, committed 5120K, reserved 1056768K
  class space    used 406K, capacity 456K, committed 512K, reserved 1048576K

Card table byte_map: [0x00007f3fca0d9000,0x00007f3fca4b2000] byte_map_base: 0x00007f3fc9cb1000

Marking Bits: (ParMarkBitMap*) 0x00007f3fcd0d5520
 Begin Bits: [0x00007f3fac280000, 0x00007f3fae140000)
 End Bits:   [0x00007f3fae140000, 0x00007f3fb0000000)

Polling page: 0x00007f3fcdf29000

CodeCache: size=245760Kb used=1344Kb max_used=1344Kb free=244415Kb
 bounds [0x00007f3fb5000000, 0x00007f3fb5270000, 0x00007f3fc4000000]
 total_blobs=378 nmethods=131 adapters=162
 compilation: enabled

Compilation events (10 events):
Event: 0.082 Thread 0x00007f3fc40bd000  125       3       java.util.HashMap::putVal (300 bytes)
Event: 0.083 Thread 0x00007f3fc40bd000 nmethod 125 0x00007f3fb514b750 code [0x00007f3fb514b9c0, 0x00007f3fb514cc58]
Event: 0.083 Thread 0x00007f3fc40bd000  126       3       java.util.HashMap::put (13 bytes)
Event: 0.083 Thread 0x00007f3fc40bd000 nmethod 126 0x00007f3fb514d310 code [0x00007f3fb514d4a0, 0x00007f3fb514d858]
Event: 0.083 Thread 0x00007f3fc40bd000  127       3       java.util.zip.ZipFile::access$400 (5 bytes)
Event: 0.083 Thread 0x00007f3fc40bd000 nmethod 127 0x00007f3fb514db90 code [0x00007f3fb514dce0, 0x00007f3fb514de10]
Event: 0.086 Thread 0x00007f3fc40bd000  130       3       java.util.concurrent.ConcurrentHashMap::addCount (292 bytes)
Event: 0.087 Thread 0x00007f3fc40bd000 nmethod 130 0x00007f3fb514ea10 code [0x00007f3fb514ec20, 0x00007f3fb514f708]
Event: 0.093 Thread 0x00007f3fc40bd000  131       1       java.lang.reflect.Field::getName (5 bytes)
Event: 0.093 Thread 0x00007f3fc40bd000 nmethod 131 0x00007f3fb51500d0 code [0x00007f3fb5150220, 0x00007f3fb5150330]

GC Heap History (0 events):
No events

Deoptimization events (0 events):
No events

Classes redefined (0 events):
No events

Internal exceptions (10 events):
Event: 0.036 Thread 0x00007f3fc400b000 Exception <a 'java/security/PrivilegedActionException'> (0x00000000d705f4f8) thrown at [/build/openjdk-8-6jqSe7/openjdk-8-8u191-b12/src/hotspot/src/share/vm/prims/jvm.cpp, line 1429]
Event: 0.036 Thread 0x00007f3fc400b000 Exception <a 'java/security/PrivilegedActionException'> (0x00000000d705f708) thrown at [/build/openjdk-8-6jqSe7/openjdk-8-8u191-b12/src/hotspot/src/share/vm/prims/jvm.cpp, line 1429]
Event: 0.047 Thread 0x00007f3fc400b000 Exception <a 'java/security/PrivilegedActionException'> (0x00000000d70e1a68) thrown at [/build/openjdk-8-6jqSe7/openjdk-8-8u191-b12/src/hotspot/src/share/vm/prims/jvm.cpp, line 1429]
Event: 0.047 Thread 0x00007f3fc400b000 Exception <a 'java/security/PrivilegedActionException'> (0x00000000d70e1c78) thrown at [/build/openjdk-8-6jqSe7/openjdk-8-8u191-b12/src/hotspot/src/share/vm/prims/jvm.cpp, line 1429]
Event: 0.047 Thread 0x00007f3fc400b000 Exception <a 'java/security/PrivilegedActionException'> (0x00000000d70e3d00) thrown at [/build/openjdk-8-6jqSe7/openjdk-8-8u191-b12/src/hotspot/src/share/vm/prims/jvm.cpp, line 1429]
Event: 0.047 Thread 0x00007f3fc400b000 Exception <a 'java/security/PrivilegedActionException'> (0x00000000d70e3f10) thrown at [/build/openjdk-8-6jqSe7/openjdk-8-8u191-b12/src/hotspot/src/share/vm/prims/jvm.cpp, line 1429]
Event: 0.047 Thread 0x00007f3fc400b000 Exception <a 'java/security/PrivilegedActionException'> (0x00000000d70e49e8) thrown at [/build/openjdk-8-6jqSe7/openjdk-8-8u191-b12/src/hotspot/src/share/vm/prims/jvm.cpp, line 1429]
Event: 0.047 Thread 0x00007f3fc400b000 Exception <a 'java/security/PrivilegedActionException'> (0x00000000d70e4bf8) thrown at [/build/openjdk-8-6jqSe7/openjdk-8-8u191-b12/src/hotspot/src/share/vm/prims/jvm.cpp, line 1429]
Event: 0.068 Thread 0x00007f3fc400b000 Exception <a 'java/lang/NoClassDefFoundError': org/apache/log4j/Category> (0x00000000d727d1c0) thrown at [/build/openjdk-8-6jqSe7/openjdk-8-8u191-b12/src/hotspot/src/share/vm/classfile/systemDictionary.cpp, line 199]
Event: 0.084 Thread 0x00007f3fc41d0000 Exception <a 'java/lang/InterruptedException': sleep interrupted> (0x00000000d741b9a0) thrown at [/build/openjdk-8-6jqSe7/openjdk-8-8u191-b12/src/hotspot/src/share/vm/prims/jvm.cpp, line 3267]

Events (10 events):
Event: 0.087 loading class java/util/HashMap$KeyIterator done
Event: 0.087 Thread 0x00007f3fc4265000 Thread added: 0x00007f3fc4265000
Event: 0.092 loading class java/util/concurrent/ThreadLocalRandom
Event: 0.092 loading class java/util/Random
Event: 0.093 loading class java/util/Random done
Event: 0.093 loading class java/util/concurrent/ThreadLocalRandom done
Event: 0.093 loading class sun/nio/ch/Interruptible
Event: 0.093 loading class sun/nio/ch/Interruptible done
Event: 0.093 loading class com/yahoo/ycsb/Utils
Event: 0.093 loading class com/yahoo/ycsb/Utils done


Dynamic libraries:
00400000-00401000 r-xp 00000000 08:02 58722892                           /usr/lib/jvm/java-8-openjdk-amd64/jre/bin/java
00600000-00601000 r--p 00000000 08:02 58722892                           /usr/lib/jvm/java-8-openjdk-amd64/jre/bin/java
00601000-00602000 rw-p 00001000 08:02 58722892                           /usr/lib/jvm/java-8-openjdk-amd64/jre/bin/java
00f54000-00f75000 rw-p 00000000 00:00 0                                  [heap]
85000000-8a300000 rw-p 00000000 00:00 0 
8a300000-d7000000 ---p 00000000 00:00 0 
d7000000-d9900000 rw-p 00000000 00:00 0 
d9900000-100000000 ---p 00000000 00:00 0 
100000000-100080000 rw-p 00000000 00:00 0 
100080000-140000000 ---p 00000000 00:00 0 
7f3f70000000-7f3f70021000 rw-p 00000000 00:00 0 
7f3f70021000-7f3f74000000 ---p 00000000 00:00 0 
7f3f78000000-7f3f78021000 rw-p 00000000 00:00 0 
7f3f78021000-7f3f7c000000 ---p 00000000 00:00 0 
7f3f7c000000-7f3f7c021000 rw-p 00000000 00:00 0 
7f3f7c021000-7f3f80000000 ---p 00000000 00:00 0 
7f3f80000000-7f3f80021000 rw-p 00000000 00:00 0 
7f3f80021000-7f3f84000000 ---p 00000000 00:00 0 
7f3f84000000-7f3f84132000 rw-p 00000000 00:00 0 
7f3f84132000-7f3f88000000 ---p 00000000 00:00 0 
7f3f88000000-7f3f88021000 rw-p 00000000 00:00 0 
7f3f88021000-7f3f8c000000 ---p 00000000 00:00 0 
7f3f8c000000-7f3f8c046000 rw-p 00000000 00:00 0 
7f3f8c046000-7f3f90000000 ---p 00000000 00:00 0 
7f3f90000000-7f3f90021000 rw-p 00000000 00:00 0 
7f3f90021000-7f3f94000000 ---p 00000000 00:00 0 
7f3f94000000-7f3f94021000 rw-p 00000000 00:00 0 
7f3f94021000-7f3f98000000 ---p 00000000 00:00 0 
7f3f98000000-7f3f98021000 rw-p 00000000 00:00 0 
7f3f98021000-7f3f9c000000 ---p 00000000 00:00 0 
7f3f9c000000-7f3f9c021000 rw-p 00000000 00:00 0 
7f3f9c021000-7f3fa0000000 ---p 00000000 00:00 0 
7f3fa0000000-7f3fa0021000 rw-p 00000000 00:00 0 
7f3fa0021000-7f3fa4000000 ---p 00000000 00:00 0 
7f3fa4a28000-7f3fa4ae1000 r-xp 00000000 08:02 58468709                   /usr/lib/libClient.so
7f3fa4ae1000-7f3fa4ce0000 ---p 000b9000 08:02 58468709                   /usr/lib/libClient.so
7f3fa4ce0000-7f3fa4ce2000 r--p 000b8000 08:02 58468709                   /usr/lib/libClient.so
7f3fa4ce2000-7f3fa4ce6000 rw-p 000ba000 08:02 58468709                   /usr/lib/libClient.so
7f3fa4ce6000-7f3fa7ce7000 rw-p 00000000 00:00 0 
7f3fa7ce7000-7f3fa7cfe000 r-xp 00000000 08:02 59116076                   /usr/lib/jvm/java-8-openjdk-amd64/jre/lib/amd64/libnet.so
7f3fa7cfe000-7f3fa7efd000 ---p 00017000 08:02 59116076                   /usr/lib/jvm/java-8-openjdk-amd64/jre/lib/amd64/libnet.so
7f3fa7efd000-7f3fa7efe000 r--p 00016000 08:02 59116076                   /usr/lib/jvm/java-8-openjdk-amd64/jre/lib/amd64/libnet.so
7f3fa7efe000-7f3fa7eff000 rw-p 00017000 08:02 59116076                   /usr/lib/jvm/java-8-openjdk-amd64/jre/lib/amd64/libnet.so
7f3fa7eff000-7f3fa7f02000 ---p 00000000 00:00 0 
7f3fa7f02000-7f3fa8000000 rw-p 00000000 00:00 0 
7f3fa8000000-7f3fa8021000 rw-p 00000000 00:00 0 
7f3fa8021000-7f3fac000000 ---p 00000000 00:00 0 
7f3fac07e000-7f3fac07f000 ---p 00000000 00:00 0 
7f3fac07f000-7f3fac17f000 rw-p 00000000 00:00 0 
7f3fac17f000-7f3fac182000 ---p 00000000 00:00 0 
7f3fac182000-7f3fb0000000 rw-p 00000000 00:00 0 
7f3fb0000000-7f3fb0021000 rw-p 00000000 00:00 0 
7f3fb0021000-7f3fb4000000 ---p 00000000 00:00 0 
7f3fb4024000-7f3fb402b000 r--s 00000000 08:02 58725390                   /usr/lib/x86_64-linux-gnu/gconv/gconv-modules.cache
7f3fb402b000-7f3fb404c000 r--p 00000000 08:02 60426984                   /usr/share/locale-langpack/zh_CN/LC_MESSAGES/libc.mo
7f3fb404c000-7f3fb4050000 r--s 00034000 08:02 8391260                    /root/.m2/repository/org/codehaus/jackson/jackson-core-asl/1.9.4/jackson-core-asl-1.9.4.jar
7f3fb4050000-7f3fb406a000 r--s 00155000 08:02 8391255                    /root/.m2/repository/org/apache/htrace/htrace-core4/4.1.0-incubating/htrace-core4-4.1.0-incubating.jar
7f3fb406a000-7f3fb406d000 ---p 00000000 00:00 0 
7f3fb406d000-7f3fb416b000 rw-p 00000000 00:00 0 
7f3fb416b000-7f3fb416e000 ---p 00000000 00:00 0 
7f3fb416e000-7f3fb426c000 rw-p 00000000 00:00 0 
7f3fb426c000-7f3fb426f000 ---p 00000000 00:00 0 
7f3fb426f000-7f3fb436d000 rw-p 00000000 00:00 0 
7f3fb436d000-7f3fb4370000 ---p 00000000 00:00 0 
7f3fb4370000-7f3fb446e000 rw-p 00000000 00:00 0 
7f3fb446e000-7f3fb48f9000 r--p 00000000 08:02 58459750                   /usr/lib/locale/locale-archive
7f3fb48f9000-7f3fb48fc000 ---p 00000000 00:00 0 
7f3fb48fc000-7f3fb49fa000 rw-p 00000000 00:00 0 
7f3fb49fa000-7f3fb49fd000 ---p 00000000 00:00 0 
7f3fb49fd000-7f3fb4afb000 rw-p 00000000 00:00 0 
7f3fb4afb000-7f3fb4afc000 ---p 00000000 00:00 0 
7f3fb4afc000-7f3fb5000000 rw-p 00000000 00:00 0 
7f3fb5000000-7f3fb5270000 rwxp 00000000 00:00 0 
7f3fb5270000-7f3fc4000000 ---p 00000000 00:00 0 
7f3fc4000000-7f3fc428f000 rw-p 00000000 00:00 0 
7f3fc428f000-7f3fc8000000 ---p 00000000 00:00 0 
7f3fc8002000-7f3fc8004000 r--s 00001000 08:02 29754138                   /home/daniel/projects/YCSB/leveldbjnin/lib/leveldb-api-0.6.jar
7f3fc8004000-7f3fc8012000 r--s 000b0000 08:02 8391257                    /root/.m2/repository/org/codehaus/jackson/jackson-mapper-asl/1.9.4/jackson-mapper-asl-1.9.4.jar
7f3fc8012000-7f3fc8015000 r--s 00017000 08:02 8391267                    /root/.m2/repository/org/hdrhistogram/HdrHistogram/2.1.4/HdrHistogram-2.1.4.jar
7f3fc8015000-7f3fc8030000 r--s 00394000 08:02 58992470                   /usr/lib/jvm/java-8-openjdk-amd64/jre/lib/ext/cldrdata.jar
7f3fc8030000-7f3fc804b000 r--s 001d6000 08:02 58991975                   /usr/lib/jvm/java-8-openjdk-amd64/jre/lib/ext/nashorn.jar
7f3fc804b000-7f3fc8c28000 rw-p 00000000 00:00 0 
7f3fc8c28000-7f3fc8df7000 r--s 03c33000 08:02 58853402                   /usr/lib/jvm/java-8-openjdk-amd64/jre/lib/rt.jar
7f3fc8df7000-7f3fc92ed000 rw-p 00000000 00:00 0 
7f3fc92ed000-7f3fc966d000 ---p 00000000 00:00 0 
7f3fc966d000-7f3fc9a45000 rw-p 00000000 00:00 0 
7f3fc9a45000-7f3fc9a46000 ---p 00000000 00:00 0 
7f3fc9a46000-7f3fc9b46000 rw-p 00000000 00:00 0 
7f3fc9b46000-7f3fc9b47000 ---p 00000000 00:00 0 
7f3fc9b47000-7f3fc9c47000 rw-p 00000000 00:00 0 
7f3fc9c47000-7f3fc9c48000 ---p 00000000 00:00 0 
7f3fc9c48000-7f3fc9d48000 rw-p 00000000 00:00 0 
7f3fc9d48000-7f3fc9d49000 ---p 00000000 00:00 0 
7f3fc9d49000-7f3fc9e73000 rw-p 00000000 00:00 0 
7f3fc9e73000-7f3fca0d9000 ---p 00000000 00:00 0 
7f3fca0d9000-7f3fca103000 rw-p 00000000 00:00 0 
7f3fca103000-7f3fca369000 ---p 00000000 00:00 0 
7f3fca369000-7f3fca37e000 rw-p 00000000 00:00 0 
7f3fca37e000-7f3fca4b1000 ---p 00000000 00:00 0 
7f3fca4b1000-7f3fca4bc000 rw-p 00000000 00:00 0 
7f3fca4bc000-7f3fca872000 ---p 00000000 00:00 0 
7f3fca872000-7f3fca87a000 r-xp 00000000 08:02 59117435                   /usr/lib/jvm/java-8-openjdk-amd64/jre/lib/amd64/libzip.so
7f3fca87a000-7f3fcaa79000 ---p 00008000 08:02 59117435                   /usr/lib/jvm/java-8-openjdk-amd64/jre/lib/amd64/libzip.so
7f3fcaa79000-7f3fcaa7a000 r--p 00007000 08:02 59117435                   /usr/lib/jvm/java-8-openjdk-amd64/jre/lib/amd64/libzip.so
7f3fcaa7a000-7f3fcaa7b000 rw-p 00008000 08:02 59117435                   /usr/lib/jvm/java-8-openjdk-amd64/jre/lib/amd64/libzip.so
7f3fcaa7b000-7f3fcaa86000 r-xp 00000000 08:02 29360434                   /lib/x86_64-linux-gnu/libnss_files-2.23.so
7f3fcaa86000-7f3fcac85000 ---p 0000b000 08:02 29360434                   /lib/x86_64-linux-gnu/libnss_files-2.23.so
7f3fcac85000-7f3fcac86000 r--p 0000a000 08:02 29360434                   /lib/x86_64-linux-gnu/libnss_files-2.23.so
7f3fcac86000-7f3fcac87000 rw-p 0000b000 08:02 29360434                   /lib/x86_64-linux-gnu/libnss_files-2.23.so
7f3fcac87000-7f3fcac8d000 rw-p 00000000 00:00 0 
7f3fcac8d000-7f3fcac98000 r-xp 00000000 08:02 29360427                   /lib/x86_64-linux-gnu/libnss_nis-2.23.so
7f3fcac98000-7f3fcae97000 ---p 0000b000 08:02 29360427                   /lib/x86_64-linux-gnu/libnss_nis-2.23.so
7f3fcae97000-7f3fcae98000 r--p 0000a000 08:02 29360427                   /lib/x86_64-linux-gnu/libnss_nis-2.23.so
7f3fcae98000-7f3fcae99000 rw-p 0000b000 08:02 29360427                   /lib/x86_64-linux-gnu/libnss_nis-2.23.so
7f3fcae99000-7f3fcaeaf000 r-xp 00000000 08:02 29360432                   /lib/x86_64-linux-gnu/libnsl-2.23.so
7f3fcaeaf000-7f3fcb0ae000 ---p 00016000 08:02 29360432                   /lib/x86_64-linux-gnu/libnsl-2.23.so
7f3fcb0ae000-7f3fcb0af000 r--p 00015000 08:02 29360432                   /lib/x86_64-linux-gnu/libnsl-2.23.so
7f3fcb0af000-7f3fcb0b0000 rw-p 00016000 08:02 29360432                   /lib/x86_64-linux-gnu/libnsl-2.23.so
7f3fcb0b0000-7f3fcb0b2000 rw-p 00000000 00:00 0 
7f3fcb0b2000-7f3fcb0ba000 r-xp 00000000 08:02 29360438                   /lib/x86_64-linux-gnu/libnss_compat-2.23.so
7f3fcb0ba000-7f3fcb2b9000 ---p 00008000 08:02 29360438                   /lib/x86_64-linux-gnu/libnss_compat-2.23.so
7f3fcb2b9000-7f3fcb2ba000 r--p 00007000 08:02 29360438                   /lib/x86_64-linux-gnu/libnss_compat-2.23.so
7f3fcb2ba000-7f3fcb2bb000 rw-p 00008000 08:02 29360438                   /lib/x86_64-linux-gnu/libnss_compat-2.23.so
7f3fcb2bb000-7f3fcb2e8000 r-xp 00000000 08:02 59117466                   /usr/lib/jvm/java-8-openjdk-amd64/jre/lib/amd64/libjava.so
7f3fcb2e8000-7f3fcb4e7000 ---p 0002d000 08:02 59117466                   /usr/lib/jvm/java-8-openjdk-amd64/jre/lib/amd64/libjava.so
7f3fcb4e7000-7f3fcb4e8000 r--p 0002c000 08:02 59117466                   /usr/lib/jvm/java-8-openjdk-amd64/jre/lib/amd64/libjava.so
7f3fcb4e8000-7f3fcb4ea000 rw-p 0002d000 08:02 59117466                   /usr/lib/jvm/java-8-openjdk-amd64/jre/lib/amd64/libjava.so
7f3fcb4ea000-7f3fcb4f9000 r-xp 00000000 08:02 59117469                   /usr/lib/jvm/java-8-openjdk-amd64/jre/lib/amd64/libverify.so
7f3fcb4f9000-7f3fcb6f8000 ---p 0000f000 08:02 59117469                   /usr/lib/jvm/java-8-openjdk-amd64/jre/lib/amd64/libverify.so
7f3fcb6f8000-7f3fcb6fa000 r--p 0000e000 08:02 59117469                   /usr/lib/jvm/java-8-openjdk-amd64/jre/lib/amd64/libverify.so
7f3fcb6fa000-7f3fcb6fb000 rw-p 00010000 08:02 59117469                   /usr/lib/jvm/java-8-openjdk-amd64/jre/lib/amd64/libverify.so
7f3fcb6fb000-7f3fcb702000 r-xp 00000000 08:02 29360414                   /lib/x86_64-linux-gnu/librt-2.23.so
7f3fcb702000-7f3fcb901000 ---p 00007000 08:02 29360414                   /lib/x86_64-linux-gnu/librt-2.23.so
7f3fcb901000-7f3fcb902000 r--p 00006000 08:02 29360414                   /lib/x86_64-linux-gnu/librt-2.23.so
7f3fcb902000-7f3fcb903000 rw-p 00007000 08:02 29360414                   /lib/x86_64-linux-gnu/librt-2.23.so
7f3fcb903000-7f3fcb919000 r-xp 00000000 08:02 29364820                   /lib/x86_64-linux-gnu/libgcc_s.so.1
7f3fcb919000-7f3fcbb18000 ---p 00016000 08:02 29364820                   /lib/x86_64-linux-gnu/libgcc_s.so.1
7f3fcbb18000-7f3fcbb19000 rw-p 00015000 08:02 29364820                   /lib/x86_64-linux-gnu/libgcc_s.so.1
7f3fcbb19000-7f3fcbc21000 r-xp 00000000 08:02 29360440                   /lib/x86_64-linux-gnu/libm-2.23.so
7f3fcbc21000-7f3fcbe20000 ---p 00108000 08:02 29360440                   /lib/x86_64-linux-gnu/libm-2.23.so
7f3fcbe20000-7f3fcbe21000 r--p 00107000 08:02 29360440                   /lib/x86_64-linux-gnu/libm-2.23.so
7f3fcbe21000-7f3fcbe22000 rw-p 00108000 08:02 29360440                   /lib/x86_64-linux-gnu/libm-2.23.so
7f3fcbe22000-7f3fcbf94000 r-xp 00000000 08:02 58458300                   /usr/lib/x86_64-linux-gnu/libstdc++.so.6.0.21
7f3fcbf94000-7f3fcc194000 ---p 00172000 08:02 58458300                   /usr/lib/x86_64-linux-gnu/libstdc++.so.6.0.21
7f3fcc194000-7f3fcc19e000 r--p 00172000 08:02 58458300                   /usr/lib/x86_64-linux-gnu/libstdc++.so.6.0.21
7f3fcc19e000-7f3fcc1a0000 rw-p 0017c000 08:02 58458300                   /usr/lib/x86_64-linux-gnu/libstdc++.so.6.0.21
7f3fcc1a0000-7f3fcc1a4000 rw-p 00000000 00:00 0 
7f3fcc1a4000-7f3fcce05000 r-xp 00000000 08:02 59117474                   /usr/lib/jvm/java-8-openjdk-amd64/jre/lib/amd64/server/libjvm.so
7f3fcce05000-7f3fcd005000 ---p 00c61000 08:02 59117474                   /usr/lib/jvm/java-8-openjdk-amd64/jre/lib/amd64/server/libjvm.so
7f3fcd005000-7f3fcd099000 r--p 00c61000 08:02 59117474                   /usr/lib/jvm/java-8-openjdk-amd64/jre/lib/amd64/server/libjvm.so
7f3fcd099000-7f3fcd0c2000 rw-p 00cf5000 08:02 59117474                   /usr/lib/jvm/java-8-openjdk-amd64/jre/lib/amd64/server/libjvm.so
7f3fcd0c2000-7f3fcd0f2000 rw-p 00000000 00:00 0 
7f3fcd0f2000-7f3fcd10a000 r-xp 00000000 08:02 29360424                   /lib/x86_64-linux-gnu/libpthread-2.23.so
7f3fcd10a000-7f3fcd309000 ---p 00018000 08:02 29360424                   /lib/x86_64-linux-gnu/libpthread-2.23.so
7f3fcd309000-7f3fcd30a000 r--p 00017000 08:02 29360424                   /lib/x86_64-linux-gnu/libpthread-2.23.so
7f3fcd30a000-7f3fcd30b000 rw-p 00018000 08:02 29360424                   /lib/x86_64-linux-gnu/libpthread-2.23.so
7f3fcd30b000-7f3fcd30f000 rw-p 00000000 00:00 0 
7f3fcd30f000-7f3fcd312000 r-xp 00000000 08:02 29360416                   /lib/x86_64-linux-gnu/libdl-2.23.so
7f3fcd312000-7f3fcd511000 ---p 00003000 08:02 29360416                   /lib/x86_64-linux-gnu/libdl-2.23.so
7f3fcd511000-7f3fcd512000 r--p 00002000 08:02 29360416                   /lib/x86_64-linux-gnu/libdl-2.23.so
7f3fcd512000-7f3fcd513000 rw-p 00003000 08:02 29360416                   /lib/x86_64-linux-gnu/libdl-2.23.so
7f3fcd513000-7f3fcd52c000 r-xp 00000000 08:02 29364973                   /lib/x86_64-linux-gnu/libz.so.1.2.8
7f3fcd52c000-7f3fcd72b000 ---p 00019000 08:02 29364973                   /lib/x86_64-linux-gnu/libz.so.1.2.8
7f3fcd72b000-7f3fcd72c000 r--p 00018000 08:02 29364973                   /lib/x86_64-linux-gnu/libz.so.1.2.8
7f3fcd72c000-7f3fcd72d000 rw-p 00019000 08:02 29364973                   /lib/x86_64-linux-gnu/libz.so.1.2.8
7f3fcd72d000-7f3fcd8ed000 r-xp 00000000 08:02 29360437                   /lib/x86_64-linux-gnu/libc-2.23.so
7f3fcd8ed000-7f3fcdaed000 ---p 001c0000 08:02 29360437                   /lib/x86_64-linux-gnu/libc-2.23.so
7f3fcdaed000-7f3fcdaf1000 r--p 001c0000 08:02 29360437                   /lib/x86_64-linux-gnu/libc-2.23.so
7f3fcdaf1000-7f3fcdaf3000 rw-p 001c4000 08:02 29360437                   /lib/x86_64-linux-gnu/libc-2.23.so
7f3fcdaf3000-7f3fcdaf7000 rw-p 00000000 00:00 0 
7f3fcdaf7000-7f3fcdb04000 r-xp 00000000 08:02 59245694                   /usr/lib/jvm/java-8-openjdk-amd64/jre/lib/amd64/jli/libjli.so
7f3fcdb04000-7f3fcdd04000 ---p 0000d000 08:02 59245694                   /usr/lib/jvm/java-8-openjdk-amd64/jre/lib/amd64/jli/libjli.so
7f3fcdd04000-7f3fcdd05000 r--p 0000d000 08:02 59245694                   /usr/lib/jvm/java-8-openjdk-amd64/jre/lib/amd64/jli/libjli.so
7f3fcdd05000-7f3fcdd06000 rw-p 0000e000 08:02 59245694                   /usr/lib/jvm/java-8-openjdk-amd64/jre/lib/amd64/jli/libjli.so
7f3fcdd06000-7f3fcdd2c000 r-xp 00000000 08:02 29360423                   /lib/x86_64-linux-gnu/ld-2.23.so
7f3fcdd2c000-7f3fcdd2f000 r--s 00022000 08:02 29891117                   /home/daniel/projects/YCSB/core/target/core-0.16.0-SNAPSHOT.jar
7f3fcdd2f000-7f3fcdd30000 r--s 00040000 08:02 29754140                   /home/daniel/projects/YCSB/leveldbjnin/lib/leveldbjni-linux64-1.1.jar
7f3fcdd30000-7f3fcdd31000 r--s 00004000 08:02 8391618                    /root/.m2/repository/org/fusesource/hawtjni/hawtjni-runtime/1.9/hawtjni-runtime-1.9.jar
7f3fcdd31000-7f3fcdd33000 r--s 0000b000 08:02 29754139                   /home/daniel/projects/YCSB/leveldbjnin/lib/leveldbjni-1.1.jar
7f3fcdd33000-7f3fcdd34000 r--s 0030f000 08:02 29891127                   /home/daniel/projects/YCSB/leveldbjnin/target/leveldbjnin-binding-0.16.0-SNAPSHOT.jar
7f3fcdd34000-7f3fcdd3e000 r--s 00116000 08:02 58992679                   /usr/lib/jvm/java-8-openjdk-amd64/jre/lib/ext/localedata.jar
7f3fcdd3e000-7f3fcde09000 rw-p 00000000 00:00 0 
7f3fcde09000-7f3fcde0c000 ---p 00000000 00:00 0 
7f3fcde0c000-7f3fcdf0e000 rw-p 00000000 00:00 0 
7f3fcdf0e000-7f3fcdf11000 r--s 0000f000 08:02 58992472                   /usr/lib/jvm/java-8-openjdk-amd64/jre/lib/ext/icedtea-sound.jar
7f3fcdf11000-7f3fcdf14000 r--s 00038000 08:02 58991976                   /usr/lib/jvm/java-8-openjdk-amd64/jre/lib/ext/sunpkcs11.jar
7f3fcdf14000-7f3fcdf15000 r--s 00010000 08:02 58992467                   /usr/lib/jvm/java-8-openjdk-amd64/jre/lib/ext/zipfs.jar
7f3fcdf15000-7f3fcdf17000 r--s 00008000 08:02 58991977                   /usr/lib/jvm/java-8-openjdk-amd64/jre/lib/ext/sunec.jar
7f3fcdf17000-7f3fcdf19000 r--s 00001000 08:02 58992468                   /usr/lib/jvm/java-8-openjdk-amd64/jre/lib/ext/dnsns.jar
7f3fcdf19000-7f3fcdf1f000 r--s 0003b000 08:02 58992471                   /usr/lib/jvm/java-8-openjdk-amd64/jre/lib/ext/sunjce_provider.jar
7f3fcdf1f000-7f3fcdf20000 r--s 0000a000 08:02 58992469                   /usr/lib/jvm/java-8-openjdk-amd64/jre/lib/ext/jaccess.jar
7f3fcdf20000-7f3fcdf28000 rw-s 00000000 08:02 39584306                   /tmp/hsperfdata_root/19156
7f3fcdf28000-7f3fcdf29000 rw-p 00000000 00:00 0 
7f3fcdf29000-7f3fcdf2a000 r--p 00000000 00:00 0 
7f3fcdf2a000-7f3fcdf2b000 rw-p 00000000 00:00 0 
7f3fcdf2b000-7f3fcdf2c000 r--p 00025000 08:02 29360423                   /lib/x86_64-linux-gnu/ld-2.23.so
7f3fcdf2c000-7f3fcdf2d000 rw-p 00026000 08:02 29360423                   /lib/x86_64-linux-gnu/ld-2.23.so
7f3fcdf2d000-7f3fcdf2e000 rw-p 00000000 00:00 0 
7ffd848e2000-7ffd84903000 rw-p 00000000 00:00 0                          [stack]
7ffd84904000-7ffd84907000 r--p 00000000 00:00 0                          [vvar]
7ffd84907000-7ffd84909000 r-xp 00000000 00:00 0                          [vdso]
ffffffffff600000-ffffffffff601000 r-xp 00000000 00:00 0                  [vsyscall]

VM Arguments:
java_command: com.yahoo.ycsb.Client -db com.yahoo.ycsb.db.LevelDbJniClientN -P workloads/workloada -t
java_class_path (initial): /home/daniel/projects/YCSB/leveldbjnin/conf:/home/daniel/projects/YCSB/leveldbjnin/target/leveldbjnin-binding-0.16.0-SNAPSHOT.jar:/root/.m2/repository/org/apache/htrace/htrace-core4/4.1.0-incubating/htrace-core4-4.1.0-incubating.jar:/home/daniel/projects/YCSB/leveldbjnin/lib/leveldbjni-1.1.jar:/root/.m2/repository/org/fusesource/hawtjni/hawtjni-runtime/1.9/hawtjni-runtime-1.9.jar:/home/daniel/projects/YCSB/leveldbjnin/lib/leveldbjni-linux64-1.1.jar:/home/daniel/projects/YCSB/core/target/core-0.16.0-SNAPSHOT.jar:/root/.m2/repository/org/hdrhistogram/HdrHistogram/2.1.4/HdrHistogram-2.1.4.jar:/root/.m2/repository/org/codehaus/jackson/jackson-mapper-asl/1.9.4/jackson-mapper-asl-1.9.4.jar:/home/daniel/projects/YCSB/leveldbjnin/lib/leveldb-api-0.6.jar:/root/.m2/repository/org/codehaus/jackson/jackson-core-asl/1.9.4/jackson-core-asl-1.9.4.jar
Launcher Type: SUN_STANDARD

Environment Variables:
PATH=/usr/local/sbin:/usr/local/bin:/usr/sbin:/usr/bin:/sbin:/bin:/snap/bin
USERNAME=root
SHELL=/bin/bash
DISPLAY=:0

Signal Handlers:
SIGSEGV: [libjvm.so+0xa74ca0], sa_mask[0]=11111111011111111101111111111110, sa_flags=SA_RESTART|SA_SIGINFO
SIGBUS: [libjvm.so+0xa74ca0], sa_mask[0]=11111111011111111101111111111110, sa_flags=SA_RESTART|SA_SIGINFO
SIGFPE: [libjvm.so+0x8bbcf0], sa_mask[0]=11111111011111111101111111111110, sa_flags=SA_RESTART|SA_SIGINFO
SIGPIPE: [libjvm.so+0x8bbcf0], sa_mask[0]=11111111011111111101111111111110, sa_flags=SA_RESTART|SA_SIGINFO
SIGXFSZ: [libjvm.so+0x8bbcf0], sa_mask[0]=11111111011111111101111111111110, sa_flags=SA_RESTART|SA_SIGINFO
SIGILL: [libjvm.so+0x8bbcf0], sa_mask[0]=11111111011111111101111111111110, sa_flags=SA_RESTART|SA_SIGINFO
SIGUSR1: SIG_DFL, sa_mask[0]=00000000000000000000000000000000, sa_flags=none
SIGUSR2: [libjvm.so+0x8bbba0], sa_mask[0]=00000000000000000000000000000000, sa_flags=SA_RESTART|SA_SIGINFO
SIGHUP: [libjvm.so+0x8bc230], sa_mask[0]=11111111011111111101111111111110, sa_flags=SA_RESTART|SA_SIGINFO
SIGINT: [libjvm.so+0x8bc230], sa_mask[0]=11111111011111111101111111111110, sa_flags=SA_RESTART|SA_SIGINFO
SIGTERM: [libjvm.so+0x8bc230], sa_mask[0]=11111111011111111101111111111110, sa_flags=SA_RESTART|SA_SIGINFO
SIGQUIT: [libjvm.so+0x8bc230], sa_mask[0]=11111111011111111101111111111110, sa_flags=SA_RESTART|SA_SIGINFO


---------------  S Y S T E M  ---------------

OS:DISTRIB_ID=Ubuntu
DISTRIB_RELEASE=16.04
DISTRIB_CODENAME=xenial
DISTRIB_DESCRIPTION="Ubuntu 16.04.6 LTS"

uname:Linux 4.15.0 #1 SMP Mon Mar 18 19:18:58 CST 2019 x86_64
libc:glibc 2.23 NPTL 2.23 
rlimit: STACK 8192k, CORE 0k, NPROC 29473, NOFILE 1048576, AS infinity
load average:1.47 1.37 1.03

/proc/meminfo:
MemTotal:        8057312 kB
MemFree:         1695444 kB
MemAvailable:    3216176 kB
Buffers:           56332 kB
Cached:          2461544 kB
SwapCached:            0 kB
Active:          4120240 kB
Inactive:        1907992 kB
Active(anon):    3537808 kB
Inactive(anon):   791728 kB
Active(file):     582432 kB
Inactive(file):  1116264 kB
Unevictable:          48 kB
Mlocked:              48 kB
SwapTotal:       1000444 kB
SwapFree:        1000444 kB
Dirty:             51392 kB
Writeback:            40 kB
AnonPages:       3510408 kB
Mapped:           423684 kB
Shmem:            834396 kB
Slab:             173620 kB
SReclaimable:      92784 kB
SUnreclaim:        80836 kB
KernelStack:       14784 kB
PageTables:        61940 kB
NFS_Unstable:          0 kB
Bounce:                0 kB
WritebackTmp:          0 kB
CommitLimit:     5029100 kB
Committed_AS:   11847404 kB
VmallocTotal:   34359738367 kB
VmallocUsed:           0 kB
VmallocChunk:          0 kB
HardwareCorrupted:     0 kB
AnonHugePages:         0 kB
ShmemHugePages:        0 kB
ShmemPmdMapped:        0 kB
CmaTotal:              0 kB
CmaFree:               0 kB
HugePages_Total:       0
HugePages_Free:        0
HugePages_Rsvd:        0
HugePages_Surp:        0
Hugepagesize:       2048 kB
DirectMap4k:      548460 kB
DirectMap2M:     7731200 kB
DirectMap1G:           0 kB

container (cgroup) information:
container_type: cgroupv1
cpu_cpuset_cpus: 0-3
cpu_memory_nodes: 0
active_processor_count: 4
cpu_quota: -1
cpu_period: 100000
cpu_shares: -1
memory_limit_in_bytes: -1
memory_and_swap_limit_in_bytes: -2
memory_soft_limit_in_bytes: -1
memory_usage_in_bytes: 6172966912
memory_max_usage_in_bytes: 1826816


CPU:total 4 (initial active 4) (4 cores per cpu, 1 threads per core) family 6 model 158 stepping 9, cmov, cx8, fxsr, mmx, sse, sse2, sse3, ssse3, sse4.1, sse4.2, popcnt, avx, avx2, aes, clmul, erms, rtm, 3dnowpref, lzcnt, tsc, tscinvbit, bmi1, bmi2, adx

/proc/cpuinfo:
processor	: 0
vendor_id	: GenuineIntel
cpu family	: 6
model		: 158
model name	: Intel(R) Core(TM) i5-7500 CPU @ 3.40GHz
stepping	: 9
microcode	: 0x8e
cpu MHz		: 3587.974
cache size	: 6144 KB
physical id	: 0
siblings	: 4
core id		: 0
cpu cores	: 4
apicid		: 0
initial apicid	: 0
fpu		: yes
fpu_exception	: yes
cpuid level	: 22
wp		: yes
flags		: fpu vme de pse tsc msr pae mce cx8 apic sep mtrr pge mca cmov pat pse36 clflush dts acpi mmx fxsr sse sse2 ss ht tm pbe syscall nx pdpe1gb rdtscp lm constant_tsc art arch_perfmon pebs bts rep_good nopl xtopology nonstop_tsc cpuid aperfmperf tsc_known_freq pni pclmulqdq dtes64 monitor ds_cpl vmx smx est tm2 ssse3 sdbg fma cx16 xtpr pdcm pcid sse4_1 sse4_2 x2apic movbe popcnt tsc_deadline_timer aes xsave avx f16c rdrand lahf_lm abm 3dnowprefetch cpuid_fault invpcid_single pti retpoline rsb_ctxsw tpr_shadow vnmi flexpriority ept vpid fsgsbase tsc_adjust bmi1 hle avx2 smep bmi2 erms invpcid rtm mpx rdseed adx smap clflushopt intel_pt xsaveopt xsavec xgetbv1 xsaves dtherm ida arat pln pts hwp hwp_notify hwp_act_window hwp_epp
bugs		: cpu_meltdown spectre_v1 spectre_v2
bogomips	: 6816.00
clflush size	: 64
cache_alignment	: 64
address sizes	: 39 bits physical, 48 bits virtual
power management:

processor	: 1
vendor_id	: GenuineIntel
cpu family	: 6
model		: 158
model name	: Intel(R) Core(TM) i5-7500 CPU @ 3.40GHz
stepping	: 9
microcode	: 0x8e
cpu MHz		: 3550.272
cache size	: 6144 KB
physical id	: 0
siblings	: 4
core id		: 1
cpu cores	: 4
apicid		: 2
initial apicid	: 2
fpu		: yes
fpu_exception	: yes
cpuid level	: 22
wp		: yes
flags		: fpu vme de pse tsc msr pae mce cx8 apic sep mtrr pge mca cmov pat pse36 clflush dts acpi mmx fxsr sse sse2 ss ht tm pbe syscall nx pdpe1gb rdtscp lm constant_tsc art arch_perfmon pebs bts rep_good nopl xtopology nonstop_tsc cpuid aperfmperf tsc_known_freq pni pclmulqdq dtes64 monitor ds_cpl vmx smx est tm2 ssse3 sdbg fma cx16 xtpr pdcm pcid sse4_1 sse4_2 x2apic movbe popcnt tsc_deadline_timer aes xsave avx f16c rdrand lahf_lm abm 3dnowprefetch cpuid_fault invpcid_single pti retpoline rsb_ctxsw tpr_shadow vnmi flexpriority ept vpid fsgsbase tsc_adjust bmi1 hle avx2 smep bmi2 erms invpcid rtm mpx rdseed adx smap clflushopt intel_pt xsaveopt xsavec xgetbv1 xsaves dtherm ida arat pln pts hwp hwp_notify hwp_act_window hwp_epp
bugs		: cpu_meltdown spectre_v1 spectre_v2
bogomips	: 6816.00
clflush size	: 64
cache_alignment	: 64
address sizes	: 39 bits physical, 48 bits virtual
power management:

processor	: 2
vendor_id	: GenuineIntel
cpu family	: 6
model		: 158
model name	: Intel(R) Core(TM) i5-7500 CPU @ 3.40GHz
stepping	: 9
microcode	: 0x8e
cpu MHz		: 3600.021
cache size	: 6144 KB
physical id	: 0
siblings	: 4
core id		: 2
cpu cores	: 4
apicid		: 4
initial apicid	: 4
fpu		: yes
fpu_exception	: yes
cpuid level	: 22
wp		: yes
flags		: fpu vme de pse tsc msr pae mce cx8 apic sep mtrr pge mca cmov pat pse36 clflush dts acpi mmx fxsr sse sse2 ss ht tm pbe syscall nx pdpe1gb rdtscp lm constant_tsc art arch_perfmon pebs bts rep_good nopl xtopology nonstop_tsc cpuid aperfmperf tsc_known_freq pni pclmulqdq dtes64 monitor ds_cpl vmx smx est tm2 ssse3 sdbg fma cx16 xtpr pdcm pcid sse4_1 sse4_2 x2apic movbe popcnt tsc_deadline_timer aes xsave avx f16c rdrand lahf_lm abm 3dnowprefetch cpuid_fault invpcid_single pti retpoline rsb_ctxsw tpr_shadow vnmi flexpriority ept vpid fsgsbase tsc_adjust bmi1 hle avx2 smep bmi2 erms invpcid rtm mpx rdseed adx smap clflushopt intel_pt xsaveopt xsavec xgetbv1 xsaves dtherm ida arat pln pts hwp hwp_notify hwp_act_window hwp_epp
bugs		: cpu_meltdown spectre_v1 spectre_v2
bogomips	: 6816.00
clflush size	: 64
cache_alignment	: 64
address sizes	: 39 bits physical, 48 bits virtual
power management:

processor	: 3
vendor_id	: GenuineIntel
cpu family	: 6
model		: 158
model name	: Intel(R) Core(TM) i5-7500 CPU @ 3.40GHz
stepping	: 9
microcode	: 0x8e
cpu MHz		: 3600.002
cache size	: 6144 KB
physical id	: 0
siblings	: 4
core id		: 3
cpu cores	: 4
apicid		: 6
initial apicid	: 6
fpu		: yes
fpu_exception	: yes
cpuid level	: 22
wp		: yes
flags		: fpu vme de pse tsc msr pae mce cx8 apic sep mtrr pge mca cmov pat pse36 clflush dts acpi mmx fxsr sse sse2 ss ht tm pbe syscall nx pdpe1gb rdtscp lm constant_tsc art arch_perfmon pebs bts rep_good nopl xtopology nonstop_tsc cpuid aperfmperf tsc_known_freq pni pclmulqdq dtes64 monitor ds_cpl vmx smx est tm2 ssse3 sdbg fma cx16 xtpr pdcm pcid sse4_1 sse4_2 x2apic movbe popcnt tsc_deadline_timer aes xsave avx f16c rdrand lahf_lm abm 3dnowprefetch cpuid_fault invpcid_single pti retpoline rsb_ctxsw tpr_shadow vnmi flexpriority ept vpid fsgsbase tsc_adjust bmi1 hle avx2 smep bmi2 erms invpcid rtm mpx rdseed adx smap clflushopt intel_pt xsaveopt xsavec xgetbv1 xsaves dtherm ida arat pln pts hwp hwp_notify hwp_act_window hwp_epp
bugs		: cpu_meltdown spectre_v1 spectre_v2
bogomips	: 6816.00
clflush size	: 64
cache_alignment	: 64
address sizes	: 39 bits physical, 48 bits virtual
power management:



Memory: 4k page, physical 8057312k(1695244k free), swap 1000444k(1000444k free)

vm_info: OpenJDK 64-Bit Server VM (25.191-b12) for linux-amd64 JRE (1.8.0_191-8u191-b12-2ubuntu0.16.04.1-b12), built on Jan 14 2019 21:59:52 by "buildd" with gcc 5.4.0 20160609

time: Fri Apr  5 09:20:14 2019
elapsed time: 0 seconds (0d 0h 0m 0s)

