#
# A fatal error has been detected by the Java Runtime Environment:
#
#  SIGSEGV (0xb) at pc=0x00007f949057866f, pid=16719, tid=0x00007f9493afa700
#
# JRE version: OpenJDK Runtime Environment (8.0_191-b12) (build 1.8.0_191-8u191-b12-2ubuntu0.16.04.1-b12)
# Java VM: OpenJDK 64-Bit Server VM (25.191-b12 mixed mode linux-amd64 compressed oops)
# Problematic frame:
# C  [libClient.so+0x5566f]  Java_com_yahoo_ycsb_db_LevelDbJniClientN_cinsert+0xf5
#
# Failed to write core dump. Core dumps have been disabled. To enable core dumping, try "ulimit -c unlimited" before starting Java again
#
# If you would like to submit a bug report, please visit:
#   http://bugreport.java.com/bugreport/crash.jsp
# The crash happened outside the Java Virtual Machine in native code.
# See problematic frame for where to report the bug.
#

---------------  T H R E A D  ---------------

Current thread (0x00007f94ac23d800):  JavaThread "Thread-2" [_thread_in_native, id=16735, stack(0x00007f94939fa000,0x00007f9493afb000)]

siginfo: si_signo: 11 (SIGSEGV), si_code: 1 (SEGV_MAPERR), si_addr: 0x0000000000000000

Registers:
RAX=0x0000000000000000, RBX=0x00007f94b0d95c28, RCX=0x000000007ffffff2, RDX=0x0000000000000000
RSP=0x00007f9493af9650, RBP=0x00007f9493af9710, RSI=0x0000000000000000, RDI=0x00007f9493af9120
R8 =0x0000000000000000, R9 =0x000000000000000e, R10=0x0000000000000002, R11=0x0000000000000000
R12=0x0000000000000000, R13=0x00007f94b0d95c28, R14=0x00007f9493af97b0, R15=0x00007f94ac23d800
RIP=0x00007f949057866f, EFLAGS=0x0000000000010206, CSGSFS=0x002b000000000033, ERR=0x0000000000000004
  TRAPNO=0x000000000000000e

Top of Stack: (sp=0x00007f9493af9650)
0x00007f9493af9650:   00007f9493af97a0 00007f9493af97a8
0x00007f9493af9660:   00007f9493af97b0 00007f94ac23d9e0
0x00007f9493af9670:   00007f9493af9700 00007f94b42e21ca
0x00007f9493af9680:   00007f94ac23d800 00007f94ac23d800
0x00007f9493af9690:   00007f9493af96b0 00007f94b44d8589
0x00007f9493af96a0:   00007f94ac23d800 00007f94b0d95c28
0x00007f9493af96b0:   00007f945800b100 0000000000000017
0x00007f9493af96c0:   0000000000000017 00007f94ac23d800
0x00007f9493af96d0:   00007f945800e810 0000000000000465
0x00007f9493af96e0:   0000000000000465 00007f94b0d95c28
0x00007f9493af96f0:   0000000000000000 fc986c8dd5d85a00
0x00007f9493af9700:   00007f9493af9780 00007f94b0d95c28
0x00007f9493af9710:   00007f9493af9780 00007f949d018407
0x00007f9493af9720:   00007f9493af9780 00007f949d018159
0x00007f9493af9730:   fffffffe00000000 00007f949d018122
0x00007f9493af9740:   00007f9493af9740 00007f94b0d95c28
0x00007f9493af9750:   00007f9493af97b0 00007f94b0d96370
0x00007f9493af9760:   0000000000000000 00007f94b0d95c28
0x00007f9493af9770:   0000000000000000 00007f9493af97a0
0x00007f9493af9780:   00007f9493af97f8 00007f949d007ffd
0x00007f9493af9790:   0000000000000000 00007f949d011a58
0x00007f9493af97a0:   00000000d74c4cf0 00000000d74c08e0
0x00007f9493af97b0:   00000000d7306af0 00007f9493af97b8
0x00007f9493af97c0:   00007f94b0d95cd8 00007f9493af9830
0x00007f9493af97d0:   00007f94b0d96370 0000000000000000
0x00007f9493af97e0:   00007f94b0d95d78 00007f9493af97a0
0x00007f9493af97f0:   00007f9493af9818 00007f9493af9878
0x00007f9493af9800:   00007f949d007d80 00000000d74c4cf0
0x00007f9493af9810:   00000000d74c3030 00000000d74c0938
0x00007f9493af9820:   00000000d74c08e0 00000000d7101670
0x00007f9493af9830:   00000000d7306af0 00007f9493af9838
0x00007f9493af9840:   00007f94b0d947ed 00007f9493af9908 

Instructions: (pc=0x00007f949057866f)
0x00007f949057864f:   45 a0 48 89 c6 48 8d 3d 54 21 04 00 b8 00 00 00
0x00007f949057865f:   00 e8 7b 87 ff ff 48 8b 05 8c 49 26 00 48 8b 00
0x00007f949057866f:   48 8b 00 48 83 c0 10 48 8b 18 48 8d 55 c0 48 8d
0x00007f949057867f:   45 90 48 89 d6 48 89 c7 e8 a4 f7 ff ff 48 8d 55 

Register to memory mapping:

RAX=0x0000000000000000 is an unknown value
RBX={method} {0x00007f94b0d95c28} 'cinsert' '(Ljava/lang/String;Ljava/lang/String;)V' in 'com/yahoo/ycsb/db/LevelDbJniClientN'
RCX=0x000000007ffffff2 is an unknown value
RDX=0x0000000000000000 is an unknown value
RSP=0x00007f9493af9650 is pointing into the stack for thread: 0x00007f94ac23d800
RBP=0x00007f9493af9710 is pointing into the stack for thread: 0x00007f94ac23d800
RSI=0x0000000000000000 is an unknown value
RDI=0x00007f9493af9120 is pointing into the stack for thread: 0x00007f94ac23d800
R8 =0x0000000000000000 is an unknown value
R9 =0x000000000000000e is an unknown value
R10=0x0000000000000002 is an unknown value
R11=0x0000000000000000 is an unknown value
R12=0x0000000000000000 is an unknown value
R13={method} {0x00007f94b0d95c28} 'cinsert' '(Ljava/lang/String;Ljava/lang/String;)V' in 'com/yahoo/ycsb/db/LevelDbJniClientN'
R14=0x00007f9493af97b0 is pointing into the stack for thread: 0x00007f94ac23d800
R15=0x00007f94ac23d800 is a thread


Stack: [0x00007f94939fa000,0x00007f9493afb000],  sp=0x00007f9493af9650,  free space=1021k
Native frames: (J=compiled Java code, j=interpreted, Vv=VM code, C=native code)
C  [libClient.so+0x5566f]  Java_com_yahoo_ycsb_db_LevelDbJniClientN_cinsert+0xf5
j  com.yahoo.ycsb.db.LevelDbJniClientN.cinsert(Ljava/lang/String;Ljava/lang/String;)V+0
j  com.yahoo.ycsb.db.LevelDbJniClientN.insert(Ljava/lang/String;Ljava/lang/String;Ljava/util/Map;)Lcom/yahoo/ycsb/Status;+24
j  com.yahoo.ycsb.DBWrapper.insert(Ljava/lang/String;Ljava/lang/String;Ljava/util/Map;)Lcom/yahoo/ycsb/Status;+37
j  com.yahoo.ycsb.workloads.CoreWorkload.doInsert(Lcom/yahoo/ycsb/DB;Ljava/lang/Object;)Z+42
j  com.yahoo.ycsb.ClientThread.run()V+226
j  java.lang.Thread.run()V+11
v  ~StubRoutines::call_stub
V  [libjvm.so+0x666f7b]
V  [libjvm.so+0x664554]
V  [libjvm.so+0x664b37]
V  [libjvm.so+0x6a7e14]
V  [libjvm.so+0xa187c7]
V  [libjvm.so+0xa18c8c]
V  [libjvm.so+0x8be002]
C  [libpthread.so.0+0x76ba]  start_thread+0xca

Java frames: (J=compiled Java code, j=interpreted, Vv=VM code)
j  com.yahoo.ycsb.db.LevelDbJniClientN.cinsert(Ljava/lang/String;Ljava/lang/String;)V+0
j  com.yahoo.ycsb.db.LevelDbJniClientN.insert(Ljava/lang/String;Ljava/lang/String;Ljava/util/Map;)Lcom/yahoo/ycsb/Status;+24
j  com.yahoo.ycsb.DBWrapper.insert(Ljava/lang/String;Ljava/lang/String;Ljava/util/Map;)Lcom/yahoo/ycsb/Status;+37
j  com.yahoo.ycsb.workloads.CoreWorkload.doInsert(Lcom/yahoo/ycsb/DB;Ljava/lang/Object;)Z+42
j  com.yahoo.ycsb.ClientThread.run()V+226
j  java.lang.Thread.run()V+11
v  ~StubRoutines::call_stub

---------------  P R O C E S S  ---------------

Java Threads: ( => current thread )
=>0x00007f94ac23d800 JavaThread "Thread-2" [_thread_in_native, id=16735, stack(0x00007f94939fa000,0x00007f9493afb000)]
  0x00007f94ac0c8800 JavaThread "Service Thread" daemon [_thread_blocked, id=16732, stack(0x00007f9493bfc000,0x00007f9493cfd000)]
  0x00007f94ac0bd000 JavaThread "C1 CompilerThread2" daemon [_thread_blocked, id=16731, stack(0x00007f9493cfd000,0x00007f9493dfe000)]
  0x00007f94ac0bb800 JavaThread "C2 CompilerThread1" daemon [_thread_blocked, id=16730, stack(0x00007f9493dfe000,0x00007f9493eff000)]
  0x00007f94ac0b8800 JavaThread "C2 CompilerThread0" daemon [_thread_blocked, id=16729, stack(0x00007f9493eff000,0x00007f9494000000)]
  0x00007f94ac0b7000 JavaThread "Signal Dispatcher" daemon [_thread_blocked, id=16728, stack(0x00007f94980e8000,0x00007f94981e9000)]
  0x00007f94ac085000 JavaThread "Finalizer" daemon [_thread_blocked, id=16727, stack(0x00007f9498674000,0x00007f9498775000)]
  0x00007f94ac082000 JavaThread "Reference Handler" daemon [_thread_blocked, id=16726, stack(0x00007f9498775000,0x00007f9498876000)]
  0x00007f94ac00b000 JavaThread "main" [_thread_blocked, id=16720, stack(0x00007f94b58e7000,0x00007f94b59e8000)]

Other Threads:
  0x00007f94ac078800 VMThread [stack: 0x00007f9498876000,0x00007f9498977000] [id=16725]
  0x00007f94ac0cb000 WatcherThread [stack: 0x00007f9493afb000,0x00007f9493bfc000] [id=16733]

VM state:not at safepoint (normal execution)

VM Mutex/Monitor currently owned by a thread: None

Heap:
 PSYoungGen      total 36864K, used 5468K [0x00000000d7000000, 0x00000000d9900000, 0x0000000100000000)
  eden space 31744K, 17% used [0x00000000d7000000,0x00000000d7557388,0x00000000d8f00000)
  from space 5120K, 0% used [0x00000000d9400000,0x00000000d9400000,0x00000000d9900000)
  to   space 5120K, 0% used [0x00000000d8f00000,0x00000000d8f00000,0x00000000d9400000)
 ParOldGen       total 84992K, used 0K [0x0000000085000000, 0x000000008a300000, 0x00000000d7000000)
  object space 84992K, 0% used [0x0000000085000000,0x0000000085000000,0x000000008a300000)
 Metaspace       used 4029K, capacity 4928K, committed 5120K, reserved 1056768K
  class space    used 440K, capacity 498K, committed 512K, reserved 1048576K

Card table byte_map: [0x00007f94b1bb7000,0x00007f94b1f90000] byte_map_base: 0x00007f94b178f000

Marking Bits: (ParMarkBitMap*) 0x00007f94b4bb3520
 Begin Bits: [0x00007f9499280000, 0x00007f949b140000)
 End Bits:   [0x00007f949b140000, 0x00007f949d000000)

Polling page: 0x00007f94b5a07000

CodeCache: size=245760Kb used=1332Kb max_used=1332Kb free=244427Kb
 bounds [0x00007f949d000000, 0x00007f949d270000, 0x00007f94ac000000]
 total_blobs=379 nmethods=129 adapters=165
 compilation: enabled

Compilation events (10 events):
Event: 0.104 Thread 0x00007f94ac0bd000  127       3       sun.reflect.ByteVectorImpl::add (38 bytes)
Event: 0.104 Thread 0x00007f94ac0bd000 nmethod 127 0x00007f949d14be10 code [0x00007f949d14bf80, 0x00007f949d14c1a8]
Event: 0.104 Thread 0x00007f94ac0bd000  126       3       sun.reflect.ClassFileAssembler::emitByte (11 bytes)
Event: 0.104 Thread 0x00007f94ac0bd000 nmethod 126 0x00007f949d14c2d0 code [0x00007f949d14c440, 0x00007f949d14c608]
Event: 0.105 Thread 0x00007f94ac0bd000  129       3       sun.reflect.ClassFileAssembler::emitShort (24 bytes)
Event: 0.106 Thread 0x00007f94ac0bd000 nmethod 129 0x00007f949d14c710 code [0x00007f949d14c8a0, 0x00007f949d14cbb8]
Event: 0.106 Thread 0x00007f94ac0bd000  130       3       sun.reflect.ClassFileAssembler::cpi (22 bytes)
Event: 0.106 Thread 0x00007f94ac0bd000 nmethod 130 0x00007f949d14cd90 code [0x00007f949d14cf00, 0x00007f949d14d148]
Event: 0.106 Thread 0x00007f94ac0bd000  128       1       java.lang.Class::getClassLoader0 (5 bytes)
Event: 0.106 Thread 0x00007f94ac0bd000 nmethod 128 0x00007f949d14d210 code [0x00007f949d14d360, 0x00007f949d14d470]

GC Heap History (0 events):
No events

Deoptimization events (0 events):
No events

Classes redefined (0 events):
No events

Internal exceptions (10 events):
Event: 0.042 Thread 0x00007f94ac00b000 Exception <a 'java/security/PrivilegedActionException'> (0x00000000d705f9a0) thrown at [/build/openjdk-8-6jqSe7/openjdk-8-8u191-b12/src/hotspot/src/share/vm/prims/jvm.cpp, line 1429]
Event: 0.042 Thread 0x00007f94ac00b000 Exception <a 'java/security/PrivilegedActionException'> (0x00000000d705fbb0) thrown at [/build/openjdk-8-6jqSe7/openjdk-8-8u191-b12/src/hotspot/src/share/vm/prims/jvm.cpp, line 1429]
Event: 0.055 Thread 0x00007f94ac00b000 Exception <a 'java/security/PrivilegedActionException'> (0x00000000d70e1c78) thrown at [/build/openjdk-8-6jqSe7/openjdk-8-8u191-b12/src/hotspot/src/share/vm/prims/jvm.cpp, line 1429]
Event: 0.055 Thread 0x00007f94ac00b000 Exception <a 'java/security/PrivilegedActionException'> (0x00000000d70e1e88) thrown at [/build/openjdk-8-6jqSe7/openjdk-8-8u191-b12/src/hotspot/src/share/vm/prims/jvm.cpp, line 1429]
Event: 0.055 Thread 0x00007f94ac00b000 Exception <a 'java/security/PrivilegedActionException'> (0x00000000d70e3f10) thrown at [/build/openjdk-8-6jqSe7/openjdk-8-8u191-b12/src/hotspot/src/share/vm/prims/jvm.cpp, line 1429]
Event: 0.055 Thread 0x00007f94ac00b000 Exception <a 'java/security/PrivilegedActionException'> (0x00000000d70e4120) thrown at [/build/openjdk-8-6jqSe7/openjdk-8-8u191-b12/src/hotspot/src/share/vm/prims/jvm.cpp, line 1429]
Event: 0.055 Thread 0x00007f94ac00b000 Exception <a 'java/security/PrivilegedActionException'> (0x00000000d70e4bf8) thrown at [/build/openjdk-8-6jqSe7/openjdk-8-8u191-b12/src/hotspot/src/share/vm/prims/jvm.cpp, line 1429]
Event: 0.055 Thread 0x00007f94ac00b000 Exception <a 'java/security/PrivilegedActionException'> (0x00000000d70e4e08) thrown at [/build/openjdk-8-6jqSe7/openjdk-8-8u191-b12/src/hotspot/src/share/vm/prims/jvm.cpp, line 1429]
Event: 0.072 Thread 0x00007f94ac00b000 Exception <a 'java/lang/NoClassDefFoundError': org/apache/log4j/Category> (0x00000000d727e100) thrown at [/build/openjdk-8-6jqSe7/openjdk-8-8u191-b12/src/hotspot/src/share/vm/classfile/systemDictionary.cpp, line 199]
Event: 0.090 Thread 0x00007f94ac1c0000 Exception <a 'java/lang/InterruptedException': sleep interrupted> (0x00000000d7419c58) thrown at [/build/openjdk-8-6jqSe7/openjdk-8-8u191-b12/src/hotspot/src/share/vm/prims/jvm.cpp, line 3267]

Events (10 events):
Event: 0.105 loading class java/lang/CloneNotSupportedException
Event: 0.105 loading class java/lang/CloneNotSupportedException done
Event: 0.105 loading class java/io/ObjectStreamClass$FieldReflectorKey
Event: 0.105 loading class java/io/ObjectStreamClass$FieldReflectorKey done
Event: 0.105 loading class java/io/ObjectStreamClass$FieldReflector
Event: 0.105 loading class java/io/ObjectStreamClass$FieldReflector done
Event: 0.105 loading class java/io/ObjectStreamClass$ClassDataSlot
Event: 0.105 loading class java/io/ObjectStreamClass$ClassDataSlot done
Event: 0.105 loading class java/io/SerialCallbackContext
Event: 0.105 loading class java/io/SerialCallbackContext done


Dynamic libraries:
00400000-00401000 r-xp 00000000 08:02 58722892                           /usr/lib/jvm/java-8-openjdk-amd64/jre/bin/java
00600000-00601000 r--p 00000000 08:02 58722892                           /usr/lib/jvm/java-8-openjdk-amd64/jre/bin/java
00601000-00602000 rw-p 00001000 08:02 58722892                           /usr/lib/jvm/java-8-openjdk-amd64/jre/bin/java
023ef000-02410000 rw-p 00000000 00:00 0                                  [heap]
85000000-8a300000 rw-p 00000000 00:00 0 
8a300000-d7000000 ---p 00000000 00:00 0 
d7000000-d9900000 rw-p 00000000 00:00 0 
d9900000-100000000 ---p 00000000 00:00 0 
100000000-100080000 rw-p 00000000 00:00 0 
100080000-140000000 ---p 00000000 00:00 0 
7f9458000000-7f9458023000 rw-p 00000000 00:00 0 
7f9458023000-7f945c000000 ---p 00000000 00:00 0 
7f9460000000-7f9460021000 rw-p 00000000 00:00 0 
7f9460021000-7f9464000000 ---p 00000000 00:00 0 
7f9464000000-7f9464021000 rw-p 00000000 00:00 0 
7f9464021000-7f9468000000 ---p 00000000 00:00 0 
7f9468000000-7f9468021000 rw-p 00000000 00:00 0 
7f9468021000-7f946c000000 ---p 00000000 00:00 0 
7f946c000000-7f946c141000 rw-p 00000000 00:00 0 
7f946c141000-7f9470000000 ---p 00000000 00:00 0 
7f9470000000-7f9470021000 rw-p 00000000 00:00 0 
7f9470021000-7f9474000000 ---p 00000000 00:00 0 
7f9474000000-7f9474060000 rw-p 00000000 00:00 0 
7f9474060000-7f9478000000 ---p 00000000 00:00 0 
7f9478000000-7f9478021000 rw-p 00000000 00:00 0 
7f9478021000-7f947c000000 ---p 00000000 00:00 0 
7f947c000000-7f947c021000 rw-p 00000000 00:00 0 
7f947c021000-7f9480000000 ---p 00000000 00:00 0 
7f9480000000-7f9480021000 rw-p 00000000 00:00 0 
7f9480021000-7f9484000000 ---p 00000000 00:00 0 
7f9484000000-7f9484021000 rw-p 00000000 00:00 0 
7f9484021000-7f9488000000 ---p 00000000 00:00 0 
7f9488000000-7f9488021000 rw-p 00000000 00:00 0 
7f9488021000-7f948c000000 ---p 00000000 00:00 0 
7f948c000000-7f948c021000 rw-p 00000000 00:00 0 
7f948c021000-7f9490000000 ---p 00000000 00:00 0 
7f9490523000-7f94905dc000 r-xp 00000000 08:02 58468709                   /usr/lib/libClient.so
7f94905dc000-7f94907db000 ---p 000b9000 08:02 58468709                   /usr/lib/libClient.so
7f94907db000-7f94907dd000 r--p 000b8000 08:02 58468709                   /usr/lib/libClient.so
7f94907dd000-7f94907e1000 rw-p 000ba000 08:02 58468709                   /usr/lib/libClient.so
7f94907e1000-7f94937e2000 rw-p 00000000 00:00 0 
7f94937e2000-7f94937f9000 r-xp 00000000 08:02 59116076                   /usr/lib/jvm/java-8-openjdk-amd64/jre/lib/amd64/libnet.so
7f94937f9000-7f94939f8000 ---p 00017000 08:02 59116076                   /usr/lib/jvm/java-8-openjdk-amd64/jre/lib/amd64/libnet.so
7f94939f8000-7f94939f9000 r--p 00016000 08:02 59116076                   /usr/lib/jvm/java-8-openjdk-amd64/jre/lib/amd64/libnet.so
7f94939f9000-7f94939fa000 rw-p 00017000 08:02 59116076                   /usr/lib/jvm/java-8-openjdk-amd64/jre/lib/amd64/libnet.so
7f94939fa000-7f94939fd000 ---p 00000000 00:00 0 
7f94939fd000-7f9493afb000 rw-p 00000000 00:00 0 
7f9493afb000-7f9493afc000 ---p 00000000 00:00 0 
7f9493afc000-7f9493bfc000 rw-p 00000000 00:00 0 
7f9493bfc000-7f9493bff000 ---p 00000000 00:00 0 
7f9493bff000-7f9493cfd000 rw-p 00000000 00:00 0 
7f9493cfd000-7f9493d00000 ---p 00000000 00:00 0 
7f9493d00000-7f9493dfe000 rw-p 00000000 00:00 0 
7f9493dfe000-7f9493e01000 ---p 00000000 00:00 0 
7f9493e01000-7f9493eff000 rw-p 00000000 00:00 0 
7f9493eff000-7f9493f02000 ---p 00000000 00:00 0 
7f9493f02000-7f9494000000 rw-p 00000000 00:00 0 
7f9494000000-7f9494021000 rw-p 00000000 00:00 0 
7f9494021000-7f9498000000 ---p 00000000 00:00 0 
7f9498087000-7f949808e000 r--s 00000000 08:02 58725390                   /usr/lib/x86_64-linux-gnu/gconv/gconv-modules.cache
7f949808e000-7f94980af000 r--p 00000000 08:02 60426984                   /usr/share/locale-langpack/zh_CN/LC_MESSAGES/libc.mo
7f94980af000-7f94980b3000 r--s 00034000 08:02 20579538                   /home/daniel/.m2/repository/org/codehaus/jackson/jackson-core-asl/1.9.4/jackson-core-asl-1.9.4.jar
7f94980b3000-7f94980cd000 r--s 00155000 08:02 20579534                   /home/daniel/.m2/repository/org/apache/htrace/htrace-core4/4.1.0-incubating/htrace-core4-4.1.0-incubating.jar
7f94980cd000-7f94980e8000 r--s 00394000 08:02 58992470                   /usr/lib/jvm/java-8-openjdk-amd64/jre/lib/ext/cldrdata.jar
7f94980e8000-7f94980eb000 ---p 00000000 00:00 0 
7f94980eb000-7f94981e9000 rw-p 00000000 00:00 0 
7f94981e9000-7f9498674000 r--p 00000000 08:02 58459750                   /usr/lib/locale/locale-archive
7f9498674000-7f9498677000 ---p 00000000 00:00 0 
7f9498677000-7f9498775000 rw-p 00000000 00:00 0 
7f9498775000-7f9498778000 ---p 00000000 00:00 0 
7f9498778000-7f9498876000 rw-p 00000000 00:00 0 
7f9498876000-7f9498877000 ---p 00000000 00:00 0 
7f9498877000-7f949d000000 rw-p 00000000 00:00 0 
7f949d000000-7f949d270000 rwxp 00000000 00:00 0 
7f949d270000-7f94ac000000 ---p 00000000 00:00 0 
7f94ac000000-7f94ac264000 rw-p 00000000 00:00 0 
7f94ac264000-7f94b0000000 ---p 00000000 00:00 0 
7f94b0000000-7f94b0002000 r--s 00001000 08:02 29754138                   /home/daniel/projects/YCSB/leveldbjnin/lib/leveldb-api-0.6.jar
7f94b0002000-7f94b0010000 r--s 000b0000 08:02 20579536                   /home/daniel/.m2/repository/org/codehaus/jackson/jackson-mapper-asl/1.9.4/jackson-mapper-asl-1.9.4.jar
7f94b0010000-7f94b0013000 r--s 00017000 08:02 20579546                   /home/daniel/.m2/repository/org/hdrhistogram/HdrHistogram/2.1.4/HdrHistogram-2.1.4.jar
7f94b0013000-7f94b002e000 r--s 001d6000 08:02 58991975                   /usr/lib/jvm/java-8-openjdk-amd64/jre/lib/ext/nashorn.jar
7f94b002e000-7f94b0706000 rw-p 00000000 00:00 0 
7f94b0706000-7f94b08d5000 r--s 03c33000 08:02 58853402                   /usr/lib/jvm/java-8-openjdk-amd64/jre/lib/rt.jar
7f94b08d5000-7f94b0dcb000 rw-p 00000000 00:00 0 
7f94b0dcb000-7f94b114b000 ---p 00000000 00:00 0 
7f94b114b000-7f94b1523000 rw-p 00000000 00:00 0 
7f94b1523000-7f94b1524000 ---p 00000000 00:00 0 
7f94b1524000-7f94b1624000 rw-p 00000000 00:00 0 
7f94b1624000-7f94b1625000 ---p 00000000 00:00 0 
7f94b1625000-7f94b1725000 rw-p 00000000 00:00 0 
7f94b1725000-7f94b1726000 ---p 00000000 00:00 0 
7f94b1726000-7f94b1826000 rw-p 00000000 00:00 0 
7f94b1826000-7f94b1827000 ---p 00000000 00:00 0 
7f94b1827000-7f94b1951000 rw-p 00000000 00:00 0 
7f94b1951000-7f94b1bb7000 ---p 00000000 00:00 0 
7f94b1bb7000-7f94b1be1000 rw-p 00000000 00:00 0 
7f94b1be1000-7f94b1e47000 ---p 00000000 00:00 0 
7f94b1e47000-7f94b1e5c000 rw-p 00000000 00:00 0 
7f94b1e5c000-7f94b1f8f000 ---p 00000000 00:00 0 
7f94b1f8f000-7f94b1f9a000 rw-p 00000000 00:00 0 
7f94b1f9a000-7f94b2350000 ---p 00000000 00:00 0 
7f94b2350000-7f94b2358000 r-xp 00000000 08:02 59117435                   /usr/lib/jvm/java-8-openjdk-amd64/jre/lib/amd64/libzip.so
7f94b2358000-7f94b2557000 ---p 00008000 08:02 59117435                   /usr/lib/jvm/java-8-openjdk-amd64/jre/lib/amd64/libzip.so
7f94b2557000-7f94b2558000 r--p 00007000 08:02 59117435                   /usr/lib/jvm/java-8-openjdk-amd64/jre/lib/amd64/libzip.so
7f94b2558000-7f94b2559000 rw-p 00008000 08:02 59117435                   /usr/lib/jvm/java-8-openjdk-amd64/jre/lib/amd64/libzip.so
7f94b2559000-7f94b2564000 r-xp 00000000 08:02 29360434                   /lib/x86_64-linux-gnu/libnss_files-2.23.so
7f94b2564000-7f94b2763000 ---p 0000b000 08:02 29360434                   /lib/x86_64-linux-gnu/libnss_files-2.23.so
7f94b2763000-7f94b2764000 r--p 0000a000 08:02 29360434                   /lib/x86_64-linux-gnu/libnss_files-2.23.so
7f94b2764000-7f94b2765000 rw-p 0000b000 08:02 29360434                   /lib/x86_64-linux-gnu/libnss_files-2.23.so
7f94b2765000-7f94b276b000 rw-p 00000000 00:00 0 
7f94b276b000-7f94b2776000 r-xp 00000000 08:02 29360427                   /lib/x86_64-linux-gnu/libnss_nis-2.23.so
7f94b2776000-7f94b2975000 ---p 0000b000 08:02 29360427                   /lib/x86_64-linux-gnu/libnss_nis-2.23.so
7f94b2975000-7f94b2976000 r--p 0000a000 08:02 29360427                   /lib/x86_64-linux-gnu/libnss_nis-2.23.so
7f94b2976000-7f94b2977000 rw-p 0000b000 08:02 29360427                   /lib/x86_64-linux-gnu/libnss_nis-2.23.so
7f94b2977000-7f94b298d000 r-xp 00000000 08:02 29360432                   /lib/x86_64-linux-gnu/libnsl-2.23.so
7f94b298d000-7f94b2b8c000 ---p 00016000 08:02 29360432                   /lib/x86_64-linux-gnu/libnsl-2.23.so
7f94b2b8c000-7f94b2b8d000 r--p 00015000 08:02 29360432                   /lib/x86_64-linux-gnu/libnsl-2.23.so
7f94b2b8d000-7f94b2b8e000 rw-p 00016000 08:02 29360432                   /lib/x86_64-linux-gnu/libnsl-2.23.so
7f94b2b8e000-7f94b2b90000 rw-p 00000000 00:00 0 
7f94b2b90000-7f94b2b98000 r-xp 00000000 08:02 29360438                   /lib/x86_64-linux-gnu/libnss_compat-2.23.so
7f94b2b98000-7f94b2d97000 ---p 00008000 08:02 29360438                   /lib/x86_64-linux-gnu/libnss_compat-2.23.so
7f94b2d97000-7f94b2d98000 r--p 00007000 08:02 29360438                   /lib/x86_64-linux-gnu/libnss_compat-2.23.so
7f94b2d98000-7f94b2d99000 rw-p 00008000 08:02 29360438                   /lib/x86_64-linux-gnu/libnss_compat-2.23.so
7f94b2d99000-7f94b2dc6000 r-xp 00000000 08:02 59117466                   /usr/lib/jvm/java-8-openjdk-amd64/jre/lib/amd64/libjava.so
7f94b2dc6000-7f94b2fc5000 ---p 0002d000 08:02 59117466                   /usr/lib/jvm/java-8-openjdk-amd64/jre/lib/amd64/libjava.so
7f94b2fc5000-7f94b2fc6000 r--p 0002c000 08:02 59117466                   /usr/lib/jvm/java-8-openjdk-amd64/jre/lib/amd64/libjava.so
7f94b2fc6000-7f94b2fc8000 rw-p 0002d000 08:02 59117466                   /usr/lib/jvm/java-8-openjdk-amd64/jre/lib/amd64/libjava.so
7f94b2fc8000-7f94b2fd7000 r-xp 00000000 08:02 59117469                   /usr/lib/jvm/java-8-openjdk-amd64/jre/lib/amd64/libverify.so
7f94b2fd7000-7f94b31d6000 ---p 0000f000 08:02 59117469                   /usr/lib/jvm/java-8-openjdk-amd64/jre/lib/amd64/libverify.so
7f94b31d6000-7f94b31d8000 r--p 0000e000 08:02 59117469                   /usr/lib/jvm/java-8-openjdk-amd64/jre/lib/amd64/libverify.so
7f94b31d8000-7f94b31d9000 rw-p 00010000 08:02 59117469                   /usr/lib/jvm/java-8-openjdk-amd64/jre/lib/amd64/libverify.so
7f94b31d9000-7f94b31e0000 r-xp 00000000 08:02 29360414                   /lib/x86_64-linux-gnu/librt-2.23.so
7f94b31e0000-7f94b33df000 ---p 00007000 08:02 29360414                   /lib/x86_64-linux-gnu/librt-2.23.so
7f94b33df000-7f94b33e0000 r--p 00006000 08:02 29360414                   /lib/x86_64-linux-gnu/librt-2.23.so
7f94b33e0000-7f94b33e1000 rw-p 00007000 08:02 29360414                   /lib/x86_64-linux-gnu/librt-2.23.so
7f94b33e1000-7f94b33f7000 r-xp 00000000 08:02 29364820                   /lib/x86_64-linux-gnu/libgcc_s.so.1
7f94b33f7000-7f94b35f6000 ---p 00016000 08:02 29364820                   /lib/x86_64-linux-gnu/libgcc_s.so.1
7f94b35f6000-7f94b35f7000 rw-p 00015000 08:02 29364820                   /lib/x86_64-linux-gnu/libgcc_s.so.1
7f94b35f7000-7f94b36ff000 r-xp 00000000 08:02 29360440                   /lib/x86_64-linux-gnu/libm-2.23.so
7f94b36ff000-7f94b38fe000 ---p 00108000 08:02 29360440                   /lib/x86_64-linux-gnu/libm-2.23.so
7f94b38fe000-7f94b38ff000 r--p 00107000 08:02 29360440                   /lib/x86_64-linux-gnu/libm-2.23.so
7f94b38ff000-7f94b3900000 rw-p 00108000 08:02 29360440                   /lib/x86_64-linux-gnu/libm-2.23.so
7f94b3900000-7f94b3a72000 r-xp 00000000 08:02 58458300                   /usr/lib/x86_64-linux-gnu/libstdc++.so.6.0.21
7f94b3a72000-7f94b3c72000 ---p 00172000 08:02 58458300                   /usr/lib/x86_64-linux-gnu/libstdc++.so.6.0.21
7f94b3c72000-7f94b3c7c000 r--p 00172000 08:02 58458300                   /usr/lib/x86_64-linux-gnu/libstdc++.so.6.0.21
7f94b3c7c000-7f94b3c7e000 rw-p 0017c000 08:02 58458300                   /usr/lib/x86_64-linux-gnu/libstdc++.so.6.0.21
7f94b3c7e000-7f94b3c82000 rw-p 00000000 00:00 0 
7f94b3c82000-7f94b48e3000 r-xp 00000000 08:02 59117474                   /usr/lib/jvm/java-8-openjdk-amd64/jre/lib/amd64/server/libjvm.so
7f94b48e3000-7f94b4ae3000 ---p 00c61000 08:02 59117474                   /usr/lib/jvm/java-8-openjdk-amd64/jre/lib/amd64/server/libjvm.so
7f94b4ae3000-7f94b4b77000 r--p 00c61000 08:02 59117474                   /usr/lib/jvm/java-8-openjdk-amd64/jre/lib/amd64/server/libjvm.so
7f94b4b77000-7f94b4ba0000 rw-p 00cf5000 08:02 59117474                   /usr/lib/jvm/java-8-openjdk-amd64/jre/lib/amd64/server/libjvm.so
7f94b4ba0000-7f94b4bd0000 rw-p 00000000 00:00 0 
7f94b4bd0000-7f94b4be8000 r-xp 00000000 08:02 29360424                   /lib/x86_64-linux-gnu/libpthread-2.23.so
7f94b4be8000-7f94b4de7000 ---p 00018000 08:02 29360424                   /lib/x86_64-linux-gnu/libpthread-2.23.so
7f94b4de7000-7f94b4de8000 r--p 00017000 08:02 29360424                   /lib/x86_64-linux-gnu/libpthread-2.23.so
7f94b4de8000-7f94b4de9000 rw-p 00018000 08:02 29360424                   /lib/x86_64-linux-gnu/libpthread-2.23.so
7f94b4de9000-7f94b4ded000 rw-p 00000000 00:00 0 
7f94b4ded000-7f94b4df0000 r-xp 00000000 08:02 29360416                   /lib/x86_64-linux-gnu/libdl-2.23.so
7f94b4df0000-7f94b4fef000 ---p 00003000 08:02 29360416                   /lib/x86_64-linux-gnu/libdl-2.23.so
7f94b4fef000-7f94b4ff0000 r--p 00002000 08:02 29360416                   /lib/x86_64-linux-gnu/libdl-2.23.so
7f94b4ff0000-7f94b4ff1000 rw-p 00003000 08:02 29360416                   /lib/x86_64-linux-gnu/libdl-2.23.so
7f94b4ff1000-7f94b500a000 r-xp 00000000 08:02 29364973                   /lib/x86_64-linux-gnu/libz.so.1.2.8
7f94b500a000-7f94b5209000 ---p 00019000 08:02 29364973                   /lib/x86_64-linux-gnu/libz.so.1.2.8
7f94b5209000-7f94b520a000 r--p 00018000 08:02 29364973                   /lib/x86_64-linux-gnu/libz.so.1.2.8
7f94b520a000-7f94b520b000 rw-p 00019000 08:02 29364973                   /lib/x86_64-linux-gnu/libz.so.1.2.8
7f94b520b000-7f94b53cb000 r-xp 00000000 08:02 29360437                   /lib/x86_64-linux-gnu/libc-2.23.so
7f94b53cb000-7f94b55cb000 ---p 001c0000 08:02 29360437                   /lib/x86_64-linux-gnu/libc-2.23.so
7f94b55cb000-7f94b55cf000 r--p 001c0000 08:02 29360437                   /lib/x86_64-linux-gnu/libc-2.23.so
7f94b55cf000-7f94b55d1000 rw-p 001c4000 08:02 29360437                   /lib/x86_64-linux-gnu/libc-2.23.so
7f94b55d1000-7f94b55d5000 rw-p 00000000 00:00 0 
7f94b55d5000-7f94b55e2000 r-xp 00000000 08:02 59245694                   /usr/lib/jvm/java-8-openjdk-amd64/jre/lib/amd64/jli/libjli.so
7f94b55e2000-7f94b57e2000 ---p 0000d000 08:02 59245694                   /usr/lib/jvm/java-8-openjdk-amd64/jre/lib/amd64/jli/libjli.so
7f94b57e2000-7f94b57e3000 r--p 0000d000 08:02 59245694                   /usr/lib/jvm/java-8-openjdk-amd64/jre/lib/amd64/jli/libjli.so
7f94b57e3000-7f94b57e4000 rw-p 0000e000 08:02 59245694                   /usr/lib/jvm/java-8-openjdk-amd64/jre/lib/amd64/jli/libjli.so
7f94b57e4000-7f94b580a000 r-xp 00000000 08:02 29360423                   /lib/x86_64-linux-gnu/ld-2.23.so
7f94b580a000-7f94b580d000 r--s 00022000 08:02 29891117                   /home/daniel/projects/YCSB/core/target/core-0.16.0-SNAPSHOT.jar
7f94b580d000-7f94b580e000 r--s 00040000 08:02 29754140                   /home/daniel/projects/YCSB/leveldbjnin/lib/leveldbjni-linux64-1.1.jar
7f94b580e000-7f94b580f000 r--s 00004000 08:02 20580077                   /home/daniel/.m2/repository/org/fusesource/hawtjni/hawtjni-runtime/1.9/hawtjni-runtime-1.9.jar
7f94b580f000-7f94b5811000 r--s 0000b000 08:02 29754139                   /home/daniel/projects/YCSB/leveldbjnin/lib/leveldbjni-1.1.jar
7f94b5811000-7f94b5812000 r--s 0030f000 08:02 29891127                   /home/daniel/projects/YCSB/leveldbjnin/target/leveldbjnin-binding-0.16.0-SNAPSHOT.jar
7f94b5812000-7f94b581c000 r--s 00116000 08:02 58992679                   /usr/lib/jvm/java-8-openjdk-amd64/jre/lib/ext/localedata.jar
7f94b581c000-7f94b58e7000 rw-p 00000000 00:00 0 
7f94b58e7000-7f94b58ea000 ---p 00000000 00:00 0 
7f94b58ea000-7f94b59ec000 rw-p 00000000 00:00 0 
7f94b59ec000-7f94b59ef000 r--s 0000f000 08:02 58992472                   /usr/lib/jvm/java-8-openjdk-amd64/jre/lib/ext/icedtea-sound.jar
7f94b59ef000-7f94b59f2000 r--s 00038000 08:02 58991976                   /usr/lib/jvm/java-8-openjdk-amd64/jre/lib/ext/sunpkcs11.jar
7f94b59f2000-7f94b59f3000 r--s 00010000 08:02 58992467                   /usr/lib/jvm/java-8-openjdk-amd64/jre/lib/ext/zipfs.jar
7f94b59f3000-7f94b59f5000 r--s 00008000 08:02 58991977                   /usr/lib/jvm/java-8-openjdk-amd64/jre/lib/ext/sunec.jar
7f94b59f5000-7f94b59f7000 r--s 00001000 08:02 58992468                   /usr/lib/jvm/java-8-openjdk-amd64/jre/lib/ext/dnsns.jar
7f94b59f7000-7f94b59fd000 r--s 0003b000 08:02 58992471                   /usr/lib/jvm/java-8-openjdk-amd64/jre/lib/ext/sunjce_provider.jar
7f94b59fd000-7f94b59fe000 r--s 0000a000 08:02 58992469                   /usr/lib/jvm/java-8-openjdk-amd64/jre/lib/ext/jaccess.jar
7f94b59fe000-7f94b5a06000 rw-s 00000000 08:02 39584395                   /tmp/hsperfdata_daniel/16719
7f94b5a06000-7f94b5a07000 rw-p 00000000 00:00 0 
7f94b5a07000-7f94b5a08000 r--p 00000000 00:00 0 
7f94b5a08000-7f94b5a09000 rw-p 00000000 00:00 0 
7f94b5a09000-7f94b5a0a000 r--p 00025000 08:02 29360423                   /lib/x86_64-linux-gnu/ld-2.23.so
7f94b5a0a000-7f94b5a0b000 rw-p 00026000 08:02 29360423                   /lib/x86_64-linux-gnu/ld-2.23.so
7f94b5a0b000-7f94b5a0c000 rw-p 00000000 00:00 0 
7fff76c28000-7fff76c4a000 rw-p 00000000 00:00 0                          [stack]
7fff76d10000-7fff76d13000 r--p 00000000 00:00 0                          [vvar]
7fff76d13000-7fff76d15000 r-xp 00000000 00:00 0                          [vdso]
ffffffffff600000-ffffffffff601000 r-xp 00000000 00:00 0                  [vsyscall]

VM Arguments:
java_command: com.yahoo.ycsb.Client -db com.yahoo.ycsb.db.LevelDbJniClientN -P workloads/workloada -load
java_class_path (initial): /home/daniel/projects/YCSB/leveldbjnin/conf:/home/daniel/projects/YCSB/leveldbjnin/target/leveldbjnin-binding-0.16.0-SNAPSHOT.jar:/home/daniel/.m2/repository/org/apache/htrace/htrace-core4/4.1.0-incubating/htrace-core4-4.1.0-incubating.jar:/home/daniel/projects/YCSB/leveldbjnin/lib/leveldbjni-1.1.jar:/home/daniel/.m2/repository/org/fusesource/hawtjni/hawtjni-runtime/1.9/hawtjni-runtime-1.9.jar:/home/daniel/projects/YCSB/leveldbjnin/lib/leveldbjni-linux64-1.1.jar:/home/daniel/projects/YCSB/core/target/core-0.16.0-SNAPSHOT.jar:/home/daniel/.m2/repository/org/hdrhistogram/HdrHistogram/2.1.4/HdrHistogram-2.1.4.jar:/home/daniel/.m2/repository/org/codehaus/jackson/jackson-mapper-asl/1.9.4/jackson-mapper-asl-1.9.4.jar:/home/daniel/projects/YCSB/leveldbjnin/lib/leveldb-api-0.6.jar:/home/daniel/.m2/repository/org/codehaus/jackson/jackson-core-asl/1.9.4/jackson-core-asl-1.9.4.jar
Launcher Type: SUN_STANDARD

Environment Variables:
PATH=/home/daniel/.conda/envs/ycsb/bin:/home/daniel/bin:/home/daniel/.local/bin:/home/daniel/anaconda3/bin:/home/daniel/bin:/home/daniel/.local/bin:/usr/local/sbin:/usr/local/bin:/usr/sbin:/usr/bin:/sbin:/bin:/usr/games:/usr/local/games:/snap/bin
SHELL=/bin/bash
DISPLAY=:0

Signal Handlers:
SIGSEGV: [libjvm.so+0xa74ca0], sa_mask[0]=11111111011111111101111111111110, sa_flags=SA_RESTART|SA_SIGINFO
SIGBUS: [libjvm.so+0xa74ca0], sa_mask[0]=11111111011111111101111111111110, sa_flags=SA_RESTART|SA_SIGINFO
SIGFPE: [libjvm.so+0x8bbcf0], sa_mask[0]=11111111011111111101111111111110, sa_flags=SA_RESTART|SA_SIGINFO
SIGPIPE: [libjvm.so+0x8bbcf0], sa_mask[0]=11111111011111111101111111111110, sa_flags=SA_RESTART|SA_SIGINFO
SIGXFSZ: [libjvm.so+0x8bbcf0], sa_mask[0]=11111111011111111101111111111110, sa_flags=SA_RESTART|SA_SIGINFO
SIGILL: [libjvm.so+0x8bbcf0], sa_mask[0]=11111111011111111101111111111110, sa_flags=SA_RESTART|SA_SIGINFO
SIGUSR1: SIG_DFL, sa_mask[0]=00000000000000000000000000000000, sa_flags=none
SIGUSR2: [libjvm.so+0x8bbba0], sa_mask[0]=00000000000000000000000000000000, sa_flags=SA_RESTART|SA_SIGINFO
SIGHUP: [libjvm.so+0x8bc230], sa_mask[0]=11111111011111111101111111111110, sa_flags=SA_RESTART|SA_SIGINFO
SIGINT: [libjvm.so+0x8bc230], sa_mask[0]=11111111011111111101111111111110, sa_flags=SA_RESTART|SA_SIGINFO
SIGTERM: [libjvm.so+0x8bc230], sa_mask[0]=11111111011111111101111111111110, sa_flags=SA_RESTART|SA_SIGINFO
SIGQUIT: [libjvm.so+0x8bc230], sa_mask[0]=11111111011111111101111111111110, sa_flags=SA_RESTART|SA_SIGINFO


---------------  S Y S T E M  ---------------

OS:DISTRIB_ID=Ubuntu
DISTRIB_RELEASE=16.04
DISTRIB_CODENAME=xenial
DISTRIB_DESCRIPTION="Ubuntu 16.04.6 LTS"

uname:Linux 4.15.0 #1 SMP Mon Mar 18 19:18:58 CST 2019 x86_64
libc:glibc 2.23 NPTL 2.23 
rlimit: STACK 8192k, CORE 0k, NPROC 29473, NOFILE 1048576, AS infinity
load average:0.64 0.72 0.98

/proc/meminfo:
MemTotal:        8057312 kB
MemFree:          597508 kB
MemAvailable:    2907268 kB
Buffers:           73252 kB
Cached:          3111540 kB
SwapCached:            0 kB
Active:          4653812 kB
Inactive:        2424288 kB
Active(anon):    3734264 kB
Inactive(anon):   871496 kB
Active(file):     919548 kB
Inactive(file):  1552792 kB
Unevictable:          48 kB
Mlocked:              48 kB
SwapTotal:       1000444 kB
SwapFree:        1000444 kB
Dirty:             15592 kB
Writeback:             0 kB
AnonPages:       3893472 kB
Mapped:           618852 kB
Shmem:            898732 kB
Slab:             206544 kB
SReclaimable:     123548 kB
SUnreclaim:        82996 kB
KernelStack:       16032 kB
PageTables:        69184 kB
NFS_Unstable:          0 kB
Bounce:                0 kB
WritebackTmp:          0 kB
CommitLimit:     5029100 kB
Committed_AS:   12940660 kB
VmallocTotal:   34359738367 kB
VmallocUsed:           0 kB
VmallocChunk:          0 kB
HardwareCorrupted:     0 kB
AnonHugePages:         0 kB
ShmemHugePages:        0 kB
ShmemPmdMapped:        0 kB
CmaTotal:              0 kB
CmaFree:               0 kB
HugePages_Total:       0
HugePages_Free:        0
HugePages_Rsvd:        0
HugePages_Surp:        0
Hugepagesize:       2048 kB
DirectMap4k:      523884 kB
DirectMap2M:     7755776 kB
DirectMap1G:           0 kB

container (cgroup) information:
container_type: cgroupv1
cpu_cpuset_cpus: 0-3
cpu_memory_nodes: 0
active_processor_count: 4
cpu_quota: -1
cpu_period: 100000
cpu_shares: -1
memory_limit_in_bytes: -1
memory_and_swap_limit_in_bytes: -2
memory_soft_limit_in_bytes: -1
memory_usage_in_bytes: 7248134144
memory_max_usage_in_bytes: 0


CPU:total 4 (initial active 4) (4 cores per cpu, 1 threads per core) family 6 model 158 stepping 9, cmov, cx8, fxsr, mmx, sse, sse2, sse3, ssse3, sse4.1, sse4.2, popcnt, avx, avx2, aes, clmul, erms, rtm, 3dnowpref, lzcnt, tsc, tscinvbit, bmi1, bmi2, adx

/proc/cpuinfo:
processor	: 0
vendor_id	: GenuineIntel
cpu family	: 6
model		: 158
model name	: Intel(R) Core(TM) i5-7500 CPU @ 3.40GHz
stepping	: 9
microcode	: 0x8e
cpu MHz		: 3631.329
cache size	: 6144 KB
physical id	: 0
siblings	: 4
core id		: 0
cpu cores	: 4
apicid		: 0
initial apicid	: 0
fpu		: yes
fpu_exception	: yes
cpuid level	: 22
wp		: yes
flags		: fpu vme de pse tsc msr pae mce cx8 apic sep mtrr pge mca cmov pat pse36 clflush dts acpi mmx fxsr sse sse2 ss ht tm pbe syscall nx pdpe1gb rdtscp lm constant_tsc art arch_perfmon pebs bts rep_good nopl xtopology nonstop_tsc cpuid aperfmperf tsc_known_freq pni pclmulqdq dtes64 monitor ds_cpl vmx smx est tm2 ssse3 sdbg fma cx16 xtpr pdcm pcid sse4_1 sse4_2 x2apic movbe popcnt tsc_deadline_timer aes xsave avx f16c rdrand lahf_lm abm 3dnowprefetch cpuid_fault invpcid_single pti retpoline rsb_ctxsw tpr_shadow vnmi flexpriority ept vpid fsgsbase tsc_adjust bmi1 hle avx2 smep bmi2 erms invpcid rtm mpx rdseed adx smap clflushopt intel_pt xsaveopt xsavec xgetbv1 xsaves dtherm ida arat pln pts hwp hwp_notify hwp_act_window hwp_epp
bugs		: cpu_meltdown spectre_v1 spectre_v2
bogomips	: 6816.00
clflush size	: 64
cache_alignment	: 64
address sizes	: 39 bits physical, 48 bits virtual
power management:

processor	: 1
vendor_id	: GenuineIntel
cpu family	: 6
model		: 158
model name	: Intel(R) Core(TM) i5-7500 CPU @ 3.40GHz
stepping	: 9
microcode	: 0x8e
cpu MHz		: 3636.150
cache size	: 6144 KB
physical id	: 0
siblings	: 4
core id		: 1
cpu cores	: 4
apicid		: 2
initial apicid	: 2
fpu		: yes
fpu_exception	: yes
cpuid level	: 22
wp		: yes
flags		: fpu vme de pse tsc msr pae mce cx8 apic sep mtrr pge mca cmov pat pse36 clflush dts acpi mmx fxsr sse sse2 ss ht tm pbe syscall nx pdpe1gb rdtscp lm constant_tsc art arch_perfmon pebs bts rep_good nopl xtopology nonstop_tsc cpuid aperfmperf tsc_known_freq pni pclmulqdq dtes64 monitor ds_cpl vmx smx est tm2 ssse3 sdbg fma cx16 xtpr pdcm pcid sse4_1 sse4_2 x2apic movbe popcnt tsc_deadline_timer aes xsave avx f16c rdrand lahf_lm abm 3dnowprefetch cpuid_fault invpcid_single pti retpoline rsb_ctxsw tpr_shadow vnmi flexpriority ept vpid fsgsbase tsc_adjust bmi1 hle avx2 smep bmi2 erms invpcid rtm mpx rdseed adx smap clflushopt intel_pt xsaveopt xsavec xgetbv1 xsaves dtherm ida arat pln pts hwp hwp_notify hwp_act_window hwp_epp
bugs		: cpu_meltdown spectre_v1 spectre_v2
bogomips	: 6816.00
clflush size	: 64
cache_alignment	: 64
address sizes	: 39 bits physical, 48 bits virtual
power management:

processor	: 2
vendor_id	: GenuineIntel
cpu family	: 6
model		: 158
model name	: Intel(R) Core(TM) i5-7500 CPU @ 3.40GHz
stepping	: 9
microcode	: 0x8e
cpu MHz		: 3657.704
cache size	: 6144 KB
physical id	: 0
siblings	: 4
core id		: 2
cpu cores	: 4
apicid		: 4
initial apicid	: 4
fpu		: yes
fpu_exception	: yes
cpuid level	: 22
wp		: yes
flags		: fpu vme de pse tsc msr pae mce cx8 apic sep mtrr pge mca cmov pat pse36 clflush dts acpi mmx fxsr sse sse2 ss ht tm pbe syscall nx pdpe1gb rdtscp lm constant_tsc art arch_perfmon pebs bts rep_good nopl xtopology nonstop_tsc cpuid aperfmperf tsc_known_freq pni pclmulqdq dtes64 monitor ds_cpl vmx smx est tm2 ssse3 sdbg fma cx16 xtpr pdcm pcid sse4_1 sse4_2 x2apic movbe popcnt tsc_deadline_timer aes xsave avx f16c rdrand lahf_lm abm 3dnowprefetch cpuid_fault invpcid_single pti retpoline rsb_ctxsw tpr_shadow vnmi flexpriority ept vpid fsgsbase tsc_adjust bmi1 hle avx2 smep bmi2 erms invpcid rtm mpx rdseed adx smap clflushopt intel_pt xsaveopt xsavec xgetbv1 xsaves dtherm ida arat pln pts hwp hwp_notify hwp_act_window hwp_epp
bugs		: cpu_meltdown spectre_v1 spectre_v2
bogomips	: 6816.00
clflush size	: 64
cache_alignment	: 64
address sizes	: 39 bits physical, 48 bits virtual
power management:

processor	: 3
vendor_id	: GenuineIntel
cpu family	: 6
model		: 158
model name	: Intel(R) Core(TM) i5-7500 CPU @ 3.40GHz
stepping	: 9
microcode	: 0x8e
cpu MHz		: 3649.086
cache size	: 6144 KB
physical id	: 0
siblings	: 4
core id		: 3
cpu cores	: 4
apicid		: 6
initial apicid	: 6
fpu		: yes
fpu_exception	: yes
cpuid level	: 22
wp		: yes
flags		: fpu vme de pse tsc msr pae mce cx8 apic sep mtrr pge mca cmov pat pse36 clflush dts acpi mmx fxsr sse sse2 ss ht tm pbe syscall nx pdpe1gb rdtscp lm constant_tsc art arch_perfmon pebs bts rep_good nopl xtopology nonstop_tsc cpuid aperfmperf tsc_known_freq pni pclmulqdq dtes64 monitor ds_cpl vmx smx est tm2 ssse3 sdbg fma cx16 xtpr pdcm pcid sse4_1 sse4_2 x2apic movbe popcnt tsc_deadline_timer aes xsave avx f16c rdrand lahf_lm abm 3dnowprefetch cpuid_fault invpcid_single pti retpoline rsb_ctxsw tpr_shadow vnmi flexpriority ept vpid fsgsbase tsc_adjust bmi1 hle avx2 smep bmi2 erms invpcid rtm mpx rdseed adx smap clflushopt intel_pt xsaveopt xsavec xgetbv1 xsaves dtherm ida arat pln pts hwp hwp_notify hwp_act_window hwp_epp
bugs		: cpu_meltdown spectre_v1 spectre_v2
bogomips	: 6816.00
clflush size	: 64
cache_alignment	: 64
address sizes	: 39 bits physical, 48 bits virtual
power management:



Memory: 4k page, physical 8057312k(596936k free), swap 1000444k(1000444k free)

vm_info: OpenJDK 64-Bit Server VM (25.191-b12) for linux-amd64 JRE (1.8.0_191-8u191-b12-2ubuntu0.16.04.1-b12), built on Jan 14 2019 21:59:52 by "buildd" with gcc 5.4.0 20160609

time: Fri Apr  5 08:50:22 2019
elapsed time: 0 seconds (0d 0h 0m 0s)

